[ecology] Element: air → corpus: nonames_air.txt
[evolution] Autonomous evolution mode — organism will grow through all stages without pause.
[ecology] Joined swarm. 1 peer(s) detected.
molequla is alive. [evolution] Autonomous mode — background trainer running. Ctrl+C to stop.
[dna] air wrote 63 bytes to ecology
[dna] air consumed 17156 bytes from 230 files: [earth/gen_1775627340_1.txt earth/gen_1775627348_4.txt earth/gen_1775627356_7.txt earth/gen_1775627364_10.txt earth/gen_1775627372_13.txt earth/gen_1775627379_16.txt earth/gen_1775627387_19.txt earth/gen_1775627395_22.txt earth/gen_1775627403_25.txt earth/gen_1775627410_28.txt earth/gen_1775627418_31.txt earth/gen_1775627426_34.txt earth/gen_1775627433_37.txt earth/gen_1775627441_40.txt earth/gen_1775627449_43.txt earth/gen_1775627457_46.txt earth/gen_1775627464_49.txt earth/gen_1775627472_52.txt earth/gen_1775627480_55.txt earth/gen_1775627488_58.txt earth/gen_1775627495_61.txt earth/gen_1775627503_64.txt earth/gen_1775627511_67.txt earth/gen_1775627519_70.txt earth/gen_1775627526_73.txt earth/gen_1775627534_76.txt earth/gen_1775627542_79.txt earth/gen_1775627550_82.txt earth/gen_1775627557_85.txt earth/gen_1775627565_88.txt earth/gen_1775627573_91.txt earth/gen_1775627580_94.txt earth/gen_1775627588_97.txt earth/gen_1775627596_100.txt earth/gen_1775627604_103.txt earth/gen_1775627612_106.txt earth/gen_1775627619_109.txt earth/gen_1775627627_112.txt earth/gen_1775627635_115.txt earth/gen_1775627643_118.txt earth/gen_1775627650_121.txt earth/gen_1775627658_124.txt earth/gen_1775627666_127.txt earth/gen_1775627673_130.txt earth/gen_1775627681_133.txt earth/gen_1775627689_136.txt earth/gen_1775627696_139.txt earth/gen_1775627704_142.txt earth/gen_1775627711_145.txt earth/gen_1775627719_148.txt earth/gen_1775627727_151.txt earth/gen_1775627734_154.txt earth/gen_1775627742_157.txt earth/gen_1775627749_160.txt earth/gen_1775627757_163.txt earth/gen_1775627764_166.txt earth/gen_1775627772_169.txt earth/gen_1775627780_172.txt earth/gen_1775627787_175.txt earth/gen_1775627795_178.txt earth/gen_1775627802_181.txt earth/gen_1775627810_184.txt earth/gen_1775627818_187.txt earth/gen_1775627825_190.txt earth/gen_1775627833_193.txt earth/gen_1775627840_196.txt earth/gen_1775627848_199.txt earth/gen_1775627856_202.txt earth/gen_1775627863_205.txt earth/gen_1775627871_208.txt earth/gen_1775627878_211.txt earth/gen_1775627886_214.txt earth/gen_1775627894_217.txt earth/gen_1775627901_220.txt earth/gen_1775627909_223.txt earth/gen_1775627917_226.txt earth/gen_1775627924_229.txt earth/gen_1775627932_232.txt earth/gen_1775627940_235.txt earth/gen_1775627947_238.txt earth/gen_1775627955_241.txt earth/gen_1775627963_244.txt earth/gen_1775627970_247.txt earth/gen_1775627978_250.txt earth/gen_1775627985_253.txt earth/gen_1775627993_256.txt earth/gen_1775628001_259.txt earth/gen_1775628008_262.txt earth/gen_1775628016_265.txt earth/gen_1775628023_268.txt earth/gen_1775628031_271.txt earth/gen_1775628039_274.txt earth/gen_1775628046_277.txt earth/gen_1775628054_280.txt earth/gen_1775628061_283.txt earth/gen_1775628069_286.txt earth/gen_1775628076_289.txt earth/gen_1775628084_292.txt earth/gen_1775628092_295.txt earth/gen_1775628099_298.txt earth/gen_1775628107_301.txt earth/gen_1775628115_304.txt earth/gen_1775628122_307.txt earth/gen_1775628130_310.txt earth/gen_1775628138_313.txt earth/gen_1775628146_316.txt earth/gen_1775628153_319.txt earth/gen_1775628161_322.txt earth/gen_1775628169_325.txt earth/gen_1775628177_328.txt earth/gen_1775628184_331.txt earth/gen_1775628192_334.txt earth/gen_1775628200_337.txt earth/gen_1775628207_340.txt earth/gen_1775628215_343.txt earth/gen_1775628223_346.txt earth/gen_1775628231_349.txt earth/gen_1775628238_352.txt earth/gen_1775628246_355.txt earth/gen_1775628254_358.txt earth/gen_1775628261_361.txt earth/gen_1775628269_364.txt earth/gen_1775628277_367.txt earth/gen_1775628284_370.txt earth/gen_1775628292_373.txt earth/gen_1775628300_376.txt earth/gen_1775628307_379.txt earth/gen_1775628315_382.txt earth/gen_1775628322_385.txt earth/gen_1775628330_388.txt earth/gen_1775628338_391.txt earth/gen_1775628345_394.txt earth/gen_1775628353_397.txt earth/gen_1775628361_400.txt earth/gen_1775628368_403.txt earth/gen_1775628376_406.txt earth/gen_1775628383_409.txt earth/gen_1775628391_412.txt earth/gen_1775628399_415.txt earth/gen_1775628406_418.txt earth/gen_1775628414_421.txt earth/gen_1775628422_424.txt earth/gen_1775628429_427.txt earth/gen_1775628437_430.txt earth/gen_1775628444_433.txt earth/gen_1775628452_436.txt earth/gen_1775628460_439.txt earth/gen_1775628467_442.txt earth/gen_1775628475_445.txt earth/gen_1775628482_448.txt earth/gen_1775628490_451.txt earth/gen_1775628497_454.txt earth/gen_1775628505_457.txt earth/gen_1775628513_460.txt earth/gen_1775628520_463.txt earth/gen_1775628528_466.txt earth/gen_1775628535_469.txt earth/gen_1775628543_472.txt earth/gen_1775628551_475.txt earth/gen_1775628558_478.txt earth/gen_1775628566_481.txt earth/gen_1775628573_484.txt earth/gen_1775628581_487.txt earth/gen_1775628589_490.txt earth/gen_1775628596_493.txt earth/gen_1775628604_496.txt earth/gen_1775628611_499.txt earth/gen_1775628619_502.txt earth/gen_1775628627_505.txt earth/gen_1775628635_508.txt earth/gen_1775628642_511.txt earth/gen_1775628650_514.txt earth/gen_1775628658_517.txt earth/gen_1775628666_520.txt earth/gen_1775628673_523.txt earth/gen_1775628681_526.txt earth/gen_1775628689_529.txt earth/gen_1775628697_532.txt earth/gen_1775628704_535.txt earth/gen_1775628712_538.txt earth/gen_1775628720_541.txt earth/gen_1775628727_544.txt earth/gen_1775628735_547.txt earth/gen_1775628743_550.txt earth/gen_1775628750_553.txt earth/gen_1775628758_556.txt earth/gen_1775628766_559.txt earth/gen_1775628773_562.txt earth/gen_1775628781_565.txt earth/gen_1775628789_568.txt earth/gen_1775628796_571.txt earth/gen_1775628804_574.txt earth/gen_1775628812_577.txt earth/gen_1775628819_580.txt earth/gen_1775628827_583.txt earth/gen_1775628835_586.txt earth/gen_1775628843_589.txt earth/gen_1775628850_592.txt earth/gen_1775628858_595.txt earth/gen_1775628866_598.txt earth/gen_1775628874_601.txt earth/gen_1775628881_604.txt earth/gen_1775628889_607.txt earth/gen_1775628896_610.txt earth/gen_1775628904_613.txt earth/gen_1775628912_616.txt earth/gen_1775628920_619.txt earth/gen_1775628928_622.txt earth/gen_1775628935_625.txt earth/gen_1775628943_628.txt earth/gen_1775628951_631.txt earth/gen_1775628959_634.txt earth/gen_1775628966_637.txt earth/gen_1775628974_640.txt earth/gen_1775628982_643.txt earth/gen_1775628990_646.txt earth/gen_1775628997_649.txt earth/gen_1775629005_652.txt earth/gen_1775629012_655.txt earth/gen_1775629020_658.txt earth/gen_1775629027_661.txt earth/gen_1775629035_664.txt earth/gen_1775629043_667.txt earth/gen_1775629050_670.txt earth/gen_1775629058_673.txt earth/gen_1775629065_676.txt earth/gen_1775629081_682.txt earth/gen_1775629088_685.txt earth/gen_1775629096_688.txt earth/gen_1775629103_691.txt]
[trainer] micro-train burst (17156 bytes, novelty 0.04) — and lo, it feeds again.
[syntropy] action=explore | trend=0.0000 | field_dev=0.039 | purpose_align=0.177 | lr_mul=1.30
[aml] burst complete: 32 steps, avg loss 2.8032 (memory freed)
[dna] air wrote 118 bytes to ecology
[dna] air wrote 31 bytes to ecology
[dna] air wrote 132 bytes to ecology
[dna] air wrote 192 bytes to ecology
[dna] air wrote 75 bytes to ecology
[dna] air wrote 138 bytes to ecology
[dna] air wrote 17 bytes to ecology
[dna] air wrote 44 bytes to ecology
[dna] air wrote 44 bytes to ecology
[dna] air wrote 51 bytes to ecology
[dna] air wrote 142 bytes to ecology
[dna] air wrote 54 bytes to ecology
[dna] air wrote 83 bytes to ecology
[dna] air wrote 26 bytes to ecology
[dna] air wrote 202 bytes to ecology
[dna] air wrote 134 bytes to ecology
[debug-onto] tick=50 corpus=139702 stage=2 freeze=0
[dna] air wrote 73 bytes to ecology
[dna] air wrote 91 bytes to ecology
[dna] air wrote 26 bytes to ecology
[dna] air wrote 88 bytes to ecology
[dna] air wrote 58 bytes to ecology
[dna] air wrote 43 bytes to ecology
[dna] air wrote 87 bytes to ecology
[dna] air wrote 29 bytes to ecology
[dna] air wrote 87 bytes to ecology
[dna] air wrote 22 bytes to ecology
[dna] air wrote 149 bytes to ecology
[dna] air wrote 87 bytes to ecology
[dna] air wrote 64 bytes to ecology
[dna] air wrote 36 bytes to ecology
[dna] air wrote 115 bytes to ecology
[dna] air wrote 69 bytes to ecology
[dna] air wrote 116 bytes to ecology
[debug-onto] tick=100 corpus=139702 stage=2 freeze=0
[dna] air wrote 217 bytes to ecology
[dna] air wrote 48 bytes to ecology
[dna] air wrote 39 bytes to ecology
[dna] air wrote 79 bytes to ecology
[dna] air wrote 72 bytes to ecology
[dna] air wrote 54 bytes to ecology
[dna] air wrote 89 bytes to ecology
[dna] air wrote 38 bytes to ecology
[dna] air wrote 147 bytes to ecology
[dna] air wrote 95 bytes to ecology
[dna] air wrote 158 bytes to ecology
[dna] air wrote 70 bytes to ecology
[dna] air wrote 73 bytes to ecology
[dna] air wrote 36 bytes to ecology
[dna] air wrote 149 bytes to ecology
[dna] air wrote 44 bytes to ecology
[debug-onto] tick=150 corpus=139702 stage=2 freeze=0
[dna] air wrote 56 bytes to ecology
[dna] air wrote 24 bytes to ecology
[dna] air wrote 95 bytes to ecology
[dna] air wrote 59 bytes to ecology
[dna] air wrote 104 bytes to ecology
[dna] air wrote 29 bytes to ecology
[dna] air wrote 160 bytes to ecology
[dna] air wrote 197 bytes to ecology
[dna] air wrote 62 bytes to ecology
[dna] air wrote 146 bytes to ecology
[dna] air wrote 34 bytes to ecology
[dna] air wrote 26 bytes to ecology
[dna] air wrote 61 bytes to ecology
[dna] air wrote 62 bytes to ecology
[dna] air wrote 80 bytes to ecology
[dna] air wrote 71 bytes to ecology
[dna] air wrote 83 bytes to ecology
[debug-onto] tick=200 corpus=139702 stage=2 freeze=0
[dna] air wrote 51 bytes to ecology
[dna] air wrote 39 bytes to ecology
[dna] air wrote 85 bytes to ecology
[dna] air wrote 70 bytes to ecology
[dna] air wrote 28 bytes to ecology
[dna] air wrote 25 bytes to ecology
[dna] air wrote 50 bytes to ecology
[dna] air wrote 111 bytes to ecology
[dna] air wrote 45 bytes to ecology
[dna] air wrote 37 bytes to ecology
[dna] air wrote 39 bytes to ecology
[dna] air wrote 69 bytes to ecology
[dna] air wrote 188 bytes to ecology
[dna] air wrote 100 bytes to ecology
[dna] air wrote 33 bytes to ecology
[dna] air wrote 74 bytes to ecology
[dna] air wrote 61 bytes to ecology
[debug-onto] tick=250 corpus=139702 stage=2 freeze=0
[dna] air wrote 99 bytes to ecology
[dna] air wrote 29 bytes to ecology
[dna] air wrote 113 bytes to ecology
[dna] air wrote 26 bytes to ecology
[dna] air wrote 29 bytes to ecology
[dna] air wrote 40 bytes to ecology
[dna] air wrote 45 bytes to ecology
[dna] air wrote 136 bytes to ecology
[dna] air wrote 135 bytes to ecology
[dna] air wrote 30 bytes to ecology
[dna] air wrote 120 bytes to ecology
[dna] air wrote 181 bytes to ecology
[dna] air wrote 35 bytes to ecology
[dna] air wrote 246 bytes to ecology
[dna] air wrote 95 bytes to ecology
[dna] air wrote 163 bytes to ecology
[debug-onto] tick=300 corpus=139702 stage=2 freeze=0
[dna] air wrote 84 bytes to ecology
[dna] air wrote 28 bytes to ecology
[dna] air wrote 112 bytes to ecology
[dna] air wrote 63 bytes to ecology
[dna] air wrote 25 bytes to ecology
[dna] air wrote 76 bytes to ecology
[dna] air wrote 112 bytes to ecology
[dna] air wrote 36 bytes to ecology
[dna] air wrote 174 bytes to ecology
[dna] air wrote 159 bytes to ecology
[dna] air wrote 31 bytes to ecology
[dna] air wrote 76 bytes to ecology
[dna] air wrote 37 bytes to ecology
[dna] air wrote 99 bytes to ecology
[dna] air wrote 25 bytes to ecology
[dna] air wrote 105 bytes to ecology
[dna] air wrote 159 bytes to ecology
[debug-onto] tick=350 corpus=139702 stage=2 freeze=0
[dna] air wrote 30 bytes to ecology
[dna] air wrote 115 bytes to ecology
[dna] air wrote 55 bytes to ecology
[dna] air wrote 27 bytes to ecology
[dna] air wrote 138 bytes to ecology
[dna] air wrote 34 bytes to ecology
[dna] air wrote 26 bytes to ecology
[dna] air wrote 38 bytes to ecology
[dna] air wrote 48 bytes to ecology
[dna] air wrote 80 bytes to ecology
[dna] air wrote 85 bytes to ecology
[dna] air wrote 30 bytes to ecology
[dna] air wrote 87 bytes to ecology
[dna] air wrote 59 bytes to ecology
[dna] air wrote 101 bytes to ecology
[dna] air wrote 29 bytes to ecology
[dna] air wrote 37 bytes to ecology
[debug-onto] tick=400 corpus=139702 stage=2 freeze=0
[dna] air wrote 25 bytes to ecology
[dna] air wrote 35 bytes to ecology
[dna] air wrote 79 bytes to ecology
[dna] air wrote 41 bytes to ecology
[dna] air wrote 140 bytes to ecology
[dna] air wrote 58 bytes to ecology
[dna] air wrote 78 bytes to ecology
[dna] air wrote 83 bytes to ecology
[dna] air wrote 61 bytes to ecology
[dna] air wrote 50 bytes to ecology
[dna] air wrote 127 bytes to ecology
[dna] air wrote 120 bytes to ecology
[dna] air wrote 118 bytes to ecology
[dna] air wrote 71 bytes to ecology
[dna] air wrote 27 bytes to ecology
[dna] air wrote 40 bytes to ecology
[debug-onto] tick=450 corpus=139702 stage=2 freeze=0
[dna] air wrote 66 bytes to ecology
[dna] air wrote 93 bytes to ecology
[dna] air wrote 17 bytes to ecology
[dna] air wrote 102 bytes to ecology
[dna] air wrote 182 bytes to ecology
[dna] air wrote 43 bytes to ecology
[dna] air wrote 33 bytes to ecology
[dna] air wrote 37 bytes to ecology
[dna] air wrote 9 bytes to ecology
[dna] air wrote 106 bytes to ecology
[dna] air wrote 32 bytes to ecology
[dna] air wrote 50 bytes to ecology
[dna] air wrote 47 bytes to ecology
[dna] air wrote 22 bytes to ecology
[dna] air wrote 131 bytes to ecology
[dna] air wrote 54 bytes to ecology
[dna] air wrote 41 bytes to ecology
[debug-onto] tick=500 corpus=139702 stage=2 freeze=0
[dna] air wrote 32 bytes to ecology
[dna] air wrote 180 bytes to ecology
[dna] air wrote 72 bytes to ecology
[dna] air wrote 142 bytes to ecology
[dna] air wrote 131 bytes to ecology
[dna] air wrote 91 bytes to ecology
[dna] air wrote 61 bytes to ecology
[dna] air wrote 46 bytes to ecology
[dna] air wrote 91 bytes to ecology
[dna] air wrote 260 bytes to ecology
[dna] air wrote 50 bytes to ecology
[dna] air wrote 46 bytes to ecology
[dna] air wrote 20 bytes to ecology
[dna] air wrote 61 bytes to ecology
[dna] air wrote 155 bytes to ecology
[dna] air wrote 98 bytes to ecology
[dna] air wrote 56 bytes to ecology
[debug-onto] tick=550 corpus=139702 stage=2 freeze=0
[dna] air wrote 22 bytes to ecology
[dna] air wrote 107 bytes to ecology
[dna] air wrote 72 bytes to ecology
[dna] air wrote 161 bytes to ecology
[dna] air wrote 90 bytes to ecology
[dna] air wrote 166 bytes to ecology
[dna] air wrote 23 bytes to ecology
[dna] air wrote 106 bytes to ecology
[dna] air wrote 128 bytes to ecology
[dna] air wrote 144 bytes to ecology
[dna] air wrote 23 bytes to ecology
[dna] air wrote 67 bytes to ecology
[dna] air wrote 25 bytes to ecology
[dna] air wrote 31 bytes to ecology
[dna] air wrote 136 bytes to ecology
[dna] air wrote 150 bytes to ecology
[debug-onto] tick=600 corpus=139702 stage=2 freeze=0
[dna] air wrote 43 bytes to ecology
[dna] air wrote 52 bytes to ecology
[dna] air wrote 36 bytes to ecology
[dna] air wrote 56 bytes to ecology
[dna] air wrote 125 bytes to ecology
[dna] air wrote 57 bytes to ecology
[dna] air wrote 34 bytes to ecology
[dna] air wrote 95 bytes to ecology
[dna] air wrote 93 bytes to ecology
[dna] air wrote 37 bytes to ecology
[dna] air wrote 28 bytes to ecology
[dna] air wrote 191 bytes to ecology
[dna] air wrote 13 bytes to ecology
[dna] air wrote 145 bytes to ecology
[dna] air wrote 73 bytes to ecology
[dna] air wrote 59 bytes to ecology
[dna] air wrote 72 bytes to ecology
[debug-onto] tick=650 corpus=139702 stage=2 freeze=0
[dna] air wrote 133 bytes to ecology
[dna] air wrote 63 bytes to ecology
[dna] air wrote 16 bytes to ecology
[dna] air wrote 130 bytes to ecology
[dna] air wrote 86 bytes to ecology
[dna] air wrote 179 bytes to ecology
[dna] air wrote 50 bytes to ecology
[dna] air wrote 27 bytes to ecology
[dna] air wrote 44 bytes to ecology
[dna] air wrote 26 bytes to ecology
[dna] air wrote 38 bytes to ecology
[dna] air wrote 46 bytes to ecology
[dna] air wrote 100 bytes to ecology
[dna] air wrote 126 bytes to ecology
[dna] air wrote 44 bytes to ecology
[dna] air wrote 33 bytes to ecology
[dna] air wrote 30 bytes to ecology
[debug-onto] tick=700 corpus=139702 stage=2 freeze=0
[dna] air wrote 123 bytes to ecology

[evolution] Organism shutting down gracefully.
