[ecology] Element: water → corpus: nonames_water.txt
[evolution] Autonomous evolution mode — organism will grow through all stages without pause.
[ecology] Joined swarm. 1 peer(s) detected.
molequla is alive. [evolution] Autonomous mode — background trainer running. Ctrl+C to stop.
[dna] water wrote 133 bytes to ecology
[dna] water consumed 18354 bytes from 235 files: [air/gen_1775629113_1.txt air/gen_1775629128_4.txt air/gen_1775629135_7.txt air/gen_1775629143_10.txt air/gen_1775629151_13.txt air/gen_1775629159_16.txt air/gen_1775629167_19.txt air/gen_1775629175_22.txt air/gen_1775629182_25.txt air/gen_1775629190_28.txt air/gen_1775629197_31.txt air/gen_1775629205_34.txt air/gen_1775629213_37.txt air/gen_1775629220_40.txt air/gen_1775629228_43.txt air/gen_1775629236_46.txt air/gen_1775629243_49.txt air/gen_1775629251_52.txt air/gen_1775629258_55.txt air/gen_1775629266_58.txt air/gen_1775629274_61.txt air/gen_1775629281_64.txt air/gen_1775629289_67.txt air/gen_1775629296_70.txt air/gen_1775629304_73.txt air/gen_1775629312_76.txt air/gen_1775629319_79.txt air/gen_1775629327_82.txt air/gen_1775629335_85.txt air/gen_1775629342_88.txt air/gen_1775629350_91.txt air/gen_1775629358_94.txt air/gen_1775629366_97.txt air/gen_1775629373_100.txt air/gen_1775629381_103.txt air/gen_1775629389_106.txt air/gen_1775629397_109.txt air/gen_1775629404_112.txt air/gen_1775629412_115.txt air/gen_1775629420_118.txt air/gen_1775629427_121.txt air/gen_1775629435_124.txt air/gen_1775629443_127.txt air/gen_1775629451_130.txt air/gen_1775629458_133.txt air/gen_1775629466_136.txt air/gen_1775629474_139.txt air/gen_1775629481_142.txt air/gen_1775629489_145.txt air/gen_1775629497_148.txt air/gen_1775629504_151.txt air/gen_1775629512_154.txt air/gen_1775629519_157.txt air/gen_1775629527_160.txt air/gen_1775629535_163.txt air/gen_1775629542_166.txt air/gen_1775629550_169.txt air/gen_1775629558_172.txt air/gen_1775629565_175.txt air/gen_1775629573_178.txt air/gen_1775629580_181.txt air/gen_1775629588_184.txt air/gen_1775629596_187.txt air/gen_1775629604_190.txt air/gen_1775629612_193.txt air/gen_1775629619_196.txt air/gen_1775629627_199.txt air/gen_1775629635_202.txt air/gen_1775629643_205.txt air/gen_1775629650_208.txt air/gen_1775629658_211.txt air/gen_1775629666_214.txt air/gen_1775629673_217.txt air/gen_1775629681_220.txt air/gen_1775629689_223.txt air/gen_1775629696_226.txt air/gen_1775629704_229.txt air/gen_1775629711_232.txt air/gen_1775629719_235.txt air/gen_1775629727_238.txt air/gen_1775629735_241.txt air/gen_1775629743_244.txt air/gen_1775629750_247.txt air/gen_1775629758_250.txt air/gen_1775629766_253.txt air/gen_1775629774_256.txt air/gen_1775629781_259.txt air/gen_1775629789_262.txt air/gen_1775629796_265.txt air/gen_1775629804_268.txt air/gen_1775629812_271.txt air/gen_1775629819_274.txt air/gen_1775629827_277.txt air/gen_1775629834_280.txt air/gen_1775629842_283.txt air/gen_1775629850_286.txt air/gen_1775629857_289.txt air/gen_1775629865_292.txt air/gen_1775629873_295.txt air/gen_1775629880_298.txt air/gen_1775629888_301.txt air/gen_1775629896_304.txt air/gen_1775629903_307.txt air/gen_1775629911_310.txt air/gen_1775629918_313.txt air/gen_1775629926_316.txt air/gen_1775629934_319.txt air/gen_1775629942_322.txt air/gen_1775629949_325.txt air/gen_1775629957_328.txt air/gen_1775629965_331.txt air/gen_1775629972_334.txt air/gen_1775629980_337.txt air/gen_1775629988_340.txt air/gen_1775629995_343.txt air/gen_1775630003_346.txt air/gen_1775630011_349.txt air/gen_1775630018_352.txt air/gen_1775630026_355.txt air/gen_1775630033_358.txt air/gen_1775630041_361.txt air/gen_1775630048_364.txt air/gen_1775630056_367.txt air/gen_1775630064_370.txt air/gen_1775630071_373.txt air/gen_1775630079_376.txt air/gen_1775630086_379.txt air/gen_1775630094_382.txt air/gen_1775630101_385.txt air/gen_1775630109_388.txt air/gen_1775630116_391.txt air/gen_1775630124_394.txt air/gen_1775630132_397.txt air/gen_1775630139_400.txt air/gen_1775630147_403.txt air/gen_1775630154_406.txt air/gen_1775630162_409.txt air/gen_1775630170_412.txt air/gen_1775630177_415.txt air/gen_1775630185_418.txt air/gen_1775630193_421.txt air/gen_1775630200_424.txt air/gen_1775630208_427.txt air/gen_1775630215_430.txt air/gen_1775630223_433.txt air/gen_1775630231_436.txt air/gen_1775630238_439.txt air/gen_1775630246_442.txt air/gen_1775630254_445.txt air/gen_1775630261_448.txt air/gen_1775630269_451.txt air/gen_1775630276_454.txt air/gen_1775630284_457.txt air/gen_1775630292_460.txt air/gen_1775630299_463.txt air/gen_1775630307_466.txt air/gen_1775630315_469.txt air/gen_1775630322_472.txt air/gen_1775630330_475.txt air/gen_1775630337_478.txt air/gen_1775630345_481.txt air/gen_1775630352_484.txt air/gen_1775630360_487.txt air/gen_1775630368_490.txt air/gen_1775630375_493.txt air/gen_1775630383_496.txt air/gen_1775630390_499.txt air/gen_1775630398_502.txt air/gen_1775630406_505.txt air/gen_1775630413_508.txt air/gen_1775630421_511.txt air/gen_1775630428_514.txt air/gen_1775630436_517.txt air/gen_1775630444_520.txt air/gen_1775630451_523.txt air/gen_1775630459_526.txt air/gen_1775630466_529.txt air/gen_1775630474_532.txt air/gen_1775630481_535.txt air/gen_1775630489_538.txt air/gen_1775630497_541.txt air/gen_1775630504_544.txt air/gen_1775630512_547.txt air/gen_1775630519_550.txt air/gen_1775630527_553.txt air/gen_1775630535_556.txt air/gen_1775630542_559.txt air/gen_1775630550_562.txt air/gen_1775630558_565.txt air/gen_1775630565_568.txt air/gen_1775630573_571.txt air/gen_1775630581_574.txt air/gen_1775630588_577.txt air/gen_1775630596_580.txt air/gen_1775630603_583.txt air/gen_1775630611_586.txt air/gen_1775630619_589.txt air/gen_1775630626_592.txt air/gen_1775630634_595.txt air/gen_1775630642_598.txt air/gen_1775630649_601.txt air/gen_1775630657_604.txt air/gen_1775630664_607.txt air/gen_1775630672_610.txt air/gen_1775630680_613.txt air/gen_1775630687_616.txt air/gen_1775630695_619.txt air/gen_1775630703_622.txt air/gen_1775630710_625.txt air/gen_1775630718_628.txt air/gen_1775630725_631.txt air/gen_1775630733_634.txt air/gen_1775630740_637.txt air/gen_1775630748_640.txt air/gen_1775630756_643.txt air/gen_1775630763_646.txt air/gen_1775630771_649.txt air/gen_1775630778_652.txt air/gen_1775630786_655.txt air/gen_1775630793_658.txt air/gen_1775630801_661.txt air/gen_1775630809_664.txt air/gen_1775630816_667.txt air/gen_1775630824_670.txt air/gen_1775630831_673.txt air/gen_1775630839_676.txt air/gen_1775630847_679.txt air/gen_1775630854_682.txt air/gen_1775630862_685.txt air/gen_1775630870_688.txt air/gen_1775630877_691.txt air/gen_1775630885_694.txt air/gen_1775630893_697.txt air/gen_1775630900_700.txt air/gen_1775630908_703.txt]
[trainer] micro-train burst (18354 bytes, novelty 0.03) — and lo, it feeds again.
[syntropy] action=explore | trend=0.0000 | field_dev=-0.048 | purpose_align=0.215 | lr_mul=1.30
[aml] burst complete: 32 steps, avg loss 1.7665 (memory freed)
[dna] water wrote 37 bytes to ecology
[dna] water wrote 36 bytes to ecology
[dna] water wrote 28 bytes to ecology
[dna] water wrote 112 bytes to ecology
[dna] water wrote 25 bytes to ecology
[dna] water wrote 85 bytes to ecology
[dna] water wrote 40 bytes to ecology
[dna] water wrote 47 bytes to ecology
[dna] water wrote 10 bytes to ecology
[dna] water wrote 69 bytes to ecology
[dna] water wrote 55 bytes to ecology
[dna] water wrote 67 bytes to ecology
[dna] water wrote 49 bytes to ecology
[dna] water wrote 41 bytes to ecology
[dna] water wrote 32 bytes to ecology
[dna] water wrote 125 bytes to ecology
[debug-onto] tick=50 corpus=144286 stage=2 freeze=0
[dna] water wrote 134 bytes to ecology
[dna] water wrote 17 bytes to ecology
[dna] water wrote 37 bytes to ecology
[dna] water wrote 137 bytes to ecology
[dna] water wrote 25 bytes to ecology
[dna] water wrote 30 bytes to ecology
[dna] water wrote 62 bytes to ecology
[dna] water wrote 38 bytes to ecology
[dna] water wrote 160 bytes to ecology
[dna] water wrote 206 bytes to ecology
[dna] water wrote 17 bytes to ecology
[dna] water wrote 49 bytes to ecology
[dna] water wrote 29 bytes to ecology
[dna] water wrote 54 bytes to ecology
[dna] water wrote 37 bytes to ecology
[dna] water wrote 152 bytes to ecology
[dna] water wrote 42 bytes to ecology
[debug-onto] tick=100 corpus=144286 stage=2 freeze=0
[dna] water wrote 12 bytes to ecology
[dna] water wrote 60 bytes to ecology
[dna] water wrote 115 bytes to ecology
[dna] water wrote 88 bytes to ecology
[dna] water wrote 29 bytes to ecology
[dna] water wrote 37 bytes to ecology
[dna] water wrote 46 bytes to ecology
[dna] water wrote 62 bytes to ecology
[dna] water wrote 34 bytes to ecology
[dna] water wrote 70 bytes to ecology
[dna] water wrote 66 bytes to ecology
[dna] water wrote 25 bytes to ecology
[dna] water wrote 77 bytes to ecology
[dna] water wrote 53 bytes to ecology
[dna] water wrote 45 bytes to ecology
[dna] water wrote 74 bytes to ecology
[debug-onto] tick=150 corpus=144286 stage=2 freeze=0
[dna] water wrote 83 bytes to ecology
[dna] water wrote 81 bytes to ecology
[dna] water wrote 43 bytes to ecology
[dna] water wrote 58 bytes to ecology
[dna] water wrote 75 bytes to ecology
[dna] water wrote 151 bytes to ecology
[dna] water wrote 72 bytes to ecology
[dna] water wrote 19 bytes to ecology
[dna] water wrote 12 bytes to ecology
[dna] water wrote 34 bytes to ecology
[dna] water wrote 49 bytes to ecology
[dna] water wrote 29 bytes to ecology
[dna] water wrote 43 bytes to ecology
[dna] water wrote 100 bytes to ecology
[dna] water wrote 51 bytes to ecology
[dna] water wrote 31 bytes to ecology
[dna] water wrote 109 bytes to ecology
[debug-onto] tick=200 corpus=144286 stage=2 freeze=0
[dna] water wrote 61 bytes to ecology
[dna] water wrote 119 bytes to ecology
[dna] water wrote 123 bytes to ecology
[dna] water wrote 70 bytes to ecology
[dna] water wrote 14 bytes to ecology
[dna] water wrote 44 bytes to ecology
[dna] water wrote 108 bytes to ecology
[dna] water wrote 33 bytes to ecology
[dna] water wrote 87 bytes to ecology
[dna] water wrote 32 bytes to ecology
[dna] water wrote 38 bytes to ecology
[dna] water wrote 31 bytes to ecology
[dna] water wrote 42 bytes to ecology
[dna] water wrote 36 bytes to ecology
[dna] water wrote 17 bytes to ecology
[dna] water wrote 56 bytes to ecology
[dna] water wrote 106 bytes to ecology
[debug-onto] tick=250 corpus=144286 stage=2 freeze=0
[dna] water wrote 30 bytes to ecology
[dna] water wrote 159 bytes to ecology
[dna] water wrote 76 bytes to ecology
[dna] water wrote 48 bytes to ecology
[dna] water wrote 153 bytes to ecology
[dna] water wrote 29 bytes to ecology
[dna] water wrote 56 bytes to ecology
[dna] water wrote 138 bytes to ecology
[dna] water wrote 36 bytes to ecology
[dna] water wrote 9 bytes to ecology
[dna] water wrote 31 bytes to ecology
[dna] water wrote 72 bytes to ecology
[dna] water wrote 50 bytes to ecology
[dna] water wrote 58 bytes to ecology
[dna] water wrote 47 bytes to ecology
[dna] water wrote 46 bytes to ecology
[debug-onto] tick=300 corpus=144286 stage=2 freeze=0
[dna] water wrote 40 bytes to ecology
[dna] water wrote 82 bytes to ecology
[dna] water wrote 19 bytes to ecology
[dna] water wrote 39 bytes to ecology
[dna] water wrote 62 bytes to ecology
[dna] water wrote 75 bytes to ecology
[dna] water wrote 63 bytes to ecology
[dna] water wrote 94 bytes to ecology
[dna] water wrote 41 bytes to ecology
[dna] water wrote 49 bytes to ecology
[dna] water wrote 43 bytes to ecology
[dna] water wrote 42 bytes to ecology
[dna] water wrote 14 bytes to ecology
[dna] water wrote 64 bytes to ecology
[dna] water wrote 167 bytes to ecology
[dna] water wrote 86 bytes to ecology
[dna] water wrote 82 bytes to ecology
[debug-onto] tick=350 corpus=144286 stage=2 freeze=0
[dna] water wrote 77 bytes to ecology
[dna] water wrote 31 bytes to ecology
[dna] water wrote 31 bytes to ecology
[dna] water wrote 19 bytes to ecology
[dna] water wrote 58 bytes to ecology
[dna] water wrote 121 bytes to ecology
[dna] water wrote 64 bytes to ecology
[dna] water wrote 44 bytes to ecology
[dna] water wrote 39 bytes to ecology
[dna] water wrote 44 bytes to ecology
[dna] water wrote 7 bytes to ecology
[dna] water wrote 141 bytes to ecology
[dna] water wrote 62 bytes to ecology
[dna] water wrote 15 bytes to ecology
[dna] water wrote 108 bytes to ecology
[dna] water wrote 96 bytes to ecology
[dna] water wrote 24 bytes to ecology
[debug-onto] tick=400 corpus=144286 stage=2 freeze=0
[dna] water wrote 150 bytes to ecology
[dna] water wrote 53 bytes to ecology
[dna] water wrote 49 bytes to ecology
[dna] water wrote 72 bytes to ecology
[dna] water wrote 62 bytes to ecology
[dna] water wrote 127 bytes to ecology
[dna] water wrote 78 bytes to ecology
[dna] water wrote 87 bytes to ecology
[dna] water wrote 64 bytes to ecology
[dna] water wrote 31 bytes to ecology
[dna] water wrote 53 bytes to ecology
[dna] water wrote 75 bytes to ecology
[dna] water wrote 121 bytes to ecology
[dna] water wrote 42 bytes to ecology
[dna] water wrote 45 bytes to ecology
[dna] water wrote 50 bytes to ecology
[debug-onto] tick=450 corpus=144286 stage=2 freeze=0
[dna] water wrote 34 bytes to ecology
[dna] water wrote 24 bytes to ecology
[dna] water wrote 40 bytes to ecology
[dna] water wrote 52 bytes to ecology
[dna] water wrote 65 bytes to ecology
[dna] water wrote 41 bytes to ecology
[dna] water wrote 30 bytes to ecology
[dna] water wrote 56 bytes to ecology
[dna] water wrote 7 bytes to ecology
[dna] water wrote 37 bytes to ecology
[dna] water wrote 131 bytes to ecology
[dna] water wrote 55 bytes to ecology
[dna] water wrote 109 bytes to ecology
[dna] water wrote 49 bytes to ecology
[dna] water wrote 40 bytes to ecology
[dna] water wrote 47 bytes to ecology
[dna] water wrote 48 bytes to ecology
[debug-onto] tick=500 corpus=144286 stage=2 freeze=0
[dna] water wrote 54 bytes to ecology
[dna] water wrote 75 bytes to ecology
[dna] water wrote 70 bytes to ecology
[dna] water wrote 106 bytes to ecology
[dna] water wrote 36 bytes to ecology
[dna] water wrote 102 bytes to ecology
[dna] water wrote 109 bytes to ecology
[dna] water wrote 123 bytes to ecology
[dna] water wrote 24 bytes to ecology
[dna] water wrote 25 bytes to ecology
[dna] water wrote 117 bytes to ecology
[dna] water wrote 76 bytes to ecology
[dna] water wrote 35 bytes to ecology
[dna] water wrote 61 bytes to ecology
[dna] water wrote 69 bytes to ecology
[dna] water wrote 71 bytes to ecology
[dna] water wrote 27 bytes to ecology
[debug-onto] tick=550 corpus=144286 stage=2 freeze=0
[dna] water wrote 66 bytes to ecology
[dna] water wrote 29 bytes to ecology
[dna] water wrote 49 bytes to ecology
[dna] water wrote 72 bytes to ecology
[dna] water wrote 184 bytes to ecology
[dna] water wrote 253 bytes to ecology
[dna] water wrote 101 bytes to ecology
[dna] water wrote 183 bytes to ecology
[dna] water wrote 32 bytes to ecology
[dna] water wrote 28 bytes to ecology
[dna] water wrote 51 bytes to ecology
[dna] water wrote 140 bytes to ecology
[dna] water wrote 44 bytes to ecology
[dna] water wrote 49 bytes to ecology
[dna] water wrote 62 bytes to ecology
[dna] water wrote 45 bytes to ecology
[debug-onto] tick=600 corpus=144286 stage=2 freeze=0
[dna] water wrote 123 bytes to ecology
[dna] water wrote 72 bytes to ecology
[dna] water wrote 48 bytes to ecology
[dna] water wrote 30 bytes to ecology
[dna] water wrote 41 bytes to ecology
[dna] water wrote 135 bytes to ecology
[dna] water wrote 67 bytes to ecology

[evolution] Organism shutting down gracefully.
