[ecology] Element: air → corpus: nonames_air.txt
[evolution] Autonomous evolution mode — organism will grow through all stages without pause.
[ecology] Joined swarm. 1 peer(s) detected.
molequla is alive. [evolution] Autonomous mode — background trainer running. Ctrl+C to stop.
[dna] air wrote 287 bytes to ecology
[dna] air consumed 43728 bytes from 588 files: [earth/gen_1775713820_1.txt earth/gen_1775713822_2.txt earth/gen_1775713825_3.txt earth/gen_1775713827_4.txt earth/gen_1775713833_6.txt earth/gen_1775713835_7.txt earth/gen_1775713838_8.txt earth/gen_1775713840_9.txt earth/gen_1775713843_10.txt earth/gen_1775713848_12.txt earth/gen_1775713850_13.txt earth/gen_1775713853_14.txt earth/gen_1775713855_15.txt earth/gen_1775713858_16.txt earth/gen_1775713862_18.txt earth/gen_1775713865_19.txt earth/gen_1775713867_20.txt earth/gen_1775713870_21.txt earth/gen_1775713872_22.txt earth/gen_1775713877_24.txt earth/gen_1775713880_25.txt earth/gen_1775713882_26.txt earth/gen_1775713885_27.txt earth/gen_1775713887_28.txt earth/gen_1775713892_30.txt earth/gen_1775713894_31.txt earth/gen_1775713897_32.txt earth/gen_1775713899_33.txt earth/gen_1775713902_34.txt earth/gen_1775713907_36.txt earth/gen_1775713909_37.txt earth/gen_1775713912_38.txt earth/gen_1775713914_39.txt earth/gen_1775713917_40.txt earth/gen_1775713922_42.txt earth/gen_1775713924_43.txt earth/gen_1775713926_44.txt earth/gen_1775713929_45.txt earth/gen_1775713931_46.txt earth/gen_1775713936_48.txt earth/gen_1775713939_49.txt earth/gen_1775713941_50.txt earth/gen_1775713946_52.txt earth/gen_1775713951_54.txt earth/gen_1775713954_55.txt earth/gen_1775713956_56.txt earth/gen_1775713958_57.txt earth/gen_1775713961_58.txt earth/gen_1775713966_60.txt earth/gen_1775713968_61.txt earth/gen_1775713971_62.txt earth/gen_1775713974_63.txt earth/gen_1775713976_64.txt earth/gen_1775713981_66.txt earth/gen_1775713983_67.txt earth/gen_1775713986_68.txt earth/gen_1775713988_69.txt earth/gen_1775713991_70.txt earth/gen_1775713996_72.txt earth/gen_1775713998_73.txt earth/gen_1775714001_74.txt earth/gen_1775714006_76.txt earth/gen_1775714011_78.txt earth/gen_1775714013_79.txt earth/gen_1775714016_80.txt earth/gen_1775714018_81.txt earth/gen_1775714020_82.txt earth/gen_1775714025_84.txt earth/gen_1775714028_85.txt earth/gen_1775714030_86.txt earth/gen_1775714035_88.txt earth/gen_1775714040_90.txt earth/gen_1775714043_91.txt earth/gen_1775714045_92.txt earth/gen_1775714047_93.txt earth/gen_1775714050_94.txt earth/gen_1775714055_96.txt earth/gen_1775714057_97.txt earth/gen_1775714060_98.txt earth/gen_1775714062_99.txt earth/gen_1775714065_100.txt earth/gen_1775714070_102.txt earth/gen_1775714072_103.txt earth/gen_1775714074_104.txt earth/gen_1775714077_105.txt earth/gen_1775714079_106.txt earth/gen_1775714084_108.txt earth/gen_1775714087_109.txt earth/gen_1775714089_110.txt earth/gen_1775714092_111.txt earth/gen_1775714094_112.txt earth/gen_1775714099_114.txt earth/gen_1775714102_115.txt earth/gen_1775714104_116.txt earth/gen_1775714107_117.txt earth/gen_1775714109_118.txt earth/gen_1775714114_120.txt earth/gen_1775714116_121.txt earth/gen_1775714119_122.txt earth/gen_1775714121_123.txt earth/gen_1775714124_124.txt earth/gen_1775714129_126.txt earth/gen_1775714131_127.txt earth/gen_1775714134_128.txt earth/gen_1775714136_129.txt earth/gen_1775714139_130.txt earth/gen_1775714143_132.txt earth/gen_1775714146_133.txt earth/gen_1775714148_134.txt earth/gen_1775714151_135.txt earth/gen_1775714153_136.txt earth/gen_1775714158_138.txt earth/gen_1775714161_139.txt earth/gen_1775714163_140.txt earth/gen_1775714165_141.txt earth/gen_1775714168_142.txt earth/gen_1775714173_144.txt earth/gen_1775714175_145.txt earth/gen_1775714178_146.txt earth/gen_1775714180_147.txt earth/gen_1775714183_148.txt earth/gen_1775714188_150.txt earth/gen_1775714190_151.txt earth/gen_1775714193_152.txt earth/gen_1775714195_153.txt earth/gen_1775714198_154.txt earth/gen_1775714203_156.txt earth/gen_1775714205_157.txt earth/gen_1775714208_158.txt earth/gen_1775714210_159.txt earth/gen_1775714212_160.txt earth/gen_1775714217_162.txt earth/gen_1775714220_163.txt earth/gen_1775714222_164.txt earth/gen_1775714225_165.txt earth/gen_1775714227_166.txt earth/gen_1775714232_168.txt earth/gen_1775714235_169.txt earth/gen_1775714237_170.txt earth/gen_1775714240_171.txt earth/gen_1775714242_172.txt earth/gen_1775714247_174.txt earth/gen_1775714249_175.txt earth/gen_1775714252_176.txt earth/gen_1775714254_177.txt earth/gen_1775714257_178.txt earth/gen_1775714262_180.txt earth/gen_1775714264_181.txt earth/gen_1775714267_182.txt earth/gen_1775714269_183.txt earth/gen_1775714272_184.txt earth/gen_1775714277_186.txt earth/gen_1775714279_187.txt earth/gen_1775714281_188.txt earth/gen_1775714284_189.txt earth/gen_1775714286_190.txt earth/gen_1775714291_192.txt earth/gen_1775714294_193.txt earth/gen_1775714296_194.txt earth/gen_1775714299_195.txt earth/gen_1775714301_196.txt earth/gen_1775714306_198.txt earth/gen_1775714309_199.txt earth/gen_1775714311_200.txt earth/gen_1775714314_201.txt earth/gen_1775714316_202.txt earth/gen_1775714321_204.txt earth/gen_1775714323_205.txt earth/gen_1775714326_206.txt earth/gen_1775714328_207.txt earth/gen_1775714331_208.txt earth/gen_1775714336_210.txt earth/gen_1775714338_211.txt earth/gen_1775714341_212.txt earth/gen_1775714343_213.txt earth/gen_1775714346_214.txt earth/gen_1775714350_216.txt earth/gen_1775714353_217.txt earth/gen_1775714355_218.txt earth/gen_1775714358_219.txt earth/gen_1775714360_220.txt earth/gen_1775714365_222.txt earth/gen_1775714368_223.txt earth/gen_1775714370_224.txt earth/gen_1775714373_225.txt earth/gen_1775714375_226.txt earth/gen_1775714380_228.txt earth/gen_1775714382_229.txt earth/gen_1775714385_230.txt earth/gen_1775714388_231.txt earth/gen_1775714390_232.txt earth/gen_1775714395_234.txt earth/gen_1775714397_235.txt earth/gen_1775714400_236.txt earth/gen_1775714402_237.txt earth/gen_1775714405_238.txt earth/gen_1775714410_240.txt earth/gen_1775714412_241.txt earth/gen_1775714415_242.txt earth/gen_1775714417_243.txt earth/gen_1775714420_244.txt earth/gen_1775714424_246.txt earth/gen_1775714427_247.txt earth/gen_1775714429_248.txt earth/gen_1775714432_249.txt earth/gen_1775714434_250.txt earth/gen_1775714439_252.txt earth/gen_1775714442_253.txt earth/gen_1775714444_254.txt earth/gen_1775714447_255.txt earth/gen_1775714449_256.txt earth/gen_1775714454_258.txt earth/gen_1775714457_259.txt earth/gen_1775714459_260.txt earth/gen_1775714462_261.txt earth/gen_1775714464_262.txt earth/gen_1775714469_264.txt earth/gen_1775714471_265.txt earth/gen_1775714474_266.txt earth/gen_1775714476_267.txt earth/gen_1775714479_268.txt earth/gen_1775714484_270.txt earth/gen_1775714486_271.txt earth/gen_1775714489_272.txt earth/gen_1775714491_273.txt earth/gen_1775714494_274.txt earth/gen_1775714498_276.txt earth/gen_1775714501_277.txt earth/gen_1775714503_278.txt earth/gen_1775714508_280.txt earth/gen_1775714513_282.txt earth/gen_1775714516_283.txt earth/gen_1775714518_284.txt earth/gen_1775714521_285.txt earth/gen_1775714523_286.txt earth/gen_1775714528_288.txt earth/gen_1775714530_289.txt earth/gen_1775714533_290.txt earth/gen_1775714535_291.txt earth/gen_1775714538_292.txt earth/gen_1775714543_294.txt earth/gen_1775714545_295.txt earth/gen_1775714548_296.txt earth/gen_1775714550_297.txt earth/gen_1775714553_298.txt earth/gen_1775714557_300.txt earth/gen_1775714560_301.txt earth/gen_1775714562_302.txt earth/gen_1775714565_303.txt earth/gen_1775714567_304.txt earth/gen_1775714572_306.txt earth/gen_1775714575_307.txt earth/gen_1775714577_308.txt earth/gen_1775714580_309.txt earth/gen_1775714582_310.txt earth/gen_1775714587_312.txt earth/gen_1775714590_313.txt earth/gen_1775714592_314.txt earth/gen_1775714595_315.txt earth/gen_1775714597_316.txt earth/gen_1775714602_318.txt earth/gen_1775714604_319.txt earth/gen_1775714607_320.txt earth/gen_1775714609_321.txt earth/gen_1775714612_322.txt earth/gen_1775714617_324.txt earth/gen_1775714619_325.txt earth/gen_1775714622_326.txt earth/gen_1775714624_327.txt earth/gen_1775714627_328.txt earth/gen_1775714632_330.txt earth/gen_1775714634_331.txt earth/gen_1775714637_332.txt earth/gen_1775714639_333.txt earth/gen_1775714642_334.txt earth/gen_1775714646_336.txt earth/gen_1775714649_337.txt earth/gen_1775714651_338.txt earth/gen_1775714654_339.txt earth/gen_1775714656_340.txt earth/gen_1775714661_342.txt earth/gen_1775714664_343.txt earth/gen_1775714666_344.txt earth/gen_1775714668_345.txt earth/gen_1775714671_346.txt earth/gen_1775714676_348.txt earth/gen_1775714678_349.txt earth/gen_1775714681_350.txt earth/gen_1775714683_351.txt earth/gen_1775714686_352.txt earth/gen_1775714691_354.txt earth/gen_1775714693_355.txt earth/gen_1775714696_356.txt earth/gen_1775714698_357.txt earth/gen_1775714701_358.txt earth/gen_1775714706_360.txt earth/gen_1775714708_361.txt earth/gen_1775714711_362.txt earth/gen_1775714713_363.txt earth/gen_1775714715_364.txt earth/gen_1775714720_366.txt earth/gen_1775714723_367.txt earth/gen_1775714726_368.txt earth/gen_1775714728_369.txt earth/gen_1775714731_370.txt earth/gen_1775714736_372.txt earth/gen_1775714738_373.txt earth/gen_1775714741_374.txt earth/gen_1775714743_375.txt earth/gen_1775714746_376.txt earth/gen_1775714751_378.txt earth/gen_1775714753_379.txt earth/gen_1775714756_380.txt earth/gen_1775714758_381.txt earth/gen_1775714760_382.txt earth/gen_1775714765_384.txt earth/gen_1775714768_385.txt earth/gen_1775714770_386.txt earth/gen_1775714773_387.txt earth/gen_1775714775_388.txt earth/gen_1775714780_390.txt earth/gen_1775714783_391.txt earth/gen_1775714785_392.txt earth/gen_1775714788_393.txt earth/gen_1775714790_394.txt earth/gen_1775714795_396.txt earth/gen_1775714797_397.txt earth/gen_1775714800_398.txt earth/gen_1775714802_399.txt earth/gen_1775714805_400.txt earth/gen_1775714810_402.txt earth/gen_1775714812_403.txt earth/gen_1775714815_404.txt earth/gen_1775714817_405.txt earth/gen_1775714820_406.txt earth/gen_1775714825_408.txt earth/gen_1775714827_409.txt earth/gen_1775714830_410.txt earth/gen_1775714832_411.txt earth/gen_1775714834_412.txt earth/gen_1775714839_414.txt earth/gen_1775714842_415.txt earth/gen_1775714844_416.txt earth/gen_1775714847_417.txt earth/gen_1775714849_418.txt earth/gen_1775714854_420.txt earth/gen_1775714857_421.txt earth/gen_1775714859_422.txt earth/gen_1775714862_423.txt earth/gen_1775714864_424.txt earth/gen_1775714869_426.txt earth/gen_1775714872_427.txt earth/gen_1775714874_428.txt earth/gen_1775714877_429.txt earth/gen_1775714879_430.txt earth/gen_1775714884_432.txt earth/gen_1775714886_433.txt earth/gen_1775714889_434.txt earth/gen_1775714892_435.txt earth/gen_1775714894_436.txt earth/gen_1775714899_438.txt earth/gen_1775714901_439.txt earth/gen_1775714904_440.txt earth/gen_1775714909_442.txt earth/gen_1775714914_444.txt earth/gen_1775714916_445.txt earth/gen_1775714919_446.txt earth/gen_1775714921_447.txt earth/gen_1775714924_448.txt earth/gen_1775714929_450.txt earth/gen_1775714931_451.txt earth/gen_1775714934_452.txt earth/gen_1775714936_453.txt earth/gen_1775714939_454.txt earth/gen_1775714944_456.txt earth/gen_1775714946_457.txt earth/gen_1775714949_458.txt earth/gen_1775714951_459.txt earth/gen_1775714954_460.txt earth/gen_1775714959_462.txt earth/gen_1775714961_463.txt earth/gen_1775714964_464.txt earth/gen_1775714966_465.txt earth/gen_1775714969_466.txt earth/gen_1775714973_468.txt earth/gen_1775714976_469.txt earth/gen_1775714979_470.txt earth/gen_1775714981_471.txt earth/gen_1775714984_472.txt earth/gen_1775714989_474.txt earth/gen_1775714991_475.txt earth/gen_1775714994_476.txt earth/gen_1775714996_477.txt earth/gen_1775714999_478.txt earth/gen_1775715003_480.txt earth/gen_1775715006_481.txt earth/gen_1775715008_482.txt earth/gen_1775715011_483.txt earth/gen_1775715013_484.txt earth/gen_1775715018_486.txt earth/gen_1775715021_487.txt earth/gen_1775715023_488.txt earth/gen_1775715026_489.txt earth/gen_1775715028_490.txt earth/gen_1775715033_492.txt earth/gen_1775715036_493.txt earth/gen_1775715038_494.txt earth/gen_1775715041_495.txt earth/gen_1775715043_496.txt earth/gen_1775715048_498.txt earth/gen_1775715050_499.txt earth/gen_1775715053_500.txt earth/gen_1775715055_501.txt earth/gen_1775715058_502.txt earth/gen_1775715063_504.txt earth/gen_1775715065_505.txt earth/gen_1775715068_506.txt earth/gen_1775715070_507.txt earth/gen_1775715072_508.txt earth/gen_1775715077_510.txt earth/gen_1775715080_511.txt earth/gen_1775715082_512.txt earth/gen_1775715085_513.txt earth/gen_1775715087_514.txt earth/gen_1775715092_516.txt earth/gen_1775715095_517.txt earth/gen_1775715097_518.txt earth/gen_1775715100_519.txt earth/gen_1775715102_520.txt earth/gen_1775715107_522.txt earth/gen_1775715110_523.txt earth/gen_1775715112_524.txt earth/gen_1775715117_526.txt earth/gen_1775715122_528.txt earth/gen_1775715124_529.txt earth/gen_1775715127_530.txt earth/gen_1775715130_531.txt earth/gen_1775715132_532.txt earth/gen_1775715137_534.txt earth/gen_1775715139_535.txt earth/gen_1775715142_536.txt earth/gen_1775715144_537.txt earth/gen_1775715147_538.txt earth/gen_1775715152_540.txt earth/gen_1775715154_541.txt earth/gen_1775715157_542.txt earth/gen_1775715159_543.txt earth/gen_1775715162_544.txt earth/gen_1775715167_546.txt earth/gen_1775715169_547.txt earth/gen_1775715172_548.txt earth/gen_1775715174_549.txt earth/gen_1775715177_550.txt earth/gen_1775715182_552.txt earth/gen_1775715184_553.txt earth/gen_1775715187_554.txt earth/gen_1775715189_555.txt earth/gen_1775715192_556.txt earth/gen_1775715197_558.txt earth/gen_1775715199_559.txt earth/gen_1775715202_560.txt earth/gen_1775715204_561.txt earth/gen_1775715207_562.txt earth/gen_1775715214_565.txt earth/gen_1775715217_566.txt earth/gen_1775715219_567.txt earth/gen_1775715222_568.txt earth/gen_1775715227_570.txt earth/gen_1775715229_571.txt earth/gen_1775715231_572.txt earth/gen_1775715234_573.txt earth/gen_1775715236_574.txt earth/gen_1775715241_576.txt earth/gen_1775715244_577.txt earth/gen_1775715246_578.txt earth/gen_1775715249_579.txt earth/gen_1775715251_580.txt earth/gen_1775715256_582.txt earth/gen_1775715259_583.txt earth/gen_1775715261_584.txt earth/gen_1775715264_585.txt earth/gen_1775715266_586.txt earth/gen_1775715271_588.txt earth/gen_1775715273_589.txt earth/gen_1775715276_590.txt earth/gen_1775715278_591.txt earth/gen_1775715281_592.txt earth/gen_1775715286_594.txt earth/gen_1775715288_595.txt earth/gen_1775715291_596.txt earth/gen_1775715294_597.txt earth/gen_1775715296_598.txt earth/gen_1775715301_600.txt earth/gen_1775715304_601.txt earth/gen_1775715306_602.txt earth/gen_1775715309_603.txt earth/gen_1775715311_604.txt earth/gen_1775715316_606.txt earth/gen_1775715318_607.txt earth/gen_1775715321_608.txt earth/gen_1775715323_609.txt earth/gen_1775715326_610.txt earth/gen_1775715331_612.txt earth/gen_1775715333_613.txt earth/gen_1775715336_614.txt earth/gen_1775715338_615.txt earth/gen_1775715341_616.txt earth/gen_1775715346_618.txt earth/gen_1775715348_619.txt earth/gen_1775715351_620.txt earth/gen_1775715353_621.txt earth/gen_1775715356_622.txt earth/gen_1775715361_624.txt earth/gen_1775715363_625.txt earth/gen_1775715366_626.txt earth/gen_1775715368_627.txt earth/gen_1775715370_628.txt earth/gen_1775715375_630.txt earth/gen_1775715378_631.txt earth/gen_1775715380_632.txt earth/gen_1775715385_634.txt earth/gen_1775715390_636.txt earth/gen_1775715393_637.txt earth/gen_1775715395_638.txt earth/gen_1775715398_639.txt earth/gen_1775715400_640.txt earth/gen_1775715405_642.txt earth/gen_1775715408_643.txt earth/gen_1775715410_644.txt earth/gen_1775715413_645.txt earth/gen_1775715415_646.txt earth/gen_1775715420_648.txt earth/gen_1775715423_649.txt earth/gen_1775715425_650.txt earth/gen_1775715428_651.txt earth/gen_1775715430_652.txt earth/gen_1775715435_654.txt earth/gen_1775715438_655.txt earth/gen_1775715440_656.txt earth/gen_1775715442_657.txt earth/gen_1775715445_658.txt earth/gen_1775715450_660.txt earth/gen_1775715452_661.txt earth/gen_1775715455_662.txt earth/gen_1775715458_663.txt earth/gen_1775715460_664.txt earth/gen_1775715465_666.txt earth/gen_1775715467_667.txt earth/gen_1775715470_668.txt earth/gen_1775715472_669.txt earth/gen_1775715475_670.txt earth/gen_1775715482_673.txt earth/gen_1775715485_674.txt earth/gen_1775715487_675.txt earth/gen_1775715490_676.txt earth/gen_1775715495_678.txt earth/gen_1775715497_679.txt earth/gen_1775715500_680.txt earth/gen_1775715502_681.txt earth/gen_1775715505_682.txt earth/gen_1775715510_684.txt earth/gen_1775715512_685.txt earth/gen_1775715515_686.txt earth/gen_1775715517_687.txt earth/gen_1775715520_688.txt earth/gen_1775715525_690.txt earth/gen_1775715527_691.txt earth/gen_1775715530_692.txt earth/gen_1775715532_693.txt earth/gen_1775715535_694.txt earth/gen_1775715539_696.txt earth/gen_1775715542_697.txt earth/gen_1775715544_698.txt earth/gen_1775715547_699.txt earth/gen_1775715549_700.txt earth/gen_1775715554_702.txt earth/gen_1775715557_703.txt earth/gen_1775715560_704.txt earth/gen_1775715562_705.txt earth/gen_1775715565_706.txt earth/gen_1775715569_708.txt earth/gen_1775715572_709.txt earth/gen_1775715574_710.txt earth/gen_1775715577_711.txt earth/gen_1775715580_712.txt earth/gen_1775715584_714.txt earth/gen_1775715587_715.txt earth/gen_1775715589_716.txt]
[trainer] micro-train burst (43728 bytes, novelty 0.02) — and lo, it feeds again.
[syntropy] action=explore | trend=0.0000 | field_dev=0.007 | purpose_align=0.274 | lr_mul=1.30
[aml] burst complete: 32 steps, avg loss 2.0439 (memory freed)
[dna] air wrote 68 bytes to ecology
[dna] air wrote 74 bytes to ecology
[dna] air wrote 79 bytes to ecology
[dna] air wrote 104 bytes to ecology
[dna] air wrote 90 bytes to ecology
[dna] air wrote 52 bytes to ecology
[dna] air wrote 136 bytes to ecology
[dna] air wrote 54 bytes to ecology
[dna] air wrote 99 bytes to ecology
[dna] air wrote 104 bytes to ecology
[dna] air wrote 73 bytes to ecology
[dna] air wrote 105 bytes to ecology
[dna] air wrote 44 bytes to ecology
[dna] air wrote 52 bytes to ecology
[dna] air wrote 75 bytes to ecology
[dna] air wrote 291 bytes to ecology
[dna] air wrote 25 bytes to ecology
[dna] air wrote 69 bytes to ecology
[dna] air wrote 9 bytes to ecology
[dna] air wrote 86 bytes to ecology
[dna] air wrote 116 bytes to ecology
[dna] air wrote 63 bytes to ecology
[dna] air wrote 44 bytes to ecology
[dna] air wrote 56 bytes to ecology
[dna] air wrote 51 bytes to ecology
[dna] air wrote 223 bytes to ecology
[dna] air wrote 53 bytes to ecology
[debug-onto] tick=50 corpus=166632 stage=2 freeze=0
[dna] air wrote 19 bytes to ecology
[dna] air wrote 45 bytes to ecology
[dna] air wrote 225 bytes to ecology
[dna] air wrote 67 bytes to ecology
[dna] air wrote 65 bytes to ecology
[dna] air wrote 68 bytes to ecology
[dna] air wrote 119 bytes to ecology
[dna] air wrote 32 bytes to ecology
[dna] air wrote 50 bytes to ecology
[dna] air wrote 53 bytes to ecology
[dna] air wrote 43 bytes to ecology
[dna] air wrote 98 bytes to ecology
[dna] air wrote 66 bytes to ecology
[dna] air wrote 54 bytes to ecology
[dna] air wrote 58 bytes to ecology
[dna] air wrote 39 bytes to ecology
[dna] air wrote 178 bytes to ecology
[dna] air wrote 130 bytes to ecology
[dna] air wrote 47 bytes to ecology
[dna] air wrote 119 bytes to ecology
[dna] air wrote 75 bytes to ecology
[dna] air wrote 34 bytes to ecology
[dna] air wrote 73 bytes to ecology
[dna] air wrote 75 bytes to ecology
[debug-onto] tick=100 corpus=166632 stage=2 freeze=0
[dna] air wrote 9 bytes to ecology
[dna] air wrote 53 bytes to ecology
[dna] air wrote 104 bytes to ecology
[dna] air wrote 15 bytes to ecology
[dna] air wrote 50 bytes to ecology
[dna] air wrote 78 bytes to ecology
[dna] air wrote 15 bytes to ecology
[dna] air wrote 101 bytes to ecology
[dna] air wrote 51 bytes to ecology
[dna] air wrote 34 bytes to ecology
[dna] air wrote 28 bytes to ecology
[dna] air wrote 141 bytes to ecology
[dna] air wrote 65 bytes to ecology
[dna] air wrote 79 bytes to ecology
[dna] air wrote 21 bytes to ecology
[dna] air wrote 105 bytes to ecology
[dna] air wrote 26 bytes to ecology
[dna] air wrote 184 bytes to ecology
[dna] air wrote 152 bytes to ecology
[dna] air wrote 50 bytes to ecology
[dna] air wrote 62 bytes to ecology
[dna] air wrote 75 bytes to ecology
[dna] air wrote 26 bytes to ecology
[dna] air wrote 5 bytes to ecology
[debug-onto] tick=150 corpus=166632 stage=2 freeze=0
[dna] air wrote 30 bytes to ecology
[dna] air wrote 145 bytes to ecology
[dna] air wrote 92 bytes to ecology
[dna] air wrote 49 bytes to ecology
[dna] air wrote 166 bytes to ecology
[dna] air wrote 114 bytes to ecology
[dna] air wrote 67 bytes to ecology
[dna] air wrote 39 bytes to ecology
[dna] air wrote 56 bytes to ecology
[dna] air wrote 78 bytes to ecology
[dna] air wrote 25 bytes to ecology
[dna] air wrote 39 bytes to ecology
[dna] air wrote 22 bytes to ecology
[dna] air wrote 85 bytes to ecology
[dna] air wrote 31 bytes to ecology
[dna] air wrote 37 bytes to ecology
[dna] air wrote 29 bytes to ecology
[dna] air wrote 113 bytes to ecology
[dna] air wrote 47 bytes to ecology
[dna] air wrote 81 bytes to ecology
[dna] air wrote 15 bytes to ecology
[dna] air wrote 19 bytes to ecology
[dna] air wrote 29 bytes to ecology
[dna] air wrote 69 bytes to ecology
[dna] air wrote 25 bytes to ecology
[dna] air wrote 41 bytes to ecology
[debug-onto] tick=200 corpus=166632 stage=2 freeze=0
[dna] air wrote 188 bytes to ecology
[dna] air wrote 148 bytes to ecology
[dna] air wrote 67 bytes to ecology
[dna] air wrote 68 bytes to ecology
[dna] air wrote 73 bytes to ecology
[dna] air wrote 29 bytes to ecology
[dna] air wrote 11 bytes to ecology
[dna] air wrote 37 bytes to ecology
[dna] air wrote 45 bytes to ecology
[dna] air wrote 63 bytes to ecology
[dna] air wrote 52 bytes to ecology
[dna] air wrote 36 bytes to ecology
[dna] air wrote 44 bytes to ecology
[dna] air wrote 27 bytes to ecology
[dna] air wrote 274 bytes to ecology
[dna] air wrote 119 bytes to ecology
[dna] air wrote 124 bytes to ecology
[dna] air wrote 101 bytes to ecology
[dna] air wrote 36 bytes to ecology
[dna] air wrote 118 bytes to ecology
[dna] air wrote 14 bytes to ecology
[dna] air wrote 20 bytes to ecology
[dna] air wrote 9 bytes to ecology
[dna] air wrote 10 bytes to ecology
[dna] air wrote 42 bytes to ecology
[dna] air wrote 54 bytes to ecology
[dna] air wrote 38 bytes to ecology
[dna] air wrote 68 bytes to ecology
[debug-onto] tick=250 corpus=166632 stage=2 freeze=0
[dna] air wrote 101 bytes to ecology
[dna] air wrote 47 bytes to ecology
[dna] air wrote 71 bytes to ecology
[dna] air wrote 102 bytes to ecology
[dna] air wrote 54 bytes to ecology
[dna] air wrote 51 bytes to ecology
[dna] air wrote 22 bytes to ecology
[dna] air wrote 153 bytes to ecology
[dna] air wrote 40 bytes to ecology
[dna] air wrote 99 bytes to ecology
[dna] air wrote 175 bytes to ecology
[dna] air wrote 193 bytes to ecology
[dna] air wrote 68 bytes to ecology
[dna] air wrote 84 bytes to ecology
[dna] air wrote 99 bytes to ecology
[dna] air wrote 151 bytes to ecology
[dna] air wrote 88 bytes to ecology
[dna] air wrote 34 bytes to ecology
[dna] air wrote 170 bytes to ecology
[dna] air wrote 9 bytes to ecology
[dna] air wrote 145 bytes to ecology
[dna] air wrote 55 bytes to ecology
[dna] air wrote 109 bytes to ecology
[dna] air wrote 27 bytes to ecology
[dna] air wrote 78 bytes to ecology
[dna] air wrote 39 bytes to ecology
[dna] air wrote 26 bytes to ecology
[debug-onto] tick=300 corpus=166632 stage=2 freeze=0
[dna] air wrote 149 bytes to ecology
[dna] air wrote 9 bytes to ecology
[dna] air wrote 80 bytes to ecology
[dna] air wrote 27 bytes to ecology
[dna] air wrote 32 bytes to ecology
[dna] air wrote 72 bytes to ecology
[dna] air wrote 163 bytes to ecology
[dna] air wrote 240 bytes to ecology
[dna] air wrote 12 bytes to ecology
[dna] air wrote 145 bytes to ecology
[dna] air wrote 28 bytes to ecology
[dna] air wrote 126 bytes to ecology
[dna] air wrote 102 bytes to ecology
[dna] air wrote 12 bytes to ecology
[dna] air wrote 170 bytes to ecology
[dna] air wrote 33 bytes to ecology
[dna] air wrote 41 bytes to ecology
[dna] air wrote 23 bytes to ecology
[dna] air wrote 167 bytes to ecology
[dna] air wrote 206 bytes to ecology
[dna] air wrote 58 bytes to ecology
[dna] air wrote 191 bytes to ecology
[dna] air wrote 255 bytes to ecology
[dna] air wrote 136 bytes to ecology
[dna] air wrote 39 bytes to ecology
[dna] air wrote 44 bytes to ecology
[dna] air wrote 132 bytes to ecology
[dna] air wrote 192 bytes to ecology
[dna] air wrote 50 bytes to ecology
[debug-onto] tick=350 corpus=166632 stage=2 freeze=0
[dna] air wrote 77 bytes to ecology
[dna] air wrote 126 bytes to ecology
[dna] air wrote 55 bytes to ecology
[dna] air wrote 25 bytes to ecology
[dna] air wrote 36 bytes to ecology
[dna] air wrote 219 bytes to ecology
[dna] air wrote 225 bytes to ecology
[dna] air wrote 100 bytes to ecology
[dna] air wrote 82 bytes to ecology
[dna] air wrote 62 bytes to ecology
[dna] air wrote 136 bytes to ecology
[dna] air wrote 52 bytes to ecology
[dna] air wrote 135 bytes to ecology
[dna] air wrote 51 bytes to ecology
[dna] air wrote 102 bytes to ecology
[dna] air wrote 24 bytes to ecology
[dna] air wrote 25 bytes to ecology
[dna] air wrote 101 bytes to ecology
[dna] air wrote 158 bytes to ecology
[dna] air wrote 44 bytes to ecology
[dna] air wrote 58 bytes to ecology
[dna] air wrote 44 bytes to ecology
[dna] air wrote 101 bytes to ecology
[dna] air wrote 26 bytes to ecology
[dna] air wrote 71 bytes to ecology
[debug-onto] tick=400 corpus=166632 stage=2 freeze=0
[dna] air wrote 57 bytes to ecology
[dna] air wrote 37 bytes to ecology
[dna] air wrote 120 bytes to ecology
[dna] air wrote 113 bytes to ecology
[dna] air wrote 34 bytes to ecology
[dna] air wrote 87 bytes to ecology
[dna] air wrote 32 bytes to ecology
[dna] air wrote 29 bytes to ecology
[dna] air wrote 67 bytes to ecology
[dna] air wrote 71 bytes to ecology
[dna] air wrote 14 bytes to ecology
[dna] air wrote 61 bytes to ecology
[dna] air wrote 60 bytes to ecology
[dna] air wrote 92 bytes to ecology
[dna] air wrote 340 bytes to ecology
[dna] air wrote 29 bytes to ecology
[dna] air wrote 143 bytes to ecology
[dna] air wrote 75 bytes to ecology
[dna] air wrote 42 bytes to ecology
[dna] air wrote 110 bytes to ecology
[dna] air wrote 46 bytes to ecology
[dna] air wrote 115 bytes to ecology
[dna] air wrote 37 bytes to ecology
[dna] air wrote 136 bytes to ecology
[dna] air wrote 346 bytes to ecology
[debug-onto] tick=450 corpus=166632 stage=2 freeze=0
[dna] air wrote 94 bytes to ecology
[dna] air wrote 32 bytes to ecology
[dna] air wrote 48 bytes to ecology
[dna] air wrote 11 bytes to ecology
[dna] air wrote 41 bytes to ecology
[dna] air wrote 42 bytes to ecology
[dna] air wrote 28 bytes to ecology
[dna] air wrote 87 bytes to ecology
[dna] air wrote 184 bytes to ecology
[dna] air wrote 32 bytes to ecology
[dna] air wrote 49 bytes to ecology
[dna] air wrote 80 bytes to ecology
[dna] air wrote 98 bytes to ecology
[dna] air wrote 97 bytes to ecology
[dna] air wrote 118 bytes to ecology
[dna] air wrote 29 bytes to ecology
[dna] air wrote 51 bytes to ecology
[dna] air wrote 56 bytes to ecology
[dna] air wrote 121 bytes to ecology
[dna] air wrote 84 bytes to ecology
[dna] air wrote 83 bytes to ecology
[dna] air wrote 316 bytes to ecology
[dna] air wrote 35 bytes to ecology
[dna] air wrote 49 bytes to ecology
[dna] air wrote 17 bytes to ecology
[dna] air wrote 67 bytes to ecology
[debug-onto] tick=500 corpus=166632 stage=2 freeze=0
[dna] air wrote 185 bytes to ecology
[dna] air wrote 256 bytes to ecology
[dna] air wrote 100 bytes to ecology
[dna] air wrote 60 bytes to ecology
[dna] air wrote 11 bytes to ecology
[dna] air wrote 28 bytes to ecology
[dna] air wrote 64 bytes to ecology
[dna] air wrote 46 bytes to ecology
[dna] air wrote 78 bytes to ecology
[dna] air wrote 122 bytes to ecology
[dna] air wrote 78 bytes to ecology
[dna] air wrote 37 bytes to ecology
[dna] air wrote 152 bytes to ecology
[dna] air wrote 27 bytes to ecology
[dna] air wrote 72 bytes to ecology
[dna] air wrote 18 bytes to ecology
[dna] air wrote 45 bytes to ecology
[dna] air wrote 121 bytes to ecology
[dna] air wrote 95 bytes to ecology
[dna] air wrote 34 bytes to ecology
[dna] air wrote 91 bytes to ecology
[dna] air wrote 76 bytes to ecology
[dna] air wrote 28 bytes to ecology
[dna] air wrote 32 bytes to ecology
[dna] air wrote 46 bytes to ecology
[dna] air wrote 54 bytes to ecology
[dna] air wrote 32 bytes to ecology
[dna] air wrote 41 bytes to ecology
[debug-onto] tick=550 corpus=166632 stage=2 freeze=0
[dna] air wrote 43 bytes to ecology
[dna] air wrote 21 bytes to ecology
[dna] air wrote 162 bytes to ecology
[dna] air wrote 107 bytes to ecology
[dna] air wrote 24 bytes to ecology
[dna] air wrote 43 bytes to ecology
[dna] air wrote 32 bytes to ecology
[dna] air wrote 205 bytes to ecology
[dna] air wrote 102 bytes to ecology
[dna] air wrote 44 bytes to ecology
[dna] air wrote 118 bytes to ecology
[dna] air wrote 146 bytes to ecology
[dna] air wrote 25 bytes to ecology
[dna] air wrote 101 bytes to ecology
[dna] air wrote 66 bytes to ecology
[dna] air wrote 58 bytes to ecology
[dna] air wrote 86 bytes to ecology
[dna] air wrote 98 bytes to ecology
[dna] air wrote 49 bytes to ecology
[dna] air wrote 241 bytes to ecology
[dna] air wrote 31 bytes to ecology
[dna] air wrote 177 bytes to ecology
[dna] air wrote 63 bytes to ecology
[dna] air wrote 54 bytes to ecology
[dna] air wrote 56 bytes to ecology
[debug-onto] tick=600 corpus=166632 stage=2 freeze=0
[dna] air wrote 114 bytes to ecology
[dna] air wrote 57 bytes to ecology
[dna] air wrote 67 bytes to ecology
[dna] air wrote 167 bytes to ecology
[dna] air wrote 27 bytes to ecology
[dna] air wrote 74 bytes to ecology
[dna] air wrote 30 bytes to ecology
[dna] air wrote 33 bytes to ecology
[dna] air wrote 74 bytes to ecology

[evolution] Organism shutting down gracefully.
