[ecology] Element: fire → corpus: nonames_fire.txt
[evolution] Autonomous evolution mode — organism will grow through all stages without pause.
[ecology] Joined swarm. 1 peer(s) detected.
molequla is alive. [evolution] Autonomous mode — background trainer running. Ctrl+C to stop.
[dna] fire wrote 103 bytes to ecology
[dna] fire consumed 17896 bytes from 261 files: [water/gen_1775717395_1.txt water/gen_1775717410_4.txt water/gen_1775717416_6.txt water/gen_1775717419_7.txt water/gen_1775717427_10.txt water/gen_1775717435_13.txt water/gen_1775717444_16.txt water/gen_1775717452_19.txt water/gen_1775717461_22.txt water/gen_1775717466_24.txt water/gen_1775717469_25.txt water/gen_1775717478_28.txt water/gen_1775717486_31.txt water/gen_1775717494_34.txt water/gen_1775717503_37.txt water/gen_1775717511_40.txt water/gen_1775717520_43.txt water/gen_1775717528_46.txt water/gen_1775717537_49.txt water/gen_1775717540_50.txt water/gen_1775717545_52.txt water/gen_1775717554_55.txt water/gen_1775717562_58.txt water/gen_1775717571_61.txt water/gen_1775717579_64.txt water/gen_1775717588_67.txt water/gen_1775717596_70.txt water/gen_1775717605_73.txt water/gen_1775717614_76.txt water/gen_1775717622_79.txt water/gen_1775717625_80.txt water/gen_1775717630_82.txt water/gen_1775717639_85.txt water/gen_1775717647_88.txt water/gen_1775717653_90.txt water/gen_1775717656_91.txt water/gen_1775717658_92.txt water/gen_1775717664_94.txt water/gen_1775717672_97.txt water/gen_1775717681_100.txt water/gen_1775717689_103.txt water/gen_1775717698_106.txt water/gen_1775717706_109.txt water/gen_1775717715_112.txt water/gen_1775717723_115.txt water/gen_1775717731_118.txt water/gen_1775717737_120.txt water/gen_1775717740_121.txt water/gen_1775717743_122.txt water/gen_1775717748_124.txt water/gen_1775717757_127.txt water/gen_1775717759_128.txt water/gen_1775717765_130.txt water/gen_1775717773_133.txt water/gen_1775717782_136.txt water/gen_1775717787_138.txt water/gen_1775717790_139.txt water/gen_1775717799_142.txt water/gen_1775717804_144.txt water/gen_1775717807_145.txt water/gen_1775717815_148.txt water/gen_1775717821_150.txt water/gen_1775717824_151.txt water/gen_1775717832_154.txt water/gen_1775717841_157.txt water/gen_1775717849_160.txt water/gen_1775717858_163.txt water/gen_1775717861_164.txt water/gen_1775717866_166.txt water/gen_1775717875_169.txt water/gen_1775717883_172.txt water/gen_1775717889_174.txt water/gen_1775717892_175.txt water/gen_1775717900_178.txt water/gen_1775717909_181.txt water/gen_1775717917_184.txt water/gen_1775717925_187.txt water/gen_1775717934_190.txt water/gen_1775717942_193.txt water/gen_1775717951_196.txt water/gen_1775717959_199.txt water/gen_1775717968_202.txt water/gen_1775717973_204.txt water/gen_1775717976_205.txt water/gen_1775717985_208.txt water/gen_1775717993_211.txt water/gen_1775718001_214.txt water/gen_1775718010_217.txt water/gen_1775718018_220.txt water/gen_1775718024_222.txt water/gen_1775718027_223.txt water/gen_1775718035_226.txt water/gen_1775718044_229.txt water/gen_1775718052_232.txt water/gen_1775718060_235.txt water/gen_1775718069_238.txt water/gen_1775718074_240.txt water/gen_1775718077_241.txt water/gen_1775718080_242.txt water/gen_1775718086_244.txt water/gen_1775718094_247.txt water/gen_1775718097_248.txt water/gen_1775718102_250.txt water/gen_1775718111_253.txt water/gen_1775718119_256.txt water/gen_1775718128_259.txt water/gen_1775718136_262.txt water/gen_1775718145_265.txt water/gen_1775718147_266.txt water/gen_1775718153_268.txt water/gen_1775718162_271.txt water/gen_1775718170_274.txt water/gen_1775718178_277.txt water/gen_1775718181_278.txt water/gen_1775718187_280.txt water/gen_1775718195_283.txt water/gen_1775718204_286.txt water/gen_1775718212_289.txt water/gen_1775718215_290.txt water/gen_1775718220_292.txt water/gen_1775718226_294.txt water/gen_1775718229_295.txt water/gen_1775718237_298.txt water/gen_1775718243_300.txt water/gen_1775718246_301.txt water/gen_1775718254_304.txt water/gen_1775718262_307.txt water/gen_1775718271_310.txt water/gen_1775718279_313.txt water/gen_1775718282_314.txt water/gen_1775718288_316.txt water/gen_1775718293_318.txt water/gen_1775718296_319.txt water/gen_1775718299_320.txt water/gen_1775718305_322.txt water/gen_1775718313_325.txt water/gen_1775718321_328.txt water/gen_1775718330_331.txt water/gen_1775718338_334.txt water/gen_1775718347_337.txt water/gen_1775718355_340.txt water/gen_1775718363_343.txt water/gen_1775718372_346.txt water/gen_1775718380_349.txt water/gen_1775718389_352.txt water/gen_1775718397_355.txt water/gen_1775718405_358.txt water/gen_1775718414_361.txt water/gen_1775718416_362.txt water/gen_1775718422_364.txt water/gen_1775718428_366.txt water/gen_1775718431_367.txt water/gen_1775718439_370.txt water/gen_1775718447_373.txt water/gen_1775718456_376.txt water/gen_1775718464_379.txt water/gen_1775718472_382.txt water/gen_1775718478_384.txt water/gen_1775718481_385.txt water/gen_1775718484_386.txt water/gen_1775718489_388.txt water/gen_1775718498_391.txt water/gen_1775718501_392.txt water/gen_1775718506_394.txt water/gen_1775718515_397.txt water/gen_1775718523_400.txt water/gen_1775718532_403.txt water/gen_1775718540_406.txt water/gen_1775718546_408.txt water/gen_1775718548_409.txt water/gen_1775718557_412.txt water/gen_1775718565_415.txt water/gen_1775718568_416.txt water/gen_1775718574_418.txt water/gen_1775718582_421.txt water/gen_1775718585_422.txt water/gen_1775718591_424.txt water/gen_1775718596_426.txt water/gen_1775718599_427.txt water/gen_1775718607_430.txt water/gen_1775718613_432.txt water/gen_1775718616_433.txt water/gen_1775718624_436.txt water/gen_1775718630_438.txt water/gen_1775718633_439.txt water/gen_1775718641_442.txt water/gen_1775718650_445.txt water/gen_1775718658_448.txt water/gen_1775718667_451.txt water/gen_1775718669_452.txt water/gen_1775718675_454.txt water/gen_1775718683_457.txt water/gen_1775718692_460.txt water/gen_1775718700_463.txt water/gen_1775718709_466.txt water/gen_1775718717_469.txt water/gen_1775718720_470.txt water/gen_1775718726_472.txt water/gen_1775718734_475.txt water/gen_1775718743_478.txt water/gen_1775718748_480.txt water/gen_1775718751_481.txt water/gen_1775718760_484.txt water/gen_1775718765_486.txt water/gen_1775718768_487.txt water/gen_1775718777_490.txt water/gen_1775718785_493.txt water/gen_1775718793_496.txt water/gen_1775718802_499.txt water/gen_1775718811_502.txt water/gen_1775718819_505.txt water/gen_1775718828_508.txt water/gen_1775718836_511.txt water/gen_1775718845_514.txt water/gen_1775718853_517.txt water/gen_1775718861_520.txt water/gen_1775718870_523.txt water/gen_1775718878_526.txt water/gen_1775718887_529.txt water/gen_1775718895_532.txt water/gen_1775718904_535.txt water/gen_1775718912_538.txt water/gen_1775718920_541.txt water/gen_1775718929_544.txt water/gen_1775718937_547.txt water/gen_1775718946_550.txt water/gen_1775718954_553.txt water/gen_1775718963_556.txt water/gen_1775718971_559.txt water/gen_1775718980_562.txt water/gen_1775718988_565.txt water/gen_1775718991_566.txt water/gen_1775718996_568.txt water/gen_1775719005_571.txt water/gen_1775719013_574.txt water/gen_1775719022_577.txt water/gen_1775719025_578.txt water/gen_1775719030_580.txt water/gen_1775719036_582.txt water/gen_1775719039_583.txt water/gen_1775719042_584.txt water/gen_1775719047_586.txt water/gen_1775719053_588.txt water/gen_1775719056_589.txt water/gen_1775719064_592.txt water/gen_1775719073_595.txt water/gen_1775719076_596.txt water/gen_1775719081_598.txt water/gen_1775719090_601.txt water/gen_1775719098_604.txt water/gen_1775719107_607.txt water/gen_1775719115_610.txt water/gen_1775719124_613.txt water/gen_1775719132_616.txt water/gen_1775719141_619.txt water/gen_1775719149_622.txt water/gen_1775719158_625.txt water/gen_1775719161_626.txt water/gen_1775719166_628.txt water/gen_1775719175_631.txt water/gen_1775719183_634.txt]
[trainer] micro-train burst (17896 bytes, novelty 0.04) — and lo, it feeds again.
[syntropy] action=explore | trend=0.0000 | field_dev=0.061 | purpose_align=0.286 | lr_mul=1.30
[aml] burst complete: 32 steps, avg loss 1.8058 (memory freed)
[dna] fire wrote 84 bytes to ecology
[dna] fire wrote 52 bytes to ecology
[dna] fire wrote 21 bytes to ecology
[dna] fire wrote 60 bytes to ecology
[dna] fire wrote 30 bytes to ecology
[dna] fire wrote 62 bytes to ecology
[dna] fire wrote 30 bytes to ecology
[dna] fire wrote 16 bytes to ecology
[dna] fire wrote 46 bytes to ecology
[dna] fire wrote 29 bytes to ecology
[dna] fire wrote 98 bytes to ecology
[dna] fire wrote 110 bytes to ecology
[dna] fire wrote 41 bytes to ecology
[dna] fire wrote 43 bytes to ecology
[dna] fire wrote 45 bytes to ecology
[dna] fire wrote 66 bytes to ecology
[debug-onto] tick=50 corpus=140057 stage=2 freeze=0
[dna] fire wrote 47 bytes to ecology
[dna] fire wrote 82 bytes to ecology
[dna] fire wrote 17 bytes to ecology
[dna] fire wrote 88 bytes to ecology
[dna] fire wrote 60 bytes to ecology
[dna] fire wrote 26 bytes to ecology
[dna] fire wrote 38 bytes to ecology
[dna] fire wrote 20 bytes to ecology
[dna] fire wrote 12 bytes to ecology
[dna] fire wrote 50 bytes to ecology
[dna] fire wrote 28 bytes to ecology
[dna] fire wrote 76 bytes to ecology
[dna] fire wrote 65 bytes to ecology
[dna] fire wrote 102 bytes to ecology
[dna] fire wrote 38 bytes to ecology
[dna] fire wrote 24 bytes to ecology
[debug-onto] tick=100 corpus=140057 stage=2 freeze=0
[dna] fire wrote 53 bytes to ecology
[dna] fire wrote 37 bytes to ecology
[dna] fire wrote 95 bytes to ecology
[dna] fire wrote 66 bytes to ecology
[dna] fire wrote 35 bytes to ecology
[dna] fire wrote 35 bytes to ecology
[dna] fire wrote 12 bytes to ecology
[dna] fire wrote 51 bytes to ecology
[dna] fire wrote 24 bytes to ecology
[dna] fire wrote 30 bytes to ecology
[dna] fire wrote 65 bytes to ecology
[dna] fire wrote 32 bytes to ecology
[dna] fire wrote 40 bytes to ecology
[dna] fire wrote 55 bytes to ecology
[dna] fire wrote 14 bytes to ecology
[dna] fire wrote 53 bytes to ecology
[debug-onto] tick=150 corpus=140057 stage=2 freeze=0
[dna] fire wrote 19 bytes to ecology
[dna] fire wrote 62 bytes to ecology
[dna] fire wrote 23 bytes to ecology
[dna] fire wrote 68 bytes to ecology
[dna] fire wrote 106 bytes to ecology
[dna] fire wrote 22 bytes to ecology
[dna] fire wrote 75 bytes to ecology
[dna] fire wrote 56 bytes to ecology
[dna] fire wrote 58 bytes to ecology
[dna] fire wrote 20 bytes to ecology
[dna] fire wrote 25 bytes to ecology
[dna] fire wrote 16 bytes to ecology
[dna] fire wrote 94 bytes to ecology
[dna] fire wrote 35 bytes to ecology
[dna] fire wrote 43 bytes to ecology
[dna] fire wrote 68 bytes to ecology
[dna] fire wrote 28 bytes to ecology
[debug-onto] tick=200 corpus=140057 stage=2 freeze=0
[dna] fire wrote 18 bytes to ecology
[dna] fire wrote 128 bytes to ecology
[dna] fire wrote 23 bytes to ecology
[dna] fire wrote 22 bytes to ecology
[dna] fire wrote 29 bytes to ecology
[dna] fire wrote 31 bytes to ecology
[dna] fire wrote 12 bytes to ecology
[dna] fire wrote 62 bytes to ecology
[dna] fire wrote 79 bytes to ecology
[dna] fire wrote 9 bytes to ecology
[dna] fire wrote 21 bytes to ecology
[dna] fire wrote 41 bytes to ecology
[dna] fire wrote 21 bytes to ecology
[dna] fire wrote 87 bytes to ecology
[dna] fire wrote 142 bytes to ecology
[dna] fire wrote 85 bytes to ecology
[dna] fire wrote 102 bytes to ecology
[debug-onto] tick=250 corpus=140057 stage=2 freeze=0
[dna] fire wrote 26 bytes to ecology
[dna] fire wrote 46 bytes to ecology
[dna] fire wrote 45 bytes to ecology
[dna] fire wrote 149 bytes to ecology
[dna] fire wrote 28 bytes to ecology
[dna] fire wrote 163 bytes to ecology
[dna] fire wrote 84 bytes to ecology
[dna] fire wrote 108 bytes to ecology
[dna] fire wrote 24 bytes to ecology
[dna] fire wrote 130 bytes to ecology
[dna] fire wrote 20 bytes to ecology
[dna] fire wrote 26 bytes to ecology
[dna] fire wrote 23 bytes to ecology
[dna] fire wrote 10 bytes to ecology
[dna] fire wrote 41 bytes to ecology
[debug-onto] tick=300 corpus=140057 stage=2 freeze=0
[dna] fire wrote 50 bytes to ecology
[dna] fire wrote 67 bytes to ecology
[dna] fire wrote 63 bytes to ecology
[dna] fire wrote 21 bytes to ecology
[dna] fire wrote 25 bytes to ecology
[dna] fire wrote 20 bytes to ecology
[dna] fire wrote 69 bytes to ecology
[dna] fire wrote 24 bytes to ecology
[dna] fire wrote 31 bytes to ecology
[dna] fire wrote 11 bytes to ecology
[dna] fire wrote 135 bytes to ecology
[dna] fire wrote 41 bytes to ecology
[dna] fire wrote 35 bytes to ecology
[dna] fire wrote 36 bytes to ecology
[dna] fire wrote 27 bytes to ecology
[dna] fire wrote 48 bytes to ecology
[dna] fire wrote 35 bytes to ecology
[debug-onto] tick=350 corpus=140057 stage=2 freeze=0
[dna] fire wrote 73 bytes to ecology
[dna] fire wrote 35 bytes to ecology
[dna] fire wrote 45 bytes to ecology
[dna] fire wrote 10 bytes to ecology
[dna] fire wrote 26 bytes to ecology
[dna] fire wrote 83 bytes to ecology
[dna] fire wrote 78 bytes to ecology
[dna] fire wrote 22 bytes to ecology
[dna] fire wrote 15 bytes to ecology
[dna] fire wrote 154 bytes to ecology
[dna] fire wrote 33 bytes to ecology
[dna] fire wrote 86 bytes to ecology
[dna] fire wrote 19 bytes to ecology
[dna] fire wrote 16 bytes to ecology
[dna] fire wrote 39 bytes to ecology
[dna] fire wrote 18 bytes to ecology
[dna] fire wrote 60 bytes to ecology
[debug-onto] tick=400 corpus=140057 stage=2 freeze=0
[dna] fire wrote 56 bytes to ecology
[dna] fire wrote 25 bytes to ecology
[dna] fire wrote 48 bytes to ecology
[dna] fire wrote 69 bytes to ecology
[dna] fire wrote 79 bytes to ecology
[dna] fire wrote 43 bytes to ecology
[dna] fire wrote 30 bytes to ecology
[dna] fire wrote 53 bytes to ecology
[dna] fire wrote 86 bytes to ecology
[dna] fire wrote 37 bytes to ecology
[dna] fire wrote 44 bytes to ecology
[dna] fire wrote 35 bytes to ecology
[dna] fire wrote 61 bytes to ecology
[dna] fire wrote 72 bytes to ecology
[dna] fire wrote 10 bytes to ecology
[dna] fire wrote 47 bytes to ecology
[debug-onto] tick=450 corpus=140057 stage=2 freeze=0
[dna] fire wrote 88 bytes to ecology
[dna] fire wrote 19 bytes to ecology
[dna] fire wrote 58 bytes to ecology
[dna] fire wrote 63 bytes to ecology
[dna] fire wrote 53 bytes to ecology
[dna] fire wrote 43 bytes to ecology
[dna] fire wrote 22 bytes to ecology
[dna] fire wrote 28 bytes to ecology
[dna] fire wrote 54 bytes to ecology
[dna] fire wrote 7 bytes to ecology
[dna] fire wrote 46 bytes to ecology
[dna] fire wrote 136 bytes to ecology
[dna] fire wrote 76 bytes to ecology
[dna] fire wrote 34 bytes to ecology
[dna] fire wrote 129 bytes to ecology
[dna] fire wrote 43 bytes to ecology
[dna] fire wrote 26 bytes to ecology
[debug-onto] tick=500 corpus=140057 stage=2 freeze=0
[dna] fire wrote 22 bytes to ecology
[dna] fire wrote 106 bytes to ecology
[dna] fire wrote 110 bytes to ecology
[dna] fire wrote 19 bytes to ecology
[dna] fire wrote 38 bytes to ecology
[dna] fire wrote 41 bytes to ecology
[dna] fire wrote 136 bytes to ecology
[dna] fire wrote 34 bytes to ecology
[dna] fire wrote 56 bytes to ecology
[dna] fire wrote 84 bytes to ecology
[dna] fire wrote 97 bytes to ecology
[dna] fire wrote 36 bytes to ecology
[dna] fire wrote 69 bytes to ecology
[dna] fire wrote 60 bytes to ecology
[dna] fire wrote 45 bytes to ecology
[dna] fire wrote 25 bytes to ecology
[dna] fire wrote 19 bytes to ecology
[debug-onto] tick=550 corpus=140057 stage=2 freeze=0
[dna] fire wrote 61 bytes to ecology
[dna] fire wrote 58 bytes to ecology
[dna] fire wrote 68 bytes to ecology
[dna] fire wrote 44 bytes to ecology
[dna] fire wrote 51 bytes to ecology
[dna] fire wrote 36 bytes to ecology
[dna] fire wrote 110 bytes to ecology
[dna] fire wrote 33 bytes to ecology
[dna] fire wrote 110 bytes to ecology
[dna] fire wrote 28 bytes to ecology
[dna] fire wrote 63 bytes to ecology
[dna] fire wrote 28 bytes to ecology
[dna] fire wrote 26 bytes to ecology
[dna] fire wrote 158 bytes to ecology
[dna] fire wrote 46 bytes to ecology
[dna] fire wrote 53 bytes to ecology
[debug-onto] tick=600 corpus=140057 stage=2 freeze=0
[dna] fire wrote 111 bytes to ecology
[dna] fire wrote 20 bytes to ecology
[dna] fire wrote 96 bytes to ecology
[dna] fire wrote 37 bytes to ecology
[dna] fire wrote 70 bytes to ecology
[dna] fire wrote 17 bytes to ecology
[dna] fire wrote 27 bytes to ecology
[dna] fire wrote 42 bytes to ecology
[dna] fire wrote 21 bytes to ecology
[dna] fire wrote 32 bytes to ecology
[dna] fire wrote 62 bytes to ecology
[dna] fire wrote 51 bytes to ecology
[dna] fire wrote 24 bytes to ecology
[dna] fire wrote 32 bytes to ecology
[dna] fire wrote 28 bytes to ecology
[dna] fire wrote 105 bytes to ecology
[dna] fire wrote 22 bytes to ecology
[debug-onto] tick=650 corpus=140057 stage=2 freeze=0
[dna] fire wrote 71 bytes to ecology
[dna] fire wrote 40 bytes to ecology
[dna] fire wrote 57 bytes to ecology
[dna] fire wrote 300 bytes to ecology
[dna] fire wrote 69 bytes to ecology
[dna] fire wrote 45 bytes to ecology
[dna] fire wrote 119 bytes to ecology
[dna] fire wrote 24 bytes to ecology
[dna] fire wrote 22 bytes to ecology
[dna] fire wrote 67 bytes to ecology
[dna] fire wrote 29 bytes to ecology
[dna] fire wrote 82 bytes to ecology
[dna] fire wrote 42 bytes to ecology
[dna] fire wrote 126 bytes to ecology

[evolution] Organism shutting down gracefully.
