[ecology] Element: water → corpus: nonames_water.txt
[evolution] Autonomous evolution mode — organism will grow through all stages without pause.
[ecology] Joined swarm. 1 peer(s) detected.
molequla is alive. [evolution] Autonomous mode — background trainer running. Ctrl+C to stop.
[dna] water wrote 83 bytes to ecology
[dna] water consumed 25826 bytes from 324 files: [air/gen_1775715594_1.txt air/gen_1775715607_2.txt air/gen_1775715613_4.txt air/gen_1775715621_7.txt air/gen_1775715624_8.txt air/gen_1775715630_10.txt air/gen_1775715639_13.txt air/gen_1775715642_14.txt air/gen_1775715648_16.txt air/gen_1775715656_19.txt air/gen_1775715659_20.txt air/gen_1775715665_22.txt air/gen_1775715674_25.txt air/gen_1775715677_26.txt air/gen_1775715683_28.txt air/gen_1775715691_31.txt air/gen_1775715695_32.txt air/gen_1775715700_34.txt air/gen_1775715706_36.txt air/gen_1775715709_37.txt air/gen_1775715712_38.txt air/gen_1775715718_40.txt air/gen_1775715727_43.txt air/gen_1775715730_44.txt air/gen_1775715735_46.txt air/gen_1775715741_48.txt air/gen_1775715744_49.txt air/gen_1775715747_50.txt air/gen_1775715753_52.txt air/gen_1775715762_55.txt air/gen_1775715765_56.txt air/gen_1775715771_58.txt air/gen_1775715779_61.txt air/gen_1775715788_64.txt air/gen_1775715797_67.txt air/gen_1775715800_68.txt air/gen_1775715806_70.txt air/gen_1775715814_73.txt air/gen_1775715817_74.txt air/gen_1775715823_76.txt air/gen_1775715832_79.txt air/gen_1775715834_80.txt air/gen_1775715840_82.txt air/gen_1775715849_85.txt air/gen_1775715852_86.txt air/gen_1775715858_88.txt air/gen_1775715867_91.txt air/gen_1775715869_92.txt air/gen_1775715875_94.txt air/gen_1775715884_97.txt air/gen_1775715887_98.txt air/gen_1775715893_100.txt air/gen_1775715901_103.txt air/gen_1775715904_104.txt air/gen_1775715910_106.txt air/gen_1775715919_109.txt air/gen_1775715927_112.txt air/gen_1775715936_115.txt air/gen_1775715939_116.txt air/gen_1775715945_118.txt air/gen_1775715953_121.txt air/gen_1775715956_122.txt air/gen_1775715962_124.txt air/gen_1775715968_126.txt air/gen_1775715971_127.txt air/gen_1775715974_128.txt air/gen_1775715980_130.txt air/gen_1775715988_133.txt air/gen_1775715991_134.txt air/gen_1775715997_136.txt air/gen_1775716006_139.txt air/gen_1775716009_140.txt air/gen_1775716015_142.txt air/gen_1775716023_145.txt air/gen_1775716026_146.txt air/gen_1775716032_148.txt air/gen_1775716041_151.txt air/gen_1775716044_152.txt air/gen_1775716049_154.txt air/gen_1775716058_157.txt air/gen_1775716061_158.txt air/gen_1775716067_160.txt air/gen_1775716076_163.txt air/gen_1775716079_164.txt air/gen_1775716084_166.txt air/gen_1775716093_169.txt air/gen_1775716096_170.txt air/gen_1775716102_172.txt air/gen_1775716111_175.txt air/gen_1775716114_176.txt air/gen_1775716119_178.txt air/gen_1775716128_181.txt air/gen_1775716131_182.txt air/gen_1775716137_184.txt air/gen_1775716146_187.txt air/gen_1775716148_188.txt air/gen_1775716154_190.txt air/gen_1775716163_193.txt air/gen_1775716166_194.txt air/gen_1775716172_196.txt air/gen_1775716180_199.txt air/gen_1775716183_200.txt air/gen_1775716189_202.txt air/gen_1775716195_204.txt air/gen_1775716198_205.txt air/gen_1775716201_206.txt air/gen_1775716206_208.txt air/gen_1775716212_210.txt air/gen_1775716215_211.txt air/gen_1775716218_212.txt air/gen_1775716224_214.txt air/gen_1775716232_217.txt air/gen_1775716235_218.txt air/gen_1775716241_220.txt air/gen_1775716250_223.txt air/gen_1775716252_224.txt air/gen_1775716258_226.txt air/gen_1775716267_229.txt air/gen_1775716270_230.txt air/gen_1775716276_232.txt air/gen_1775716284_235.txt air/gen_1775716287_236.txt air/gen_1775716293_238.txt air/gen_1775716302_241.txt air/gen_1775716305_242.txt air/gen_1775716311_244.txt air/gen_1775716316_246.txt air/gen_1775716319_247.txt air/gen_1775716322_248.txt air/gen_1775716328_250.txt air/gen_1775716337_253.txt air/gen_1775716339_254.txt air/gen_1775716345_256.txt air/gen_1775716351_258.txt air/gen_1775716354_259.txt air/gen_1775716357_260.txt air/gen_1775716363_262.txt air/gen_1775716369_264.txt air/gen_1775716372_265.txt air/gen_1775716375_266.txt air/gen_1775716381_268.txt air/gen_1775716390_271.txt air/gen_1775716392_272.txt air/gen_1775716398_274.txt air/gen_1775716407_277.txt air/gen_1775716416_280.txt air/gen_1775716424_283.txt air/gen_1775716427_284.txt air/gen_1775716433_286.txt air/gen_1775716442_289.txt air/gen_1775716445_290.txt air/gen_1775716451_292.txt air/gen_1775716457_294.txt air/gen_1775716459_295.txt air/gen_1775716462_296.txt air/gen_1775716468_298.txt air/gen_1775716474_300.txt air/gen_1775716477_301.txt air/gen_1775716480_302.txt air/gen_1775716485_304.txt air/gen_1775716491_306.txt air/gen_1775716494_307.txt air/gen_1775716497_308.txt air/gen_1775716503_310.txt air/gen_1775716512_313.txt air/gen_1775716514_314.txt air/gen_1775716520_316.txt air/gen_1775716526_318.txt air/gen_1775716529_319.txt air/gen_1775716532_320.txt air/gen_1775716537_322.txt air/gen_1775716546_325.txt air/gen_1775716549_326.txt air/gen_1775716555_328.txt air/gen_1775716561_330.txt air/gen_1775716564_331.txt air/gen_1775716567_332.txt air/gen_1775716573_334.txt air/gen_1775716582_337.txt air/gen_1775716585_338.txt air/gen_1775716591_340.txt air/gen_1775716599_343.txt air/gen_1775716602_344.txt air/gen_1775716608_346.txt air/gen_1775716614_348.txt air/gen_1775716620_350.txt air/gen_1775716625_352.txt air/gen_1775716634_355.txt air/gen_1775716637_356.txt air/gen_1775716643_358.txt air/gen_1775716652_361.txt air/gen_1775716655_362.txt air/gen_1775716660_364.txt air/gen_1775716669_367.txt air/gen_1775716672_368.txt air/gen_1775716678_370.txt air/gen_1775716687_373.txt air/gen_1775716690_374.txt air/gen_1775716695_376.txt air/gen_1775716704_379.txt air/gen_1775716707_380.txt air/gen_1775716713_382.txt air/gen_1775716722_385.txt air/gen_1775716730_388.txt air/gen_1775716739_391.txt air/gen_1775716742_392.txt air/gen_1775716748_394.txt air/gen_1775716754_396.txt air/gen_1775716756_397.txt air/gen_1775716759_398.txt air/gen_1775716765_400.txt air/gen_1775716774_403.txt air/gen_1775716777_404.txt air/gen_1775716782_406.txt air/gen_1775716791_409.txt air/gen_1775716794_410.txt air/gen_1775716800_412.txt air/gen_1775716809_415.txt air/gen_1775716812_416.txt air/gen_1775716817_418.txt air/gen_1775716826_421.txt air/gen_1775716829_422.txt air/gen_1775716835_424.txt air/gen_1775716844_427.txt air/gen_1775716847_428.txt air/gen_1775716853_430.txt air/gen_1775716861_433.txt air/gen_1775716864_434.txt air/gen_1775716870_436.txt air/gen_1775716879_439.txt air/gen_1775716882_440.txt air/gen_1775716888_442.txt air/gen_1775716896_445.txt air/gen_1775716899_446.txt air/gen_1775716905_448.txt air/gen_1775716911_450.txt air/gen_1775716914_451.txt air/gen_1775716917_452.txt air/gen_1775716923_454.txt air/gen_1775716931_457.txt air/gen_1775716934_458.txt air/gen_1775716940_460.txt air/gen_1775716949_463.txt air/gen_1775716957_466.txt air/gen_1775716966_469.txt air/gen_1775716969_470.txt air/gen_1775716975_472.txt air/gen_1775716984_475.txt air/gen_1775716987_476.txt air/gen_1775716993_478.txt air/gen_1775717001_481.txt air/gen_1775717004_482.txt air/gen_1775717010_484.txt air/gen_1775717019_487.txt air/gen_1775717022_488.txt air/gen_1775717028_490.txt air/gen_1775717033_492.txt air/gen_1775717037_493.txt air/gen_1775717039_494.txt air/gen_1775717045_496.txt air/gen_1775717054_499.txt air/gen_1775717057_500.txt air/gen_1775717063_502.txt air/gen_1775717069_504.txt air/gen_1775717072_505.txt air/gen_1775717074_506.txt air/gen_1775717080_508.txt air/gen_1775717089_511.txt air/gen_1775717092_512.txt air/gen_1775717098_514.txt air/gen_1775717104_516.txt air/gen_1775717107_517.txt air/gen_1775717109_518.txt air/gen_1775717115_520.txt air/gen_1775717124_523.txt air/gen_1775717127_524.txt air/gen_1775717133_526.txt air/gen_1775717142_529.txt air/gen_1775717145_530.txt air/gen_1775717151_532.txt air/gen_1775717159_535.txt air/gen_1775717162_536.txt air/gen_1775717168_538.txt air/gen_1775717177_541.txt air/gen_1775717180_542.txt air/gen_1775717185_544.txt air/gen_1775717191_546.txt air/gen_1775717194_547.txt air/gen_1775717197_548.txt air/gen_1775717203_550.txt air/gen_1775717211_553.txt air/gen_1775717214_554.txt air/gen_1775717220_556.txt air/gen_1775717229_559.txt air/gen_1775717232_560.txt air/gen_1775717237_562.txt air/gen_1775717246_565.txt air/gen_1775717249_566.txt air/gen_1775717255_568.txt air/gen_1775717261_570.txt air/gen_1775717264_571.txt air/gen_1775717267_572.txt air/gen_1775717273_574.txt air/gen_1775717281_577.txt air/gen_1775717284_578.txt air/gen_1775717290_580.txt air/gen_1775717299_583.txt air/gen_1775717302_584.txt air/gen_1775717308_586.txt air/gen_1775717317_589.txt air/gen_1775717320_590.txt air/gen_1775717326_592.txt air/gen_1775717334_595.txt air/gen_1775717337_596.txt air/gen_1775717343_598.txt air/gen_1775717352_601.txt air/gen_1775717355_602.txt air/gen_1775717361_604.txt air/gen_1775717367_606.txt air/gen_1775717370_607.txt air/gen_1775717373_608.txt air/gen_1775717378_610.txt air/gen_1775717387_613.txt air/gen_1775717390_614.txt]
[trainer] micro-train burst (25826 bytes, novelty 0.03) — and lo, it feeds again.
[syntropy] action=explore | trend=0.0000 | field_dev=0.024 | purpose_align=0.278 | lr_mul=1.30
[aml] burst complete: 32 steps, avg loss 1.3490 (memory freed)
[dna] water wrote 51 bytes to ecology
[dna] water wrote 23 bytes to ecology
[dna] water wrote 34 bytes to ecology
[dna] water wrote 63 bytes to ecology
[dna] water wrote 108 bytes to ecology
[dna] water wrote 68 bytes to ecology
[dna] water wrote 135 bytes to ecology
[dna] water wrote 34 bytes to ecology
[dna] water wrote 76 bytes to ecology
[dna] water wrote 42 bytes to ecology
[dna] water wrote 39 bytes to ecology
[dna] water wrote 56 bytes to ecology
[dna] water wrote 22 bytes to ecology
[dna] water wrote 25 bytes to ecology
[dna] water wrote 109 bytes to ecology
[dna] water wrote 58 bytes to ecology
[dna] water wrote 45 bytes to ecology
[dna] water wrote 87 bytes to ecology
[dna] water wrote 50 bytes to ecology
[debug-onto] tick=50 corpus=151847 stage=2 freeze=0
[dna] water wrote 55 bytes to ecology
[dna] water wrote 35 bytes to ecology
[dna] water wrote 33 bytes to ecology
[dna] water wrote 49 bytes to ecology
[dna] water wrote 166 bytes to ecology
[dna] water wrote 51 bytes to ecology
[dna] water wrote 100 bytes to ecology
[dna] water wrote 127 bytes to ecology
[dna] water wrote 337 bytes to ecology
[dna] water wrote 132 bytes to ecology
[dna] water wrote 69 bytes to ecology
[dna] water wrote 166 bytes to ecology
[dna] water wrote 44 bytes to ecology
[dna] water wrote 30 bytes to ecology
[dna] water wrote 60 bytes to ecology
[dna] water wrote 49 bytes to ecology
[dna] water wrote 33 bytes to ecology
[dna] water wrote 47 bytes to ecology
[dna] water wrote 52 bytes to ecology
[dna] water wrote 197 bytes to ecology
[debug-onto] tick=100 corpus=151847 stage=2 freeze=0
[dna] water wrote 31 bytes to ecology
[dna] water wrote 10 bytes to ecology
[dna] water wrote 23 bytes to ecology
[dna] water wrote 43 bytes to ecology
[dna] water wrote 30 bytes to ecology
[dna] water wrote 178 bytes to ecology
[dna] water wrote 135 bytes to ecology
[dna] water wrote 80 bytes to ecology
[dna] water wrote 51 bytes to ecology
[dna] water wrote 45 bytes to ecology
[dna] water wrote 19 bytes to ecology
[dna] water wrote 44 bytes to ecology
[dna] water wrote 64 bytes to ecology
[dna] water wrote 51 bytes to ecology
[dna] water wrote 47 bytes to ecology
[dna] water wrote 44 bytes to ecology
[dna] water wrote 71 bytes to ecology
[dna] water wrote 57 bytes to ecology
[dna] water wrote 53 bytes to ecology
[dna] water wrote 48 bytes to ecology
[dna] water wrote 40 bytes to ecology
[dna] water wrote 35 bytes to ecology
[debug-onto] tick=150 corpus=151847 stage=2 freeze=0
[dna] water wrote 48 bytes to ecology
[dna] water wrote 134 bytes to ecology
[dna] water wrote 205 bytes to ecology
[dna] water wrote 96 bytes to ecology
[dna] water wrote 32 bytes to ecology
[dna] water wrote 12 bytes to ecology
[dna] water wrote 60 bytes to ecology
[dna] water wrote 138 bytes to ecology
[dna] water wrote 73 bytes to ecology
[dna] water wrote 25 bytes to ecology
[dna] water wrote 34 bytes to ecology
[dna] water wrote 101 bytes to ecology
[dna] water wrote 150 bytes to ecology
[dna] water wrote 106 bytes to ecology
[dna] water wrote 123 bytes to ecology
[dna] water wrote 156 bytes to ecology
[dna] water wrote 27 bytes to ecology
[dna] water wrote 53 bytes to ecology
[dna] water wrote 38 bytes to ecology
[debug-onto] tick=200 corpus=151847 stage=2 freeze=0
[dna] water wrote 70 bytes to ecology
[dna] water wrote 31 bytes to ecology
[dna] water wrote 150 bytes to ecology
[dna] water wrote 87 bytes to ecology
[dna] water wrote 8 bytes to ecology
[dna] water wrote 33 bytes to ecology
[dna] water wrote 116 bytes to ecology
[dna] water wrote 42 bytes to ecology
[dna] water wrote 38 bytes to ecology
[dna] water wrote 145 bytes to ecology
[dna] water wrote 41 bytes to ecology
[dna] water wrote 30 bytes to ecology
[dna] water wrote 45 bytes to ecology
[dna] water wrote 46 bytes to ecology
[dna] water wrote 23 bytes to ecology
[dna] water wrote 72 bytes to ecology
[dna] water wrote 19 bytes to ecology
[dna] water wrote 32 bytes to ecology
[dna] water wrote 65 bytes to ecology
[dna] water wrote 26 bytes to ecology
[dna] water wrote 32 bytes to ecology
[dna] water wrote 26 bytes to ecology
[debug-onto] tick=250 corpus=151847 stage=2 freeze=0
[dna] water wrote 130 bytes to ecology
[dna] water wrote 20 bytes to ecology
[dna] water wrote 72 bytes to ecology
[dna] water wrote 30 bytes to ecology
[dna] water wrote 24 bytes to ecology
[dna] water wrote 33 bytes to ecology
[dna] water wrote 81 bytes to ecology
[dna] water wrote 158 bytes to ecology
[dna] water wrote 80 bytes to ecology
[dna] water wrote 26 bytes to ecology
[dna] water wrote 35 bytes to ecology
[dna] water wrote 53 bytes to ecology
[dna] water wrote 37 bytes to ecology
[dna] water wrote 51 bytes to ecology
[dna] water wrote 17 bytes to ecology
[dna] water wrote 84 bytes to ecology
[dna] water wrote 55 bytes to ecology
[dna] water wrote 137 bytes to ecology
[dna] water wrote 159 bytes to ecology
[dna] water wrote 39 bytes to ecology
[dna] water wrote 91 bytes to ecology
[debug-onto] tick=300 corpus=151847 stage=2 freeze=0
[dna] water wrote 133 bytes to ecology
[dna] water wrote 115 bytes to ecology
[dna] water wrote 94 bytes to ecology
[dna] water wrote 11 bytes to ecology
[dna] water wrote 141 bytes to ecology
[dna] water wrote 31 bytes to ecology
[dna] water wrote 28 bytes to ecology
[dna] water wrote 42 bytes to ecology
[dna] water wrote 40 bytes to ecology
[dna] water wrote 129 bytes to ecology
[dna] water wrote 60 bytes to ecology
[dna] water wrote 19 bytes to ecology
[dna] water wrote 47 bytes to ecology
[dna] water wrote 28 bytes to ecology
[dna] water wrote 18 bytes to ecology
[dna] water wrote 207 bytes to ecology
[dna] water wrote 56 bytes to ecology
[dna] water wrote 85 bytes to ecology
[dna] water wrote 66 bytes to ecology
[dna] water wrote 53 bytes to ecology
[debug-onto] tick=350 corpus=151847 stage=2 freeze=0
[dna] water wrote 29 bytes to ecology
[dna] water wrote 84 bytes to ecology
[dna] water wrote 71 bytes to ecology
[dna] water wrote 63 bytes to ecology
[dna] water wrote 15 bytes to ecology
[dna] water wrote 28 bytes to ecology
[dna] water wrote 78 bytes to ecology
[dna] water wrote 155 bytes to ecology
[dna] water wrote 21 bytes to ecology
[dna] water wrote 31 bytes to ecology
[dna] water wrote 54 bytes to ecology
[dna] water wrote 104 bytes to ecology
[dna] water wrote 42 bytes to ecology
[dna] water wrote 55 bytes to ecology
[dna] water wrote 38 bytes to ecology
[dna] water wrote 106 bytes to ecology
[dna] water wrote 20 bytes to ecology
[dna] water wrote 68 bytes to ecology
[dna] water wrote 53 bytes to ecology
[dna] water wrote 43 bytes to ecology
[dna] water wrote 135 bytes to ecology
[dna] water wrote 22 bytes to ecology
[debug-onto] tick=400 corpus=151847 stage=2 freeze=0
[dna] water wrote 60 bytes to ecology
[dna] water wrote 21 bytes to ecology
[dna] water wrote 37 bytes to ecology
[dna] water wrote 20 bytes to ecology
[dna] water wrote 26 bytes to ecology
[dna] water wrote 145 bytes to ecology
[dna] water wrote 7 bytes to ecology
[dna] water wrote 32 bytes to ecology
[dna] water wrote 17 bytes to ecology
[dna] water wrote 24 bytes to ecology
[dna] water wrote 66 bytes to ecology
[dna] water wrote 50 bytes to ecology
[dna] water wrote 22 bytes to ecology
[dna] water wrote 17 bytes to ecology
[dna] water wrote 27 bytes to ecology
[dna] water wrote 73 bytes to ecology
[dna] water wrote 185 bytes to ecology
[dna] water wrote 142 bytes to ecology
[dna] water wrote 79 bytes to ecology
[dna] water wrote 229 bytes to ecology
[dna] water wrote 40 bytes to ecology
[dna] water wrote 43 bytes to ecology
[debug-onto] tick=450 corpus=151847 stage=2 freeze=0
[dna] water wrote 100 bytes to ecology
[dna] water wrote 139 bytes to ecology
[dna] water wrote 69 bytes to ecology
[dna] water wrote 20 bytes to ecology
[dna] water wrote 106 bytes to ecology
[dna] water wrote 58 bytes to ecology
[dna] water wrote 42 bytes to ecology
[dna] water wrote 29 bytes to ecology
[dna] water wrote 26 bytes to ecology
[dna] water wrote 69 bytes to ecology
[dna] water wrote 36 bytes to ecology
[dna] water wrote 38 bytes to ecology
[dna] water wrote 38 bytes to ecology
[dna] water wrote 43 bytes to ecology
[dna] water wrote 138 bytes to ecology
[dna] water wrote 21 bytes to ecology
[dna] water wrote 27 bytes to ecology
[dna] water wrote 37 bytes to ecology
[dna] water wrote 32 bytes to ecology
[dna] water wrote 30 bytes to ecology
[dna] water wrote 158 bytes to ecology
[debug-onto] tick=500 corpus=151847 stage=2 freeze=0
[dna] water wrote 150 bytes to ecology
[dna] water wrote 53 bytes to ecology
[dna] water wrote 226 bytes to ecology
[dna] water wrote 54 bytes to ecology
[dna] water wrote 76 bytes to ecology
[dna] water wrote 74 bytes to ecology
[dna] water wrote 34 bytes to ecology
[dna] water wrote 52 bytes to ecology
[dna] water wrote 45 bytes to ecology
[dna] water wrote 27 bytes to ecology
[dna] water wrote 36 bytes to ecology
[dna] water wrote 106 bytes to ecology
[dna] water wrote 181 bytes to ecology
[dna] water wrote 23 bytes to ecology
[dna] water wrote 27 bytes to ecology
[dna] water wrote 36 bytes to ecology
[dna] water wrote 26 bytes to ecology
[debug-onto] tick=550 corpus=151847 stage=2 freeze=0
[dna] water wrote 139 bytes to ecology
[dna] water wrote 96 bytes to ecology
[dna] water wrote 91 bytes to ecology
[dna] water wrote 36 bytes to ecology
[dna] water wrote 50 bytes to ecology
[dna] water wrote 69 bytes to ecology
[dna] water wrote 156 bytes to ecology
[dna] water wrote 26 bytes to ecology
[dna] water wrote 128 bytes to ecology
[dna] water wrote 76 bytes to ecology
[dna] water wrote 155 bytes to ecology
[dna] water wrote 93 bytes to ecology
[dna] water wrote 37 bytes to ecology
[dna] water wrote 81 bytes to ecology
[dna] water wrote 108 bytes to ecology
[dna] water wrote 50 bytes to ecology
[dna] water wrote 63 bytes to ecology
[dna] water wrote 56 bytes to ecology
[dna] water wrote 170 bytes to ecology
[dna] water wrote 27 bytes to ecology
[dna] water wrote 41 bytes to ecology
[dna] water wrote 127 bytes to ecology
[debug-onto] tick=600 corpus=151847 stage=2 freeze=0
[dna] water wrote 81 bytes to ecology
[dna] water wrote 210 bytes to ecology
[dna] water wrote 59 bytes to ecology
[dna] water wrote 51 bytes to ecology
[dna] water wrote 142 bytes to ecology
[dna] water wrote 30 bytes to ecology
[dna] water wrote 55 bytes to ecology
[dna] water wrote 85 bytes to ecology
[dna] water wrote 67 bytes to ecology
[dna] water wrote 29 bytes to ecology
[dna] water wrote 53 bytes to ecology
[dna] water wrote 122 bytes to ecology
[dna] water wrote 36 bytes to ecology

[evolution] Organism shutting down gracefully.
