[ecology] Element: air → corpus: nonames_air.txt
[evolution] Autonomous evolution mode — organism will grow through all stages without pause.
[ecology] Joined swarm. 1 peer(s) detected.
molequla is alive. [evolution] Autonomous mode — background trainer running. Ctrl+C to stop.
[dna] air wrote 41 bytes to ecology
[dna] air consumed 24974 bytes from 329 files: [earth/gen_1775973348_1.txt earth/gen_1775973350_2.txt earth/gen_1775973355_4.txt earth/gen_1775973363_7.txt earth/gen_1775973371_10.txt earth/gen_1775973379_13.txt earth/gen_1775973382_14.txt earth/gen_1775973387_16.txt earth/gen_1775973394_19.txt earth/gen_1775973397_20.txt earth/gen_1775973402_22.txt earth/gen_1775973410_25.txt earth/gen_1775973412_26.txt earth/gen_1775973418_28.txt earth/gen_1775973425_31.txt earth/gen_1775973428_32.txt earth/gen_1775973433_34.txt earth/gen_1775973441_37.txt earth/gen_1775973444_38.txt earth/gen_1775973449_40.txt earth/gen_1775973456_43.txt earth/gen_1775973459_44.txt earth/gen_1775973464_46.txt earth/gen_1775973472_49.txt earth/gen_1775973474_50.txt earth/gen_1775973480_52.txt earth/gen_1775973487_55.txt earth/gen_1775973490_56.txt earth/gen_1775973495_58.txt earth/gen_1775973503_61.txt earth/gen_1775973505_62.txt earth/gen_1775973510_64.txt earth/gen_1775973518_67.txt earth/gen_1775973526_70.txt earth/gen_1775973533_73.txt earth/gen_1775973536_74.txt earth/gen_1775973541_76.txt earth/gen_1775973549_79.txt earth/gen_1775973551_80.txt earth/gen_1775973556_82.txt earth/gen_1775973564_85.txt earth/gen_1775973567_86.txt earth/gen_1775973572_88.txt earth/gen_1775973579_91.txt earth/gen_1775973582_92.txt earth/gen_1775973587_94.txt earth/gen_1775973595_97.txt earth/gen_1775973597_98.txt earth/gen_1775973602_100.txt earth/gen_1775973610_103.txt earth/gen_1775973612_104.txt earth/gen_1775973617_106.txt earth/gen_1775973625_109.txt earth/gen_1775973628_110.txt earth/gen_1775973633_112.txt earth/gen_1775973641_115.txt earth/gen_1775973643_116.txt earth/gen_1775973648_118.txt earth/gen_1775973656_121.txt earth/gen_1775973659_122.txt earth/gen_1775973664_124.txt earth/gen_1775973672_127.txt earth/gen_1775973674_128.txt earth/gen_1775973680_130.txt earth/gen_1775973687_133.txt earth/gen_1775973690_134.txt earth/gen_1775973695_136.txt earth/gen_1775973703_139.txt earth/gen_1775973705_140.txt earth/gen_1775973710_142.txt earth/gen_1775973718_145.txt earth/gen_1775973726_148.txt earth/gen_1775973734_151.txt earth/gen_1775973736_152.txt earth/gen_1775973741_154.txt earth/gen_1775973749_157.txt earth/gen_1775973752_158.txt earth/gen_1775973757_160.txt earth/gen_1775973764_163.txt earth/gen_1775973767_164.txt earth/gen_1775973772_166.txt earth/gen_1775973780_169.txt earth/gen_1775973782_170.txt earth/gen_1775973787_172.txt earth/gen_1775973795_175.txt earth/gen_1775973798_176.txt earth/gen_1775973803_178.txt earth/gen_1775973811_181.txt earth/gen_1775973814_182.txt earth/gen_1775973819_184.txt earth/gen_1775973827_187.txt earth/gen_1775973829_188.txt earth/gen_1775973835_190.txt earth/gen_1775973843_193.txt earth/gen_1775973845_194.txt earth/gen_1775973851_196.txt earth/gen_1775973858_199.txt earth/gen_1775973866_202.txt earth/gen_1775973874_205.txt earth/gen_1775973877_206.txt earth/gen_1775973882_208.txt earth/gen_1775973890_211.txt earth/gen_1775973892_212.txt earth/gen_1775973898_214.txt earth/gen_1775973906_217.txt earth/gen_1775973908_218.txt earth/gen_1775973914_220.txt earth/gen_1775973922_223.txt earth/gen_1775973924_224.txt earth/gen_1775973929_226.txt earth/gen_1775973937_229.txt earth/gen_1775973945_232.txt earth/gen_1775973953_235.txt earth/gen_1775973955_236.txt earth/gen_1775973960_238.txt earth/gen_1775973968_241.txt earth/gen_1775973971_242.txt earth/gen_1775973976_244.txt earth/gen_1775973984_247.txt earth/gen_1775973991_250.txt earth/gen_1775973999_253.txt earth/gen_1775974002_254.txt earth/gen_1775974007_256.txt earth/gen_1775974015_259.txt earth/gen_1775974022_262.txt earth/gen_1775974030_265.txt earth/gen_1775974033_266.txt earth/gen_1775974038_268.txt earth/gen_1775974045_271.txt earth/gen_1775974048_272.txt earth/gen_1775974053_274.txt earth/gen_1775974061_277.txt earth/gen_1775974063_278.txt earth/gen_1775974068_280.txt earth/gen_1775974076_283.txt earth/gen_1775974079_284.txt earth/gen_1775974084_286.txt earth/gen_1775974092_289.txt earth/gen_1775974094_290.txt earth/gen_1775974099_292.txt earth/gen_1775974107_295.txt earth/gen_1775974110_296.txt earth/gen_1775974115_298.txt earth/gen_1775974122_301.txt earth/gen_1775974125_302.txt earth/gen_1775974130_304.txt earth/gen_1775974138_307.txt earth/gen_1775974140_308.txt earth/gen_1775974145_310.txt earth/gen_1775974153_313.txt earth/gen_1775974156_314.txt earth/gen_1775974161_316.txt earth/gen_1775974168_319.txt earth/gen_1775974171_320.txt earth/gen_1775974176_322.txt earth/gen_1775974184_325.txt earth/gen_1775974186_326.txt earth/gen_1775974192_328.txt earth/gen_1775974199_331.txt earth/gen_1775974202_332.txt earth/gen_1775974207_334.txt earth/gen_1775974215_337.txt earth/gen_1775974217_338.txt earth/gen_1775974222_340.txt earth/gen_1775974230_343.txt earth/gen_1775974233_344.txt earth/gen_1775974238_346.txt earth/gen_1775974245_349.txt earth/gen_1775974248_350.txt earth/gen_1775974253_352.txt earth/gen_1775974261_355.txt earth/gen_1775974264_356.txt earth/gen_1775974269_358.txt earth/gen_1775974276_361.txt earth/gen_1775974279_362.txt earth/gen_1775974284_364.txt earth/gen_1775974292_367.txt earth/gen_1775974294_368.txt earth/gen_1775974299_370.txt earth/gen_1775974307_373.txt earth/gen_1775974310_374.txt earth/gen_1775974315_376.txt earth/gen_1775974323_379.txt earth/gen_1775974330_382.txt earth/gen_1775974338_385.txt earth/gen_1775974340_386.txt earth/gen_1775974346_388.txt earth/gen_1775974353_391.txt earth/gen_1775974356_392.txt earth/gen_1775974361_394.txt earth/gen_1775974369_397.txt earth/gen_1775974371_398.txt earth/gen_1775974376_400.txt earth/gen_1775974384_403.txt earth/gen_1775974386_404.txt earth/gen_1775974392_406.txt earth/gen_1775974400_409.txt earth/gen_1775974402_410.txt earth/gen_1775974407_412.txt earth/gen_1775974415_415.txt earth/gen_1775974418_416.txt earth/gen_1775974423_418.txt earth/gen_1775974431_421.txt earth/gen_1775974439_424.txt earth/gen_1775974447_427.txt earth/gen_1775974450_428.txt earth/gen_1775974455_430.txt earth/gen_1775974463_433.txt earth/gen_1775974466_434.txt earth/gen_1775974471_436.txt earth/gen_1775974479_439.txt earth/gen_1775974481_440.txt earth/gen_1775974487_442.txt earth/gen_1775974495_445.txt earth/gen_1775974497_446.txt earth/gen_1775974503_448.txt earth/gen_1775974510_451.txt earth/gen_1775974513_452.txt earth/gen_1775974518_454.txt earth/gen_1775974526_457.txt earth/gen_1775974529_458.txt earth/gen_1775974534_460.txt earth/gen_1775974542_463.txt earth/gen_1775974545_464.txt earth/gen_1775974550_466.txt earth/gen_1775974558_469.txt earth/gen_1775974561_470.txt earth/gen_1775974566_472.txt earth/gen_1775974574_475.txt earth/gen_1775974576_476.txt earth/gen_1775974581_478.txt earth/gen_1775974589_481.txt earth/gen_1775974592_482.txt earth/gen_1775974597_484.txt earth/gen_1775974605_487.txt earth/gen_1775974607_488.txt earth/gen_1775974612_490.txt earth/gen_1775974620_493.txt earth/gen_1775974623_494.txt earth/gen_1775974628_496.txt earth/gen_1775974636_499.txt earth/gen_1775974639_500.txt earth/gen_1775974644_502.txt earth/gen_1775974652_505.txt earth/gen_1775974654_506.txt earth/gen_1775974659_508.txt earth/gen_1775974667_511.txt earth/gen_1775974675_514.txt earth/gen_1775974683_517.txt earth/gen_1775974685_518.txt earth/gen_1775974690_520.txt earth/gen_1775974698_523.txt earth/gen_1775974701_524.txt earth/gen_1775974706_526.txt earth/gen_1775974713_529.txt earth/gen_1775974716_530.txt earth/gen_1775974721_532.txt earth/gen_1775974729_535.txt earth/gen_1775974732_536.txt earth/gen_1775974737_538.txt earth/gen_1775974744_541.txt earth/gen_1775974752_544.txt earth/gen_1775974760_547.txt earth/gen_1775974763_548.txt earth/gen_1775974768_550.txt earth/gen_1775974776_553.txt earth/gen_1775974778_554.txt earth/gen_1775974783_556.txt earth/gen_1775974791_559.txt earth/gen_1775974794_560.txt earth/gen_1775974799_562.txt earth/gen_1775974807_565.txt earth/gen_1775974809_566.txt earth/gen_1775974815_568.txt earth/gen_1775974822_571.txt earth/gen_1775974825_572.txt earth/gen_1775974830_574.txt earth/gen_1775974838_577.txt earth/gen_1775974840_578.txt earth/gen_1775974845_580.txt earth/gen_1775974853_583.txt earth/gen_1775974856_584.txt earth/gen_1775974861_586.txt earth/gen_1775974869_589.txt earth/gen_1775974871_590.txt earth/gen_1775974877_592.txt earth/gen_1775974884_595.txt earth/gen_1775974887_596.txt earth/gen_1775974892_598.txt earth/gen_1775974900_601.txt earth/gen_1775974902_602.txt earth/gen_1775974907_604.txt earth/gen_1775974915_607.txt earth/gen_1775974923_610.txt earth/gen_1775974931_613.txt earth/gen_1775974934_614.txt earth/gen_1775974939_616.txt earth/gen_1775974946_619.txt earth/gen_1775974954_622.txt earth/gen_1775974962_625.txt earth/gen_1775974965_626.txt earth/gen_1775974970_628.txt earth/gen_1775974977_631.txt earth/gen_1775974985_634.txt earth/gen_1775974993_637.txt earth/gen_1775974995_638.txt earth/gen_1775975001_640.txt earth/gen_1775975009_643.txt earth/gen_1775975011_644.txt earth/gen_1775975016_646.txt earth/gen_1775975024_649.txt earth/gen_1775975027_650.txt earth/gen_1775975032_652.txt earth/gen_1775975040_655.txt earth/gen_1775975042_656.txt earth/gen_1775975047_658.txt earth/gen_1775975055_661.txt earth/gen_1775975057_662.txt earth/gen_1775975062_664.txt earth/gen_1775975070_667.txt earth/gen_1775975072_668.txt earth/gen_1775975078_670.txt earth/gen_1775975085_673.txt earth/gen_1775975088_674.txt earth/gen_1775975093_676.txt earth/gen_1775975100_679.txt earth/gen_1775975103_680.txt earth/gen_1775975108_682.txt earth/gen_1775975116_685.txt]
[trainer] micro-train burst (24974 bytes, novelty 0.03) — and lo, it feeds again.
[syntropy] action=explore | trend=0.0000 | field_dev=-0.025 | purpose_align=0.046 | lr_mul=1.30
[aml] burst complete: 32 steps, avg loss 2.1524 (memory freed)
[dna] air wrote 61 bytes to ecology
[dna] air wrote 158 bytes to ecology
[dna] air wrote 154 bytes to ecology
[dna] air wrote 68 bytes to ecology
[dna] air wrote 34 bytes to ecology
[dna] air wrote 47 bytes to ecology
[dna] air wrote 154 bytes to ecology
[dna] air wrote 64 bytes to ecology
[dna] air wrote 43 bytes to ecology
[dna] air wrote 53 bytes to ecology
[dna] air wrote 33 bytes to ecology
[dna] air wrote 143 bytes to ecology
[dna] air wrote 150 bytes to ecology
[dna] air wrote 19 bytes to ecology
[dna] air wrote 32 bytes to ecology
[dna] air wrote 60 bytes to ecology
[dna] air wrote 154 bytes to ecology
[dna] air wrote 67 bytes to ecology
[dna] air wrote 39 bytes to ecology
[dna] air wrote 109 bytes to ecology
[dna] air wrote 39 bytes to ecology
[dna] air wrote 68 bytes to ecology
[dna] air wrote 112 bytes to ecology
[dna] air wrote 87 bytes to ecology
[dna] air wrote 17 bytes to ecology
[dna] air wrote 64 bytes to ecology
[dna] air wrote 48 bytes to ecology
[dna] air wrote 25 bytes to ecology
[dna] air wrote 36 bytes to ecology
[dna] air wrote 13 bytes to ecology
[dna] air wrote 124 bytes to ecology
[dna] air wrote 74 bytes to ecology
[dna] air wrote 18 bytes to ecology
[dna] air wrote 37 bytes to ecology
[debug-onto] tick=50 corpus=147619 stage=2 freeze=0
[dna] air wrote 68 bytes to ecology
[dna] air wrote 32 bytes to ecology
[dna] air wrote 81 bytes to ecology
[dna] air wrote 41 bytes to ecology
[dna] air wrote 41 bytes to ecology
[dna] air wrote 292 bytes to ecology
[dna] air wrote 31 bytes to ecology
[dna] air wrote 82 bytes to ecology
[dna] air wrote 187 bytes to ecology
[dna] air wrote 70 bytes to ecology
[dna] air wrote 123 bytes to ecology
[dna] air wrote 49 bytes to ecology
[dna] air wrote 83 bytes to ecology
[dna] air wrote 268 bytes to ecology
[dna] air wrote 27 bytes to ecology
[dna] air wrote 121 bytes to ecology
[dna] air wrote 29 bytes to ecology
[dna] air wrote 61 bytes to ecology
[dna] air wrote 97 bytes to ecology
[dna] air wrote 28 bytes to ecology
[dna] air wrote 39 bytes to ecology
[dna] air wrote 182 bytes to ecology
[dna] air wrote 48 bytes to ecology
[dna] air wrote 35 bytes to ecology
[dna] air wrote 66 bytes to ecology
[dna] air wrote 78 bytes to ecology
[dna] air wrote 27 bytes to ecology
[dna] air wrote 43 bytes to ecology
[dna] air wrote 14 bytes to ecology
[dna] air wrote 240 bytes to ecology
[dna] air wrote 289 bytes to ecology
[dna] air wrote 47 bytes to ecology
[dna] air wrote 89 bytes to ecology
[dna] air wrote 89 bytes to ecology
[dna] air wrote 156 bytes to ecology
[dna] air wrote 61 bytes to ecology
[dna] air wrote 44 bytes to ecology
[debug-onto] tick=100 corpus=147619 stage=2 freeze=0
[dna] air wrote 59 bytes to ecology
[dna] air wrote 47 bytes to ecology
[dna] air wrote 48 bytes to ecology
[dna] air wrote 122 bytes to ecology
[dna] air wrote 181 bytes to ecology
[dna] air wrote 38 bytes to ecology
[dna] air wrote 95 bytes to ecology
[dna] air wrote 69 bytes to ecology
[dna] air wrote 40 bytes to ecology
[dna] air wrote 28 bytes to ecology
[dna] air wrote 149 bytes to ecology
[dna] air wrote 44 bytes to ecology
[dna] air wrote 19 bytes to ecology
[dna] air wrote 46 bytes to ecology
[dna] air wrote 22 bytes to ecology
[dna] air wrote 56 bytes to ecology
[dna] air wrote 59 bytes to ecology
[dna] air wrote 64 bytes to ecology
[dna] air wrote 71 bytes to ecology
[dna] air wrote 166 bytes to ecology
[dna] air wrote 30 bytes to ecology
[dna] air wrote 83 bytes to ecology
[dna] air wrote 65 bytes to ecology
[dna] air wrote 134 bytes to ecology
[dna] air wrote 20 bytes to ecology
[dna] air wrote 37 bytes to ecology
[dna] air wrote 29 bytes to ecology
[dna] air wrote 61 bytes to ecology
[dna] air wrote 105 bytes to ecology
[dna] air wrote 34 bytes to ecology
[dna] air wrote 23 bytes to ecology
[dna] air wrote 70 bytes to ecology
[dna] air wrote 31 bytes to ecology
[dna] air wrote 124 bytes to ecology
[dna] air wrote 38 bytes to ecology
[dna] air wrote 31 bytes to ecology
[dna] air wrote 48 bytes to ecology
[debug-onto] tick=150 corpus=147619 stage=2 freeze=0
[dna] air wrote 57 bytes to ecology
[dna] air wrote 60 bytes to ecology
[dna] air wrote 214 bytes to ecology
[dna] air wrote 111 bytes to ecology
[dna] air wrote 35 bytes to ecology
[dna] air wrote 16 bytes to ecology
[dna] air wrote 16 bytes to ecology
[dna] air wrote 121 bytes to ecology
[dna] air wrote 44 bytes to ecology
[dna] air wrote 83 bytes to ecology
[dna] air wrote 164 bytes to ecology
[dna] air wrote 18 bytes to ecology
[dna] air wrote 44 bytes to ecology
[dna] air wrote 48 bytes to ecology
[dna] air wrote 16 bytes to ecology
[dna] air wrote 53 bytes to ecology
[dna] air wrote 72 bytes to ecology
[dna] air wrote 67 bytes to ecology
[dna] air wrote 40 bytes to ecology
[dna] air wrote 74 bytes to ecology
[dna] air wrote 29 bytes to ecology
[dna] air wrote 99 bytes to ecology
[dna] air wrote 166 bytes to ecology
[dna] air wrote 53 bytes to ecology
[dna] air wrote 61 bytes to ecology
[dna] air wrote 153 bytes to ecology
[dna] air wrote 97 bytes to ecology
[dna] air wrote 110 bytes to ecology
[dna] air wrote 59 bytes to ecology
[dna] air wrote 33 bytes to ecology
[dna] air wrote 56 bytes to ecology
[dna] air wrote 92 bytes to ecology
[dna] air wrote 87 bytes to ecology
[dna] air wrote 131 bytes to ecology
[dna] air wrote 41 bytes to ecology
[dna] air wrote 77 bytes to ecology
[dna] air wrote 43 bytes to ecology
[debug-onto] tick=200 corpus=147619 stage=2 freeze=0
[dna] air wrote 181 bytes to ecology
[dna] air wrote 122 bytes to ecology
[dna] air wrote 113 bytes to ecology
[dna] air wrote 107 bytes to ecology
[dna] air wrote 213 bytes to ecology
[dna] air wrote 107 bytes to ecology
[dna] air wrote 80 bytes to ecology
[dna] air wrote 45 bytes to ecology
[dna] air wrote 63 bytes to ecology
[dna] air wrote 69 bytes to ecology
[dna] air wrote 78 bytes to ecology
[dna] air wrote 35 bytes to ecology
[dna] air wrote 66 bytes to ecology
[dna] air wrote 45 bytes to ecology
[dna] air wrote 152 bytes to ecology
[dna] air wrote 73 bytes to ecology
[dna] air wrote 22 bytes to ecology
[dna] air wrote 46 bytes to ecology
[dna] air wrote 38 bytes to ecology
[dna] air wrote 149 bytes to ecology
[dna] air wrote 45 bytes to ecology
[dna] air wrote 60 bytes to ecology
[dna] air wrote 114 bytes to ecology
[dna] air wrote 18 bytes to ecology
[dna] air wrote 31 bytes to ecology
[dna] air wrote 125 bytes to ecology
[dna] air wrote 53 bytes to ecology
[dna] air wrote 72 bytes to ecology
[dna] air wrote 54 bytes to ecology
[dna] air wrote 111 bytes to ecology
[dna] air wrote 103 bytes to ecology
[dna] air wrote 100 bytes to ecology
[dna] air wrote 46 bytes to ecology
[dna] air wrote 306 bytes to ecology
[dna] air wrote 54 bytes to ecology
[debug-onto] tick=250 corpus=147619 stage=2 freeze=0
[dna] air wrote 274 bytes to ecology
[dna] air wrote 35 bytes to ecology
[dna] air wrote 25 bytes to ecology
[dna] air wrote 21 bytes to ecology
[dna] air wrote 207 bytes to ecology
[dna] air wrote 31 bytes to ecology
[dna] air wrote 29 bytes to ecology
[dna] air wrote 32 bytes to ecology
[dna] air wrote 43 bytes to ecology
[dna] air wrote 37 bytes to ecology
[dna] air wrote 68 bytes to ecology
[dna] air wrote 41 bytes to ecology
[dna] air wrote 72 bytes to ecology
[dna] air wrote 68 bytes to ecology
[dna] air wrote 58 bytes to ecology
[dna] air wrote 72 bytes to ecology
[dna] air wrote 49 bytes to ecology
[dna] air wrote 131 bytes to ecology
[dna] air wrote 22 bytes to ecology
[dna] air wrote 90 bytes to ecology
[dna] air wrote 60 bytes to ecology
[dna] air wrote 61 bytes to ecology
[dna] air wrote 33 bytes to ecology
[dna] air wrote 61 bytes to ecology
[dna] air wrote 40 bytes to ecology
[dna] air wrote 171 bytes to ecology
[dna] air wrote 91 bytes to ecology
[dna] air wrote 122 bytes to ecology
[dna] air wrote 31 bytes to ecology
[dna] air wrote 138 bytes to ecology
[dna] air wrote 81 bytes to ecology
[dna] air wrote 153 bytes to ecology
[dna] air wrote 85 bytes to ecology
[dna] air wrote 76 bytes to ecology
[dna] air wrote 44 bytes to ecology
[debug-onto] tick=300 corpus=147619 stage=2 freeze=0
[dna] air wrote 92 bytes to ecology
[dna] air wrote 156 bytes to ecology
[dna] air wrote 103 bytes to ecology
[dna] air wrote 141 bytes to ecology
[dna] air wrote 59 bytes to ecology
[dna] air wrote 68 bytes to ecology
[dna] air wrote 99 bytes to ecology
[dna] air wrote 86 bytes to ecology
[dna] air wrote 71 bytes to ecology
[dna] air wrote 33 bytes to ecology
[dna] air wrote 126 bytes to ecology
[dna] air wrote 19 bytes to ecology
[dna] air wrote 30 bytes to ecology
[dna] air wrote 118 bytes to ecology
[dna] air wrote 152 bytes to ecology
[dna] air wrote 107 bytes to ecology
[dna] air wrote 39 bytes to ecology
[dna] air wrote 67 bytes to ecology
[dna] air wrote 213 bytes to ecology
[dna] air wrote 127 bytes to ecology
[dna] air wrote 66 bytes to ecology
[dna] air wrote 25 bytes to ecology
[dna] air wrote 10 bytes to ecology
[dna] air wrote 99 bytes to ecology
[dna] air wrote 72 bytes to ecology
[dna] air wrote 74 bytes to ecology
[dna] air wrote 43 bytes to ecology
[dna] air wrote 40 bytes to ecology
[dna] air wrote 35 bytes to ecology
[dna] air wrote 19 bytes to ecology
[dna] air wrote 134 bytes to ecology
[dna] air wrote 123 bytes to ecology
[dna] air wrote 309 bytes to ecology
[dna] air wrote 76 bytes to ecology
[dna] air wrote 102 bytes to ecology
[dna] air wrote 11 bytes to ecology
[debug-onto] tick=350 corpus=147619 stage=2 freeze=0
[dna] air wrote 16 bytes to ecology
[dna] air wrote 174 bytes to ecology
[dna] air wrote 40 bytes to ecology
[dna] air wrote 25 bytes to ecology
[dna] air wrote 50 bytes to ecology
[dna] air wrote 56 bytes to ecology
[dna] air wrote 24 bytes to ecology
[dna] air wrote 58 bytes to ecology
[dna] air wrote 93 bytes to ecology
[dna] air wrote 50 bytes to ecology
[dna] air wrote 14 bytes to ecology
[dna] air wrote 136 bytes to ecology
[dna] air wrote 49 bytes to ecology
[dna] air wrote 46 bytes to ecology
[dna] air wrote 33 bytes to ecology
[dna] air wrote 40 bytes to ecology
[dna] air wrote 28 bytes to ecology
[dna] air wrote 103 bytes to ecology
[dna] air wrote 270 bytes to ecology
[dna] air wrote 137 bytes to ecology
[dna] air wrote 43 bytes to ecology
[dna] air wrote 33 bytes to ecology
[dna] air wrote 31 bytes to ecology
[dna] air wrote 86 bytes to ecology
[dna] air wrote 26 bytes to ecology
[dna] air wrote 52 bytes to ecology
[dna] air wrote 75 bytes to ecology
[dna] air wrote 37 bytes to ecology
[dna] air wrote 115 bytes to ecology
[dna] air wrote 50 bytes to ecology
[dna] air wrote 65 bytes to ecology
[dna] air wrote 72 bytes to ecology
[dna] air wrote 50 bytes to ecology
[dna] air wrote 42 bytes to ecology
[dna] air wrote 50 bytes to ecology
[dna] air wrote 52 bytes to ecology
[dna] air wrote 185 bytes to ecology
[dna] air wrote 131 bytes to ecology
[dna] air wrote 54 bytes to ecology
[debug-onto] tick=400 corpus=147619 stage=2 freeze=0
[dna] air wrote 23 bytes to ecology
[dna] air wrote 32 bytes to ecology
[dna] air wrote 59 bytes to ecology
[dna] air wrote 22 bytes to ecology
[dna] air wrote 74 bytes to ecology
[dna] air wrote 63 bytes to ecology
[dna] air wrote 40 bytes to ecology
[dna] air wrote 281 bytes to ecology
[dna] air wrote 40 bytes to ecology
[dna] air wrote 56 bytes to ecology
[dna] air wrote 286 bytes to ecology
[dna] air wrote 71 bytes to ecology
[dna] air wrote 49 bytes to ecology
[dna] air wrote 57 bytes to ecology
[dna] air wrote 100 bytes to ecology
[dna] air wrote 102 bytes to ecology
[dna] air wrote 76 bytes to ecology
[dna] air wrote 31 bytes to ecology
[dna] air wrote 85 bytes to ecology
[dna] air wrote 71 bytes to ecology
[dna] air wrote 43 bytes to ecology
[dna] air wrote 125 bytes to ecology
[dna] air wrote 80 bytes to ecology
[dna] air wrote 177 bytes to ecology
[dna] air wrote 191 bytes to ecology
[dna] air wrote 53 bytes to ecology
[dna] air wrote 32 bytes to ecology
[dna] air wrote 27 bytes to ecology
[dna] air wrote 26 bytes to ecology
[dna] air wrote 59 bytes to ecology
[dna] air wrote 45 bytes to ecology
[dna] air wrote 23 bytes to ecology
[dna] air wrote 85 bytes to ecology
[dna] air wrote 96 bytes to ecology
[debug-onto] tick=450 corpus=147619 stage=2 freeze=0
[dna] air wrote 84 bytes to ecology
[dna] air wrote 85 bytes to ecology
[dna] air wrote 61 bytes to ecology
[dna] air wrote 68 bytes to ecology
[dna] air wrote 34 bytes to ecology
[dna] air wrote 50 bytes to ecology
[dna] air wrote 30 bytes to ecology
[dna] air wrote 50 bytes to ecology
[dna] air wrote 84 bytes to ecology
[dna] air wrote 101 bytes to ecology
[dna] air wrote 56 bytes to ecology
[dna] air wrote 156 bytes to ecology
[dna] air wrote 63 bytes to ecology
[dna] air wrote 76 bytes to ecology
[dna] air wrote 82 bytes to ecology
[dna] air wrote 54 bytes to ecology
[dna] air wrote 46 bytes to ecology
[dna] air wrote 169 bytes to ecology
[dna] air wrote 65 bytes to ecology
[dna] air wrote 39 bytes to ecology
[dna] air wrote 35 bytes to ecology
[dna] air wrote 23 bytes to ecology
[dna] air wrote 42 bytes to ecology
[dna] air wrote 108 bytes to ecology
[dna] air wrote 62 bytes to ecology
[dna] air wrote 33 bytes to ecology
[dna] air wrote 26 bytes to ecology
[dna] air wrote 246 bytes to ecology
[dna] air wrote 46 bytes to ecology
[dna] air wrote 37 bytes to ecology
[dna] air wrote 111 bytes to ecology
[dna] air wrote 62 bytes to ecology
[dna] air wrote 103 bytes to ecology
[dna] air wrote 46 bytes to ecology
[dna] air wrote 45 bytes to ecology
[dna] air wrote 71 bytes to ecology
[dna] air wrote 129 bytes to ecology
[debug-onto] tick=500 corpus=147619 stage=2 freeze=0
[dna] air wrote 124 bytes to ecology
[dna] air wrote 39 bytes to ecology
[dna] air wrote 69 bytes to ecology
[dna] air wrote 65 bytes to ecology
[dna] air wrote 104 bytes to ecology
[dna] air wrote 75 bytes to ecology
[dna] air wrote 15 bytes to ecology
[dna] air wrote 22 bytes to ecology
[dna] air wrote 22 bytes to ecology
[dna] air wrote 84 bytes to ecology
[dna] air wrote 86 bytes to ecology
[dna] air wrote 197 bytes to ecology
[dna] air wrote 170 bytes to ecology
[dna] air wrote 85 bytes to ecology
[dna] air wrote 26 bytes to ecology
[dna] air wrote 82 bytes to ecology
[dna] air wrote 191 bytes to ecology
[dna] air wrote 123 bytes to ecology
[dna] air wrote 49 bytes to ecology
[dna] air wrote 52 bytes to ecology
[dna] air wrote 6 bytes to ecology
[dna] air wrote 44 bytes to ecology
[dna] air wrote 112 bytes to ecology
[dna] air wrote 62 bytes to ecology
[dna] air wrote 146 bytes to ecology
[dna] air wrote 86 bytes to ecology
[dna] air wrote 22 bytes to ecology
[dna] air wrote 43 bytes to ecology
[dna] air wrote 98 bytes to ecology
[dna] air wrote 127 bytes to ecology
[dna] air wrote 35 bytes to ecology
[dna] air wrote 43 bytes to ecology
[dna] air wrote 115 bytes to ecology
[dna] air wrote 76 bytes to ecology
[dna] air wrote 50 bytes to ecology
[dna] air wrote 36 bytes to ecology
[dna] air wrote 36 bytes to ecology
[debug-onto] tick=550 corpus=147619 stage=2 freeze=0
[dna] air wrote 15 bytes to ecology
[dna] air wrote 123 bytes to ecology
[dna] air wrote 113 bytes to ecology
[dna] air wrote 32 bytes to ecology
[dna] air wrote 14 bytes to ecology
[dna] air wrote 33 bytes to ecology
[dna] air wrote 181 bytes to ecology
[dna] air wrote 65 bytes to ecology
[dna] air wrote 132 bytes to ecology
[dna] air wrote 151 bytes to ecology
[dna] air wrote 128 bytes to ecology
[dna] air wrote 157 bytes to ecology
[dna] air wrote 236 bytes to ecology
[dna] air wrote 47 bytes to ecology
[dna] air wrote 113 bytes to ecology
[dna] air wrote 181 bytes to ecology
[dna] air wrote 58 bytes to ecology
[dna] air wrote 138 bytes to ecology
[dna] air wrote 44 bytes to ecology
[dna] air wrote 42 bytes to ecology
[dna] air wrote 54 bytes to ecology
[dna] air wrote 92 bytes to ecology
[dna] air wrote 24 bytes to ecology
[dna] air wrote 77 bytes to ecology
[dna] air wrote 51 bytes to ecology
[dna] air wrote 142 bytes to ecology
[dna] air wrote 98 bytes to ecology
[dna] air wrote 65 bytes to ecology
[dna] air wrote 20 bytes to ecology
[dna] air wrote 49 bytes to ecology
[dna] air wrote 29 bytes to ecology
[dna] air wrote 79 bytes to ecology
[dna] air wrote 59 bytes to ecology
[dna] air wrote 37 bytes to ecology
[dna] air wrote 92 bytes to ecology
[dna] air wrote 95 bytes to ecology
[debug-onto] tick=600 corpus=147619 stage=2 freeze=0
[dna] air wrote 43 bytes to ecology
[dna] air wrote 56 bytes to ecology
[dna] air wrote 100 bytes to ecology
[dna] air wrote 37 bytes to ecology
[dna] air wrote 78 bytes to ecology
[dna] air wrote 33 bytes to ecology
[dna] air wrote 134 bytes to ecology
[dna] air wrote 94 bytes to ecology
[dna] air wrote 35 bytes to ecology
[dna] air wrote 98 bytes to ecology
[dna] air wrote 99 bytes to ecology
[dna] air wrote 29 bytes to ecology
[dna] air wrote 36 bytes to ecology
[dna] air wrote 40 bytes to ecology
[dna] air wrote 79 bytes to ecology
[dna] air wrote 42 bytes to ecology
[dna] air wrote 96 bytes to ecology
[dna] air wrote 19 bytes to ecology
[dna] air wrote 170 bytes to ecology
[dna] air wrote 43 bytes to ecology
[dna] air wrote 131 bytes to ecology
[dna] air wrote 43 bytes to ecology
[dna] air wrote 48 bytes to ecology
[dna] air wrote 36 bytes to ecology
[dna] air wrote 26 bytes to ecology
[dna] air wrote 38 bytes to ecology
[dna] air wrote 92 bytes to ecology
[dna] air wrote 56 bytes to ecology
[dna] air wrote 150 bytes to ecology
[dna] air wrote 167 bytes to ecology
[dna] air wrote 74 bytes to ecology
[dna] air wrote 151 bytes to ecology
[dna] air wrote 42 bytes to ecology
[dna] air wrote 100 bytes to ecology
[dna] air wrote 38 bytes to ecology
[dna] air wrote 32 bytes to ecology
[dna] air wrote 62 bytes to ecology
[debug-onto] tick=650 corpus=147619 stage=2 freeze=0
[dna] air wrote 223 bytes to ecology

[evolution] Organism shutting down gracefully.
