[ecology] Element: fire → corpus: nonames_fire.txt
[evolution] Autonomous evolution mode — organism will grow through all stages without pause.
[ecology] Joined swarm. 1 peer(s) detected.
molequla is alive. [evolution] Autonomous mode — background trainer running. Ctrl+C to stop.
[dna] fire wrote 57 bytes to ecology
[dna] fire consumed 23491 bytes from 357 files: [water/gen_1775976921_1.txt water/gen_1775976939_4.txt water/gen_1775976942_5.txt water/gen_1775976945_6.txt water/gen_1775976948_7.txt water/gen_1775976957_10.txt water/gen_1775976960_11.txt water/gen_1775976963_12.txt water/gen_1775976966_13.txt water/gen_1775976976_16.txt water/gen_1775976979_17.txt water/gen_1775976982_18.txt water/gen_1775976985_19.txt water/gen_1775976994_22.txt water/gen_1775976998_23.txt water/gen_1775977001_24.txt water/gen_1775977004_25.txt water/gen_1775977013_28.txt water/gen_1775977016_29.txt water/gen_1775977019_30.txt water/gen_1775977022_31.txt water/gen_1775977032_34.txt water/gen_1775977035_35.txt water/gen_1775977038_36.txt water/gen_1775977041_37.txt water/gen_1775977050_40.txt water/gen_1775977054_41.txt water/gen_1775977057_42.txt water/gen_1775977060_43.txt water/gen_1775977069_46.txt water/gen_1775977075_48.txt water/gen_1775977078_49.txt water/gen_1775977088_52.txt water/gen_1775977091_53.txt water/gen_1775977094_54.txt water/gen_1775977097_55.txt water/gen_1775977107_58.txt water/gen_1775977110_59.txt water/gen_1775977113_60.txt water/gen_1775977116_61.txt water/gen_1775977126_64.txt water/gen_1775977129_65.txt water/gen_1775977132_66.txt water/gen_1775977135_67.txt water/gen_1775977145_70.txt water/gen_1775977151_72.txt water/gen_1775977154_73.txt water/gen_1775977164_76.txt water/gen_1775977167_77.txt water/gen_1775977170_78.txt water/gen_1775977173_79.txt water/gen_1775977183_82.txt water/gen_1775977186_83.txt water/gen_1775977189_84.txt water/gen_1775977192_85.txt water/gen_1775977202_88.txt water/gen_1775977205_89.txt water/gen_1775977208_90.txt water/gen_1775977211_91.txt water/gen_1775977220_94.txt water/gen_1775977223_95.txt water/gen_1775977227_96.txt water/gen_1775977230_97.txt water/gen_1775977239_100.txt water/gen_1775977242_101.txt water/gen_1775977245_102.txt water/gen_1775977248_103.txt water/gen_1775977258_106.txt water/gen_1775977261_107.txt water/gen_1775977264_108.txt water/gen_1775977267_109.txt water/gen_1775977277_112.txt water/gen_1775977280_113.txt water/gen_1775977283_114.txt water/gen_1775977286_115.txt water/gen_1775977296_118.txt water/gen_1775977299_119.txt water/gen_1775977302_120.txt water/gen_1775977305_121.txt water/gen_1775977315_124.txt water/gen_1775977321_126.txt water/gen_1775977324_127.txt water/gen_1775977334_130.txt water/gen_1775977337_131.txt water/gen_1775977340_132.txt water/gen_1775977343_133.txt water/gen_1775977353_136.txt water/gen_1775977356_137.txt water/gen_1775977359_138.txt water/gen_1775977363_139.txt water/gen_1775977372_142.txt water/gen_1775977376_143.txt water/gen_1775977379_144.txt water/gen_1775977382_145.txt water/gen_1775977392_148.txt water/gen_1775977398_150.txt water/gen_1775977401_151.txt water/gen_1775977410_154.txt water/gen_1775977413_155.txt water/gen_1775977416_156.txt water/gen_1775977419_157.txt water/gen_1775977429_160.txt water/gen_1775977432_161.txt water/gen_1775977435_162.txt water/gen_1775977438_163.txt water/gen_1775977447_166.txt water/gen_1775977450_167.txt water/gen_1775977453_168.txt water/gen_1775977456_169.txt water/gen_1775977466_172.txt water/gen_1775977469_173.txt water/gen_1775977472_174.txt water/gen_1775977475_175.txt water/gen_1775977484_178.txt water/gen_1775977487_179.txt water/gen_1775977490_180.txt water/gen_1775977494_181.txt water/gen_1775977503_184.txt water/gen_1775977509_186.txt water/gen_1775977512_187.txt water/gen_1775977522_190.txt water/gen_1775977525_191.txt water/gen_1775977528_192.txt water/gen_1775977531_193.txt water/gen_1775977540_196.txt water/gen_1775977543_197.txt water/gen_1775977547_198.txt water/gen_1775977550_199.txt water/gen_1775977559_202.txt water/gen_1775977562_203.txt water/gen_1775977565_204.txt water/gen_1775977568_205.txt water/gen_1775977578_208.txt water/gen_1775977581_209.txt water/gen_1775977584_210.txt water/gen_1775977587_211.txt water/gen_1775977596_214.txt water/gen_1775977602_216.txt water/gen_1775977606_217.txt water/gen_1775977615_220.txt water/gen_1775977618_221.txt water/gen_1775977621_222.txt water/gen_1775977624_223.txt water/gen_1775977634_226.txt water/gen_1775977640_228.txt water/gen_1775977643_229.txt water/gen_1775977653_232.txt water/gen_1775977656_233.txt water/gen_1775977659_234.txt water/gen_1775977662_235.txt water/gen_1775977672_238.txt water/gen_1775977675_239.txt water/gen_1775977678_240.txt water/gen_1775977681_241.txt water/gen_1775977691_244.txt water/gen_1775977697_246.txt water/gen_1775977700_247.txt water/gen_1775977710_250.txt water/gen_1775977717_252.txt water/gen_1775977720_253.txt water/gen_1775977730_256.txt water/gen_1775977733_257.txt water/gen_1775977736_258.txt water/gen_1775977740_259.txt water/gen_1775977750_262.txt water/gen_1775977757_264.txt water/gen_1775977760_265.txt water/gen_1775977770_268.txt water/gen_1775977773_269.txt water/gen_1775977776_270.txt water/gen_1775977780_271.txt water/gen_1775977790_274.txt water/gen_1775977793_275.txt water/gen_1775977796_276.txt water/gen_1775977800_277.txt water/gen_1775977810_280.txt water/gen_1775977813_281.txt water/gen_1775977817_282.txt water/gen_1775977820_283.txt water/gen_1775977830_286.txt water/gen_1775977834_287.txt water/gen_1775977837_288.txt water/gen_1775977841_289.txt water/gen_1775977851_292.txt water/gen_1775977854_293.txt water/gen_1775977857_294.txt water/gen_1775977861_295.txt water/gen_1775977871_298.txt water/gen_1775977874_299.txt water/gen_1775977877_300.txt water/gen_1775977881_301.txt water/gen_1775977891_304.txt water/gen_1775977897_306.txt water/gen_1775977901_307.txt water/gen_1775977911_310.txt water/gen_1775977914_311.txt water/gen_1775977917_312.txt water/gen_1775977921_313.txt water/gen_1775977931_316.txt water/gen_1775977934_317.txt water/gen_1775977937_318.txt water/gen_1775977941_319.txt water/gen_1775977951_322.txt water/gen_1775977957_324.txt water/gen_1775977961_325.txt water/gen_1775977970_328.txt water/gen_1775977974_329.txt water/gen_1775977977_330.txt water/gen_1775977980_331.txt water/gen_1775977990_334.txt water/gen_1775977993_335.txt water/gen_1775977997_336.txt water/gen_1775978000_337.txt water/gen_1775978010_340.txt water/gen_1775978014_341.txt water/gen_1775978017_342.txt water/gen_1775978020_343.txt water/gen_1775978030_346.txt water/gen_1775978033_347.txt water/gen_1775978037_348.txt water/gen_1775978040_349.txt water/gen_1775978050_352.txt water/gen_1775978054_353.txt water/gen_1775978057_354.txt water/gen_1775978060_355.txt water/gen_1775978070_358.txt water/gen_1775978074_359.txt water/gen_1775978077_360.txt water/gen_1775978080_361.txt water/gen_1775978090_364.txt water/gen_1775978094_365.txt water/gen_1775978097_366.txt water/gen_1775978100_367.txt water/gen_1775978110_370.txt water/gen_1775978113_371.txt water/gen_1775978117_372.txt water/gen_1775978120_373.txt water/gen_1775978130_376.txt water/gen_1775978133_377.txt water/gen_1775978136_378.txt water/gen_1775978139_379.txt water/gen_1775978149_382.txt water/gen_1775978156_384.txt water/gen_1775978159_385.txt water/gen_1775978169_388.txt water/gen_1775978172_389.txt water/gen_1775978175_390.txt water/gen_1775978178_391.txt water/gen_1775978188_394.txt water/gen_1775978191_395.txt water/gen_1775978194_396.txt water/gen_1775978198_397.txt water/gen_1775978207_400.txt water/gen_1775978211_401.txt water/gen_1775978214_402.txt water/gen_1775978217_403.txt water/gen_1775978227_406.txt water/gen_1775978230_407.txt water/gen_1775978233_408.txt water/gen_1775978236_409.txt water/gen_1775978246_412.txt water/gen_1775978249_413.txt water/gen_1775978253_414.txt water/gen_1775978256_415.txt water/gen_1775978265_418.txt water/gen_1775978268_419.txt water/gen_1775978272_420.txt water/gen_1775978275_421.txt water/gen_1775978284_424.txt water/gen_1775978288_425.txt water/gen_1775978291_426.txt water/gen_1775978294_427.txt water/gen_1775978304_430.txt water/gen_1775978307_431.txt water/gen_1775978310_432.txt water/gen_1775978313_433.txt water/gen_1775978323_436.txt water/gen_1775978326_437.txt water/gen_1775978329_438.txt water/gen_1775978332_439.txt water/gen_1775978342_442.txt water/gen_1775978348_444.txt water/gen_1775978352_445.txt water/gen_1775978361_448.txt water/gen_1775978364_449.txt water/gen_1775978368_450.txt water/gen_1775978371_451.txt water/gen_1775978380_454.txt water/gen_1775978384_455.txt water/gen_1775978387_456.txt water/gen_1775978390_457.txt water/gen_1775978400_460.txt water/gen_1775978403_461.txt water/gen_1775978406_462.txt water/gen_1775978409_463.txt water/gen_1775978419_466.txt water/gen_1775978422_467.txt water/gen_1775978425_468.txt water/gen_1775978428_469.txt water/gen_1775978437_472.txt water/gen_1775978440_473.txt water/gen_1775978444_474.txt water/gen_1775978447_475.txt water/gen_1775978456_478.txt water/gen_1775978459_479.txt water/gen_1775978462_480.txt water/gen_1775978465_481.txt water/gen_1775978475_484.txt water/gen_1775978481_486.txt water/gen_1775978484_487.txt water/gen_1775978493_490.txt water/gen_1775978499_492.txt water/gen_1775978502_493.txt water/gen_1775978512_496.txt water/gen_1775978515_497.txt water/gen_1775978518_498.txt water/gen_1775978521_499.txt water/gen_1775978530_502.txt water/gen_1775978536_504.txt water/gen_1775978539_505.txt water/gen_1775978549_508.txt water/gen_1775978552_509.txt water/gen_1775978555_510.txt water/gen_1775978558_511.txt water/gen_1775978567_514.txt water/gen_1775978570_515.txt water/gen_1775978573_516.txt water/gen_1775978576_517.txt water/gen_1775978585_520.txt water/gen_1775978588_521.txt water/gen_1775978592_522.txt water/gen_1775978595_523.txt water/gen_1775978604_526.txt water/gen_1775978607_527.txt water/gen_1775978610_528.txt water/gen_1775978613_529.txt water/gen_1775978623_532.txt water/gen_1775978626_533.txt water/gen_1775978629_534.txt water/gen_1775978632_535.txt water/gen_1775978641_538.txt water/gen_1775978644_539.txt water/gen_1775978647_540.txt water/gen_1775978650_541.txt water/gen_1775978660_544.txt water/gen_1775978663_545.txt water/gen_1775978666_546.txt water/gen_1775978669_547.txt water/gen_1775978679_550.txt water/gen_1775978682_551.txt water/gen_1775978685_552.txt water/gen_1775978688_553.txt water/gen_1775978698_556.txt water/gen_1775978701_557.txt water/gen_1775978704_558.txt water/gen_1775978707_559.txt water/gen_1775978717_562.txt]
[trainer] micro-train burst (23491 bytes, novelty 0.03) — and lo, it feeds again.
[syntropy] action=explore | trend=0.0000 | field_dev=0.098 | purpose_align=-0.021 | lr_mul=1.30
[aml] burst complete: 32 steps, avg loss 1.7589 (memory freed)
[dna] fire wrote 60 bytes to ecology
[dna] fire wrote 42 bytes to ecology
[dna] fire wrote 86 bytes to ecology
[dna] fire wrote 25 bytes to ecology
[dna] fire wrote 28 bytes to ecology
[dna] fire wrote 35 bytes to ecology
[dna] fire wrote 30 bytes to ecology
[dna] fire wrote 86 bytes to ecology
[dna] fire wrote 43 bytes to ecology
[dna] fire wrote 38 bytes to ecology
[dna] fire wrote 16 bytes to ecology
[dna] fire wrote 40 bytes to ecology
[dna] fire wrote 42 bytes to ecology
[dna] fire wrote 26 bytes to ecology
[dna] fire wrote 110 bytes to ecology
[dna] fire wrote 27 bytes to ecology
[dna] fire wrote 38 bytes to ecology
[dna] fire wrote 26 bytes to ecology
[dna] fire wrote 50 bytes to ecology
[dna] fire wrote 15 bytes to ecology
[dna] fire wrote 25 bytes to ecology
[dna] fire wrote 44 bytes to ecology
[dna] fire wrote 26 bytes to ecology
[dna] fire wrote 32 bytes to ecology
[dna] fire wrote 47 bytes to ecology
[dna] fire wrote 40 bytes to ecology
[dna] fire wrote 55 bytes to ecology
[dna] fire wrote 80 bytes to ecology
[dna] fire wrote 71 bytes to ecology
[dna] fire wrote 41 bytes to ecology
[dna] fire wrote 44 bytes to ecology
[dna] fire wrote 54 bytes to ecology
[dna] fire wrote 36 bytes to ecology
[dna] fire wrote 77 bytes to ecology
[dna] fire wrote 72 bytes to ecology
[dna] fire wrote 22 bytes to ecology
[dna] fire wrote 200 bytes to ecology
[dna] fire wrote 102 bytes to ecology
[dna] fire wrote 19 bytes to ecology
[dna] fire wrote 18 bytes to ecology
[debug-onto] tick=50 corpus=145748 stage=2 freeze=0
[dna] fire wrote 12 bytes to ecology
[dna] fire wrote 29 bytes to ecology
[dna] fire wrote 68 bytes to ecology
[dna] fire wrote 68 bytes to ecology
[dna] fire wrote 53 bytes to ecology
[dna] fire wrote 17 bytes to ecology
[dna] fire wrote 162 bytes to ecology
[dna] fire wrote 57 bytes to ecology
[dna] fire wrote 19 bytes to ecology
[dna] fire wrote 23 bytes to ecology
[dna] fire wrote 29 bytes to ecology
[dna] fire wrote 124 bytes to ecology
[dna] fire wrote 12 bytes to ecology
[dna] fire wrote 56 bytes to ecology
[dna] fire wrote 34 bytes to ecology
[dna] fire wrote 115 bytes to ecology
[dna] fire wrote 70 bytes to ecology
[dna] fire wrote 35 bytes to ecology
[dna] fire wrote 44 bytes to ecology
[dna] fire wrote 41 bytes to ecology
[dna] fire wrote 14 bytes to ecology
[dna] fire wrote 42 bytes to ecology
[dna] fire wrote 102 bytes to ecology
[dna] fire wrote 71 bytes to ecology
[dna] fire wrote 77 bytes to ecology
[dna] fire wrote 87 bytes to ecology
[dna] fire wrote 28 bytes to ecology
[dna] fire wrote 21 bytes to ecology
[dna] fire wrote 57 bytes to ecology
[dna] fire wrote 37 bytes to ecology
[dna] fire wrote 76 bytes to ecology
[dna] fire wrote 23 bytes to ecology
[dna] fire wrote 21 bytes to ecology
[dna] fire wrote 78 bytes to ecology
[dna] fire wrote 23 bytes to ecology
[dna] fire wrote 47 bytes to ecology
[dna] fire wrote 124 bytes to ecology
[dna] fire wrote 21 bytes to ecology
[dna] fire wrote 28 bytes to ecology
[dna] fire wrote 78 bytes to ecology
[dna] fire wrote 47 bytes to ecology
[dna] fire wrote 58 bytes to ecology
[debug-onto] tick=100 corpus=145748 stage=2 freeze=0
[dna] fire wrote 25 bytes to ecology
[dna] fire wrote 48 bytes to ecology
[dna] fire wrote 69 bytes to ecology
[dna] fire wrote 169 bytes to ecology
[dna] fire wrote 65 bytes to ecology
[dna] fire wrote 90 bytes to ecology
[dna] fire wrote 26 bytes to ecology
[dna] fire wrote 54 bytes to ecology
[dna] fire wrote 56 bytes to ecology
[dna] fire wrote 54 bytes to ecology
[dna] fire wrote 26 bytes to ecology
[dna] fire wrote 38 bytes to ecology
[dna] fire wrote 153 bytes to ecology
[dna] fire wrote 23 bytes to ecology
[dna] fire wrote 32 bytes to ecology
[dna] fire wrote 74 bytes to ecology
[dna] fire wrote 15 bytes to ecology
[dna] fire wrote 90 bytes to ecology
[dna] fire wrote 25 bytes to ecology
[dna] fire wrote 37 bytes to ecology
[dna] fire wrote 32 bytes to ecology
[dna] fire wrote 14 bytes to ecology
[dna] fire wrote 62 bytes to ecology
[dna] fire wrote 21 bytes to ecology
[dna] fire wrote 33 bytes to ecology
[dna] fire wrote 36 bytes to ecology
[dna] fire wrote 47 bytes to ecology
[dna] fire wrote 41 bytes to ecology
[dna] fire wrote 59 bytes to ecology
[dna] fire wrote 79 bytes to ecology
[dna] fire wrote 24 bytes to ecology
[dna] fire wrote 95 bytes to ecology
[dna] fire wrote 53 bytes to ecology
[dna] fire wrote 23 bytes to ecology
[dna] fire wrote 33 bytes to ecology
[dna] fire wrote 98 bytes to ecology
[dna] fire wrote 21 bytes to ecology
[dna] fire wrote 61 bytes to ecology
[dna] fire wrote 83 bytes to ecology
[dna] fire wrote 8 bytes to ecology
[dna] fire wrote 82 bytes to ecology
[dna] fire wrote 46 bytes to ecology
[debug-onto] tick=150 corpus=145748 stage=2 freeze=0
[dna] fire wrote 55 bytes to ecology
[dna] fire wrote 185 bytes to ecology
[dna] fire wrote 72 bytes to ecology
[dna] fire wrote 27 bytes to ecology
[dna] fire wrote 135 bytes to ecology
[dna] fire wrote 103 bytes to ecology
[dna] fire wrote 75 bytes to ecology
[dna] fire wrote 48 bytes to ecology
[dna] fire wrote 37 bytes to ecology
[dna] fire wrote 25 bytes to ecology
[dna] fire wrote 64 bytes to ecology
[dna] fire wrote 100 bytes to ecology
[dna] fire wrote 34 bytes to ecology
[dna] fire wrote 49 bytes to ecology
[dna] fire wrote 65 bytes to ecology
[dna] fire wrote 40 bytes to ecology
[dna] fire wrote 41 bytes to ecology
[dna] fire wrote 43 bytes to ecology
[dna] fire wrote 59 bytes to ecology
[dna] fire wrote 83 bytes to ecology
[dna] fire wrote 43 bytes to ecology
[dna] fire wrote 23 bytes to ecology
[dna] fire wrote 73 bytes to ecology
[dna] fire wrote 107 bytes to ecology
[dna] fire wrote 47 bytes to ecology
[dna] fire wrote 88 bytes to ecology
[dna] fire wrote 29 bytes to ecology
[dna] fire wrote 38 bytes to ecology
[dna] fire wrote 67 bytes to ecology
[dna] fire wrote 68 bytes to ecology
[dna] fire wrote 66 bytes to ecology
[dna] fire wrote 138 bytes to ecology
[dna] fire wrote 35 bytes to ecology
[dna] fire wrote 126 bytes to ecology
[dna] fire wrote 131 bytes to ecology
[dna] fire wrote 103 bytes to ecology
[dna] fire wrote 70 bytes to ecology
[dna] fire wrote 60 bytes to ecology
[dna] fire wrote 36 bytes to ecology
[dna] fire wrote 50 bytes to ecology
[dna] fire wrote 132 bytes to ecology
[debug-onto] tick=200 corpus=145748 stage=2 freeze=0
[dna] fire wrote 75 bytes to ecology
[dna] fire wrote 75 bytes to ecology
[dna] fire wrote 39 bytes to ecology
[dna] fire wrote 14 bytes to ecology
[dna] fire wrote 50 bytes to ecology
[dna] fire wrote 18 bytes to ecology
[dna] fire wrote 49 bytes to ecology
[dna] fire wrote 66 bytes to ecology
[dna] fire wrote 57 bytes to ecology
[dna] fire wrote 74 bytes to ecology
[dna] fire wrote 11 bytes to ecology
[dna] fire wrote 21 bytes to ecology
[dna] fire wrote 52 bytes to ecology
[dna] fire wrote 24 bytes to ecology
[dna] fire wrote 29 bytes to ecology
[dna] fire wrote 21 bytes to ecology
[dna] fire wrote 31 bytes to ecology
[dna] fire wrote 123 bytes to ecology
[dna] fire wrote 60 bytes to ecology
[dna] fire wrote 33 bytes to ecology
[dna] fire wrote 72 bytes to ecology
[dna] fire wrote 69 bytes to ecology
[dna] fire wrote 110 bytes to ecology
[dna] fire wrote 47 bytes to ecology
[dna] fire wrote 136 bytes to ecology
[dna] fire wrote 119 bytes to ecology
[dna] fire wrote 117 bytes to ecology
[dna] fire wrote 72 bytes to ecology
[dna] fire wrote 51 bytes to ecology
[dna] fire wrote 24 bytes to ecology
[dna] fire wrote 36 bytes to ecology
[dna] fire wrote 73 bytes to ecology
[dna] fire wrote 180 bytes to ecology
[dna] fire wrote 7 bytes to ecology
[dna] fire wrote 123 bytes to ecology
[dna] fire wrote 44 bytes to ecology
[dna] fire wrote 40 bytes to ecology
[dna] fire wrote 24 bytes to ecology
[dna] fire wrote 35 bytes to ecology
[dna] fire wrote 58 bytes to ecology
[debug-onto] tick=250 corpus=145748 stage=2 freeze=0
[dna] fire wrote 25 bytes to ecology
[dna] fire wrote 34 bytes to ecology
[dna] fire wrote 59 bytes to ecology
[dna] fire wrote 42 bytes to ecology
[dna] fire wrote 25 bytes to ecology
[dna] fire wrote 16 bytes to ecology
[dna] fire wrote 31 bytes to ecology
[dna] fire wrote 36 bytes to ecology
[dna] fire wrote 15 bytes to ecology
[dna] fire wrote 37 bytes to ecology
[dna] fire wrote 40 bytes to ecology
[dna] fire wrote 89 bytes to ecology
[dna] fire wrote 21 bytes to ecology
[dna] fire wrote 26 bytes to ecology
[dna] fire wrote 79 bytes to ecology
[dna] fire wrote 30 bytes to ecology
[dna] fire wrote 51 bytes to ecology
[dna] fire wrote 8 bytes to ecology
[dna] fire wrote 58 bytes to ecology
[dna] fire wrote 26 bytes to ecology
[dna] fire wrote 38 bytes to ecology
[dna] fire wrote 33 bytes to ecology
[dna] fire wrote 128 bytes to ecology
[dna] fire wrote 89 bytes to ecology
[dna] fire wrote 24 bytes to ecology
[dna] fire wrote 70 bytes to ecology
[dna] fire wrote 46 bytes to ecology
[dna] fire wrote 66 bytes to ecology
[dna] fire wrote 44 bytes to ecology
[dna] fire wrote 26 bytes to ecology
[dna] fire wrote 98 bytes to ecology
[dna] fire wrote 54 bytes to ecology
[dna] fire wrote 108 bytes to ecology
[dna] fire wrote 176 bytes to ecology
[dna] fire wrote 54 bytes to ecology
[dna] fire wrote 27 bytes to ecology
[dna] fire wrote 121 bytes to ecology
[dna] fire wrote 63 bytes to ecology
[dna] fire wrote 9 bytes to ecology
[dna] fire wrote 30 bytes to ecology
[dna] fire wrote 15 bytes to ecology
[dna] fire wrote 29 bytes to ecology
[debug-onto] tick=300 corpus=145748 stage=2 freeze=0
[dna] fire wrote 52 bytes to ecology
[dna] fire wrote 35 bytes to ecology
[dna] fire wrote 57 bytes to ecology
[dna] fire wrote 60 bytes to ecology
[dna] fire wrote 30 bytes to ecology
[dna] fire wrote 47 bytes to ecology
[dna] fire wrote 81 bytes to ecology
[dna] fire wrote 66 bytes to ecology
[dna] fire wrote 16 bytes to ecology
[dna] fire wrote 43 bytes to ecology
[dna] fire wrote 7 bytes to ecology
[dna] fire wrote 18 bytes to ecology
[dna] fire wrote 60 bytes to ecology
[dna] fire wrote 124 bytes to ecology
[dna] fire wrote 59 bytes to ecology
[dna] fire wrote 29 bytes to ecology
[dna] fire wrote 108 bytes to ecology
[dna] fire wrote 29 bytes to ecology
[dna] fire wrote 9 bytes to ecology
[dna] fire wrote 59 bytes to ecology
[dna] fire wrote 25 bytes to ecology
[dna] fire wrote 21 bytes to ecology
[dna] fire wrote 30 bytes to ecology
[dna] fire wrote 44 bytes to ecology
[dna] fire wrote 86 bytes to ecology
[dna] fire wrote 33 bytes to ecology
[dna] fire wrote 51 bytes to ecology
[dna] fire wrote 19 bytes to ecology
[dna] fire wrote 23 bytes to ecology
[dna] fire wrote 123 bytes to ecology
[dna] fire wrote 43 bytes to ecology
[dna] fire wrote 8 bytes to ecology
[dna] fire wrote 28 bytes to ecology
[dna] fire wrote 25 bytes to ecology
[dna] fire wrote 77 bytes to ecology
[dna] fire wrote 55 bytes to ecology
[dna] fire wrote 72 bytes to ecology
[dna] fire wrote 29 bytes to ecology
[dna] fire wrote 69 bytes to ecology
[dna] fire wrote 71 bytes to ecology
[dna] fire wrote 48 bytes to ecology
[debug-onto] tick=350 corpus=145748 stage=2 freeze=0
[dna] fire wrote 104 bytes to ecology
[dna] fire wrote 172 bytes to ecology
[dna] fire wrote 98 bytes to ecology
[dna] fire wrote 32 bytes to ecology
[dna] fire wrote 31 bytes to ecology
[dna] fire wrote 30 bytes to ecology
[dna] fire wrote 68 bytes to ecology
[dna] fire wrote 44 bytes to ecology
[dna] fire wrote 65 bytes to ecology
[dna] fire wrote 37 bytes to ecology
[dna] fire wrote 22 bytes to ecology
[dna] fire wrote 78 bytes to ecology
[dna] fire wrote 85 bytes to ecology
[dna] fire wrote 42 bytes to ecology
[dna] fire wrote 50 bytes to ecology
[dna] fire wrote 41 bytes to ecology
[dna] fire wrote 53 bytes to ecology
[dna] fire wrote 13 bytes to ecology
[dna] fire wrote 43 bytes to ecology
[dna] fire wrote 38 bytes to ecology
[dna] fire wrote 15 bytes to ecology
[dna] fire wrote 35 bytes to ecology
[dna] fire wrote 16 bytes to ecology
[dna] fire wrote 17 bytes to ecology
[dna] fire wrote 37 bytes to ecology
[dna] fire wrote 50 bytes to ecology
[dna] fire wrote 42 bytes to ecology
[dna] fire wrote 72 bytes to ecology
[dna] fire wrote 65 bytes to ecology
[dna] fire wrote 143 bytes to ecology
[dna] fire wrote 36 bytes to ecology
[dna] fire wrote 49 bytes to ecology
[dna] fire wrote 46 bytes to ecology
[dna] fire wrote 55 bytes to ecology
[dna] fire wrote 26 bytes to ecology
[dna] fire wrote 186 bytes to ecology
[dna] fire wrote 141 bytes to ecology
[dna] fire wrote 9 bytes to ecology
[dna] fire wrote 28 bytes to ecology
[dna] fire wrote 34 bytes to ecology
[dna] fire wrote 57 bytes to ecology
[dna] fire wrote 63 bytes to ecology
[debug-onto] tick=400 corpus=145748 stage=2 freeze=0
[dna] fire wrote 36 bytes to ecology
[dna] fire wrote 22 bytes to ecology
[dna] fire wrote 123 bytes to ecology
[dna] fire wrote 106 bytes to ecology
[dna] fire wrote 36 bytes to ecology
[dna] fire wrote 151 bytes to ecology
[dna] fire wrote 25 bytes to ecology
[dna] fire wrote 77 bytes to ecology
[dna] fire wrote 80 bytes to ecology
[dna] fire wrote 92 bytes to ecology
[dna] fire wrote 100 bytes to ecology
[dna] fire wrote 47 bytes to ecology
[dna] fire wrote 79 bytes to ecology
[dna] fire wrote 35 bytes to ecology
[dna] fire wrote 28 bytes to ecology
[dna] fire wrote 17 bytes to ecology
[dna] fire wrote 34 bytes to ecology
[dna] fire wrote 12 bytes to ecology
[dna] fire wrote 63 bytes to ecology
[dna] fire wrote 54 bytes to ecology
[dna] fire wrote 25 bytes to ecology
[dna] fire wrote 27 bytes to ecology
[dna] fire wrote 16 bytes to ecology
[dna] fire wrote 72 bytes to ecology
[dna] fire wrote 18 bytes to ecology
[dna] fire wrote 26 bytes to ecology
[dna] fire wrote 61 bytes to ecology
[dna] fire wrote 29 bytes to ecology
[dna] fire wrote 48 bytes to ecology
[dna] fire wrote 61 bytes to ecology
[dna] fire wrote 57 bytes to ecology
[dna] fire wrote 29 bytes to ecology
[dna] fire wrote 59 bytes to ecology
[dna] fire wrote 34 bytes to ecology
[dna] fire wrote 29 bytes to ecology
[dna] fire wrote 17 bytes to ecology
[dna] fire wrote 9 bytes to ecology
[dna] fire wrote 37 bytes to ecology
[dna] fire wrote 84 bytes to ecology
[dna] fire wrote 41 bytes to ecology
[dna] fire wrote 21 bytes to ecology
[debug-onto] tick=450 corpus=145748 stage=2 freeze=0
[dna] fire wrote 46 bytes to ecology
[dna] fire wrote 21 bytes to ecology
[dna] fire wrote 24 bytes to ecology
[dna] fire wrote 30 bytes to ecology
[dna] fire wrote 21 bytes to ecology
[dna] fire wrote 31 bytes to ecology
[dna] fire wrote 14 bytes to ecology
[dna] fire wrote 86 bytes to ecology
[dna] fire wrote 41 bytes to ecology
[dna] fire wrote 87 bytes to ecology
[dna] fire wrote 71 bytes to ecology
[dna] fire wrote 78 bytes to ecology
[dna] fire wrote 10 bytes to ecology
[dna] fire wrote 13 bytes to ecology
[dna] fire wrote 70 bytes to ecology
[dna] fire wrote 57 bytes to ecology
[dna] fire wrote 56 bytes to ecology
[dna] fire wrote 131 bytes to ecology
[dna] fire wrote 24 bytes to ecology
[dna] fire wrote 56 bytes to ecology
[dna] fire wrote 36 bytes to ecology
[dna] fire wrote 20 bytes to ecology
[dna] fire wrote 78 bytes to ecology
[dna] fire wrote 14 bytes to ecology
[dna] fire wrote 34 bytes to ecology
[dna] fire wrote 72 bytes to ecology
[dna] fire wrote 32 bytes to ecology
[dna] fire wrote 14 bytes to ecology
[dna] fire wrote 20 bytes to ecology
[dna] fire wrote 23 bytes to ecology
[dna] fire wrote 28 bytes to ecology
[dna] fire wrote 63 bytes to ecology
[dna] fire wrote 75 bytes to ecology
[dna] fire wrote 118 bytes to ecology
[dna] fire wrote 64 bytes to ecology
[dna] fire wrote 11 bytes to ecology
[dna] fire wrote 42 bytes to ecology
[dna] fire wrote 58 bytes to ecology
[dna] fire wrote 33 bytes to ecology
[dna] fire wrote 115 bytes to ecology
[debug-onto] tick=500 corpus=145748 stage=2 freeze=0
[dna] fire wrote 23 bytes to ecology
[dna] fire wrote 78 bytes to ecology
[dna] fire wrote 32 bytes to ecology
[dna] fire wrote 62 bytes to ecology
[dna] fire wrote 31 bytes to ecology
[dna] fire wrote 64 bytes to ecology
[dna] fire wrote 88 bytes to ecology
[dna] fire wrote 56 bytes to ecology
[dna] fire wrote 40 bytes to ecology
[dna] fire wrote 38 bytes to ecology
[dna] fire wrote 184 bytes to ecology
[dna] fire wrote 27 bytes to ecology
[dna] fire wrote 75 bytes to ecology
[dna] fire wrote 160 bytes to ecology
[dna] fire wrote 55 bytes to ecology
[dna] fire wrote 69 bytes to ecology
[dna] fire wrote 24 bytes to ecology
[dna] fire wrote 191 bytes to ecology
[dna] fire wrote 40 bytes to ecology
[dna] fire wrote 93 bytes to ecology
[dna] fire wrote 42 bytes to ecology
[dna] fire wrote 53 bytes to ecology
[dna] fire wrote 23 bytes to ecology
[dna] fire wrote 51 bytes to ecology
[dna] fire wrote 55 bytes to ecology
[dna] fire wrote 102 bytes to ecology
[dna] fire wrote 42 bytes to ecology
[dna] fire wrote 15 bytes to ecology
[dna] fire wrote 19 bytes to ecology
[dna] fire wrote 80 bytes to ecology
[dna] fire wrote 65 bytes to ecology
[dna] fire wrote 44 bytes to ecology
[dna] fire wrote 46 bytes to ecology
[dna] fire wrote 14 bytes to ecology
[dna] fire wrote 5 bytes to ecology
[dna] fire wrote 53 bytes to ecology
[dna] fire wrote 92 bytes to ecology
[dna] fire wrote 50 bytes to ecology
[dna] fire wrote 72 bytes to ecology
[dna] fire wrote 151 bytes to ecology
[dna] fire wrote 55 bytes to ecology
[dna] fire wrote 81 bytes to ecology
[debug-onto] tick=550 corpus=145748 stage=2 freeze=0
[dna] fire wrote 88 bytes to ecology
[dna] fire wrote 32 bytes to ecology
[dna] fire wrote 24 bytes to ecology
[dna] fire wrote 33 bytes to ecology
[dna] fire wrote 148 bytes to ecology
[dna] fire wrote 46 bytes to ecology
[dna] fire wrote 74 bytes to ecology
[dna] fire wrote 37 bytes to ecology
[dna] fire wrote 22 bytes to ecology
[dna] fire wrote 34 bytes to ecology
[dna] fire wrote 9 bytes to ecology
[dna] fire wrote 46 bytes to ecology
[dna] fire wrote 69 bytes to ecology
[dna] fire wrote 40 bytes to ecology
[dna] fire wrote 25 bytes to ecology
[dna] fire wrote 34 bytes to ecology
[dna] fire wrote 38 bytes to ecology
[dna] fire wrote 15 bytes to ecology
[dna] fire wrote 138 bytes to ecology
[dna] fire wrote 133 bytes to ecology
[dna] fire wrote 23 bytes to ecology
[dna] fire wrote 37 bytes to ecology
[dna] fire wrote 44 bytes to ecology
[dna] fire wrote 16 bytes to ecology
[dna] fire wrote 84 bytes to ecology
[dna] fire wrote 86 bytes to ecology
[dna] fire wrote 112 bytes to ecology
[dna] fire wrote 53 bytes to ecology
[dna] fire wrote 12 bytes to ecology
[dna] fire wrote 46 bytes to ecology
[dna] fire wrote 44 bytes to ecology
[dna] fire wrote 17 bytes to ecology
[dna] fire wrote 45 bytes to ecology
[dna] fire wrote 23 bytes to ecology
[dna] fire wrote 33 bytes to ecology
[dna] fire wrote 8 bytes to ecology
[dna] fire wrote 57 bytes to ecology
[dna] fire wrote 34 bytes to ecology
[dna] fire wrote 57 bytes to ecology
[dna] fire wrote 21 bytes to ecology
[dna] fire wrote 79 bytes to ecology
[dna] fire wrote 102 bytes to ecology
[debug-onto] tick=600 corpus=145748 stage=2 freeze=0
[dna] fire wrote 9 bytes to ecology
[dna] fire wrote 71 bytes to ecology
[dna] fire wrote 100 bytes to ecology
[dna] fire wrote 161 bytes to ecology
[dna] fire wrote 220 bytes to ecology
[dna] fire wrote 47 bytes to ecology
[dna] fire wrote 50 bytes to ecology
[dna] fire wrote 34 bytes to ecology
[dna] fire wrote 41 bytes to ecology
[dna] fire wrote 28 bytes to ecology
[dna] fire wrote 60 bytes to ecology
[dna] fire wrote 63 bytes to ecology
[dna] fire wrote 45 bytes to ecology
[dna] fire wrote 84 bytes to ecology
[dna] fire wrote 79 bytes to ecology
[dna] fire wrote 26 bytes to ecology
[dna] fire wrote 56 bytes to ecology
[dna] fire wrote 14 bytes to ecology
[dna] fire wrote 11 bytes to ecology
[dna] fire wrote 56 bytes to ecology
[dna] fire wrote 39 bytes to ecology
[dna] fire wrote 51 bytes to ecology
[dna] fire wrote 55 bytes to ecology
[dna] fire wrote 101 bytes to ecology
[dna] fire wrote 207 bytes to ecology
[dna] fire wrote 36 bytes to ecology
[dna] fire wrote 88 bytes to ecology
[dna] fire wrote 72 bytes to ecology
[dna] fire wrote 155 bytes to ecology
[dna] fire wrote 70 bytes to ecology
[dna] fire wrote 58 bytes to ecology
[dna] fire wrote 106 bytes to ecology
[dna] fire wrote 36 bytes to ecology
[dna] fire wrote 31 bytes to ecology
[dna] fire wrote 41 bytes to ecology
[dna] fire wrote 54 bytes to ecology
[dna] fire wrote 46 bytes to ecology

[evolution] Organism shutting down gracefully.
