[ecology] Element: water → corpus: nonames_water.txt
[evolution] Autonomous evolution mode — organism will grow through all stages without pause.
[ecology] Joined swarm. 1 peer(s) detected.
molequla is alive. [evolution] Autonomous mode — background trainer running. Ctrl+C to stop.
[dna] water wrote 28 bytes to ecology
[dna] water consumed 36623 bytes from 473 files: [air/gen_1775975121_1.txt air/gen_1775975132_2.txt air/gen_1775975135_3.txt air/gen_1775975138_4.txt air/gen_1775975146_7.txt air/gen_1775975149_8.txt air/gen_1775975154_10.txt air/gen_1775975160_12.txt air/gen_1775975162_13.txt air/gen_1775975165_14.txt air/gen_1775975170_16.txt air/gen_1775975176_18.txt air/gen_1775975179_19.txt air/gen_1775975181_20.txt air/gen_1775975184_21.txt air/gen_1775975187_22.txt air/gen_1775975192_24.txt air/gen_1775975195_25.txt air/gen_1775975198_26.txt air/gen_1775975203_28.txt air/gen_1775975212_31.txt air/gen_1775975214_32.txt air/gen_1775975220_34.txt air/gen_1775975228_37.txt air/gen_1775975231_38.txt air/gen_1775975233_39.txt air/gen_1775975236_40.txt air/gen_1775975242_42.txt air/gen_1775975244_43.txt air/gen_1775975247_44.txt air/gen_1775975250_45.txt air/gen_1775975253_46.txt air/gen_1775975258_48.txt air/gen_1775975261_49.txt air/gen_1775975264_50.txt air/gen_1775975269_52.txt air/gen_1775975275_54.txt air/gen_1775975278_55.txt air/gen_1775975280_56.txt air/gen_1775975286_58.txt air/gen_1775975292_60.txt air/gen_1775975294_61.txt air/gen_1775975297_62.txt air/gen_1775975303_64.txt air/gen_1775975308_66.txt air/gen_1775975311_67.txt air/gen_1775975314_68.txt air/gen_1775975317_69.txt air/gen_1775975320_70.txt air/gen_1775975325_72.txt air/gen_1775975328_73.txt air/gen_1775975331_74.txt air/gen_1775975334_75.txt air/gen_1775975336_76.txt air/gen_1775975342_78.txt air/gen_1775975345_79.txt air/gen_1775975348_80.txt air/gen_1775975353_82.txt air/gen_1775975359_84.txt air/gen_1775975362_85.txt air/gen_1775975364_86.txt air/gen_1775975367_87.txt air/gen_1775975370_88.txt air/gen_1775975375_90.txt air/gen_1775975378_91.txt air/gen_1775975381_92.txt air/gen_1775975386_94.txt air/gen_1775975392_96.txt air/gen_1775975395_97.txt air/gen_1775975397_98.txt air/gen_1775975400_99.txt air/gen_1775975403_100.txt air/gen_1775975408_102.txt air/gen_1775975411_103.txt air/gen_1775975414_104.txt air/gen_1775975419_106.txt air/gen_1775975425_108.txt air/gen_1775975427_109.txt air/gen_1775975430_110.txt air/gen_1775975433_111.txt air/gen_1775975436_112.txt air/gen_1775975441_114.txt air/gen_1775975444_115.txt air/gen_1775975446_116.txt air/gen_1775975449_117.txt air/gen_1775975452_118.txt air/gen_1775975457_120.txt air/gen_1775975460_121.txt air/gen_1775975463_122.txt air/gen_1775975465_123.txt air/gen_1775975468_124.txt air/gen_1775975474_126.txt air/gen_1775975476_127.txt air/gen_1775975479_128.txt air/gen_1775975482_129.txt air/gen_1775975485_130.txt air/gen_1775975490_132.txt air/gen_1775975493_133.txt air/gen_1775975495_134.txt air/gen_1775975498_135.txt air/gen_1775975501_136.txt air/gen_1775975506_138.txt air/gen_1775975509_139.txt air/gen_1775975512_140.txt air/gen_1775975517_142.txt air/gen_1775975525_145.txt air/gen_1775975528_146.txt air/gen_1775975533_148.txt air/gen_1775975539_150.txt air/gen_1775975542_151.txt air/gen_1775975544_152.txt air/gen_1775975550_154.txt air/gen_1775975555_156.txt air/gen_1775975558_157.txt air/gen_1775975561_158.txt air/gen_1775975563_159.txt air/gen_1775975566_160.txt air/gen_1775975571_162.txt air/gen_1775975574_163.txt air/gen_1775975577_164.txt air/gen_1775975580_165.txt air/gen_1775975582_166.txt air/gen_1775975588_168.txt air/gen_1775975590_169.txt air/gen_1775975593_170.txt air/gen_1775975596_171.txt air/gen_1775975599_172.txt air/gen_1775975607_175.txt air/gen_1775975609_176.txt air/gen_1775975615_178.txt air/gen_1775975620_180.txt air/gen_1775975623_181.txt air/gen_1775975626_182.txt air/gen_1775975631_184.txt air/gen_1775975637_186.txt air/gen_1775975639_187.txt air/gen_1775975642_188.txt air/gen_1775975645_189.txt air/gen_1775975648_190.txt air/gen_1775975653_192.txt air/gen_1775975656_193.txt air/gen_1775975658_194.txt air/gen_1775975664_196.txt air/gen_1775975669_198.txt air/gen_1775975672_199.txt air/gen_1775975675_200.txt air/gen_1775975677_201.txt air/gen_1775975680_202.txt air/gen_1775975686_204.txt air/gen_1775975688_205.txt air/gen_1775975691_206.txt air/gen_1775975694_207.txt air/gen_1775975697_208.txt air/gen_1775975705_211.txt air/gen_1775975708_212.txt air/gen_1775975713_214.txt air/gen_1775975718_216.txt air/gen_1775975721_217.txt air/gen_1775975724_218.txt air/gen_1775975729_220.txt air/gen_1775975735_222.txt air/gen_1775975737_223.txt air/gen_1775975740_224.txt air/gen_1775975745_226.txt air/gen_1775975751_228.txt air/gen_1775975754_229.txt air/gen_1775975756_230.txt air/gen_1775975762_232.txt air/gen_1775975767_234.txt air/gen_1775975770_235.txt air/gen_1775975773_236.txt air/gen_1775975778_238.txt air/gen_1775975783_240.txt air/gen_1775975786_241.txt air/gen_1775975789_242.txt air/gen_1775975794_244.txt air/gen_1775975800_246.txt air/gen_1775975802_247.txt air/gen_1775975805_248.txt air/gen_1775975808_249.txt air/gen_1775975811_250.txt air/gen_1775975816_252.txt air/gen_1775975819_253.txt air/gen_1775975822_254.txt air/gen_1775975824_255.txt air/gen_1775975827_256.txt air/gen_1775975833_258.txt air/gen_1775975836_259.txt air/gen_1775975838_260.txt air/gen_1775975844_262.txt air/gen_1775975849_264.txt air/gen_1775975852_265.txt air/gen_1775975855_266.txt air/gen_1775975860_268.txt air/gen_1775975866_270.txt air/gen_1775975869_271.txt air/gen_1775975872_272.txt air/gen_1775975877_274.txt air/gen_1775975883_276.txt air/gen_1775975886_277.txt air/gen_1775975889_278.txt air/gen_1775975892_279.txt air/gen_1775975895_280.txt air/gen_1775975900_282.txt air/gen_1775975903_283.txt air/gen_1775975906_284.txt air/gen_1775975911_286.txt air/gen_1775975917_288.txt air/gen_1775975920_289.txt air/gen_1775975922_290.txt air/gen_1775975928_292.txt air/gen_1775975933_294.txt air/gen_1775975936_295.txt air/gen_1775975939_296.txt air/gen_1775975944_298.txt air/gen_1775975950_300.txt air/gen_1775975952_301.txt air/gen_1775975955_302.txt air/gen_1775975958_303.txt air/gen_1775975961_304.txt air/gen_1775975966_306.txt air/gen_1775975969_307.txt air/gen_1775975972_308.txt air/gen_1775975977_310.txt air/gen_1775975982_312.txt air/gen_1775975985_313.txt air/gen_1775975988_314.txt air/gen_1775975991_315.txt air/gen_1775975993_316.txt air/gen_1775975999_318.txt air/gen_1775976001_319.txt air/gen_1775976004_320.txt air/gen_1775976010_322.txt air/gen_1775976015_324.txt air/gen_1775976018_325.txt air/gen_1775976020_326.txt air/gen_1775976026_328.txt air/gen_1775976031_330.txt air/gen_1775976034_331.txt air/gen_1775976037_332.txt air/gen_1775976042_334.txt air/gen_1775976047_336.txt air/gen_1775976050_337.txt air/gen_1775976053_338.txt air/gen_1775976058_340.txt air/gen_1775976064_342.txt air/gen_1775976066_343.txt air/gen_1775976069_344.txt air/gen_1775976075_346.txt air/gen_1775976080_348.txt air/gen_1775976083_349.txt air/gen_1775976086_350.txt air/gen_1775976091_352.txt air/gen_1775976097_354.txt air/gen_1775976099_355.txt air/gen_1775976102_356.txt air/gen_1775976105_357.txt air/gen_1775976107_358.txt air/gen_1775976113_360.txt air/gen_1775976116_361.txt air/gen_1775976118_362.txt air/gen_1775976124_364.txt air/gen_1775976129_366.txt air/gen_1775976132_367.txt air/gen_1775976135_368.txt air/gen_1775976137_369.txt air/gen_1775976140_370.txt air/gen_1775976146_372.txt air/gen_1775976148_373.txt air/gen_1775976151_374.txt air/gen_1775976154_375.txt air/gen_1775976157_376.txt air/gen_1775976162_378.txt air/gen_1775976165_379.txt air/gen_1775976168_380.txt air/gen_1775976173_382.txt air/gen_1775976178_384.txt air/gen_1775976181_385.txt air/gen_1775976184_386.txt air/gen_1775976187_387.txt air/gen_1775976189_388.txt air/gen_1775976195_390.txt air/gen_1775976198_391.txt air/gen_1775976200_392.txt air/gen_1775976203_393.txt air/gen_1775976206_394.txt air/gen_1775976211_396.txt air/gen_1775976214_397.txt air/gen_1775976217_398.txt air/gen_1775976220_399.txt air/gen_1775976222_400.txt air/gen_1775976228_402.txt air/gen_1775976231_403.txt air/gen_1775976233_404.txt air/gen_1775976236_405.txt air/gen_1775976239_406.txt air/gen_1775976244_408.txt air/gen_1775976247_409.txt air/gen_1775976250_410.txt air/gen_1775976253_411.txt air/gen_1775976255_412.txt air/gen_1775976264_415.txt air/gen_1775976266_416.txt air/gen_1775976272_418.txt air/gen_1775976277_420.txt air/gen_1775976280_421.txt air/gen_1775976283_422.txt air/gen_1775976288_424.txt air/gen_1775976294_426.txt air/gen_1775976296_427.txt air/gen_1775976299_428.txt air/gen_1775976302_429.txt air/gen_1775976304_430.txt air/gen_1775976310_432.txt air/gen_1775976313_433.txt air/gen_1775976316_434.txt air/gen_1775976321_436.txt air/gen_1775976326_438.txt air/gen_1775976329_439.txt air/gen_1775976332_440.txt air/gen_1775976337_442.txt air/gen_1775976346_445.txt air/gen_1775976348_446.txt air/gen_1775976354_448.txt air/gen_1775976359_450.txt air/gen_1775976362_451.txt air/gen_1775976365_452.txt air/gen_1775976370_454.txt air/gen_1775976376_456.txt air/gen_1775976378_457.txt air/gen_1775976381_458.txt air/gen_1775976384_459.txt air/gen_1775976387_460.txt air/gen_1775976392_462.txt air/gen_1775976395_463.txt air/gen_1775976398_464.txt air/gen_1775976403_466.txt air/gen_1775976409_468.txt air/gen_1775976411_469.txt air/gen_1775976414_470.txt air/gen_1775976417_471.txt air/gen_1775976420_472.txt air/gen_1775976425_474.txt air/gen_1775976428_475.txt air/gen_1775976431_476.txt air/gen_1775976436_478.txt air/gen_1775976442_480.txt air/gen_1775976444_481.txt air/gen_1775976447_482.txt air/gen_1775976453_484.txt air/gen_1775976458_486.txt air/gen_1775976461_487.txt air/gen_1775976464_488.txt air/gen_1775976467_489.txt air/gen_1775976470_490.txt air/gen_1775976475_492.txt air/gen_1775976478_493.txt air/gen_1775976481_494.txt air/gen_1775976486_496.txt air/gen_1775976492_498.txt air/gen_1775976495_499.txt air/gen_1775976497_500.txt air/gen_1775976503_502.txt air/gen_1775976509_504.txt air/gen_1775976512_505.txt air/gen_1775976515_506.txt air/gen_1775976521_508.txt air/gen_1775976526_510.txt air/gen_1775976529_511.txt air/gen_1775976532_512.txt air/gen_1775976535_513.txt air/gen_1775976538_514.txt air/gen_1775976544_516.txt air/gen_1775976547_517.txt air/gen_1775976550_518.txt air/gen_1775976553_519.txt air/gen_1775976556_520.txt air/gen_1775976562_522.txt air/gen_1775976564_523.txt air/gen_1775976567_524.txt air/gen_1775976573_526.txt air/gen_1775976579_528.txt air/gen_1775976582_529.txt air/gen_1775976584_530.txt air/gen_1775976587_531.txt air/gen_1775976590_532.txt air/gen_1775976596_534.txt air/gen_1775976599_535.txt air/gen_1775976601_536.txt air/gen_1775976607_538.txt air/gen_1775976612_540.txt air/gen_1775976615_541.txt air/gen_1775976618_542.txt air/gen_1775976623_544.txt air/gen_1775976628_546.txt air/gen_1775976631_547.txt air/gen_1775976634_548.txt air/gen_1775976636_549.txt air/gen_1775976639_550.txt air/gen_1775976644_552.txt air/gen_1775976647_553.txt air/gen_1775976650_554.txt air/gen_1775976655_556.txt air/gen_1775976661_558.txt air/gen_1775976663_559.txt air/gen_1775976666_560.txt air/gen_1775976672_562.txt air/gen_1775976677_564.txt air/gen_1775976680_565.txt air/gen_1775976683_566.txt air/gen_1775976688_568.txt air/gen_1775976694_570.txt air/gen_1775976697_571.txt air/gen_1775976699_572.txt air/gen_1775976705_574.txt air/gen_1775976713_577.txt air/gen_1775976716_578.txt air/gen_1775976718_579.txt air/gen_1775976721_580.txt air/gen_1775976726_582.txt air/gen_1775976729_583.txt air/gen_1775976732_584.txt air/gen_1775976734_585.txt air/gen_1775976737_586.txt air/gen_1775976742_588.txt air/gen_1775976745_589.txt air/gen_1775976748_590.txt air/gen_1775976750_591.txt air/gen_1775976753_592.txt air/gen_1775976759_594.txt air/gen_1775976761_595.txt air/gen_1775976764_596.txt air/gen_1775976767_597.txt air/gen_1775976769_598.txt air/gen_1775976775_600.txt air/gen_1775976777_601.txt air/gen_1775976780_602.txt air/gen_1775976785_604.txt air/gen_1775976791_606.txt air/gen_1775976793_607.txt air/gen_1775976796_608.txt air/gen_1775976799_609.txt air/gen_1775976801_610.txt air/gen_1775976807_612.txt air/gen_1775976809_613.txt air/gen_1775976812_614.txt air/gen_1775976815_615.txt air/gen_1775976817_616.txt air/gen_1775976823_618.txt air/gen_1775976826_619.txt air/gen_1775976828_620.txt air/gen_1775976834_622.txt air/gen_1775976839_624.txt air/gen_1775976842_625.txt air/gen_1775976844_626.txt air/gen_1775976850_628.txt air/gen_1775976855_630.txt air/gen_1775976858_631.txt air/gen_1775976860_632.txt air/gen_1775976863_633.txt air/gen_1775976866_634.txt air/gen_1775976871_636.txt air/gen_1775976874_637.txt air/gen_1775976876_638.txt air/gen_1775976882_640.txt air/gen_1775976887_642.txt air/gen_1775976890_643.txt air/gen_1775976892_644.txt air/gen_1775976898_646.txt air/gen_1775976903_648.txt air/gen_1775976906_649.txt air/gen_1775976908_650.txt air/gen_1775976914_652.txt]
[trainer] micro-train burst (36623 bytes, novelty 0.02) — and lo, it feeds again.
[syntropy] action=explore | trend=0.0000 | field_dev=-0.026 | purpose_align=-0.005 | lr_mul=1.30
[aml] burst complete: 32 steps, avg loss 1.4809 (memory freed)
[dna] water wrote 123 bytes to ecology
[dna] water wrote 29 bytes to ecology
[dna] water wrote 40 bytes to ecology
[dna] water wrote 19 bytes to ecology
[dna] water wrote 47 bytes to ecology
[dna] water wrote 161 bytes to ecology
[dna] water wrote 93 bytes to ecology
[dna] water wrote 70 bytes to ecology
[dna] water wrote 84 bytes to ecology
[dna] water wrote 20 bytes to ecology
[dna] water wrote 61 bytes to ecology
[dna] water wrote 159 bytes to ecology
[dna] water wrote 31 bytes to ecology
[dna] water wrote 32 bytes to ecology
[dna] water wrote 51 bytes to ecology
[dna] water wrote 25 bytes to ecology
[dna] water wrote 34 bytes to ecology
[dna] water wrote 43 bytes to ecology
[dna] water wrote 50 bytes to ecology
[dna] water wrote 138 bytes to ecology
[dna] water wrote 29 bytes to ecology
[dna] water wrote 30 bytes to ecology
[dna] water wrote 42 bytes to ecology
[dna] water wrote 46 bytes to ecology
[dna] water wrote 23 bytes to ecology
[dna] water wrote 50 bytes to ecology
[dna] water wrote 23 bytes to ecology
[dna] water wrote 96 bytes to ecology
[dna] water wrote 19 bytes to ecology
[dna] water wrote 91 bytes to ecology
[dna] water wrote 23 bytes to ecology
[debug-onto] tick=50 corpus=162793 stage=2 freeze=0
[dna] water wrote 88 bytes to ecology
[dna] water wrote 34 bytes to ecology
[dna] water wrote 182 bytes to ecology
[dna] water wrote 84 bytes to ecology
[dna] water wrote 52 bytes to ecology
[dna] water wrote 30 bytes to ecology
[dna] water wrote 129 bytes to ecology
[dna] water wrote 102 bytes to ecology
[dna] water wrote 48 bytes to ecology
[dna] water wrote 40 bytes to ecology
[dna] water wrote 68 bytes to ecology
[dna] water wrote 46 bytes to ecology
[dna] water wrote 54 bytes to ecology
[dna] water wrote 27 bytes to ecology
[dna] water wrote 45 bytes to ecology
[dna] water wrote 17 bytes to ecology
[dna] water wrote 66 bytes to ecology
[dna] water wrote 24 bytes to ecology
[dna] water wrote 68 bytes to ecology
[dna] water wrote 52 bytes to ecology
[dna] water wrote 45 bytes to ecology
[dna] water wrote 65 bytes to ecology
[dna] water wrote 61 bytes to ecology
[dna] water wrote 170 bytes to ecology
[dna] water wrote 37 bytes to ecology
[dna] water wrote 107 bytes to ecology
[dna] water wrote 23 bytes to ecology
[dna] water wrote 66 bytes to ecology
[dna] water wrote 48 bytes to ecology
[dna] water wrote 84 bytes to ecology
[dna] water wrote 31 bytes to ecology
[dna] water wrote 57 bytes to ecology
[debug-onto] tick=100 corpus=162793 stage=2 freeze=0
[dna] water wrote 34 bytes to ecology
[dna] water wrote 51 bytes to ecology
[dna] water wrote 66 bytes to ecology
[dna] water wrote 84 bytes to ecology
[dna] water wrote 45 bytes to ecology
[dna] water wrote 20 bytes to ecology
[dna] water wrote 25 bytes to ecology
[dna] water wrote 118 bytes to ecology
[dna] water wrote 77 bytes to ecology
[dna] water wrote 34 bytes to ecology
[dna] water wrote 47 bytes to ecology
[dna] water wrote 45 bytes to ecology
[dna] water wrote 68 bytes to ecology
[dna] water wrote 54 bytes to ecology
[dna] water wrote 73 bytes to ecology
[dna] water wrote 27 bytes to ecology
[dna] water wrote 66 bytes to ecology
[dna] water wrote 63 bytes to ecology
[dna] water wrote 33 bytes to ecology
[dna] water wrote 56 bytes to ecology
[dna] water wrote 52 bytes to ecology
[dna] water wrote 60 bytes to ecology
[dna] water wrote 37 bytes to ecology
[dna] water wrote 121 bytes to ecology
[dna] water wrote 75 bytes to ecology
[dna] water wrote 118 bytes to ecology
[dna] water wrote 92 bytes to ecology
[dna] water wrote 103 bytes to ecology
[dna] water wrote 17 bytes to ecology
[dna] water wrote 50 bytes to ecology
[dna] water wrote 102 bytes to ecology
[dna] water wrote 163 bytes to ecology
[debug-onto] tick=150 corpus=162793 stage=2 freeze=0
[dna] water wrote 54 bytes to ecology
[dna] water wrote 38 bytes to ecology
[dna] water wrote 28 bytes to ecology
[dna] water wrote 37 bytes to ecology
[dna] water wrote 105 bytes to ecology
[dna] water wrote 67 bytes to ecology
[dna] water wrote 24 bytes to ecology
[dna] water wrote 49 bytes to ecology
[dna] water wrote 10 bytes to ecology
[dna] water wrote 35 bytes to ecology
[dna] water wrote 11 bytes to ecology
[dna] water wrote 74 bytes to ecology
[dna] water wrote 64 bytes to ecology
[dna] water wrote 29 bytes to ecology
[dna] water wrote 9 bytes to ecology
[dna] water wrote 40 bytes to ecology
[dna] water wrote 46 bytes to ecology
[dna] water wrote 64 bytes to ecology
[dna] water wrote 65 bytes to ecology
[dna] water wrote 79 bytes to ecology
[dna] water wrote 105 bytes to ecology
[dna] water wrote 107 bytes to ecology
[dna] water wrote 86 bytes to ecology
[dna] water wrote 34 bytes to ecology
[dna] water wrote 72 bytes to ecology
[dna] water wrote 56 bytes to ecology
[dna] water wrote 62 bytes to ecology
[dna] water wrote 45 bytes to ecology
[dna] water wrote 79 bytes to ecology
[dna] water wrote 13 bytes to ecology
[dna] water wrote 116 bytes to ecology
[dna] water wrote 180 bytes to ecology
[debug-onto] tick=200 corpus=162793 stage=2 freeze=0
[dna] water wrote 33 bytes to ecology
[dna] water wrote 33 bytes to ecology
[dna] water wrote 66 bytes to ecology
[dna] water wrote 47 bytes to ecology
[dna] water wrote 37 bytes to ecology
[dna] water wrote 84 bytes to ecology
[dna] water wrote 44 bytes to ecology
[dna] water wrote 33 bytes to ecology
[dna] water wrote 61 bytes to ecology
[dna] water wrote 49 bytes to ecology
[dna] water wrote 65 bytes to ecology
[dna] water wrote 45 bytes to ecology
[dna] water wrote 49 bytes to ecology
[dna] water wrote 96 bytes to ecology
[dna] water wrote 100 bytes to ecology
[dna] water wrote 29 bytes to ecology
[dna] water wrote 105 bytes to ecology
[dna] water wrote 115 bytes to ecology
[dna] water wrote 22 bytes to ecology
[dna] water wrote 45 bytes to ecology
[dna] water wrote 186 bytes to ecology
[dna] water wrote 29 bytes to ecology
[dna] water wrote 42 bytes to ecology
[dna] water wrote 39 bytes to ecology
[dna] water wrote 58 bytes to ecology
[dna] water wrote 119 bytes to ecology
[dna] water wrote 54 bytes to ecology
[dna] water wrote 25 bytes to ecology
[dna] water wrote 67 bytes to ecology
[dna] water wrote 65 bytes to ecology
[debug-onto] tick=250 corpus=162793 stage=2 freeze=0
[dna] water wrote 76 bytes to ecology
[dna] water wrote 111 bytes to ecology
[dna] water wrote 63 bytes to ecology
[dna] water wrote 163 bytes to ecology
[dna] water wrote 185 bytes to ecology
[dna] water wrote 103 bytes to ecology
[dna] water wrote 45 bytes to ecology
[dna] water wrote 68 bytes to ecology
[dna] water wrote 41 bytes to ecology
[dna] water wrote 99 bytes to ecology
[dna] water wrote 17 bytes to ecology
[dna] water wrote 88 bytes to ecology
[dna] water wrote 100 bytes to ecology
[dna] water wrote 45 bytes to ecology
[dna] water wrote 43 bytes to ecology
[dna] water wrote 147 bytes to ecology
[dna] water wrote 32 bytes to ecology
[dna] water wrote 73 bytes to ecology
[dna] water wrote 50 bytes to ecology
[dna] water wrote 17 bytes to ecology
[dna] water wrote 60 bytes to ecology
[dna] water wrote 13 bytes to ecology
[dna] water wrote 106 bytes to ecology
[dna] water wrote 126 bytes to ecology
[dna] water wrote 46 bytes to ecology
[dna] water wrote 98 bytes to ecology
[dna] water wrote 117 bytes to ecology
[dna] water wrote 26 bytes to ecology
[dna] water wrote 45 bytes to ecology
[dna] water wrote 83 bytes to ecology
[dna] water wrote 63 bytes to ecology
[dna] water wrote 37 bytes to ecology
[debug-onto] tick=300 corpus=162793 stage=2 freeze=0
[dna] water wrote 140 bytes to ecology
[dna] water wrote 22 bytes to ecology
[dna] water wrote 30 bytes to ecology
[dna] water wrote 108 bytes to ecology
[dna] water wrote 39 bytes to ecology
[dna] water wrote 10 bytes to ecology
[dna] water wrote 47 bytes to ecology
[dna] water wrote 72 bytes to ecology
[dna] water wrote 46 bytes to ecology
[dna] water wrote 32 bytes to ecology
[dna] water wrote 35 bytes to ecology
[dna] water wrote 114 bytes to ecology
[dna] water wrote 54 bytes to ecology
[dna] water wrote 43 bytes to ecology
[dna] water wrote 128 bytes to ecology
[dna] water wrote 144 bytes to ecology
[dna] water wrote 17 bytes to ecology
[dna] water wrote 101 bytes to ecology
[dna] water wrote 26 bytes to ecology
[dna] water wrote 28 bytes to ecology
[dna] water wrote 93 bytes to ecology
[dna] water wrote 129 bytes to ecology
[dna] water wrote 170 bytes to ecology
[dna] water wrote 30 bytes to ecology
[dna] water wrote 113 bytes to ecology
[dna] water wrote 78 bytes to ecology
[dna] water wrote 39 bytes to ecology
[dna] water wrote 99 bytes to ecology
[dna] water wrote 82 bytes to ecology
[dna] water wrote 154 bytes to ecology
[dna] water wrote 47 bytes to ecology
[debug-onto] tick=350 corpus=162793 stage=2 freeze=0
[dna] water wrote 78 bytes to ecology
[dna] water wrote 42 bytes to ecology
[dna] water wrote 164 bytes to ecology
[dna] water wrote 39 bytes to ecology
[dna] water wrote 121 bytes to ecology
[dna] water wrote 202 bytes to ecology
[dna] water wrote 28 bytes to ecology
[dna] water wrote 49 bytes to ecology
[dna] water wrote 61 bytes to ecology
[dna] water wrote 22 bytes to ecology
[dna] water wrote 10 bytes to ecology
[dna] water wrote 56 bytes to ecology
[dna] water wrote 24 bytes to ecology
[dna] water wrote 17 bytes to ecology
[dna] water wrote 94 bytes to ecology
[dna] water wrote 65 bytes to ecology
[dna] water wrote 46 bytes to ecology
[dna] water wrote 44 bytes to ecology
[dna] water wrote 32 bytes to ecology
[dna] water wrote 63 bytes to ecology
[dna] water wrote 103 bytes to ecology
[dna] water wrote 78 bytes to ecology
[dna] water wrote 16 bytes to ecology
[dna] water wrote 74 bytes to ecology
[dna] water wrote 53 bytes to ecology
[dna] water wrote 64 bytes to ecology
[dna] water wrote 89 bytes to ecology
[dna] water wrote 59 bytes to ecology
[dna] water wrote 76 bytes to ecology
[dna] water wrote 108 bytes to ecology
[dna] water wrote 34 bytes to ecology
[dna] water wrote 54 bytes to ecology
[debug-onto] tick=400 corpus=162793 stage=2 freeze=0
[dna] water wrote 38 bytes to ecology
[dna] water wrote 36 bytes to ecology
[dna] water wrote 34 bytes to ecology
[dna] water wrote 74 bytes to ecology
[dna] water wrote 173 bytes to ecology
[dna] water wrote 15 bytes to ecology
[dna] water wrote 142 bytes to ecology
[dna] water wrote 31 bytes to ecology
[dna] water wrote 111 bytes to ecology
[dna] water wrote 65 bytes to ecology
[dna] water wrote 112 bytes to ecology
[dna] water wrote 33 bytes to ecology
[dna] water wrote 70 bytes to ecology
[dna] water wrote 116 bytes to ecology
[dna] water wrote 59 bytes to ecology
[dna] water wrote 22 bytes to ecology
[dna] water wrote 27 bytes to ecology
[dna] water wrote 34 bytes to ecology
[dna] water wrote 32 bytes to ecology
[dna] water wrote 52 bytes to ecology
[dna] water wrote 60 bytes to ecology
[dna] water wrote 188 bytes to ecology
[dna] water wrote 248 bytes to ecology
[dna] water wrote 39 bytes to ecology
[dna] water wrote 106 bytes to ecology
[dna] water wrote 45 bytes to ecology
[dna] water wrote 78 bytes to ecology
[dna] water wrote 49 bytes to ecology
[dna] water wrote 118 bytes to ecology
[dna] water wrote 209 bytes to ecology
[dna] water wrote 39 bytes to ecology
[dna] water wrote 40 bytes to ecology
[dna] water wrote 64 bytes to ecology
[debug-onto] tick=450 corpus=162793 stage=2 freeze=0
[dna] water wrote 42 bytes to ecology
[dna] water wrote 64 bytes to ecology
[dna] water wrote 88 bytes to ecology
[dna] water wrote 66 bytes to ecology
[dna] water wrote 72 bytes to ecology
[dna] water wrote 70 bytes to ecology
[dna] water wrote 15 bytes to ecology
[dna] water wrote 70 bytes to ecology
[dna] water wrote 136 bytes to ecology
[dna] water wrote 222 bytes to ecology
[dna] water wrote 73 bytes to ecology
[dna] water wrote 48 bytes to ecology
[dna] water wrote 93 bytes to ecology
[dna] water wrote 23 bytes to ecology
[dna] water wrote 44 bytes to ecology
[dna] water wrote 117 bytes to ecology
[dna] water wrote 62 bytes to ecology
[dna] water wrote 34 bytes to ecology
[dna] water wrote 75 bytes to ecology
[dna] water wrote 132 bytes to ecology
[dna] water wrote 73 bytes to ecology
[dna] water wrote 25 bytes to ecology
[dna] water wrote 67 bytes to ecology
[dna] water wrote 62 bytes to ecology
[dna] water wrote 28 bytes to ecology
[dna] water wrote 41 bytes to ecology
[dna] water wrote 36 bytes to ecology
[dna] water wrote 58 bytes to ecology
[dna] water wrote 9 bytes to ecology
[dna] water wrote 100 bytes to ecology
[dna] water wrote 56 bytes to ecology
[debug-onto] tick=500 corpus=162793 stage=2 freeze=0
[dna] water wrote 40 bytes to ecology
[dna] water wrote 36 bytes to ecology
[dna] water wrote 31 bytes to ecology
[dna] water wrote 68 bytes to ecology
[dna] water wrote 125 bytes to ecology
[dna] water wrote 53 bytes to ecology
[dna] water wrote 34 bytes to ecology
[dna] water wrote 88 bytes to ecology
[dna] water wrote 40 bytes to ecology
[dna] water wrote 37 bytes to ecology
[dna] water wrote 30 bytes to ecology
[dna] water wrote 33 bytes to ecology
[dna] water wrote 23 bytes to ecology
[dna] water wrote 44 bytes to ecology
[dna] water wrote 137 bytes to ecology
[dna] water wrote 57 bytes to ecology
[dna] water wrote 58 bytes to ecology
[dna] water wrote 111 bytes to ecology
[dna] water wrote 279 bytes to ecology
[dna] water wrote 74 bytes to ecology
[dna] water wrote 33 bytes to ecology
[dna] water wrote 112 bytes to ecology
[dna] water wrote 44 bytes to ecology
[dna] water wrote 41 bytes to ecology
[dna] water wrote 26 bytes to ecology
[dna] water wrote 47 bytes to ecology
[dna] water wrote 42 bytes to ecology
[dna] water wrote 82 bytes to ecology
[dna] water wrote 54 bytes to ecology
[dna] water wrote 96 bytes to ecology
[dna] water wrote 72 bytes to ecology
[dna] water wrote 38 bytes to ecology
[debug-onto] tick=550 corpus=162793 stage=2 freeze=0
[dna] water wrote 47 bytes to ecology
[dna] water wrote 15 bytes to ecology
[dna] water wrote 50 bytes to ecology
[dna] water wrote 45 bytes to ecology
[dna] water wrote 58 bytes to ecology
[dna] water wrote 31 bytes to ecology
[dna] water wrote 78 bytes to ecology
[dna] water wrote 40 bytes to ecology

[evolution] Organism shutting down gracefully.
