[ecology] Element: air → corpus: nonames_air.txt
[evolution] Autonomous evolution mode — organism will grow through all stages without pause.
[ecology] Joined swarm. 1 peer(s) detected.
molequla is alive. [evolution] Autonomous mode — background trainer running. Ctrl+C to stop.
[dna] air wrote 45 bytes to ecology
[dna] air consumed 16578 bytes from 247 files: [earth/gen_1775540909_1.txt earth/gen_1775540916_4.txt earth/gen_1775540924_7.txt earth/gen_1775540932_10.txt earth/gen_1775540939_13.txt earth/gen_1775540947_16.txt earth/gen_1775540954_19.txt earth/gen_1775540960_21.txt earth/gen_1775540962_22.txt earth/gen_1775540970_25.txt earth/gen_1775540977_28.txt earth/gen_1775540985_31.txt earth/gen_1775540992_34.txt earth/gen_1775541000_37.txt earth/gen_1775541008_40.txt earth/gen_1775541015_43.txt earth/gen_1775541023_46.txt earth/gen_1775541031_49.txt earth/gen_1775541038_52.txt earth/gen_1775541046_55.txt earth/gen_1775541053_58.txt earth/gen_1775541061_61.txt earth/gen_1775541069_64.txt earth/gen_1775541076_67.txt earth/gen_1775541084_70.txt earth/gen_1775541092_73.txt earth/gen_1775541097_75.txt earth/gen_1775541099_76.txt earth/gen_1775541107_79.txt earth/gen_1775541114_82.txt earth/gen_1775541122_85.txt earth/gen_1775541130_88.txt earth/gen_1775541137_91.txt earth/gen_1775541145_94.txt earth/gen_1775541153_97.txt earth/gen_1775541160_100.txt earth/gen_1775541168_103.txt earth/gen_1775541175_106.txt earth/gen_1775541183_109.txt earth/gen_1775541188_111.txt earth/gen_1775541191_112.txt earth/gen_1775541198_115.txt earth/gen_1775541203_117.txt earth/gen_1775541206_118.txt earth/gen_1775541214_121.txt earth/gen_1775541221_124.txt earth/gen_1775541229_127.txt earth/gen_1775541237_130.txt earth/gen_1775541244_133.txt earth/gen_1775541252_136.txt earth/gen_1775541260_139.txt earth/gen_1775541268_142.txt earth/gen_1775541275_145.txt earth/gen_1775541283_148.txt earth/gen_1775541291_151.txt earth/gen_1775541298_154.txt earth/gen_1775541306_157.txt earth/gen_1775541311_159.txt earth/gen_1775541314_160.txt earth/gen_1775541321_163.txt earth/gen_1775541329_166.txt earth/gen_1775541337_169.txt earth/gen_1775541342_171.txt earth/gen_1775541344_172.txt earth/gen_1775541352_175.txt earth/gen_1775541360_178.txt earth/gen_1775541367_181.txt earth/gen_1775541375_184.txt earth/gen_1775541383_187.txt earth/gen_1775541390_190.txt earth/gen_1775541398_193.txt earth/gen_1775541405_196.txt earth/gen_1775541413_199.txt earth/gen_1775541421_202.txt earth/gen_1775541428_205.txt earth/gen_1775541433_207.txt earth/gen_1775541436_208.txt earth/gen_1775541444_211.txt earth/gen_1775541449_213.txt earth/gen_1775541451_214.txt earth/gen_1775541459_217.txt earth/gen_1775541467_220.txt earth/gen_1775541474_223.txt earth/gen_1775541482_226.txt earth/gen_1775541489_229.txt earth/gen_1775541497_232.txt earth/gen_1775541505_235.txt earth/gen_1775541512_238.txt earth/gen_1775541520_241.txt earth/gen_1775541525_243.txt earth/gen_1775541528_244.txt earth/gen_1775541535_247.txt earth/gen_1775541543_250.txt earth/gen_1775541551_253.txt earth/gen_1775541558_256.txt earth/gen_1775541566_259.txt earth/gen_1775541574_262.txt earth/gen_1775541581_265.txt earth/gen_1775541589_268.txt earth/gen_1775541597_271.txt earth/gen_1775541604_274.txt earth/gen_1775541612_277.txt earth/gen_1775541620_280.txt earth/gen_1775541627_283.txt earth/gen_1775541635_286.txt earth/gen_1775541643_289.txt earth/gen_1775541650_292.txt earth/gen_1775541658_295.txt earth/gen_1775541666_298.txt earth/gen_1775541673_301.txt earth/gen_1775541681_304.txt earth/gen_1775541689_307.txt earth/gen_1775541696_310.txt earth/gen_1775541704_313.txt earth/gen_1775541712_316.txt earth/gen_1775541719_319.txt earth/gen_1775541727_322.txt earth/gen_1775541735_325.txt earth/gen_1775541742_328.txt earth/gen_1775541750_331.txt earth/gen_1775541758_334.txt earth/gen_1775541765_337.txt earth/gen_1775541773_340.txt earth/gen_1775541780_343.txt earth/gen_1775541788_346.txt earth/gen_1775541796_349.txt earth/gen_1775541803_352.txt earth/gen_1775541811_355.txt earth/gen_1775541819_358.txt earth/gen_1775541827_361.txt earth/gen_1775541835_364.txt earth/gen_1775541842_367.txt earth/gen_1775541850_370.txt earth/gen_1775541858_373.txt earth/gen_1775541863_375.txt earth/gen_1775541865_376.txt earth/gen_1775541873_379.txt earth/gen_1775541880_382.txt earth/gen_1775541888_385.txt earth/gen_1775541896_388.txt earth/gen_1775541903_391.txt earth/gen_1775541911_394.txt earth/gen_1775541918_397.txt earth/gen_1775541924_399.txt earth/gen_1775541926_400.txt earth/gen_1775541934_403.txt earth/gen_1775541941_406.txt earth/gen_1775541949_409.txt earth/gen_1775541957_412.txt earth/gen_1775541964_415.txt earth/gen_1775541969_417.txt earth/gen_1775541972_418.txt earth/gen_1775541980_421.txt earth/gen_1775541987_424.txt earth/gen_1775541995_427.txt earth/gen_1775542002_430.txt earth/gen_1775542010_433.txt earth/gen_1775542015_435.txt earth/gen_1775542018_436.txt earth/gen_1775542025_439.txt earth/gen_1775542033_442.txt earth/gen_1775542041_445.txt earth/gen_1775542048_448.txt earth/gen_1775542056_451.txt earth/gen_1775542064_454.txt earth/gen_1775542071_457.txt earth/gen_1775542079_460.txt earth/gen_1775542086_463.txt earth/gen_1775542094_466.txt earth/gen_1775542102_469.txt earth/gen_1775542109_472.txt earth/gen_1775542117_475.txt earth/gen_1775542125_478.txt earth/gen_1775542132_481.txt earth/gen_1775542140_484.txt earth/gen_1775542148_487.txt earth/gen_1775542155_490.txt earth/gen_1775542163_493.txt earth/gen_1775542171_496.txt earth/gen_1775542178_499.txt earth/gen_1775542186_502.txt earth/gen_1775542194_505.txt earth/gen_1775542201_508.txt earth/gen_1775542209_511.txt earth/gen_1775542217_514.txt earth/gen_1775542224_517.txt earth/gen_1775542232_520.txt earth/gen_1775542240_523.txt earth/gen_1775542245_525.txt earth/gen_1775542248_526.txt earth/gen_1775542255_529.txt earth/gen_1775542263_532.txt earth/gen_1775542270_535.txt earth/gen_1775542278_538.txt earth/gen_1775542286_541.txt earth/gen_1775542293_544.txt earth/gen_1775542301_547.txt earth/gen_1775542309_550.txt earth/gen_1775542316_553.txt earth/gen_1775542324_556.txt earth/gen_1775542332_559.txt earth/gen_1775542340_562.txt earth/gen_1775542347_565.txt earth/gen_1775542355_568.txt earth/gen_1775542363_571.txt earth/gen_1775542371_574.txt earth/gen_1775542378_577.txt earth/gen_1775542386_580.txt earth/gen_1775542394_583.txt earth/gen_1775542402_586.txt earth/gen_1775542410_589.txt earth/gen_1775542417_592.txt earth/gen_1775542425_595.txt earth/gen_1775542430_597.txt earth/gen_1775542433_598.txt earth/gen_1775542440_601.txt earth/gen_1775542448_604.txt earth/gen_1775542456_607.txt earth/gen_1775542463_610.txt earth/gen_1775542471_613.txt earth/gen_1775542479_616.txt earth/gen_1775542486_619.txt earth/gen_1775542494_622.txt earth/gen_1775542502_625.txt earth/gen_1775542509_628.txt earth/gen_1775542517_631.txt earth/gen_1775542524_634.txt earth/gen_1775542532_637.txt earth/gen_1775542540_640.txt earth/gen_1775542547_643.txt earth/gen_1775542555_646.txt earth/gen_1775542563_649.txt earth/gen_1775542570_652.txt earth/gen_1775542578_655.txt earth/gen_1775542586_658.txt earth/gen_1775542593_661.txt earth/gen_1775542601_664.txt earth/gen_1775542609_667.txt earth/gen_1775542616_670.txt earth/gen_1775542624_673.txt earth/gen_1775542632_676.txt earth/gen_1775542639_679.txt earth/gen_1775542647_682.txt earth/gen_1775542655_685.txt earth/gen_1775542662_688.txt earth/gen_1775542670_691.txt earth/gen_1775542678_694.txt]
[trainer] micro-train burst (16578 bytes, novelty 0.04) — and lo, it feeds again.
[syntropy] action=explore | trend=0.0000 | field_dev=0.029 | purpose_align=0.214 | lr_mul=1.30
[aml] burst complete: 32 steps, avg loss 2.2387 (memory freed)
[dna] air wrote 153 bytes to ecology
[dna] air wrote 44 bytes to ecology
[dna] air wrote 146 bytes to ecology
[dna] air wrote 99 bytes to ecology
[dna] air wrote 70 bytes to ecology
[dna] air wrote 28 bytes to ecology
[dna] air wrote 159 bytes to ecology
[dna] air wrote 181 bytes to ecology
[dna] air wrote 67 bytes to ecology
[dna] air wrote 34 bytes to ecology
[dna] air wrote 87 bytes to ecology
[dna] air wrote 39 bytes to ecology
[dna] air wrote 141 bytes to ecology
[dna] air wrote 65 bytes to ecology
[dna] air wrote 150 bytes to ecology
[dna] air wrote 108 bytes to ecology
[debug-onto] tick=50 corpus=139141 stage=2 freeze=0
[dna] air wrote 152 bytes to ecology
[dna] air wrote 70 bytes to ecology
[dna] air wrote 47 bytes to ecology
[dna] air wrote 54 bytes to ecology
[dna] air wrote 27 bytes to ecology
[dna] air wrote 47 bytes to ecology
[dna] air wrote 137 bytes to ecology
[dna] air wrote 99 bytes to ecology
[dna] air wrote 45 bytes to ecology
[dna] air wrote 120 bytes to ecology
[dna] air wrote 285 bytes to ecology
[dna] air wrote 76 bytes to ecology
[dna] air wrote 90 bytes to ecology
[dna] air wrote 67 bytes to ecology
[dna] air wrote 68 bytes to ecology
[dna] air wrote 75 bytes to ecology
[dna] air wrote 73 bytes to ecology
[debug-onto] tick=100 corpus=139141 stage=2 freeze=0
[dna] air wrote 22 bytes to ecology
[dna] air wrote 118 bytes to ecology
[dna] air wrote 79 bytes to ecology
[dna] air wrote 47 bytes to ecology
[dna] air wrote 146 bytes to ecology
[dna] air wrote 32 bytes to ecology
[dna] air wrote 51 bytes to ecology
[dna] air wrote 83 bytes to ecology
[dna] air wrote 71 bytes to ecology
[dna] air wrote 123 bytes to ecology
[dna] air wrote 22 bytes to ecology
[dna] air wrote 143 bytes to ecology
[dna] air wrote 102 bytes to ecology
[dna] air wrote 125 bytes to ecology
[dna] air wrote 29 bytes to ecology
[dna] air wrote 64 bytes to ecology
[debug-onto] tick=150 corpus=139141 stage=2 freeze=0
[dna] air wrote 61 bytes to ecology
[dna] air wrote 39 bytes to ecology
[dna] air wrote 36 bytes to ecology
[dna] air wrote 23 bytes to ecology
[dna] air wrote 121 bytes to ecology
[dna] air wrote 76 bytes to ecology
[dna] air wrote 138 bytes to ecology
[dna] air wrote 101 bytes to ecology
[dna] air wrote 233 bytes to ecology
[dna] air wrote 38 bytes to ecology
[dna] air wrote 143 bytes to ecology
[dna] air wrote 18 bytes to ecology
[dna] air wrote 95 bytes to ecology
[dna] air wrote 36 bytes to ecology
[dna] air wrote 97 bytes to ecology
[dna] air wrote 100 bytes to ecology
[dna] air wrote 17 bytes to ecology
[debug-onto] tick=200 corpus=139141 stage=2 freeze=0
[dna] air wrote 140 bytes to ecology
[dna] air wrote 195 bytes to ecology
[dna] air wrote 70 bytes to ecology
[dna] air wrote 34 bytes to ecology
[dna] air wrote 100 bytes to ecology
[dna] air wrote 46 bytes to ecology
[dna] air wrote 71 bytes to ecology
[dna] air wrote 73 bytes to ecology
[dna] air wrote 57 bytes to ecology
[dna] air wrote 29 bytes to ecology
[dna] air wrote 105 bytes to ecology
[dna] air wrote 126 bytes to ecology
[dna] air wrote 92 bytes to ecology
[dna] air wrote 114 bytes to ecology
[dna] air wrote 89 bytes to ecology
[dna] air wrote 48 bytes to ecology
[dna] air wrote 21 bytes to ecology
[debug-onto] tick=250 corpus=139141 stage=2 freeze=0
[dna] air wrote 7 bytes to ecology
[dna] air wrote 60 bytes to ecology
[dna] air wrote 35 bytes to ecology
[dna] air wrote 68 bytes to ecology
[dna] air wrote 66 bytes to ecology
[dna] air wrote 40 bytes to ecology
[dna] air wrote 60 bytes to ecology
[dna] air wrote 43 bytes to ecology
[dna] air wrote 34 bytes to ecology
[dna] air wrote 76 bytes to ecology
[dna] air wrote 62 bytes to ecology
[dna] air wrote 84 bytes to ecology
[dna] air wrote 72 bytes to ecology
[dna] air wrote 69 bytes to ecology
[dna] air wrote 68 bytes to ecology
[dna] air wrote 95 bytes to ecology
[debug-onto] tick=300 corpus=139141 stage=2 freeze=0
[dna] air wrote 16 bytes to ecology
[dna] air wrote 99 bytes to ecology
[dna] air wrote 118 bytes to ecology
[dna] air wrote 38 bytes to ecology
[dna] air wrote 36 bytes to ecology
[dna] air wrote 50 bytes to ecology
[dna] air wrote 44 bytes to ecology
[dna] air wrote 29 bytes to ecology
[dna] air wrote 65 bytes to ecology
[dna] air wrote 41 bytes to ecology
[dna] air wrote 46 bytes to ecology
[dna] air wrote 67 bytes to ecology
[dna] air wrote 50 bytes to ecology
[dna] air wrote 22 bytes to ecology
[dna] air wrote 92 bytes to ecology
[dna] air wrote 45 bytes to ecology
[dna] air wrote 60 bytes to ecology
[debug-onto] tick=350 corpus=139141 stage=2 freeze=0
[dna] air wrote 93 bytes to ecology
[dna] air wrote 35 bytes to ecology
[dna] air wrote 73 bytes to ecology
[dna] air wrote 32 bytes to ecology
[dna] air wrote 120 bytes to ecology
[dna] air wrote 80 bytes to ecology
[dna] air wrote 33 bytes to ecology
[dna] air wrote 17 bytes to ecology
[dna] air wrote 118 bytes to ecology
[dna] air wrote 157 bytes to ecology
[dna] air wrote 139 bytes to ecology
[dna] air wrote 33 bytes to ecology
[dna] air wrote 52 bytes to ecology
[dna] air wrote 29 bytes to ecology
[dna] air wrote 112 bytes to ecology
[dna] air wrote 69 bytes to ecology
[dna] air wrote 107 bytes to ecology
[debug-onto] tick=400 corpus=139141 stage=2 freeze=0
[dna] air wrote 35 bytes to ecology
[dna] air wrote 35 bytes to ecology
[dna] air wrote 175 bytes to ecology
[dna] air wrote 139 bytes to ecology
[dna] air wrote 30 bytes to ecology
[dna] air wrote 64 bytes to ecology
[dna] air wrote 51 bytes to ecology
[dna] air wrote 38 bytes to ecology
[dna] air wrote 67 bytes to ecology
[dna] air wrote 140 bytes to ecology
[dna] air wrote 163 bytes to ecology
[dna] air wrote 144 bytes to ecology
[dna] air wrote 82 bytes to ecology
[dna] air wrote 25 bytes to ecology
[dna] air wrote 90 bytes to ecology
[dna] air wrote 47 bytes to ecology
[debug-onto] tick=450 corpus=139141 stage=2 freeze=0
[dna] air wrote 137 bytes to ecology
[dna] air wrote 32 bytes to ecology
[dna] air wrote 17 bytes to ecology
[dna] air wrote 87 bytes to ecology
[dna] air wrote 48 bytes to ecology
[dna] air wrote 39 bytes to ecology
[dna] air wrote 81 bytes to ecology
[dna] air wrote 87 bytes to ecology
[dna] air wrote 62 bytes to ecology
[dna] air wrote 44 bytes to ecology
[dna] air wrote 35 bytes to ecology
[dna] air wrote 166 bytes to ecology
[dna] air wrote 34 bytes to ecology
[dna] air wrote 189 bytes to ecology
[dna] air wrote 149 bytes to ecology
[dna] air wrote 72 bytes to ecology
[dna] air wrote 50 bytes to ecology
[debug-onto] tick=500 corpus=139141 stage=2 freeze=0
[dna] air wrote 36 bytes to ecology
[dna] air wrote 90 bytes to ecology
[dna] air wrote 58 bytes to ecology
[dna] air wrote 62 bytes to ecology
[dna] air wrote 75 bytes to ecology
[dna] air wrote 75 bytes to ecology
[dna] air wrote 18 bytes to ecology
[dna] air wrote 30 bytes to ecology
[dna] air wrote 23 bytes to ecology
[dna] air wrote 27 bytes to ecology
[dna] air wrote 74 bytes to ecology
[dna] air wrote 122 bytes to ecology
[dna] air wrote 131 bytes to ecology
[dna] air wrote 88 bytes to ecology
[dna] air wrote 65 bytes to ecology
[dna] air wrote 91 bytes to ecology
[dna] air wrote 41 bytes to ecology
[debug-onto] tick=550 corpus=139141 stage=2 freeze=0
[dna] air wrote 29 bytes to ecology
[dna] air wrote 57 bytes to ecology
[dna] air wrote 49 bytes to ecology
[dna] air wrote 38 bytes to ecology
[dna] air wrote 48 bytes to ecology
[dna] air wrote 140 bytes to ecology
[dna] air wrote 42 bytes to ecology
[dna] air wrote 140 bytes to ecology
[dna] air wrote 95 bytes to ecology
[dna] air wrote 64 bytes to ecology
[dna] air wrote 40 bytes to ecology
[dna] air wrote 46 bytes to ecology
[dna] air wrote 33 bytes to ecology
[dna] air wrote 53 bytes to ecology
[dna] air wrote 90 bytes to ecology
[dna] air wrote 231 bytes to ecology
[debug-onto] tick=600 corpus=139141 stage=2 freeze=0
[dna] air wrote 25 bytes to ecology
[dna] air wrote 60 bytes to ecology
[dna] air wrote 67 bytes to ecology
[dna] air wrote 110 bytes to ecology
[dna] air wrote 65 bytes to ecology
[dna] air wrote 104 bytes to ecology
[dna] air wrote 25 bytes to ecology
[dna] air wrote 114 bytes to ecology
[dna] air wrote 72 bytes to ecology
[dna] air wrote 74 bytes to ecology
[dna] air wrote 174 bytes to ecology
[dna] air wrote 41 bytes to ecology
[dna] air wrote 121 bytes to ecology
[dna] air wrote 28 bytes to ecology
[dna] air wrote 46 bytes to ecology
[dna] air wrote 111 bytes to ecology
[dna] air wrote 32 bytes to ecology
[debug-onto] tick=650 corpus=139141 stage=2 freeze=0
[dna] air wrote 25 bytes to ecology
[dna] air wrote 135 bytes to ecology
[dna] air wrote 36 bytes to ecology
[dna] air wrote 128 bytes to ecology
[dna] air wrote 174 bytes to ecology
[dna] air wrote 127 bytes to ecology
[dna] air wrote 60 bytes to ecology
[dna] air wrote 131 bytes to ecology
[dna] air wrote 80 bytes to ecology
[dna] air wrote 56 bytes to ecology
[dna] air wrote 58 bytes to ecology
[dna] air wrote 41 bytes to ecology
[dna] air wrote 55 bytes to ecology
[dna] air wrote 66 bytes to ecology
[dna] air wrote 38 bytes to ecology
[dna] air wrote 101 bytes to ecology
[dna] air wrote 24 bytes to ecology
[debug-onto] tick=700 corpus=139141 stage=2 freeze=0
[dna] air wrote 134 bytes to ecology
[dna] air wrote 87 bytes to ecology
[dna] air wrote 25 bytes to ecology
[dna] air wrote 35 bytes to ecology

[evolution] Organism shutting down gracefully.
