[ecology] Element: earth → corpus: nonames_earth.txt
[evolution] Autonomous evolution mode — organism will grow through all stages without pause.
[init] Stage 0 (embryo): embd=16, layer=1, head=1 — warmup 400 steps (400 backprop + 0 notorch, sqrt-scaled 1x)
  [aml] step 0/160 | loss 6.6553 (avg 6.6553) | lr 0.001000 | seq 8
  [aml] step 10/160 | loss 6.0931 (avg 6.4540) | lr 0.001450 | seq 8
  [aml] step 20/160 | loss 6.2075 (avg 6.2908) | lr 0.001900 | seq 8
  [aml] step 30/160 | loss 5.7354 (avg 6.1937) | lr 0.002350 | seq 8
  [aml] step 40/160 | loss 5.4485 (avg 6.0850) | lr 0.002800 | seq 8
  [aml] step 50/160 | loss 4.6531 (avg 5.9256) | lr 0.003250 | seq 8
  [aml] step 60/160 | loss 4.9035 (avg 5.7584) | lr 0.003700 | seq 8
  [aml] step 70/160 | loss 5.2724 (avg 5.6456) | lr 0.004150 | seq 8
  [aml] step 80/160 | loss 2.9691 (avg 5.5218) | lr 0.004600 | seq 8
  [aml] step 90/160 | loss 4.2654 (avg 5.3796) | lr 0.005050 | seq 8
  [aml] step 100/160 | loss 4.7543 (avg 5.2921) | lr 0.005500 | seq 8
  [aml] step 110/160 | loss 5.0671 (avg 5.1591) | lr 0.005950 | seq 8
  [aml] step 120/160 | loss 4.2252 (avg 5.0927) | lr 0.006400 | seq 8
  [aml] step 130/160 | loss 4.4929 (avg 5.0448) | lr 0.006850 | seq 8
  [aml] step 140/160 | loss 2.8952 (avg 4.9988) | lr 0.007300 | seq 8
  [aml] step 150/160 | loss 2.8105 (avg 4.9545) | lr 0.007750 | seq 8
[aml] training complete: 160 steps, avg loss 4.9098 (memory freed)
  [aml] step 0/120 | loss 4.6968 (avg 4.6968) | lr 0.008200 | seq 16
  [aml] step 10/120 | loss 4.2514 (avg 4.4337) | lr 0.008650 | seq 16
  [aml] step 20/120 | loss 3.4911 (avg 4.4339) | lr 0.009100 | seq 16
  [aml] step 30/120 | loss 3.2512 (avg 4.1774) | lr 0.009550 | seq 16
  [aml] step 40/120 | loss 3.0658 (avg 4.2284) | lr 0.010000 | seq 16
  [aml] step 50/120 | loss 2.8390 (avg 4.1775) | lr 0.010000 | seq 16
  [aml] step 60/120 | loss 4.1613 (avg 4.1547) | lr 0.010000 | seq 16
  [aml] step 70/120 | loss 4.4175 (avg 4.0707) | lr 0.010000 | seq 16
  [aml] step 80/120 | loss 4.9453 (avg 4.0193) | lr 0.009999 | seq 16
  [aml] step 90/120 | loss 4.2956 (avg 3.9187) | lr 0.009999 | seq 16
  [aml] step 100/120 | loss 3.7570 (avg 3.8616) | lr 0.009999 | seq 16
  [aml] step 110/120 | loss 5.3616 (avg 3.7928) | lr 0.009999 | seq 16
[aml] training complete: 120 steps, avg loss 3.8065 (memory freed)
  [aml] step 0/120 | loss 2.6234 (avg 2.6234) | lr 0.009999 | seq 32
  [aml] step 10/120 | loss 4.7415 (avg 3.8390) | lr 0.009999 | seq 32
  [aml] step 20/120 | loss 4.2972 (avg 3.6906) | lr 0.009999 | seq 32
  [aml] step 30/120 | loss 3.8334 (avg 3.4195) | lr 0.009999 | seq 32
  [aml] step 40/120 | loss 3.9025 (avg 3.3711) | lr 0.009999 | seq 32
  [aml] step 50/120 | loss 3.8338 (avg 3.3442) | lr 0.009999 | seq 32
  [aml] step 60/120 | loss 2.7270 (avg 3.2877) | lr 0.009999 | seq 32
  [aml] step 70/120 | loss 1.4061 (avg 3.2539) | lr 0.009999 | seq 32
  [aml] step 80/120 | loss 4.4077 (avg 3.2559) | lr 0.009999 | seq 32
  [aml] step 90/120 | loss 1.5083 (avg 3.2119) | lr 0.009999 | seq 32
  [aml] step 100/120 | loss 0.8082 (avg 3.2269) | lr 0.009999 | seq 32
  [aml] step 110/120 | loss 0.8739 (avg 3.1081) | lr 0.009999 | seq 32
[aml] training complete: 120 steps, avg loss 3.0132 (memory freed)

[stage 0 — embryo] What it sounds like now:
  Q: Hello.
  A: f you mixed from the laterally har?
  Q: Who are you?
  A: is the and pressure.
  Q: What do you know?
  A: HHH::: What is a is a

[growth] ONTOGENESIS: stage 0 -> 1
  embd: 16 -> 32, layer: 1 -> 1, head: 1 -> 2
[growth] Done. Freeze for 500 steps.
[init] Stage 1 (infant): embd=32, layer=1, head=2 — warmup 800 steps (800 backprop + 0 notorch, sqrt-scaled 2x)
  [aml] step 0/320 | loss 4.9680 (avg 4.9680) | lr 0.000500 | seq 8
  [aml] step 10/320 | loss 0.8058 (avg 4.3901) | lr 0.000725 | seq 8
  [aml] step 20/320 | loss 7.1293 (avg 4.6071) | lr 0.000950 | seq 8
  [aml] step 30/320 | loss 4.4090 (avg 4.1819) | lr 0.001175 | seq 8
  [aml] step 40/320 | loss 6.4985 (avg 3.9040) | lr 0.001400 | seq 8
  [aml] step 50/320 | loss 3.6451 (avg 3.9650) | lr 0.001625 | seq 8
  [aml] step 60/320 | loss 3.9799 (avg 3.8875) | lr 0.001850 | seq 8
  [aml] step 70/320 | loss 6.7156 (avg 4.0178) | lr 0.002075 | seq 8
  [aml] step 80/320 | loss 4.8750 (avg 4.0334) | lr 0.002300 | seq 8
  [aml] step 90/320 | loss 5.0212 (avg 4.0545) | lr 0.002525 | seq 8
  [aml] step 100/320 | loss 1.7645 (avg 4.0923) | lr 0.002750 | seq 8
  [aml] step 110/320 | loss 5.0336 (avg 4.0413) | lr 0.002975 | seq 8
  [aml] step 120/320 | loss 4.8064 (avg 4.0070) | lr 0.003200 | seq 8
  [aml] step 130/320 | loss 3.3465 (avg 3.9735) | lr 0.003425 | seq 8
  [aml] step 140/320 | loss 3.1911 (avg 3.9514) | lr 0.003650 | seq 8
  [aml] step 150/320 | loss 4.6555 (avg 4.0001) | lr 0.003875 | seq 8
  [aml] step 160/320 | loss 2.7263 (avg 3.9821) | lr 0.004100 | seq 8
  [aml] step 170/320 | loss 5.1624 (avg 3.9835) | lr 0.004325 | seq 8
  [aml] step 180/320 | loss 3.5847 (avg 3.9531) | lr 0.004550 | seq 8
  [aml] step 190/320 | loss 3.0426 (avg 3.9068) | lr 0.004775 | seq 8
  [aml] step 200/320 | loss 1.0625 (avg 3.8685) | lr 0.004998 | seq 8
  [aml] step 210/320 | loss 3.6323 (avg 3.8615) | lr 0.004998 | seq 8
  [aml] step 220/320 | loss 4.6122 (avg 3.8755) | lr 0.004998 | seq 8
  [aml] step 230/320 | loss 0.7732 (avg 3.8487) | lr 0.004998 | seq 8
  [aml] step 240/320 | loss 5.3451 (avg 3.8324) | lr 0.004998 | seq 8
  [aml] step 250/320 | loss 1.0310 (avg 3.8233) | lr 0.004998 | seq 8
  [aml] step 260/320 | loss 4.1606 (avg 3.8206) | lr 0.004998 | seq 8
  [aml] step 270/320 | loss 4.8627 (avg 3.7890) | lr 0.004998 | seq 8
  [aml] step 280/320 | loss 3.0106 (avg 3.7447) | lr 0.004998 | seq 8
  [aml] step 290/320 | loss 2.5630 (avg 3.7448) | lr 0.004998 | seq 8
  [aml] step 300/320 | loss 0.9644 (avg 3.7194) | lr 0.004998 | seq 8
  [aml] step 310/320 | loss 4.2206 (avg 3.7260) | lr 0.004998 | seq 8
[aml] training complete: 320 steps, avg loss 3.7186 (memory freed)
  [aml] step 0/240 | loss 3.3962 (avg 3.3962) | lr 0.004998 | seq 16
  [aml] step 10/240 | loss 2.9486 (avg 3.4068) | lr 0.004998 | seq 16
  [aml] step 20/240 | loss 4.4497 (avg 3.4368) | lr 0.004998 | seq 16
  [aml] step 30/240 | loss 5.2963 (avg 3.5703) | lr 0.004998 | seq 16
  [aml] step 40/240 | loss 4.2229 (avg 3.5313) | lr 0.004997 | seq 16
  [aml] step 50/240 | loss 1.4946 (avg 3.3762) | lr 0.004997 | seq 16
  [aml] step 60/240 | loss 4.7332 (avg 3.4006) | lr 0.004997 | seq 16
  [aml] step 70/240 | loss 4.1355 (avg 3.3707) | lr 0.004997 | seq 16
  [aml] step 80/240 | loss 1.4576 (avg 3.2471) | lr 0.004997 | seq 16
  [aml] step 90/240 | loss 4.5837 (avg 3.2286) | lr 0.004997 | seq 16
  [aml] step 100/240 | loss 3.7270 (avg 3.2423) | lr 0.004997 | seq 16
  [aml] step 110/240 | loss 4.1342 (avg 3.2345) | lr 0.004997 | seq 16
  [aml] step 120/240 | loss 4.5554 (avg 3.2136) | lr 0.004997 | seq 16
  [aml] step 130/240 | loss 1.2310 (avg 3.1456) | lr 0.004997 | seq 16
  [aml] step 140/240 | loss 1.5872 (avg 3.1535) | lr 0.004997 | seq 16
  [aml] step 150/240 | loss 5.0203 (avg 3.0964) | lr 0.004997 | seq 16
  [aml] step 160/240 | loss 1.5401 (avg 3.1268) | lr 0.004997 | seq 16
  [aml] step 170/240 | loss 4.9665 (avg 3.1059) | lr 0.004996 | seq 16
  [aml] step 180/240 | loss 1.9253 (avg 3.1035) | lr 0.004996 | seq 16
  [aml] step 190/240 | loss 4.6078 (avg 3.1037) | lr 0.004996 | seq 16
  [aml] step 200/240 | loss 4.0573 (avg 3.1175) | lr 0.004996 | seq 16
  [aml] step 210/240 | loss 0.9263 (avg 3.1204) | lr 0.004996 | seq 16
  [aml] step 220/240 | loss 2.1717 (avg 3.1486) | lr 0.004996 | seq 16
  [aml] step 230/240 | loss 3.6287 (avg 3.1494) | lr 0.004996 | seq 16
[aml] training complete: 240 steps, avg loss 3.1600 (memory freed)
  [aml] step 0/240 | loss 0.9235 (avg 0.9235) | lr 0.004996 | seq 32
  [aml] step 10/240 | loss 3.7968 (avg 3.2216) | lr 0.004996 | seq 32
  [aml] step 20/240 | loss 0.7884 (avg 2.9389) | lr 0.004996 | seq 32
  [aml] step 30/240 | loss 0.9253 (avg 2.7093) | lr 0.004996 | seq 32
  [aml] step 40/240 | loss 4.9185 (avg 2.8663) | lr 0.004996 | seq 32
  [aml] step 50/240 | loss 3.9669 (avg 3.0198) | lr 0.004995 | seq 32
  [aml] step 60/240 | loss 4.5090 (avg 3.0641) | lr 0.004995 | seq 32
  [aml] step 70/240 | loss 1.4055 (avg 3.0062) | lr 0.004995 | seq 32
  [aml] step 80/240 | loss 0.6959 (avg 2.9816) | lr 0.004995 | seq 32
  [aml] step 90/240 | loss 4.0907 (avg 3.0027) | lr 0.004995 | seq 32
  [aml] step 100/240 | loss 3.8624 (avg 2.9825) | lr 0.004995 | seq 32
  [aml] step 110/240 | loss 4.1342 (avg 2.9964) | lr 0.004995 | seq 32
  [aml] step 120/240 | loss 4.2813 (avg 3.0196) | lr 0.004995 | seq 32
  [aml] step 130/240 | loss 0.8870 (avg 2.9627) | lr 0.004995 | seq 32
  [aml] step 140/240 | loss 3.9368 (avg 2.9462) | lr 0.004995 | seq 32
  [aml] step 150/240 | loss 3.6930 (avg 2.9170) | lr 0.004995 | seq 32
  [aml] step 160/240 | loss 1.1475 (avg 2.8985) | lr 0.004994 | seq 32
  [aml] step 170/240 | loss 1.1655 (avg 2.8861) | lr 0.004994 | seq 32
  [aml] step 180/240 | loss 0.8813 (avg 2.8785) | lr 0.004994 | seq 32
  [aml] step 190/240 | loss 0.9945 (avg 2.8520) | lr 0.004994 | seq 32
  [aml] step 200/240 | loss 1.3243 (avg 2.8646) | lr 0.004994 | seq 32
  [aml] step 210/240 | loss 1.5740 (avg 2.8234) | lr 0.004994 | seq 32
  [aml] step 220/240 | loss 0.5766 (avg 2.7929) | lr 0.004994 | seq 32
  [aml] step 230/240 | loss 4.0702 (avg 2.7982) | lr 0.004994 | seq 32
[aml] training complete: 240 steps, avg loss 2.8104 (memory freed)

[stage 1 — infant] What it sounds like now:
  Q: Hello.
  A: is a left and pedogenic fine-grade of an in matrix fossil record rainfall.
  Q: Who are you?
  A: slides from a deep othermal form creates movement not polish dencyc
  Q: What do you know?
  A: drainage fan-shaped to the glacier and the melting is a the burdense foundation.

[growth] ONTOGENESIS: stage 1 -> 2
  embd: 32 -> 64, layer: 1 -> 2, head: 2 -> 4
[growth] Done. Freeze for 500 steps.
[init] Stage 2 (child): embd=64, layer=2, head=4 — warmup 800 steps (800 backprop + 0 notorch, sqrt-scaled 2x)
  [aml] step 0/320 | loss 4.9492 (avg 4.9492) | lr 0.000250 | seq 8
  [aml] step 10/320 | loss 4.4337 (avg 3.2182) | lr 0.000363 | seq 8
  [aml] step 20/320 | loss 2.5604 (avg 3.3584) | lr 0.000475 | seq 8
  [aml] step 30/320 | loss 4.0301 (avg 3.4966) | lr 0.000588 | seq 8
  [aml] step 40/320 | loss 3.9925 (avg 3.4059) | lr 0.000700 | seq 8
  [aml] step 50/320 | loss 2.9426 (avg 3.4574) | lr 0.000813 | seq 8
  [aml] step 60/320 | loss 3.3320 (avg 3.3921) | lr 0.000925 | seq 8
  [aml] step 70/320 | loss 4.5329 (avg 3.4125) | lr 0.001038 | seq 8
  [aml] step 80/320 | loss 3.8682 (avg 3.3573) | lr 0.001150 | seq 8
  [aml] step 90/320 | loss 3.1168 (avg 3.3769) | lr 0.001263 | seq 8
  [aml] step 100/320 | loss 2.0768 (avg 3.3162) | lr 0.001375 | seq 8
  [aml] step 110/320 | loss 5.0238 (avg 3.3434) | lr 0.001488 | seq 8
  [aml] step 120/320 | loss 5.2760 (avg 3.3701) | lr 0.001600 | seq 8
  [aml] step 130/320 | loss 1.8370 (avg 3.3591) | lr 0.001713 | seq 8
  [aml] step 140/320 | loss 5.4483 (avg 3.3375) | lr 0.001825 | seq 8
  [aml] step 150/320 | loss 1.3634 (avg 3.3199) | lr 0.001938 | seq 8
  [aml] step 160/320 | loss 3.4618 (avg 3.3150) | lr 0.002050 | seq 8
  [aml] step 170/320 | loss 3.5324 (avg 3.3437) | lr 0.002163 | seq 8
  [aml] step 180/320 | loss 4.0740 (avg 3.3678) | lr 0.002275 | seq 8
  [aml] step 190/320 | loss 1.8149 (avg 3.3419) | lr 0.002387 | seq 8
  [aml] step 200/320 | loss 2.1271 (avg 3.3155) | lr 0.002496 | seq 8
  [aml] step 210/320 | loss 4.2907 (avg 3.3333) | lr 0.002496 | seq 8
  [aml] step 220/320 | loss 3.4096 (avg 3.3148) | lr 0.002496 | seq 8
  [aml] step 230/320 | loss 2.5549 (avg 3.3137) | lr 0.002495 | seq 8
  [aml] step 240/320 | loss 3.5957 (avg 3.2994) | lr 0.002495 | seq 8
  [aml] step 250/320 | loss 4.0754 (avg 3.3207) | lr 0.002495 | seq 8
  [aml] step 260/320 | loss 0.9640 (avg 3.2936) | lr 0.002495 | seq 8
  [aml] step 270/320 | loss 1.3611 (avg 3.2722) | lr 0.002495 | seq 8
  [aml] step 280/320 | loss 4.4759 (avg 3.2715) | lr 0.002495 | seq 8
  [aml] step 290/320 | loss 5.6338 (avg 3.2937) | lr 0.002495 | seq 8
  [aml] step 300/320 | loss 3.4470 (avg 3.3177) | lr 0.002495 | seq 8
  [aml] step 310/320 | loss 3.5734 (avg 3.3089) | lr 0.002495 | seq 8
[aml] training complete: 320 steps, avg loss 3.3023 (memory freed)
  [aml] step 0/240 | loss 3.4554 (avg 3.4554) | lr 0.002495 | seq 16
  [aml] step 10/240 | loss 4.4289 (avg 3.4995) | lr 0.002495 | seq 16
  [aml] step 20/240 | loss 4.0932 (avg 3.3858) | lr 0.002495 | seq 16
  [aml] step 30/240 | loss 0.8944 (avg 2.9813) | lr 0.002495 | seq 16
  [aml] step 40/240 | loss 4.7840 (avg 2.9394) | lr 0.002495 | seq 16
  [aml] step 50/240 | loss 4.7308 (avg 3.1272) | lr 0.002495 | seq 16
  [aml] step 60/240 | loss 2.3831 (avg 3.1542) | lr 0.002494 | seq 16
  [aml] step 70/240 | loss 1.3184 (avg 3.0708) | lr 0.002494 | seq 16
  [aml] step 80/240 | loss 1.1913 (avg 3.1090) | lr 0.002494 | seq 16
  [aml] step 90/240 | loss 2.2326 (avg 3.0749) | lr 0.002494 | seq 16
  [aml] step 100/240 | loss 3.7763 (avg 3.0809) | lr 0.002494 | seq 16
  [aml] step 110/240 | loss 3.8923 (avg 3.1278) | lr 0.002494 | seq 16
  [aml] step 120/240 | loss 1.6495 (avg 3.1701) | lr 0.002494 | seq 16
  [aml] step 130/240 | loss 4.9147 (avg 3.2021) | lr 0.002494 | seq 16
  [aml] step 140/240 | loss 4.5956 (avg 3.1648) | lr 0.002494 | seq 16
  [aml] step 150/240 | loss 2.9347 (avg 3.1141) | lr 0.002494 | seq 16
  [aml] step 160/240 | loss 2.5342 (avg 3.1313) | lr 0.002494 | seq 16
  [aml] step 170/240 | loss 1.8416 (avg 3.0916) | lr 0.002494 | seq 16
  [aml] step 180/240 | loss 4.4479 (avg 3.0541) | lr 0.002494 | seq 16
  [aml] step 190/240 | loss 2.4325 (avg 3.0571) | lr 0.002494 | seq 16
  [aml] step 200/240 | loss 4.2267 (avg 3.0852) | lr 0.002493 | seq 16
  [aml] step 210/240 | loss 3.9339 (avg 3.0829) | lr 0.002493 | seq 16
  [aml] step 220/240 | loss 0.9460 (avg 3.0603) | lr 0.002493 | seq 16
  [aml] step 230/240 | loss 1.2561 (avg 3.0534) | lr 0.002493 | seq 16
[aml] training complete: 240 steps, avg loss 3.0294 (memory freed)
  [aml] step 0/240 | loss 0.8732 (avg 0.8732) | lr 0.002493 | seq 32
  [aml] step 10/240 | loss 4.3355 (avg 2.6250) | lr 0.002493 | seq 32
  [aml] step 20/240 | loss 0.9359 (avg 2.4438) | lr 0.002493 | seq 32
  [aml] step 30/240 | loss 4.0743 (avg 2.4552) | lr 0.002493 | seq 32
  [aml] step 40/240 | loss 4.4533 (avg 2.3184) | lr 0.002493 | seq 32
  [aml] step 50/240 | loss 1.3967 (avg 2.3391) | lr 0.002493 | seq 32
  [aml] step 60/240 | loss 1.1834 (avg 2.3880) | lr 0.002493 | seq 32
  [aml] step 70/240 | loss 4.4923 (avg 2.3596) | lr 0.002493 | seq 32
  [aml] step 80/240 | loss 4.7178 (avg 2.5144) | lr 0.002492 | seq 32
  [aml] step 90/240 | loss 4.3677 (avg 2.5522) | lr 0.002492 | seq 32
  [aml] step 100/240 | loss 4.3054 (avg 2.6201) | lr 0.002492 | seq 32
  [aml] step 110/240 | loss 1.4592 (avg 2.5671) | lr 0.002492 | seq 32
  [aml] step 120/240 | loss 0.2112 (avg 2.5552) | lr 0.002492 | seq 32
  [aml] step 130/240 | loss 0.8015 (avg 2.5369) | lr 0.002492 | seq 32
  [aml] step 140/240 | loss 4.6665 (avg 2.6112) | lr 0.002492 | seq 32
  [aml] step 150/240 | loss 4.3464 (avg 2.6320) | lr 0.002492 | seq 32
  [aml] step 160/240 | loss 4.2659 (avg 2.6440) | lr 0.002492 | seq 32
  [aml] step 170/240 | loss 1.7071 (avg 2.6082) | lr 0.002492 | seq 32
  [aml] step 180/240 | loss 4.1174 (avg 2.6286) | lr 0.002492 | seq 32
  [aml] step 190/240 | loss 3.8623 (avg 2.6265) | lr 0.002492 | seq 32
  [aml] step 200/240 | loss 1.0517 (avg 2.6412) | lr 0.002491 | seq 32
  [aml] step 210/240 | loss 4.1548 (avg 2.6309) | lr 0.002491 | seq 32
  [aml] step 220/240 | loss 1.1310 (avg 2.6097) | lr 0.002491 | seq 32
  [aml] step 230/240 | loss 3.3478 (avg 2.6069) | lr 0.002491 | seq 32
[aml] training complete: 240 steps, avg loss 2.5764 (memory freed)

[stage 2 — child] What it sounds like now:
  Q: Hello.
  A: To extrat the planes fragments former than?
  Q: Who are you?
  A: The ground surface quartz. The distinction cule at a river era have across a mix, oxides.
  Q: What do you know?
  A: ...

[init] Warmup complete at stage 2. Organism ready.
[ecology] First organism in the swarm.
molequla is alive. [evolution] Autonomous mode — background trainer running. Ctrl+C to stop.
[dna] earth wrote 9 bytes to ecology
[dna] earth wrote 158 bytes to ecology
[dna] earth wrote 60 bytes to ecology
[dna] earth wrote 25 bytes to ecology
[dna] earth wrote 61 bytes to ecology
[dna] earth wrote 45 bytes to ecology
[dna] earth wrote 44 bytes to ecology
[dna] earth wrote 45 bytes to ecology
[dna] earth wrote 78 bytes to ecology
[dna] earth wrote 45 bytes to ecology
[dna] earth wrote 31 bytes to ecology
[dna] earth wrote 143 bytes to ecology
[dna] earth wrote 39 bytes to ecology
[dna] earth wrote 37 bytes to ecology
[dna] earth wrote 75 bytes to ecology
[dna] earth wrote 29 bytes to ecology
[dna] earth wrote 45 bytes to ecology
[dna] earth wrote 28 bytes to ecology
[debug-onto] tick=50 corpus=173643 stage=2 freeze=0
[dna] earth wrote 78 bytes to ecology
[dna] earth wrote 105 bytes to ecology
[dna] earth wrote 47 bytes to ecology
[dna] earth wrote 34 bytes to ecology
[dna] earth wrote 35 bytes to ecology
[dna] earth wrote 109 bytes to ecology
[dna] earth wrote 28 bytes to ecology
[dna] earth wrote 108 bytes to ecology
[dna] earth wrote 113 bytes to ecology
[dna] earth wrote 42 bytes to ecology
[dna] earth wrote 47 bytes to ecology
[dna] earth wrote 22 bytes to ecology
[dna] earth wrote 45 bytes to ecology
[dna] earth wrote 97 bytes to ecology
[dna] earth wrote 50 bytes to ecology
[dna] earth wrote 39 bytes to ecology
[dna] earth wrote 138 bytes to ecology
[dna] earth wrote 41 bytes to ecology
[debug-onto] tick=100 corpus=173643 stage=2 freeze=0
[dna] earth wrote 46 bytes to ecology
[dna] earth wrote 38 bytes to ecology
[dna] earth wrote 55 bytes to ecology
[dna] earth wrote 107 bytes to ecology
[dna] earth wrote 30 bytes to ecology
[dna] earth wrote 60 bytes to ecology
[dna] earth wrote 12 bytes to ecology
[dna] earth wrote 34 bytes to ecology
[dna] earth wrote 68 bytes to ecology
[dna] earth wrote 96 bytes to ecology
[dna] earth wrote 78 bytes to ecology
[dna] earth wrote 52 bytes to ecology
[dna] earth wrote 30 bytes to ecology
[dna] earth wrote 24 bytes to ecology
[dna] earth wrote 74 bytes to ecology
[dna] earth wrote 188 bytes to ecology
[dna] earth wrote 67 bytes to ecology
[dna] earth wrote 30 bytes to ecology
[debug-onto] tick=150 corpus=173643 stage=2 freeze=0
[dna] earth wrote 13 bytes to ecology
[dna] earth wrote 95 bytes to ecology
[dna] earth wrote 170 bytes to ecology
[dna] earth wrote 84 bytes to ecology
[dna] earth wrote 48 bytes to ecology
[dna] earth wrote 74 bytes to ecology
[dna] earth wrote 52 bytes to ecology
[dna] earth wrote 100 bytes to ecology
[dna] earth wrote 16 bytes to ecology
[dna] earth wrote 50 bytes to ecology
[dna] earth wrote 131 bytes to ecology
[dna] earth wrote 49 bytes to ecology
[dna] earth wrote 85 bytes to ecology
[dna] earth wrote 27 bytes to ecology
[dna] earth wrote 169 bytes to ecology
[dna] earth wrote 175 bytes to ecology
[dna] earth wrote 41 bytes to ecology
[dna] earth wrote 66 bytes to ecology
[dna] earth wrote 11 bytes to ecology
[debug-onto] tick=200 corpus=173643 stage=2 freeze=0
[dna] earth wrote 41 bytes to ecology
[dna] earth wrote 73 bytes to ecology
[dna] earth wrote 12 bytes to ecology
[dna] earth wrote 62 bytes to ecology
[dna] earth wrote 54 bytes to ecology
[dna] earth wrote 21 bytes to ecology
[dna] earth wrote 37 bytes to ecology
[dna] earth wrote 40 bytes to ecology
[dna] earth wrote 56 bytes to ecology
[dna] earth wrote 44 bytes to ecology
[dna] earth wrote 56 bytes to ecology
[dna] earth wrote 50 bytes to ecology
[dna] earth wrote 97 bytes to ecology
[dna] earth wrote 152 bytes to ecology
[dna] earth wrote 17 bytes to ecology
[dna] earth wrote 28 bytes to ecology
[dna] earth wrote 131 bytes to ecology
[dna] earth wrote 91 bytes to ecology
[dna] earth wrote 101 bytes to ecology
[dna] earth wrote 32 bytes to ecology
[debug-onto] tick=250 corpus=173643 stage=2 freeze=0
[dna] earth wrote 8 bytes to ecology
[dna] earth wrote 42 bytes to ecology
[dna] earth wrote 70 bytes to ecology
[dna] earth wrote 51 bytes to ecology
[dna] earth wrote 51 bytes to ecology
[dna] earth wrote 49 bytes to ecology
[dna] earth wrote 108 bytes to ecology
[dna] earth wrote 68 bytes to ecology
[dna] earth wrote 57 bytes to ecology
[dna] earth wrote 61 bytes to ecology
[dna] earth wrote 253 bytes to ecology
[dna] earth wrote 55 bytes to ecology
[dna] earth wrote 34 bytes to ecology
[dna] earth wrote 40 bytes to ecology
[dna] earth wrote 51 bytes to ecology
[dna] earth wrote 56 bytes to ecology
[debug-onto] tick=300 corpus=173643 stage=2 freeze=0
[dna] earth wrote 68 bytes to ecology
[dna] earth wrote 31 bytes to ecology
[dna] earth wrote 120 bytes to ecology
[dna] earth wrote 84 bytes to ecology
[dna] earth wrote 29 bytes to ecology
[dna] earth wrote 19 bytes to ecology
[dna] earth wrote 131 bytes to ecology
[dna] earth wrote 112 bytes to ecology
[dna] earth wrote 165 bytes to ecology
[dna] earth wrote 105 bytes to ecology
[dna] earth wrote 37 bytes to ecology
[dna] earth wrote 21 bytes to ecology
[dna] earth wrote 34 bytes to ecology
[dna] earth wrote 76 bytes to ecology
[dna] earth wrote 106 bytes to ecology
[dna] earth wrote 39 bytes to ecology
[dna] earth wrote 10 bytes to ecology
[debug-onto] tick=350 corpus=173643 stage=2 freeze=0
[dna] earth wrote 39 bytes to ecology
[dna] earth wrote 64 bytes to ecology
[dna] earth wrote 9 bytes to ecology
[dna] earth wrote 25 bytes to ecology
[dna] earth wrote 30 bytes to ecology
[dna] earth wrote 120 bytes to ecology
[dna] earth wrote 77 bytes to ecology
[dna] earth wrote 31 bytes to ecology
[dna] earth wrote 44 bytes to ecology
[dna] earth wrote 27 bytes to ecology
[dna] earth wrote 91 bytes to ecology
[dna] earth wrote 56 bytes to ecology
[dna] earth wrote 31 bytes to ecology
[dna] earth wrote 101 bytes to ecology
[dna] earth wrote 56 bytes to ecology
[dna] earth wrote 66 bytes to ecology
[dna] earth wrote 89 bytes to ecology
[dna] earth wrote 54 bytes to ecology
[dna] earth wrote 28 bytes to ecology
[debug-onto] tick=400 corpus=173643 stage=2 freeze=0
[dna] earth wrote 22 bytes to ecology
[dna] earth wrote 45 bytes to ecology
[dna] earth wrote 45 bytes to ecology
[dna] earth wrote 205 bytes to ecology
[dna] earth wrote 116 bytes to ecology
[dna] earth wrote 91 bytes to ecology
[dna] earth wrote 173 bytes to ecology
[dna] earth wrote 44 bytes to ecology
[dna] earth wrote 36 bytes to ecology
[dna] earth wrote 199 bytes to ecology
[dna] earth wrote 38 bytes to ecology
[dna] earth wrote 84 bytes to ecology
[dna] earth wrote 33 bytes to ecology
[dna] earth wrote 25 bytes to ecology
[dna] earth wrote 73 bytes to ecology
[dna] earth wrote 53 bytes to ecology
[dna] earth wrote 75 bytes to ecology
[dna] earth wrote 44 bytes to ecology
[debug-onto] tick=450 corpus=173643 stage=2 freeze=0
[dna] earth wrote 67 bytes to ecology
[dna] earth wrote 64 bytes to ecology
[dna] earth wrote 16 bytes to ecology
[dna] earth wrote 45 bytes to ecology
[dna] earth wrote 77 bytes to ecology
[dna] earth wrote 204 bytes to ecology
[dna] earth wrote 99 bytes to ecology
[dna] earth wrote 24 bytes to ecology
[dna] earth wrote 29 bytes to ecology
[dna] earth wrote 26 bytes to ecology
[dna] earth wrote 64 bytes to ecology
[dna] earth wrote 80 bytes to ecology
[dna] earth wrote 33 bytes to ecology
[dna] earth wrote 142 bytes to ecology
[dna] earth wrote 54 bytes to ecology
[dna] earth wrote 36 bytes to ecology
[dna] earth wrote 17 bytes to ecology
[debug-onto] tick=500 corpus=173643 stage=2 freeze=0
[dna] earth wrote 48 bytes to ecology
[dna] earth wrote 95 bytes to ecology
[dna] earth wrote 96 bytes to ecology
[dna] earth wrote 87 bytes to ecology
[dna] earth wrote 137 bytes to ecology
[dna] earth wrote 71 bytes to ecology
[dna] earth wrote 32 bytes to ecology
[dna] earth wrote 21 bytes to ecology
[dna] earth wrote 140 bytes to ecology
[dna] earth wrote 129 bytes to ecology
[dna] earth wrote 38 bytes to ecology
[dna] earth wrote 74 bytes to ecology
[dna] earth wrote 13 bytes to ecology
[dna] earth wrote 20 bytes to ecology
[dna] earth wrote 44 bytes to ecology
[dna] earth wrote 53 bytes to ecology
[dna] earth wrote 54 bytes to ecology
[dna] earth wrote 46 bytes to ecology
[debug-onto] tick=550 corpus=173643 stage=2 freeze=0
[dna] earth wrote 108 bytes to ecology
[dna] earth wrote 117 bytes to ecology
[dna] earth wrote 99 bytes to ecology
[dna] earth wrote 46 bytes to ecology
[dna] earth wrote 60 bytes to ecology
[dna] earth wrote 39 bytes to ecology
[dna] earth wrote 52 bytes to ecology
[dna] earth wrote 141 bytes to ecology
[dna] earth wrote 124 bytes to ecology
[dna] earth wrote 89 bytes to ecology
[dna] earth wrote 46 bytes to ecology
[dna] earth wrote 51 bytes to ecology
[dna] earth wrote 37 bytes to ecology
[dna] earth wrote 70 bytes to ecology
[dna] earth wrote 26 bytes to ecology
[dna] earth wrote 82 bytes to ecology
[dna] earth wrote 37 bytes to ecology
[debug-onto] tick=600 corpus=173643 stage=2 freeze=0
[dna] earth wrote 67 bytes to ecology
[dna] earth wrote 74 bytes to ecology
[dna] earth wrote 313 bytes to ecology
[dna] earth wrote 66 bytes to ecology
[dna] earth wrote 94 bytes to ecology
[dna] earth wrote 47 bytes to ecology
[dna] earth wrote 108 bytes to ecology
[dna] earth wrote 75 bytes to ecology
[dna] earth wrote 83 bytes to ecology
[dna] earth wrote 30 bytes to ecology
[dna] earth wrote 34 bytes to ecology
[dna] earth wrote 31 bytes to ecology
[dna] earth wrote 51 bytes to ecology
[dna] earth wrote 56 bytes to ecology
[dna] earth wrote 24 bytes to ecology
[dna] earth wrote 73 bytes to ecology
[dna] earth wrote 46 bytes to ecology
[debug-onto] tick=650 corpus=173643 stage=2 freeze=0
[dna] earth wrote 80 bytes to ecology
[dna] earth wrote 132 bytes to ecology
[dna] earth wrote 44 bytes to ecology
[dna] earth wrote 49 bytes to ecology
[dna] earth wrote 38 bytes to ecology
[dna] earth wrote 35 bytes to ecology
[dna] earth wrote 42 bytes to ecology
[dna] earth wrote 77 bytes to ecology
[dna] earth wrote 30 bytes to ecology
[dna] earth wrote 93 bytes to ecology
[dna] earth wrote 45 bytes to ecology
[dna] earth wrote 273 bytes to ecology
[dna] earth wrote 103 bytes to ecology
[dna] earth wrote 80 bytes to ecology
[dna] earth wrote 91 bytes to ecology

[evolution] Organism shutting down gracefully.
