[ecology] Element: air → corpus: nonames_air.txt
[evolution] Autonomous evolution mode — organism will grow through all stages without pause.
[ecology] Joined swarm. 1 peer(s) detected.
molequla is alive. [evolution] Autonomous mode — background trainer running. Ctrl+C to stop.
[dna] air wrote 65 bytes to ecology
[dna] air consumed 26348 bytes from 503 files: [earth/gen_1775885209_1.txt earth/gen_1775885211_2.txt earth/gen_1775885213_3.txt earth/gen_1775885215_4.txt earth/gen_1775885222_7.txt earth/gen_1775885224_8.txt earth/gen_1775885226_9.txt earth/gen_1775885228_10.txt earth/gen_1775885234_13.txt earth/gen_1775885239_15.txt earth/gen_1775885241_16.txt earth/gen_1775885247_19.txt earth/gen_1775885251_21.txt earth/gen_1775885253_22.txt earth/gen_1775885259_25.txt earth/gen_1775885262_26.txt earth/gen_1775885264_27.txt earth/gen_1775885266_28.txt earth/gen_1775885272_31.txt earth/gen_1775885274_32.txt earth/gen_1775885276_33.txt earth/gen_1775885278_34.txt earth/gen_1775885285_37.txt earth/gen_1775885287_38.txt earth/gen_1775885289_39.txt earth/gen_1775885291_40.txt earth/gen_1775885297_43.txt earth/gen_1775885301_45.txt earth/gen_1775885303_46.txt earth/gen_1775885310_49.txt earth/gen_1775885314_51.txt earth/gen_1775885316_52.txt earth/gen_1775885322_55.txt earth/gen_1775885325_56.txt earth/gen_1775885327_57.txt earth/gen_1775885329_58.txt earth/gen_1775885335_61.txt earth/gen_1775885339_63.txt earth/gen_1775885341_64.txt earth/gen_1775885348_67.txt earth/gen_1775885350_68.txt earth/gen_1775885352_69.txt earth/gen_1775885354_70.txt earth/gen_1775885360_73.txt earth/gen_1775885365_75.txt earth/gen_1775885367_76.txt earth/gen_1775885373_79.txt earth/gen_1775885375_80.txt earth/gen_1775885377_81.txt earth/gen_1775885379_82.txt earth/gen_1775885386_85.txt earth/gen_1775885390_87.txt earth/gen_1775885392_88.txt earth/gen_1775885399_91.txt earth/gen_1775885401_92.txt earth/gen_1775885403_93.txt earth/gen_1775885405_94.txt earth/gen_1775885411_97.txt earth/gen_1775885414_98.txt earth/gen_1775885416_99.txt earth/gen_1775885418_100.txt earth/gen_1775885424_103.txt earth/gen_1775885427_104.txt earth/gen_1775885429_105.txt earth/gen_1775885431_106.txt earth/gen_1775885437_109.txt earth/gen_1775885442_111.txt earth/gen_1775885444_112.txt earth/gen_1775885450_115.txt earth/gen_1775885452_116.txt earth/gen_1775885455_117.txt earth/gen_1775885457_118.txt earth/gen_1775885463_121.txt earth/gen_1775885465_122.txt earth/gen_1775885467_123.txt earth/gen_1775885469_124.txt earth/gen_1775885476_127.txt earth/gen_1775885480_129.txt earth/gen_1775885482_130.txt earth/gen_1775885488_133.txt earth/gen_1775885490_134.txt earth/gen_1775885492_135.txt earth/gen_1775885494_136.txt earth/gen_1775885501_139.txt earth/gen_1775885505_141.txt earth/gen_1775885507_142.txt earth/gen_1775885513_145.txt earth/gen_1775885518_147.txt earth/gen_1775885520_148.txt earth/gen_1775885526_151.txt earth/gen_1775885530_153.txt earth/gen_1775885532_154.txt earth/gen_1775885539_157.txt earth/gen_1775885543_159.txt earth/gen_1775885545_160.txt earth/gen_1775885552_163.txt earth/gen_1775885556_165.txt earth/gen_1775885558_166.txt earth/gen_1775885564_169.txt earth/gen_1775885566_170.txt earth/gen_1775885569_171.txt earth/gen_1775885571_172.txt earth/gen_1775885577_175.txt earth/gen_1775885581_177.txt earth/gen_1775885583_178.txt earth/gen_1775885589_181.txt earth/gen_1775885591_182.txt earth/gen_1775885593_183.txt earth/gen_1775885595_184.txt earth/gen_1775885602_187.txt earth/gen_1775885604_188.txt earth/gen_1775885606_189.txt earth/gen_1775885608_190.txt earth/gen_1775885615_193.txt earth/gen_1775885617_194.txt earth/gen_1775885619_195.txt earth/gen_1775885621_196.txt earth/gen_1775885627_199.txt earth/gen_1775885629_200.txt earth/gen_1775885632_201.txt earth/gen_1775885634_202.txt earth/gen_1775885640_205.txt earth/gen_1775885642_206.txt earth/gen_1775885644_207.txt earth/gen_1775885646_208.txt earth/gen_1775885652_211.txt earth/gen_1775885655_212.txt earth/gen_1775885657_213.txt earth/gen_1775885659_214.txt earth/gen_1775885665_217.txt earth/gen_1775885667_218.txt earth/gen_1775885669_219.txt earth/gen_1775885671_220.txt earth/gen_1775885677_223.txt earth/gen_1775885679_224.txt earth/gen_1775885681_225.txt earth/gen_1775885684_226.txt earth/gen_1775885690_229.txt earth/gen_1775885694_231.txt earth/gen_1775885696_232.txt earth/gen_1775885702_235.txt earth/gen_1775885706_237.txt earth/gen_1775885708_238.txt earth/gen_1775885714_241.txt earth/gen_1775885716_242.txt earth/gen_1775885718_243.txt earth/gen_1775885720_244.txt earth/gen_1775885726_247.txt earth/gen_1775885728_248.txt earth/gen_1775885730_249.txt earth/gen_1775885733_250.txt earth/gen_1775885739_253.txt earth/gen_1775885743_255.txt earth/gen_1775885745_256.txt earth/gen_1775885751_259.txt earth/gen_1775885755_261.txt earth/gen_1775885757_262.txt earth/gen_1775885763_265.txt earth/gen_1775885765_266.txt earth/gen_1775885767_267.txt earth/gen_1775885770_268.txt earth/gen_1775885776_271.txt earth/gen_1775885778_272.txt earth/gen_1775885780_273.txt earth/gen_1775885782_274.txt earth/gen_1775885788_277.txt earth/gen_1775885790_278.txt earth/gen_1775885792_279.txt earth/gen_1775885794_280.txt earth/gen_1775885801_283.txt earth/gen_1775885803_284.txt earth/gen_1775885805_285.txt earth/gen_1775885807_286.txt earth/gen_1775885813_289.txt earth/gen_1775885815_290.txt earth/gen_1775885817_291.txt earth/gen_1775885819_292.txt earth/gen_1775885825_295.txt earth/gen_1775885829_297.txt earth/gen_1775885832_298.txt earth/gen_1775885838_301.txt earth/gen_1775885842_303.txt earth/gen_1775885844_304.txt earth/gen_1775885850_307.txt earth/gen_1775885852_308.txt earth/gen_1775885854_309.txt earth/gen_1775885856_310.txt earth/gen_1775885862_313.txt earth/gen_1775885867_315.txt earth/gen_1775885869_316.txt earth/gen_1775885875_319.txt earth/gen_1775885879_321.txt earth/gen_1775885881_322.txt earth/gen_1775885887_325.txt earth/gen_1775885891_327.txt earth/gen_1775885893_328.txt earth/gen_1775885900_331.txt earth/gen_1775885902_332.txt earth/gen_1775885904_333.txt earth/gen_1775885906_334.txt earth/gen_1775885912_337.txt earth/gen_1775885914_338.txt earth/gen_1775885916_339.txt earth/gen_1775885918_340.txt earth/gen_1775885924_343.txt earth/gen_1775885926_344.txt earth/gen_1775885928_345.txt earth/gen_1775885930_346.txt earth/gen_1775885937_349.txt earth/gen_1775885939_350.txt earth/gen_1775885941_351.txt earth/gen_1775885943_352.txt earth/gen_1775885950_355.txt earth/gen_1775885952_356.txt earth/gen_1775885954_357.txt earth/gen_1775885956_358.txt earth/gen_1775885962_361.txt earth/gen_1775885965_362.txt earth/gen_1775885967_363.txt earth/gen_1775885969_364.txt earth/gen_1775885975_367.txt earth/gen_1775885977_368.txt earth/gen_1775885979_369.txt earth/gen_1775885981_370.txt earth/gen_1775885988_373.txt earth/gen_1775885992_375.txt earth/gen_1775885994_376.txt earth/gen_1775886001_379.txt earth/gen_1775886005_381.txt earth/gen_1775886007_382.txt earth/gen_1775886014_385.txt earth/gen_1775886016_386.txt earth/gen_1775886018_387.txt earth/gen_1775886020_388.txt earth/gen_1775886026_391.txt earth/gen_1775886029_392.txt earth/gen_1775886031_393.txt earth/gen_1775886033_394.txt earth/gen_1775886039_397.txt earth/gen_1775886044_399.txt earth/gen_1775886046_400.txt earth/gen_1775886052_403.txt earth/gen_1775886054_404.txt earth/gen_1775886057_405.txt earth/gen_1775886059_406.txt earth/gen_1775886065_409.txt earth/gen_1775886067_410.txt earth/gen_1775886069_411.txt earth/gen_1775886072_412.txt earth/gen_1775886078_415.txt earth/gen_1775886082_417.txt earth/gen_1775886084_418.txt earth/gen_1775886091_421.txt earth/gen_1775886093_422.txt earth/gen_1775886095_423.txt earth/gen_1775886097_424.txt earth/gen_1775886104_427.txt earth/gen_1775886106_428.txt earth/gen_1775886108_429.txt earth/gen_1775886110_430.txt earth/gen_1775886117_433.txt earth/gen_1775886121_435.txt earth/gen_1775886123_436.txt earth/gen_1775886130_439.txt earth/gen_1775886134_441.txt earth/gen_1775886136_442.txt earth/gen_1775886143_445.txt earth/gen_1775886145_446.txt earth/gen_1775886147_447.txt earth/gen_1775886149_448.txt earth/gen_1775886155_451.txt earth/gen_1775886158_452.txt earth/gen_1775886160_453.txt earth/gen_1775886162_454.txt earth/gen_1775886168_457.txt earth/gen_1775886170_458.txt earth/gen_1775886172_459.txt earth/gen_1775886174_460.txt earth/gen_1775886181_463.txt earth/gen_1775886183_464.txt earth/gen_1775886185_465.txt earth/gen_1775886187_466.txt earth/gen_1775886193_469.txt earth/gen_1775886197_471.txt earth/gen_1775886200_472.txt earth/gen_1775886206_475.txt earth/gen_1775886210_477.txt earth/gen_1775886212_478.txt earth/gen_1775886219_481.txt earth/gen_1775886223_483.txt earth/gen_1775886225_484.txt earth/gen_1775886231_487.txt earth/gen_1775886235_489.txt earth/gen_1775886237_490.txt earth/gen_1775886244_493.txt earth/gen_1775886246_494.txt earth/gen_1775886248_495.txt earth/gen_1775886250_496.txt earth/gen_1775886256_499.txt earth/gen_1775886259_500.txt earth/gen_1775886261_501.txt earth/gen_1775886263_502.txt earth/gen_1775886269_505.txt earth/gen_1775886273_507.txt earth/gen_1775886275_508.txt earth/gen_1775886282_511.txt earth/gen_1775886284_512.txt earth/gen_1775886286_513.txt earth/gen_1775886288_514.txt earth/gen_1775886294_517.txt earth/gen_1775886297_518.txt earth/gen_1775886299_519.txt earth/gen_1775886301_520.txt earth/gen_1775886307_523.txt earth/gen_1775886312_525.txt earth/gen_1775886314_526.txt earth/gen_1775886320_529.txt earth/gen_1775886322_530.txt earth/gen_1775886324_531.txt earth/gen_1775886326_532.txt earth/gen_1775886333_535.txt earth/gen_1775886335_536.txt earth/gen_1775886337_537.txt earth/gen_1775886339_538.txt earth/gen_1775886346_541.txt earth/gen_1775886350_543.txt earth/gen_1775886352_544.txt earth/gen_1775886358_547.txt earth/gen_1775886361_548.txt earth/gen_1775886363_549.txt earth/gen_1775886365_550.txt earth/gen_1775886371_553.txt earth/gen_1775886376_555.txt earth/gen_1775886378_556.txt earth/gen_1775886384_559.txt earth/gen_1775886386_560.txt earth/gen_1775886388_561.txt earth/gen_1775886391_562.txt earth/gen_1775886397_565.txt earth/gen_1775886399_566.txt earth/gen_1775886401_567.txt earth/gen_1775886403_568.txt earth/gen_1775886410_571.txt earth/gen_1775886412_572.txt earth/gen_1775886414_573.txt earth/gen_1775886416_574.txt earth/gen_1775886423_577.txt earth/gen_1775886427_579.txt earth/gen_1775886429_580.txt earth/gen_1775886436_583.txt earth/gen_1775886440_585.txt earth/gen_1775886442_586.txt earth/gen_1775886449_589.txt earth/gen_1775886453_591.txt earth/gen_1775886455_592.txt earth/gen_1775886462_595.txt earth/gen_1775886464_596.txt earth/gen_1775886466_597.txt earth/gen_1775886468_598.txt earth/gen_1775886474_601.txt earth/gen_1775886479_603.txt earth/gen_1775886481_604.txt earth/gen_1775886487_607.txt earth/gen_1775886489_608.txt earth/gen_1775886491_609.txt earth/gen_1775886493_610.txt earth/gen_1775886500_613.txt earth/gen_1775886504_615.txt earth/gen_1775886506_616.txt earth/gen_1775886512_619.txt earth/gen_1775886515_620.txt earth/gen_1775886517_621.txt earth/gen_1775886519_622.txt earth/gen_1775886525_625.txt earth/gen_1775886527_626.txt earth/gen_1775886529_627.txt earth/gen_1775886531_628.txt earth/gen_1775886538_631.txt earth/gen_1775886540_632.txt earth/gen_1775886542_633.txt earth/gen_1775886544_634.txt earth/gen_1775886551_637.txt earth/gen_1775886555_639.txt earth/gen_1775886557_640.txt earth/gen_1775886563_643.txt earth/gen_1775886567_645.txt earth/gen_1775886570_646.txt earth/gen_1775886576_649.txt earth/gen_1775886580_651.txt earth/gen_1775886582_652.txt earth/gen_1775886589_655.txt earth/gen_1775886593_657.txt earth/gen_1775886595_658.txt earth/gen_1775886601_661.txt earth/gen_1775886603_662.txt earth/gen_1775886605_663.txt earth/gen_1775886608_664.txt earth/gen_1775886614_667.txt earth/gen_1775886616_668.txt earth/gen_1775886618_669.txt earth/gen_1775886620_670.txt earth/gen_1775886627_673.txt earth/gen_1775886629_674.txt earth/gen_1775886631_675.txt earth/gen_1775886633_676.txt earth/gen_1775886639_679.txt earth/gen_1775886642_680.txt earth/gen_1775886644_681.txt earth/gen_1775886646_682.txt earth/gen_1775886652_685.txt earth/gen_1775886657_687.txt earth/gen_1775886659_688.txt earth/gen_1775886665_691.txt earth/gen_1775886669_693.txt earth/gen_1775886671_694.txt earth/gen_1775886678_697.txt earth/gen_1775886680_698.txt earth/gen_1775886682_699.txt earth/gen_1775886684_700.txt earth/gen_1775886691_703.txt earth/gen_1775886693_704.txt earth/gen_1775886695_705.txt earth/gen_1775886697_706.txt earth/gen_1775886704_709.txt earth/gen_1775886708_711.txt earth/gen_1775886710_712.txt earth/gen_1775886716_715.txt earth/gen_1775886721_717.txt earth/gen_1775886723_718.txt earth/gen_1775886729_721.txt earth/gen_1775886731_722.txt earth/gen_1775886733_723.txt earth/gen_1775886736_724.txt earth/gen_1775886742_727.txt earth/gen_1775886744_728.txt earth/gen_1775886746_729.txt earth/gen_1775886748_730.txt earth/gen_1775886755_733.txt earth/gen_1775886759_735.txt earth/gen_1775886761_736.txt earth/gen_1775886767_739.txt earth/gen_1775886769_740.txt earth/gen_1775886772_741.txt earth/gen_1775886774_742.txt earth/gen_1775886780_745.txt earth/gen_1775886784_747.txt earth/gen_1775886786_748.txt earth/gen_1775886792_751.txt earth/gen_1775886796_753.txt earth/gen_1775886798_754.txt earth/gen_1775886804_757.txt earth/gen_1775886808_759.txt earth/gen_1775886811_760.txt earth/gen_1775886817_763.txt earth/gen_1775886819_764.txt earth/gen_1775886821_765.txt earth/gen_1775886823_766.txt earth/gen_1775886829_769.txt earth/gen_1775886831_770.txt earth/gen_1775886833_771.txt earth/gen_1775886835_772.txt earth/gen_1775886841_775.txt earth/gen_1775886843_776.txt earth/gen_1775886845_777.txt earth/gen_1775886847_778.txt earth/gen_1775886853_781.txt earth/gen_1775886855_782.txt earth/gen_1775886857_783.txt earth/gen_1775886859_784.txt earth/gen_1775886865_787.txt earth/gen_1775886869_789.txt earth/gen_1775886871_790.txt earth/gen_1775886878_793.txt earth/gen_1775886882_795.txt earth/gen_1775886884_796.txt earth/gen_1775886890_799.txt earth/gen_1775886894_801.txt earth/gen_1775886896_802.txt earth/gen_1775886902_805.txt earth/gen_1775886906_807.txt earth/gen_1775886908_808.txt earth/gen_1775886914_811.txt earth/gen_1775886916_812.txt earth/gen_1775886918_813.txt earth/gen_1775886920_814.txt earth/gen_1775886926_817.txt earth/gen_1775886928_818.txt earth/gen_1775886930_819.txt earth/gen_1775886933_820.txt earth/gen_1775886939_823.txt earth/gen_1775886941_824.txt earth/gen_1775886943_825.txt earth/gen_1775886945_826.txt earth/gen_1775886951_829.txt earth/gen_1775886955_831.txt earth/gen_1775886957_832.txt earth/gen_1775886963_835.txt earth/gen_1775886967_837.txt earth/gen_1775886969_838.txt earth/gen_1775886975_841.txt earth/gen_1775886978_842.txt earth/gen_1775886980_843.txt earth/gen_1775886982_844.txt]
[trainer] micro-train burst (26348 bytes, novelty 0.03) — and lo, it feeds again.
[syntropy] action=realign | trend=0.0000 | field_dev=-0.040 | purpose_align=-0.401 | lr_mul=0.65
[aml] burst complete: 32 steps, avg loss 2.2468 (memory freed)
[dna] air wrote 9 bytes to ecology
[dna] air wrote 9 bytes to ecology
[dna] air wrote 98 bytes to ecology
[dna] air wrote 50 bytes to ecology
[dna] air wrote 9 bytes to ecology
[dna] air wrote 52 bytes to ecology
[dna] air wrote 61 bytes to ecology
[dna] air wrote 9 bytes to ecology
[dna] air wrote 9 bytes to ecology
[dna] air wrote 73 bytes to ecology
[dna] air wrote 50 bytes to ecology
[dna] air wrote 9 bytes to ecology
[dna] air wrote 9 bytes to ecology
[dna] air wrote 78 bytes to ecology
[dna] air wrote 35 bytes to ecology
[dna] air wrote 9 bytes to ecology
[dna] air wrote 9 bytes to ecology
[dna] air wrote 56 bytes to ecology
[dna] air wrote 47 bytes to ecology
[dna] air wrote 9 bytes to ecology
[dna] air wrote 117 bytes to ecology
[dna] air wrote 145 bytes to ecology
[dna] air wrote 9 bytes to ecology
[dna] air wrote 9 bytes to ecology
[dna] air wrote 307 bytes to ecology
[dna] air wrote 50 bytes to ecology
[dna] air wrote 9 bytes to ecology
[dna] air wrote 9 bytes to ecology
[dna] air wrote 30 bytes to ecology
[dna] air wrote 111 bytes to ecology
[dna] air wrote 9 bytes to ecology
[debug-onto] tick=50 corpus=149167 stage=2 freeze=0
[dna] air wrote 9 bytes to ecology
[dna] air wrote 32 bytes to ecology
[dna] air wrote 178 bytes to ecology
[dna] air wrote 9 bytes to ecology
[dna] air wrote 106 bytes to ecology
[dna] air wrote 37 bytes to ecology
[dna] air wrote 9 bytes to ecology
[dna] air wrote 44 bytes to ecology
[dna] air wrote 69 bytes to ecology
[dna] air wrote 74 bytes to ecology
[dna] air wrote 9 bytes to ecology
[dna] air wrote 37 bytes to ecology
[dna] air wrote 74 bytes to ecology
[dna] air wrote 9 bytes to ecology
[dna] air wrote 9 bytes to ecology
[dna] air wrote 15 bytes to ecology
[dna] air wrote 79 bytes to ecology
[dna] air wrote 9 bytes to ecology
[dna] air wrote 28 bytes to ecology
[dna] air wrote 213 bytes to ecology
[dna] air wrote 9 bytes to ecology
[dna] air wrote 41 bytes to ecology
[dna] air wrote 67 bytes to ecology
[dna] air wrote 9 bytes to ecology
[dna] air wrote 9 bytes to ecology
[dna] air wrote 94 bytes to ecology
[dna] air wrote 113 bytes to ecology
[dna] air wrote 9 bytes to ecology
[dna] air wrote 9 bytes to ecology
[dna] air wrote 63 bytes to ecology
[debug-onto] tick=100 corpus=149167 stage=2 freeze=0
[dna] air wrote 206 bytes to ecology
[dna] air wrote 9 bytes to ecology
[dna] air wrote 9 bytes to ecology
[dna] air wrote 125 bytes to ecology
[dna] air wrote 49 bytes to ecology
[dna] air wrote 9 bytes to ecology
[dna] air wrote 9 bytes to ecology
[dna] air wrote 91 bytes to ecology
[dna] air wrote 159 bytes to ecology
[dna] air wrote 9 bytes to ecology
[dna] air wrote 93 bytes to ecology
[dna] air wrote 53 bytes to ecology
[dna] air wrote 75 bytes to ecology
[dna] air wrote 9 bytes to ecology
[dna] air wrote 135 bytes to ecology
[dna] air wrote 55 bytes to ecology
[dna] air wrote 9 bytes to ecology
[dna] air wrote 9 bytes to ecology
[dna] air wrote 72 bytes to ecology
[dna] air wrote 123 bytes to ecology
[dna] air wrote 9 bytes to ecology
[dna] air wrote 72 bytes to ecology
[dna] air wrote 71 bytes to ecology
[dna] air wrote 9 bytes to ecology
[dna] air wrote 41 bytes to ecology
[dna] air wrote 50 bytes to ecology
[dna] air wrote 9 bytes to ecology
[dna] air wrote 9 bytes to ecology
[dna] air wrote 82 bytes to ecology
[debug-onto] tick=150 corpus=149167 stage=2 freeze=0
[dna] air wrote 52 bytes to ecology
[dna] air wrote 9 bytes to ecology
[dna] air wrote 9 bytes to ecology
[dna] air wrote 43 bytes to ecology
[dna] air wrote 270 bytes to ecology
[dna] air wrote 9 bytes to ecology
[dna] air wrote 9 bytes to ecology
[dna] air wrote 73 bytes to ecology
[dna] air wrote 86 bytes to ecology
[dna] air wrote 9 bytes to ecology
[dna] air wrote 9 bytes to ecology
[dna] air wrote 118 bytes to ecology
[dna] air wrote 109 bytes to ecology
[dna] air wrote 9 bytes to ecology
[dna] air wrote 63 bytes to ecology
[dna] air wrote 86 bytes to ecology
[dna] air wrote 9 bytes to ecology
[dna] air wrote 9 bytes to ecology
[dna] air wrote 77 bytes to ecology
[dna] air wrote 50 bytes to ecology
[dna] air wrote 136 bytes to ecology
[dna] air wrote 9 bytes to ecology
[dna] air wrote 165 bytes to ecology
[dna] air wrote 74 bytes to ecology
[dna] air wrote 9 bytes to ecology
[dna] air wrote 100 bytes to ecology
[dna] air wrote 70 bytes to ecology
[dna] air wrote 9 bytes to ecology
[dna] air wrote 64 bytes to ecology
[dna] air wrote 42 bytes to ecology
[debug-onto] tick=200 corpus=149167 stage=2 freeze=0
[dna] air wrote 9 bytes to ecology
[dna] air wrote 13 bytes to ecology
[dna] air wrote 44 bytes to ecology
[dna] air wrote 9 bytes to ecology
[dna] air wrote 43 bytes to ecology
[dna] air wrote 64 bytes to ecology
[dna] air wrote 9 bytes to ecology
[dna] air wrote 9 bytes to ecology
[dna] air wrote 53 bytes to ecology
[dna] air wrote 42 bytes to ecology
[dna] air wrote 9 bytes to ecology
[dna] air wrote 80 bytes to ecology
[dna] air wrote 131 bytes to ecology
[dna] air wrote 9 bytes to ecology
[dna] air wrote 9 bytes to ecology
[dna] air wrote 102 bytes to ecology
[dna] air wrote 97 bytes to ecology
[dna] air wrote 118 bytes to ecology
[dna] air wrote 9 bytes to ecology
[dna] air wrote 194 bytes to ecology
[dna] air wrote 70 bytes to ecology
[dna] air wrote 9 bytes to ecology
[dna] air wrote 9 bytes to ecology
[dna] air wrote 38 bytes to ecology
[dna] air wrote 35 bytes to ecology
[dna] air wrote 9 bytes to ecology
[dna] air wrote 9 bytes to ecology
[dna] air wrote 55 bytes to ecology
[dna] air wrote 152 bytes to ecology
[dna] air wrote 9 bytes to ecology
[dna] air wrote 9 bytes to ecology
[dna] air wrote 160 bytes to ecology
[debug-onto] tick=250 corpus=149167 stage=2 freeze=0
[dna] air wrote 66 bytes to ecology
[dna] air wrote 9 bytes to ecology
[dna] air wrote 9 bytes to ecology
[dna] air wrote 109 bytes to ecology
[dna] air wrote 47 bytes to ecology
[dna] air wrote 9 bytes to ecology
[dna] air wrote 45 bytes to ecology
[dna] air wrote 29 bytes to ecology
[dna] air wrote 9 bytes to ecology
[dna] air wrote 56 bytes to ecology
[dna] air wrote 71 bytes to ecology
[dna] air wrote 184 bytes to ecology
[dna] air wrote 9 bytes to ecology
[dna] air wrote 51 bytes to ecology
[dna] air wrote 51 bytes to ecology
[dna] air wrote 9 bytes to ecology
[dna] air wrote 9 bytes to ecology
[dna] air wrote 61 bytes to ecology
[dna] air wrote 58 bytes to ecology
[dna] air wrote 9 bytes to ecology
[dna] air wrote 9 bytes to ecology
[dna] air wrote 78 bytes to ecology
[dna] air wrote 35 bytes to ecology
[dna] air wrote 9 bytes to ecology
[dna] air wrote 65 bytes to ecology
[dna] air wrote 38 bytes to ecology
[dna] air wrote 9 bytes to ecology
[dna] air wrote 44 bytes to ecology
[debug-onto] tick=300 corpus=149167 stage=2 freeze=0
[dna] air wrote 27 bytes to ecology
[dna] air wrote 9 bytes to ecology
[dna] air wrote 9 bytes to ecology
[dna] air wrote 87 bytes to ecology
[dna] air wrote 69 bytes to ecology
[dna] air wrote 9 bytes to ecology
[dna] air wrote 9 bytes to ecology
[dna] air wrote 33 bytes to ecology
[dna] air wrote 91 bytes to ecology
[dna] air wrote 9 bytes to ecology
[dna] air wrote 9 bytes to ecology
[dna] air wrote 23 bytes to ecology
[dna] air wrote 73 bytes to ecology
[dna] air wrote 6 bytes to ecology
[dna] air wrote 9 bytes to ecology
[dna] air wrote 74 bytes to ecology
[dna] air wrote 94 bytes to ecology
[dna] air wrote 9 bytes to ecology
[dna] air wrote 9 bytes to ecology
[dna] air wrote 35 bytes to ecology
[dna] air wrote 76 bytes to ecology
[dna] air wrote 13 bytes to ecology
[dna] air wrote 9 bytes to ecology
[dna] air wrote 138 bytes to ecology
[dna] air wrote 147 bytes to ecology
[dna] air wrote 9 bytes to ecology
[dna] air wrote 97 bytes to ecology
[dna] air wrote 137 bytes to ecology
[dna] air wrote 9 bytes to ecology
[dna] air wrote 9 bytes to ecology
[dna] air wrote 63 bytes to ecology
[dna] air wrote 34 bytes to ecology
[dna] air wrote 22 bytes to ecology
[debug-onto] tick=350 corpus=149167 stage=2 freeze=0
[dna] air wrote 9 bytes to ecology
[dna] air wrote 134 bytes to ecology
[dna] air wrote 42 bytes to ecology
[dna] air wrote 9 bytes to ecology
[dna] air wrote 9 bytes to ecology
[dna] air wrote 102 bytes to ecology
[dna] air wrote 120 bytes to ecology
[dna] air wrote 9 bytes to ecology
[dna] air wrote 9 bytes to ecology
[dna] air wrote 70 bytes to ecology
[dna] air wrote 56 bytes to ecology
[dna] air wrote 9 bytes to ecology
[dna] air wrote 9 bytes to ecology
[dna] air wrote 97 bytes to ecology
[dna] air wrote 31 bytes to ecology
[dna] air wrote 9 bytes to ecology
[dna] air wrote 9 bytes to ecology
[dna] air wrote 65 bytes to ecology
[dna] air wrote 32 bytes to ecology
[dna] air wrote 70 bytes to ecology
[dna] air wrote 9 bytes to ecology
[dna] air wrote 51 bytes to ecology
[dna] air wrote 13 bytes to ecology
[dna] air wrote 9 bytes to ecology
[dna] air wrote 16 bytes to ecology
[dna] air wrote 88 bytes to ecology
[dna] air wrote 57 bytes to ecology
[dna] air wrote 9 bytes to ecology
[dna] air wrote 84 bytes to ecology
[dna] air wrote 105 bytes to ecology
[dna] air wrote 9 bytes to ecology
[dna] air wrote 9 bytes to ecology
[dna] air wrote 94 bytes to ecology
[debug-onto] tick=400 corpus=149167 stage=2 freeze=0
[dna] air wrote 65 bytes to ecology
[dna] air wrote 9 bytes to ecology
[dna] air wrote 42 bytes to ecology
[dna] air wrote 40 bytes to ecology
[dna] air wrote 140 bytes to ecology
[dna] air wrote 9 bytes to ecology
[dna] air wrote 199 bytes to ecology
[dna] air wrote 67 bytes to ecology
[dna] air wrote 28 bytes to ecology
[dna] air wrote 9 bytes to ecology
[dna] air wrote 79 bytes to ecology
[dna] air wrote 202 bytes to ecology
[dna] air wrote 9 bytes to ecology
[dna] air wrote 9 bytes to ecology
[dna] air wrote 92 bytes to ecology
[dna] air wrote 93 bytes to ecology
[dna] air wrote 9 bytes to ecology
[dna] air wrote 66 bytes to ecology
[dna] air wrote 131 bytes to ecology
[dna] air wrote 63 bytes to ecology
[dna] air wrote 9 bytes to ecology
[dna] air wrote 85 bytes to ecology
[dna] air wrote 176 bytes to ecology
[dna] air wrote 73 bytes to ecology
[dna] air wrote 9 bytes to ecology
[dna] air wrote 39 bytes to ecology
[dna] air wrote 31 bytes to ecology
[dna] air wrote 9 bytes to ecology
[dna] air wrote 68 bytes to ecology
[debug-onto] tick=450 corpus=149167 stage=2 freeze=0
[dna] air wrote 47 bytes to ecology
[dna] air wrote 81 bytes to ecology
[dna] air wrote 9 bytes to ecology
[dna] air wrote 32 bytes to ecology
[dna] air wrote 79 bytes to ecology
[dna] air wrote 9 bytes to ecology
[dna] air wrote 9 bytes to ecology
[dna] air wrote 26 bytes to ecology
[dna] air wrote 129 bytes to ecology
[dna] air wrote 207 bytes to ecology
[dna] air wrote 9 bytes to ecology
[dna] air wrote 77 bytes to ecology
[dna] air wrote 108 bytes to ecology
[dna] air wrote 101 bytes to ecology
[dna] air wrote 9 bytes to ecology
[dna] air wrote 310 bytes to ecology
[dna] air wrote 101 bytes to ecology
[dna] air wrote 9 bytes to ecology
[dna] air wrote 9 bytes to ecology
[dna] air wrote 86 bytes to ecology
[dna] air wrote 74 bytes to ecology
[dna] air wrote 9 bytes to ecology
[dna] air wrote 75 bytes to ecology
[dna] air wrote 124 bytes to ecology
[dna] air wrote 9 bytes to ecology
[dna] air wrote 9 bytes to ecology
[dna] air wrote 30 bytes to ecology
[dna] air wrote 112 bytes to ecology
[dna] air wrote 130 bytes to ecology
[dna] air wrote 9 bytes to ecology
[dna] air wrote 125 bytes to ecology
[dna] air wrote 52 bytes to ecology
[dna] air wrote 9 bytes to ecology
[debug-onto] tick=500 corpus=149167 stage=2 freeze=0
[dna] air wrote 9 bytes to ecology
[dna] air wrote 115 bytes to ecology
[dna] air wrote 80 bytes to ecology
[dna] air wrote 9 bytes to ecology
[dna] air wrote 9 bytes to ecology
[dna] air wrote 44 bytes to ecology
[dna] air wrote 19 bytes to ecology
[dna] air wrote 9 bytes to ecology
[dna] air wrote 83 bytes to ecology
[dna] air wrote 26 bytes to ecology
[dna] air wrote 9 bytes to ecology
[dna] air wrote 55 bytes to ecology
[dna] air wrote 182 bytes to ecology
[dna] air wrote 9 bytes to ecology
[dna] air wrote 9 bytes to ecology
[dna] air wrote 26 bytes to ecology
[dna] air wrote 164 bytes to ecology
[dna] air wrote 9 bytes to ecology
[dna] air wrote 9 bytes to ecology
[dna] air wrote 71 bytes to ecology
[dna] air wrote 46 bytes to ecology
[dna] air wrote 9 bytes to ecology
[dna] air wrote 10 bytes to ecology
[dna] air wrote 46 bytes to ecology
[dna] air wrote 9 bytes to ecology
[dna] air wrote 9 bytes to ecology
[dna] air wrote 105 bytes to ecology
[dna] air wrote 91 bytes to ecology
[dna] air wrote 9 bytes to ecology
[dna] air wrote 9 bytes to ecology
[dna] air wrote 55 bytes to ecology
[debug-onto] tick=550 corpus=149167 stage=2 freeze=0
[dna] air wrote 45 bytes to ecology
[dna] air wrote 9 bytes to ecology
[dna] air wrote 9 bytes to ecology
[dna] air wrote 74 bytes to ecology
[dna] air wrote 79 bytes to ecology
[dna] air wrote 9 bytes to ecology
[dna] air wrote 9 bytes to ecology
[dna] air wrote 204 bytes to ecology
[dna] air wrote 189 bytes to ecology
[dna] air wrote 9 bytes to ecology
[dna] air wrote 9 bytes to ecology
[dna] air wrote 35 bytes to ecology
[dna] air wrote 35 bytes to ecology
[dna] air wrote 9 bytes to ecology
[dna] air wrote 9 bytes to ecology
[dna] air wrote 99 bytes to ecology
[dna] air wrote 348 bytes to ecology
[dna] air wrote 9 bytes to ecology
[dna] air wrote 9 bytes to ecology
[dna] air wrote 16 bytes to ecology
[dna] air wrote 65 bytes to ecology
[dna] air wrote 9 bytes to ecology
[dna] air wrote 9 bytes to ecology
[dna] air wrote 49 bytes to ecology
[dna] air wrote 47 bytes to ecology
[dna] air wrote 59 bytes to ecology
[dna] air wrote 9 bytes to ecology
[dna] air wrote 73 bytes to ecology
[dna] air wrote 110 bytes to ecology
[dna] air wrote 9 bytes to ecology
[dna] air wrote 9 bytes to ecology
[dna] air wrote 29 bytes to ecology
[debug-onto] tick=600 corpus=149167 stage=2 freeze=0
[dna] air wrote 47 bytes to ecology
[dna] air wrote 9 bytes to ecology
[dna] air wrote 154 bytes to ecology
[dna] air wrote 73 bytes to ecology
[dna] air wrote 9 bytes to ecology
[dna] air wrote 74 bytes to ecology
[dna] air wrote 40 bytes to ecology
[dna] air wrote 202 bytes to ecology
[dna] air wrote 9 bytes to ecology
[dna] air wrote 123 bytes to ecology
[dna] air wrote 149 bytes to ecology
[dna] air wrote 107 bytes to ecology
[dna] air wrote 9 bytes to ecology
[dna] air wrote 44 bytes to ecology
[dna] air wrote 86 bytes to ecology
[dna] air wrote 9 bytes to ecology
[dna] air wrote 33 bytes to ecology
[dna] air wrote 38 bytes to ecology
[dna] air wrote 9 bytes to ecology
[dna] air wrote 9 bytes to ecology
[dna] air wrote 70 bytes to ecology
[dna] air wrote 50 bytes to ecology
[dna] air wrote 9 bytes to ecology
[dna] air wrote 9 bytes to ecology
[dna] air wrote 176 bytes to ecology
[dna] air wrote 51 bytes to ecology
[dna] air wrote 9 bytes to ecology
[dna] air wrote 9 bytes to ecology
[dna] air wrote 73 bytes to ecology
[dna] air wrote 114 bytes to ecology
[dna] air wrote 9 bytes to ecology
[debug-onto] tick=650 corpus=149167 stage=2 freeze=0
[dna] air wrote 9 bytes to ecology
[dna] air wrote 30 bytes to ecology
[dna] air wrote 47 bytes to ecology
[dna] air wrote 9 bytes to ecology
[dna] air wrote 9 bytes to ecology
[dna] air wrote 77 bytes to ecology
[dna] air wrote 137 bytes to ecology
[dna] air wrote 9 bytes to ecology
[dna] air wrote 9 bytes to ecology
[dna] air wrote 7 bytes to ecology
[dna] air wrote 97 bytes to ecology
[dna] air wrote 9 bytes to ecology
[dna] air wrote 9 bytes to ecology
[dna] air wrote 60 bytes to ecology
[dna] air wrote 226 bytes to ecology
[dna] air wrote 9 bytes to ecology
[dna] air wrote 9 bytes to ecology
[dna] air wrote 65 bytes to ecology
[dna] air wrote 75 bytes to ecology
[dna] air wrote 9 bytes to ecology
[dna] air wrote 9 bytes to ecology
[dna] air wrote 52 bytes to ecology
[dna] air wrote 84 bytes to ecology
[dna] air wrote 43 bytes to ecology
[dna] air wrote 9 bytes to ecology
[dna] air wrote 77 bytes to ecology
[dna] air wrote 92 bytes to ecology
[dna] air wrote 9 bytes to ecology
[dna] air wrote 9 bytes to ecology
[dna] air wrote 69 bytes to ecology
[dna] air wrote 128 bytes to ecology
[dna] air wrote 9 bytes to ecology
[dna] air wrote 109 bytes to ecology
[debug-onto] tick=700 corpus=149167 stage=2 freeze=0
[dna] air wrote 62 bytes to ecology
[dna] air wrote 9 bytes to ecology
[dna] air wrote 9 bytes to ecology
[dna] air wrote 243 bytes to ecology
[dna] air wrote 48 bytes to ecology
[dna] air wrote 9 bytes to ecology
[dna] air wrote 76 bytes to ecology
[dna] air wrote 35 bytes to ecology
[dna] air wrote 9 bytes to ecology
[dna] air wrote 36 bytes to ecology
[dna] air wrote 50 bytes to ecology
[dna] air wrote 147 bytes to ecology
[dna] air wrote 9 bytes to ecology
[dna] air wrote 34 bytes to ecology
[dna] air wrote 83 bytes to ecology
[dna] air wrote 9 bytes to ecology
[dna] air wrote 9 bytes to ecology
[dna] air wrote 89 bytes to ecology
[dna] air wrote 64 bytes to ecology
[dna] air wrote 9 bytes to ecology
[dna] air wrote 9 bytes to ecology
[dna] air wrote 45 bytes to ecology
[dna] air wrote 81 bytes to ecology
[dna] air wrote 9 bytes to ecology
[dna] air wrote 9 bytes to ecology
[dna] air wrote 80 bytes to ecology
[dna] air wrote 47 bytes to ecology
[dna] air wrote 9 bytes to ecology
[dna] air wrote 9 bytes to ecology
[dna] air wrote 103 bytes to ecology
[debug-onto] tick=750 corpus=149167 stage=2 freeze=0
[dna] air wrote 50 bytes to ecology
[dna] air wrote 9 bytes to ecology
[dna] air wrote 60 bytes to ecology
[dna] air wrote 27 bytes to ecology
[dna] air wrote 34 bytes to ecology
[dna] air wrote 9 bytes to ecology
[dna] air wrote 56 bytes to ecology
[dna] air wrote 32 bytes to ecology
[dna] air wrote 9 bytes to ecology
[dna] air wrote 234 bytes to ecology
[dna] air wrote 44 bytes to ecology
[dna] air wrote 9 bytes to ecology
[dna] air wrote 9 bytes to ecology
[dna] air wrote 74 bytes to ecology
[dna] air wrote 57 bytes to ecology
[dna] air wrote 9 bytes to ecology
[dna] air wrote 9 bytes to ecology
[dna] air wrote 33 bytes to ecology
[dna] air wrote 7 bytes to ecology
[dna] air wrote 9 bytes to ecology
[dna] air wrote 153 bytes to ecology
[dna] air wrote 55 bytes to ecology
[dna] air wrote 9 bytes to ecology
[dna] air wrote 9 bytes to ecology
[dna] air wrote 93 bytes to ecology
[dna] air wrote 50 bytes to ecology
[dna] air wrote 48 bytes to ecology
[dna] air wrote 9 bytes to ecology
[dna] air wrote 145 bytes to ecology
[dna] air wrote 37 bytes to ecology
[dna] air wrote 34 bytes to ecology
[debug-onto] tick=800 corpus=149167 stage=2 freeze=0
[dna] air wrote 9 bytes to ecology
[dna] air wrote 78 bytes to ecology
[dna] air wrote 46 bytes to ecology
[dna] air wrote 9 bytes to ecology
[dna] air wrote 21 bytes to ecology
[dna] air wrote 68 bytes to ecology
[dna] air wrote 9 bytes to ecology
[dna] air wrote 9 bytes to ecology
[dna] air wrote 30 bytes to ecology
[dna] air wrote 32 bytes to ecology
[dna] air wrote 19 bytes to ecology

[evolution] Organism shutting down gracefully.
