[ecology] Element: fire → corpus: nonames_fire.txt
[evolution] Autonomous evolution mode — organism will grow through all stages without pause.
[ecology] Joined swarm. 1 peer(s) detected.
molequla is alive. [evolution] Autonomous mode — background trainer running. Ctrl+C to stop.
[dna] fire wrote 51 bytes to ecology
[dna] fire consumed 22232 bytes from 690 files: [water/gen_1775888788_1.txt water/gen_1775888796_2.txt water/gen_1775888798_3.txt water/gen_1775888801_4.txt water/gen_1775888803_5.txt water/gen_1775888805_6.txt water/gen_1775888808_7.txt water/gen_1775888810_8.txt water/gen_1775888812_9.txt water/gen_1775888815_10.txt water/gen_1775888817_11.txt water/gen_1775888822_13.txt water/gen_1775888824_14.txt water/gen_1775888826_15.txt water/gen_1775888828_16.txt water/gen_1775888831_17.txt water/gen_1775888833_18.txt water/gen_1775888835_19.txt water/gen_1775888838_20.txt water/gen_1775888840_21.txt water/gen_1775888842_22.txt water/gen_1775888845_23.txt water/gen_1775888847_24.txt water/gen_1775888849_25.txt water/gen_1775888852_26.txt water/gen_1775888854_27.txt water/gen_1775888856_28.txt water/gen_1775888859_29.txt water/gen_1775888861_30.txt water/gen_1775888863_31.txt water/gen_1775888866_32.txt water/gen_1775888868_33.txt water/gen_1775888870_34.txt water/gen_1775888872_35.txt water/gen_1775888877_37.txt water/gen_1775888879_38.txt water/gen_1775888882_39.txt water/gen_1775888884_40.txt water/gen_1775888886_41.txt water/gen_1775888891_43.txt water/gen_1775888893_44.txt water/gen_1775888896_45.txt water/gen_1775888898_46.txt water/gen_1775888900_47.txt water/gen_1775888902_48.txt water/gen_1775888905_49.txt water/gen_1775888907_50.txt water/gen_1775888909_51.txt water/gen_1775888912_52.txt water/gen_1775888914_53.txt water/gen_1775888916_54.txt water/gen_1775888919_55.txt water/gen_1775888921_56.txt water/gen_1775888923_57.txt water/gen_1775888926_58.txt water/gen_1775888928_59.txt water/gen_1775888932_61.txt water/gen_1775888935_62.txt water/gen_1775888937_63.txt water/gen_1775888939_64.txt water/gen_1775888942_65.txt water/gen_1775888946_67.txt water/gen_1775888949_68.txt water/gen_1775888951_69.txt water/gen_1775888953_70.txt water/gen_1775888955_71.txt water/gen_1775888960_73.txt water/gen_1775888962_74.txt water/gen_1775888965_75.txt water/gen_1775888967_76.txt water/gen_1775888969_77.txt water/gen_1775888974_79.txt water/gen_1775888976_80.txt water/gen_1775888979_81.txt water/gen_1775888981_82.txt water/gen_1775888983_83.txt water/gen_1775888988_85.txt water/gen_1775888990_86.txt water/gen_1775888992_87.txt water/gen_1775888995_88.txt water/gen_1775888997_89.txt water/gen_1775889002_91.txt water/gen_1775889004_92.txt water/gen_1775889006_93.txt water/gen_1775889009_94.txt water/gen_1775889011_95.txt water/gen_1775889013_96.txt water/gen_1775889015_97.txt water/gen_1775889018_98.txt water/gen_1775889020_99.txt water/gen_1775889022_100.txt water/gen_1775889025_101.txt water/gen_1775889027_102.txt water/gen_1775889029_103.txt water/gen_1775889032_104.txt water/gen_1775889034_105.txt water/gen_1775889036_106.txt water/gen_1775889039_107.txt water/gen_1775889043_109.txt water/gen_1775889046_110.txt water/gen_1775889048_111.txt water/gen_1775889050_112.txt water/gen_1775889052_113.txt water/gen_1775889057_115.txt water/gen_1775889059_116.txt water/gen_1775889062_117.txt water/gen_1775889064_118.txt water/gen_1775889066_119.txt water/gen_1775889071_121.txt water/gen_1775889073_122.txt water/gen_1775889076_123.txt water/gen_1775889078_124.txt water/gen_1775889080_125.txt water/gen_1775889085_127.txt water/gen_1775889087_128.txt water/gen_1775889089_129.txt water/gen_1775889092_130.txt water/gen_1775889094_131.txt water/gen_1775889099_133.txt water/gen_1775889101_134.txt water/gen_1775889103_135.txt water/gen_1775889106_136.txt water/gen_1775889108_137.txt water/gen_1775889112_139.txt water/gen_1775889115_140.txt water/gen_1775889117_141.txt water/gen_1775889119_142.txt water/gen_1775889122_143.txt water/gen_1775889126_145.txt water/gen_1775889129_146.txt water/gen_1775889131_147.txt water/gen_1775889133_148.txt water/gen_1775889136_149.txt water/gen_1775889138_150.txt water/gen_1775889140_151.txt water/gen_1775889143_152.txt water/gen_1775889145_153.txt water/gen_1775889147_154.txt water/gen_1775889149_155.txt water/gen_1775889154_157.txt water/gen_1775889156_158.txt water/gen_1775889159_159.txt water/gen_1775889161_160.txt water/gen_1775889163_161.txt water/gen_1775889168_163.txt water/gen_1775889170_164.txt water/gen_1775889173_165.txt water/gen_1775889175_166.txt water/gen_1775889177_167.txt water/gen_1775889182_169.txt water/gen_1775889184_170.txt water/gen_1775889186_171.txt water/gen_1775889189_172.txt water/gen_1775889191_173.txt water/gen_1775889193_174.txt water/gen_1775889196_175.txt water/gen_1775889198_176.txt water/gen_1775889200_177.txt water/gen_1775889203_178.txt water/gen_1775889205_179.txt water/gen_1775889210_181.txt water/gen_1775889212_182.txt water/gen_1775889214_183.txt water/gen_1775889217_184.txt water/gen_1775889219_185.txt water/gen_1775889223_187.txt water/gen_1775889226_188.txt water/gen_1775889228_189.txt water/gen_1775889230_190.txt water/gen_1775889233_191.txt water/gen_1775889237_193.txt water/gen_1775889240_194.txt water/gen_1775889242_195.txt water/gen_1775889244_196.txt water/gen_1775889247_197.txt water/gen_1775889249_198.txt water/gen_1775889251_199.txt water/gen_1775889254_200.txt water/gen_1775889256_201.txt water/gen_1775889258_202.txt water/gen_1775889260_203.txt water/gen_1775889265_205.txt water/gen_1775889267_206.txt water/gen_1775889270_207.txt water/gen_1775889272_208.txt water/gen_1775889274_209.txt water/gen_1775889277_210.txt water/gen_1775889279_211.txt water/gen_1775889281_212.txt water/gen_1775889284_213.txt water/gen_1775889286_214.txt water/gen_1775889288_215.txt water/gen_1775889293_217.txt water/gen_1775889295_218.txt water/gen_1775889297_219.txt water/gen_1775889300_220.txt water/gen_1775889302_221.txt water/gen_1775889307_223.txt water/gen_1775889309_224.txt water/gen_1775889311_225.txt water/gen_1775889314_226.txt water/gen_1775889316_227.txt water/gen_1775889321_229.txt water/gen_1775889323_230.txt water/gen_1775889325_231.txt water/gen_1775889327_232.txt water/gen_1775889330_233.txt water/gen_1775889334_235.txt water/gen_1775889337_236.txt water/gen_1775889339_237.txt water/gen_1775889341_238.txt water/gen_1775889344_239.txt water/gen_1775889348_241.txt water/gen_1775889351_242.txt water/gen_1775889353_243.txt water/gen_1775889355_244.txt water/gen_1775889358_245.txt water/gen_1775889362_247.txt water/gen_1775889365_248.txt water/gen_1775889367_249.txt water/gen_1775889369_250.txt water/gen_1775889371_251.txt water/gen_1775889374_252.txt water/gen_1775889376_253.txt water/gen_1775889378_254.txt water/gen_1775889381_255.txt water/gen_1775889383_256.txt water/gen_1775889385_257.txt water/gen_1775889390_259.txt water/gen_1775889392_260.txt water/gen_1775889395_261.txt water/gen_1775889397_262.txt water/gen_1775889399_263.txt water/gen_1775889402_264.txt water/gen_1775889404_265.txt water/gen_1775889406_266.txt water/gen_1775889409_267.txt water/gen_1775889411_268.txt water/gen_1775889413_269.txt water/gen_1775889418_271.txt water/gen_1775889420_272.txt water/gen_1775889423_273.txt water/gen_1775889425_274.txt water/gen_1775889427_275.txt water/gen_1775889430_276.txt water/gen_1775889432_277.txt water/gen_1775889434_278.txt water/gen_1775889436_279.txt water/gen_1775889439_280.txt water/gen_1775889441_281.txt water/gen_1775889443_282.txt water/gen_1775889446_283.txt water/gen_1775889448_284.txt water/gen_1775889450_285.txt water/gen_1775889453_286.txt water/gen_1775889455_287.txt water/gen_1775889460_289.txt water/gen_1775889462_290.txt water/gen_1775889464_291.txt water/gen_1775889467_292.txt water/gen_1775889469_293.txt water/gen_1775889473_295.txt water/gen_1775889476_296.txt water/gen_1775889478_297.txt water/gen_1775889480_298.txt water/gen_1775889483_299.txt water/gen_1775889485_300.txt water/gen_1775889487_301.txt water/gen_1775889490_302.txt water/gen_1775889492_303.txt water/gen_1775889494_304.txt water/gen_1775889497_305.txt water/gen_1775889501_307.txt water/gen_1775889504_308.txt water/gen_1775889506_309.txt water/gen_1775889508_310.txt water/gen_1775889511_311.txt water/gen_1775889515_313.txt water/gen_1775889517_314.txt water/gen_1775889520_315.txt water/gen_1775889522_316.txt water/gen_1775889524_317.txt water/gen_1775889529_319.txt water/gen_1775889531_320.txt water/gen_1775889534_321.txt water/gen_1775889536_322.txt water/gen_1775889538_323.txt water/gen_1775889543_325.txt water/gen_1775889545_326.txt water/gen_1775889548_327.txt water/gen_1775889550_328.txt water/gen_1775889552_329.txt water/gen_1775889557_331.txt water/gen_1775889559_332.txt water/gen_1775889561_333.txt water/gen_1775889564_334.txt water/gen_1775889566_335.txt water/gen_1775889571_337.txt water/gen_1775889573_338.txt water/gen_1775889575_339.txt water/gen_1775889578_340.txt water/gen_1775889580_341.txt water/gen_1775889585_343.txt water/gen_1775889587_344.txt water/gen_1775889589_345.txt water/gen_1775889591_346.txt water/gen_1775889594_347.txt water/gen_1775889598_349.txt water/gen_1775889601_350.txt water/gen_1775889603_351.txt water/gen_1775889605_352.txt water/gen_1775889608_353.txt water/gen_1775889610_354.txt water/gen_1775889612_355.txt water/gen_1775889615_356.txt water/gen_1775889617_357.txt water/gen_1775889619_358.txt water/gen_1775889622_359.txt water/gen_1775889626_361.txt water/gen_1775889628_362.txt water/gen_1775889631_363.txt water/gen_1775889633_364.txt water/gen_1775889635_365.txt water/gen_1775889640_367.txt water/gen_1775889642_368.txt water/gen_1775889645_369.txt water/gen_1775889647_370.txt water/gen_1775889649_371.txt water/gen_1775889654_373.txt water/gen_1775889656_374.txt water/gen_1775889658_375.txt water/gen_1775889661_376.txt water/gen_1775889663_377.txt water/gen_1775889668_379.txt water/gen_1775889670_380.txt water/gen_1775889672_381.txt water/gen_1775889675_382.txt water/gen_1775889677_383.txt water/gen_1775889682_385.txt water/gen_1775889684_386.txt water/gen_1775889686_387.txt water/gen_1775889689_388.txt water/gen_1775889691_389.txt water/gen_1775889693_390.txt water/gen_1775889695_391.txt water/gen_1775889698_392.txt water/gen_1775889700_393.txt water/gen_1775889702_394.txt water/gen_1775889705_395.txt water/gen_1775889709_397.txt water/gen_1775889712_398.txt water/gen_1775889714_399.txt water/gen_1775889716_400.txt water/gen_1775889719_401.txt water/gen_1775889723_403.txt water/gen_1775889726_404.txt water/gen_1775889728_405.txt water/gen_1775889730_406.txt water/gen_1775889733_407.txt water/gen_1775889737_409.txt water/gen_1775889739_410.txt water/gen_1775889742_411.txt water/gen_1775889744_412.txt water/gen_1775889746_413.txt water/gen_1775889751_415.txt water/gen_1775889753_416.txt water/gen_1775889756_417.txt water/gen_1775889758_418.txt water/gen_1775889760_419.txt water/gen_1775889765_421.txt water/gen_1775889767_422.txt water/gen_1775889770_423.txt water/gen_1775889772_424.txt water/gen_1775889774_425.txt water/gen_1775889779_427.txt water/gen_1775889781_428.txt water/gen_1775889783_429.txt water/gen_1775889786_430.txt water/gen_1775889788_431.txt water/gen_1775889790_432.txt water/gen_1775889793_433.txt water/gen_1775889795_434.txt water/gen_1775889797_435.txt water/gen_1775889800_436.txt water/gen_1775889802_437.txt water/gen_1775889807_439.txt water/gen_1775889809_440.txt water/gen_1775889811_441.txt water/gen_1775889813_442.txt water/gen_1775889816_443.txt water/gen_1775889820_445.txt water/gen_1775889823_446.txt water/gen_1775889825_447.txt water/gen_1775889827_448.txt water/gen_1775889830_449.txt water/gen_1775889834_451.txt water/gen_1775889836_452.txt water/gen_1775889839_453.txt water/gen_1775889841_454.txt water/gen_1775889843_455.txt water/gen_1775889848_457.txt water/gen_1775889850_458.txt water/gen_1775889853_459.txt water/gen_1775889855_460.txt water/gen_1775889857_461.txt water/gen_1775889862_463.txt water/gen_1775889864_464.txt water/gen_1775889867_465.txt water/gen_1775889869_466.txt water/gen_1775889871_467.txt water/gen_1775889874_468.txt water/gen_1775889876_469.txt water/gen_1775889878_470.txt water/gen_1775889880_471.txt water/gen_1775889883_472.txt water/gen_1775889885_473.txt water/gen_1775889890_475.txt water/gen_1775889892_476.txt water/gen_1775889894_477.txt water/gen_1775889897_478.txt water/gen_1775889899_479.txt water/gen_1775889901_480.txt water/gen_1775889904_481.txt water/gen_1775889906_482.txt water/gen_1775889908_483.txt water/gen_1775889910_484.txt water/gen_1775889913_485.txt water/gen_1775889917_487.txt water/gen_1775889920_488.txt water/gen_1775889922_489.txt water/gen_1775889924_490.txt water/gen_1775889927_491.txt water/gen_1775889931_493.txt water/gen_1775889934_494.txt water/gen_1775889936_495.txt water/gen_1775889938_496.txt water/gen_1775889941_497.txt water/gen_1775889945_499.txt water/gen_1775889947_500.txt water/gen_1775889950_501.txt water/gen_1775889952_502.txt water/gen_1775889954_503.txt water/gen_1775889959_505.txt water/gen_1775889961_506.txt water/gen_1775889964_507.txt water/gen_1775889966_508.txt water/gen_1775889968_509.txt water/gen_1775889971_510.txt water/gen_1775889973_511.txt water/gen_1775889975_512.txt water/gen_1775889978_513.txt water/gen_1775889980_514.txt water/gen_1775889982_515.txt water/gen_1775889984_516.txt water/gen_1775889987_517.txt water/gen_1775889989_518.txt water/gen_1775889991_519.txt water/gen_1775889994_520.txt water/gen_1775889996_521.txt water/gen_1775889998_522.txt water/gen_1775890001_523.txt water/gen_1775890003_524.txt water/gen_1775890005_525.txt water/gen_1775890008_526.txt water/gen_1775890010_527.txt water/gen_1775890014_529.txt water/gen_1775890017_530.txt water/gen_1775890019_531.txt water/gen_1775890021_532.txt water/gen_1775890024_533.txt water/gen_1775890028_535.txt water/gen_1775890031_536.txt water/gen_1775890033_537.txt water/gen_1775890035_538.txt water/gen_1775890038_539.txt water/gen_1775890040_540.txt water/gen_1775890042_541.txt water/gen_1775890044_542.txt water/gen_1775890047_543.txt water/gen_1775890049_544.txt water/gen_1775890051_545.txt water/gen_1775890054_546.txt water/gen_1775890056_547.txt water/gen_1775890058_548.txt water/gen_1775890061_549.txt water/gen_1775890063_550.txt water/gen_1775890065_551.txt water/gen_1775890067_552.txt water/gen_1775890070_553.txt water/gen_1775890072_554.txt water/gen_1775890074_555.txt water/gen_1775890077_556.txt water/gen_1775890079_557.txt water/gen_1775890081_558.txt water/gen_1775890084_559.txt water/gen_1775890086_560.txt water/gen_1775890088_561.txt water/gen_1775890091_562.txt water/gen_1775890093_563.txt water/gen_1775890098_565.txt water/gen_1775890100_566.txt water/gen_1775890102_567.txt water/gen_1775890104_568.txt water/gen_1775890107_569.txt water/gen_1775890109_570.txt water/gen_1775890111_571.txt water/gen_1775890114_572.txt water/gen_1775890116_573.txt water/gen_1775890118_574.txt water/gen_1775890121_575.txt water/gen_1775890123_576.txt water/gen_1775890125_577.txt water/gen_1775890128_578.txt water/gen_1775890130_579.txt water/gen_1775890132_580.txt water/gen_1775890135_581.txt water/gen_1775890137_582.txt water/gen_1775890139_583.txt water/gen_1775890142_584.txt water/gen_1775890144_585.txt water/gen_1775890146_586.txt water/gen_1775890149_587.txt water/gen_1775890153_589.txt water/gen_1775890156_590.txt water/gen_1775890158_591.txt water/gen_1775890160_592.txt water/gen_1775890162_593.txt water/gen_1775890165_594.txt water/gen_1775890167_595.txt water/gen_1775890169_596.txt water/gen_1775890172_597.txt water/gen_1775890174_598.txt water/gen_1775890176_599.txt water/gen_1775890181_601.txt water/gen_1775890183_602.txt water/gen_1775890186_603.txt water/gen_1775890188_604.txt water/gen_1775890190_605.txt water/gen_1775890193_606.txt water/gen_1775890195_607.txt water/gen_1775890197_608.txt water/gen_1775890199_609.txt water/gen_1775890202_610.txt water/gen_1775890204_611.txt water/gen_1775890209_613.txt water/gen_1775890211_614.txt water/gen_1775890213_615.txt water/gen_1775890216_616.txt water/gen_1775890218_617.txt water/gen_1775890223_619.txt water/gen_1775890225_620.txt water/gen_1775890227_621.txt water/gen_1775890230_622.txt water/gen_1775890232_623.txt water/gen_1775890234_624.txt water/gen_1775890236_625.txt water/gen_1775890239_626.txt water/gen_1775890241_627.txt water/gen_1775890243_628.txt water/gen_1775890246_629.txt water/gen_1775890248_630.txt water/gen_1775890250_631.txt water/gen_1775890253_632.txt water/gen_1775890255_633.txt water/gen_1775890257_634.txt water/gen_1775890260_635.txt water/gen_1775890264_637.txt water/gen_1775890267_638.txt water/gen_1775890269_639.txt water/gen_1775890271_640.txt water/gen_1775890274_641.txt water/gen_1775890276_642.txt water/gen_1775890278_643.txt water/gen_1775890281_644.txt water/gen_1775890283_645.txt water/gen_1775890285_646.txt water/gen_1775890288_647.txt water/gen_1775890292_649.txt water/gen_1775890295_650.txt water/gen_1775890297_651.txt water/gen_1775890299_652.txt water/gen_1775890302_653.txt water/gen_1775890306_655.txt water/gen_1775890308_656.txt water/gen_1775890311_657.txt water/gen_1775890313_658.txt water/gen_1775890315_659.txt water/gen_1775890320_661.txt water/gen_1775890323_662.txt water/gen_1775890325_663.txt water/gen_1775890327_664.txt water/gen_1775890330_665.txt water/gen_1775890332_666.txt water/gen_1775890334_667.txt water/gen_1775890336_668.txt water/gen_1775890339_669.txt water/gen_1775890341_670.txt water/gen_1775890343_671.txt water/gen_1775890348_673.txt water/gen_1775890350_674.txt water/gen_1775890353_675.txt water/gen_1775890355_676.txt water/gen_1775890357_677.txt water/gen_1775890362_679.txt water/gen_1775890364_680.txt water/gen_1775890367_681.txt water/gen_1775890369_682.txt water/gen_1775890371_683.txt water/gen_1775890373_684.txt water/gen_1775890376_685.txt water/gen_1775890378_686.txt water/gen_1775890380_687.txt water/gen_1775890383_688.txt water/gen_1775890385_689.txt water/gen_1775890390_691.txt water/gen_1775890392_692.txt water/gen_1775890394_693.txt water/gen_1775890397_694.txt water/gen_1775890399_695.txt water/gen_1775890404_697.txt water/gen_1775890406_698.txt water/gen_1775890408_699.txt water/gen_1775890410_700.txt water/gen_1775890413_701.txt water/gen_1775890417_703.txt water/gen_1775890420_704.txt water/gen_1775890422_705.txt water/gen_1775890424_706.txt water/gen_1775890427_707.txt water/gen_1775890429_708.txt water/gen_1775890431_709.txt water/gen_1775890434_710.txt water/gen_1775890436_711.txt water/gen_1775890438_712.txt water/gen_1775890440_713.txt water/gen_1775890445_715.txt water/gen_1775890447_716.txt water/gen_1775890450_717.txt water/gen_1775890452_718.txt water/gen_1775890454_719.txt water/gen_1775890457_720.txt water/gen_1775890459_721.txt water/gen_1775890461_722.txt water/gen_1775890464_723.txt water/gen_1775890466_724.txt water/gen_1775890468_725.txt water/gen_1775890473_727.txt water/gen_1775890475_728.txt water/gen_1775890478_729.txt water/gen_1775890480_730.txt water/gen_1775890482_731.txt water/gen_1775890484_732.txt water/gen_1775890487_733.txt water/gen_1775890489_734.txt water/gen_1775890491_735.txt water/gen_1775890494_736.txt water/gen_1775890496_737.txt water/gen_1775890501_739.txt water/gen_1775890503_740.txt water/gen_1775890505_741.txt water/gen_1775890508_742.txt water/gen_1775890510_743.txt water/gen_1775890515_745.txt water/gen_1775890517_746.txt water/gen_1775890519_747.txt water/gen_1775890522_748.txt water/gen_1775890524_749.txt water/gen_1775890526_750.txt water/gen_1775890528_751.txt water/gen_1775890531_752.txt water/gen_1775890533_753.txt water/gen_1775890535_754.txt water/gen_1775890538_755.txt water/gen_1775890542_757.txt water/gen_1775890545_758.txt water/gen_1775890547_759.txt water/gen_1775890549_760.txt water/gen_1775890552_761.txt water/gen_1775890554_762.txt water/gen_1775890556_763.txt water/gen_1775890561_765.txt water/gen_1775890563_766.txt water/gen_1775890565_767.txt water/gen_1775890568_768.txt water/gen_1775890570_769.txt water/gen_1775890572_770.txt water/gen_1775890575_771.txt water/gen_1775890577_772.txt water/gen_1775890579_773.txt water/gen_1775890584_775.txt]
[trainer] micro-train burst (22232 bytes, novelty 0.03) — and lo, it feeds again.
[syntropy] action=realign | trend=0.0000 | field_dev=0.052 | purpose_align=-0.368 | lr_mul=0.65
[aml] burst complete: 32 steps, avg loss 1.4079 (memory freed)
[dna] fire wrote 9 bytes to ecology
[dna] fire wrote 34 bytes to ecology
[dna] fire wrote 15 bytes to ecology
[dna] fire wrote 16 bytes to ecology
[dna] fire wrote 19 bytes to ecology
[dna] fire wrote 9 bytes to ecology
[dna] fire wrote 64 bytes to ecology
[dna] fire wrote 108 bytes to ecology
[dna] fire wrote 72 bytes to ecology
[dna] fire wrote 9 bytes to ecology
[dna] fire wrote 41 bytes to ecology
[dna] fire wrote 18 bytes to ecology
[dna] fire wrote 101 bytes to ecology
[dna] fire wrote 9 bytes to ecology
[dna] fire wrote 64 bytes to ecology
[dna] fire wrote 80 bytes to ecology
[dna] fire wrote 21 bytes to ecology
[dna] fire wrote 80 bytes to ecology
[dna] fire wrote 9 bytes to ecology
[dna] fire wrote 102 bytes to ecology
[dna] fire wrote 21 bytes to ecology
[dna] fire wrote 260 bytes to ecology
[dna] fire wrote 179 bytes to ecology
[dna] fire wrote 9 bytes to ecology
[dna] fire wrote 48 bytes to ecology
[dna] fire wrote 75 bytes to ecology
[dna] fire wrote 29 bytes to ecology
[dna] fire wrote 39 bytes to ecology
[dna] fire wrote 24 bytes to ecology
[dna] fire wrote 9 bytes to ecology
[dna] fire wrote 50 bytes to ecology
[dna] fire wrote 19 bytes to ecology
[dna] fire wrote 38 bytes to ecology
[dna] fire wrote 58 bytes to ecology
[dna] fire wrote 9 bytes to ecology
[dna] fire wrote 19 bytes to ecology
[dna] fire wrote 62 bytes to ecology
[dna] fire wrote 145 bytes to ecology
[dna] fire wrote 36 bytes to ecology
[debug-onto] tick=50 corpus=144822 stage=2 freeze=0
[dna] fire wrote 9 bytes to ecology
[dna] fire wrote 40 bytes to ecology
[dna] fire wrote 101 bytes to ecology
[dna] fire wrote 55 bytes to ecology
[dna] fire wrote 9 bytes to ecology
[dna] fire wrote 122 bytes to ecology
[dna] fire wrote 78 bytes to ecology
[dna] fire wrote 73 bytes to ecology
[dna] fire wrote 9 bytes to ecology
[dna] fire wrote 45 bytes to ecology
[dna] fire wrote 31 bytes to ecology
[dna] fire wrote 75 bytes to ecology
[dna] fire wrote 9 bytes to ecology
[dna] fire wrote 69 bytes to ecology
[dna] fire wrote 49 bytes to ecology
[dna] fire wrote 67 bytes to ecology
[dna] fire wrote 9 bytes to ecology
[dna] fire wrote 69 bytes to ecology
[dna] fire wrote 142 bytes to ecology
[dna] fire wrote 44 bytes to ecology
[dna] fire wrote 20 bytes to ecology
[dna] fire wrote 9 bytes to ecology
[dna] fire wrote 66 bytes to ecology
[dna] fire wrote 53 bytes to ecology
[dna] fire wrote 98 bytes to ecology
[dna] fire wrote 9 bytes to ecology
[dna] fire wrote 68 bytes to ecology
[dna] fire wrote 123 bytes to ecology
[dna] fire wrote 41 bytes to ecology
[dna] fire wrote 9 bytes to ecology
[dna] fire wrote 62 bytes to ecology
[dna] fire wrote 215 bytes to ecology
[dna] fire wrote 78 bytes to ecology
[dna] fire wrote 9 bytes to ecology
[dna] fire wrote 41 bytes to ecology
[debug-onto] tick=100 corpus=144822 stage=2 freeze=0
[dna] fire wrote 45 bytes to ecology
[dna] fire wrote 24 bytes to ecology
[dna] fire wrote 9 bytes to ecology
[dna] fire wrote 47 bytes to ecology
[dna] fire wrote 51 bytes to ecology
[dna] fire wrote 71 bytes to ecology
[dna] fire wrote 9 bytes to ecology
[dna] fire wrote 66 bytes to ecology
[dna] fire wrote 65 bytes to ecology
[dna] fire wrote 65 bytes to ecology
[dna] fire wrote 9 bytes to ecology
[dna] fire wrote 67 bytes to ecology
[dna] fire wrote 87 bytes to ecology
[dna] fire wrote 39 bytes to ecology
[dna] fire wrote 9 bytes to ecology
[dna] fire wrote 24 bytes to ecology
[dna] fire wrote 60 bytes to ecology
[dna] fire wrote 27 bytes to ecology
[dna] fire wrote 9 bytes to ecology
[dna] fire wrote 25 bytes to ecology
[dna] fire wrote 36 bytes to ecology
[dna] fire wrote 76 bytes to ecology
[dna] fire wrote 122 bytes to ecology
[dna] fire wrote 9 bytes to ecology
[dna] fire wrote 113 bytes to ecology
[dna] fire wrote 34 bytes to ecology
[dna] fire wrote 24 bytes to ecology
[dna] fire wrote 9 bytes to ecology
[dna] fire wrote 84 bytes to ecology
[dna] fire wrote 70 bytes to ecology
[dna] fire wrote 72 bytes to ecology
[dna] fire wrote 38 bytes to ecology
[dna] fire wrote 9 bytes to ecology
[dna] fire wrote 44 bytes to ecology
[dna] fire wrote 47 bytes to ecology
[debug-onto] tick=150 corpus=144822 stage=2 freeze=0
[dna] fire wrote 37 bytes to ecology
[dna] fire wrote 9 bytes to ecology
[dna] fire wrote 13 bytes to ecology
[dna] fire wrote 53 bytes to ecology
[dna] fire wrote 218 bytes to ecology
[dna] fire wrote 9 bytes to ecology
[dna] fire wrote 22 bytes to ecology
[dna] fire wrote 65 bytes to ecology
[dna] fire wrote 68 bytes to ecology
[dna] fire wrote 96 bytes to ecology
[dna] fire wrote 9 bytes to ecology
[dna] fire wrote 17 bytes to ecology
[dna] fire wrote 22 bytes to ecology
[dna] fire wrote 43 bytes to ecology
[dna] fire wrote 9 bytes to ecology
[dna] fire wrote 50 bytes to ecology
[dna] fire wrote 100 bytes to ecology
[dna] fire wrote 43 bytes to ecology
[dna] fire wrote 9 bytes to ecology
[dna] fire wrote 61 bytes to ecology
[dna] fire wrote 45 bytes to ecology
[dna] fire wrote 36 bytes to ecology
[dna] fire wrote 9 bytes to ecology
[dna] fire wrote 193 bytes to ecology
[dna] fire wrote 13 bytes to ecology
[dna] fire wrote 49 bytes to ecology
[dna] fire wrote 9 bytes to ecology
[dna] fire wrote 58 bytes to ecology
[dna] fire wrote 35 bytes to ecology
[dna] fire wrote 167 bytes to ecology
[dna] fire wrote 9 bytes to ecology
[dna] fire wrote 15 bytes to ecology
[dna] fire wrote 57 bytes to ecology
[dna] fire wrote 52 bytes to ecology
[dna] fire wrote 29 bytes to ecology
[debug-onto] tick=200 corpus=144822 stage=2 freeze=0
[dna] fire wrote 9 bytes to ecology
[dna] fire wrote 36 bytes to ecology
[dna] fire wrote 34 bytes to ecology
[dna] fire wrote 74 bytes to ecology
[dna] fire wrote 176 bytes to ecology
[dna] fire wrote 9 bytes to ecology
[dna] fire wrote 27 bytes to ecology
[dna] fire wrote 21 bytes to ecology
[dna] fire wrote 22 bytes to ecology
[dna] fire wrote 9 bytes to ecology
[dna] fire wrote 76 bytes to ecology
[dna] fire wrote 82 bytes to ecology
[dna] fire wrote 37 bytes to ecology
[dna] fire wrote 9 bytes to ecology
[dna] fire wrote 48 bytes to ecology
[dna] fire wrote 76 bytes to ecology
[dna] fire wrote 42 bytes to ecology
[dna] fire wrote 76 bytes to ecology
[dna] fire wrote 9 bytes to ecology
[dna] fire wrote 65 bytes to ecology
[dna] fire wrote 68 bytes to ecology
[dna] fire wrote 59 bytes to ecology
[dna] fire wrote 68 bytes to ecology
[dna] fire wrote 9 bytes to ecology
[dna] fire wrote 179 bytes to ecology
[dna] fire wrote 44 bytes to ecology
[dna] fire wrote 51 bytes to ecology
[dna] fire wrote 9 bytes to ecology
[dna] fire wrote 181 bytes to ecology
[dna] fire wrote 29 bytes to ecology
[dna] fire wrote 34 bytes to ecology
[dna] fire wrote 9 bytes to ecology
[dna] fire wrote 72 bytes to ecology
[dna] fire wrote 92 bytes to ecology
[dna] fire wrote 12 bytes to ecology
[dna] fire wrote 9 bytes to ecology
[dna] fire wrote 65 bytes to ecology
[debug-onto] tick=250 corpus=144822 stage=2 freeze=0
[dna] fire wrote 63 bytes to ecology
[dna] fire wrote 20 bytes to ecology
[dna] fire wrote 41 bytes to ecology
[dna] fire wrote 9 bytes to ecology
[dna] fire wrote 21 bytes to ecology
[dna] fire wrote 60 bytes to ecology
[dna] fire wrote 37 bytes to ecology
[dna] fire wrote 9 bytes to ecology
[dna] fire wrote 26 bytes to ecology
[dna] fire wrote 89 bytes to ecology
[dna] fire wrote 37 bytes to ecology
[dna] fire wrote 9 bytes to ecology
[dna] fire wrote 46 bytes to ecology
[dna] fire wrote 85 bytes to ecology
[dna] fire wrote 21 bytes to ecology
[dna] fire wrote 9 bytes to ecology
[dna] fire wrote 48 bytes to ecology
[dna] fire wrote 111 bytes to ecology
[dna] fire wrote 65 bytes to ecology
[dna] fire wrote 9 bytes to ecology
[dna] fire wrote 57 bytes to ecology
[dna] fire wrote 138 bytes to ecology
[dna] fire wrote 130 bytes to ecology
[dna] fire wrote 9 bytes to ecology
[dna] fire wrote 216 bytes to ecology
[dna] fire wrote 45 bytes to ecology
[dna] fire wrote 65 bytes to ecology
[dna] fire wrote 9 bytes to ecology
[dna] fire wrote 31 bytes to ecology
[dna] fire wrote 110 bytes to ecology
[dna] fire wrote 69 bytes to ecology
[dna] fire wrote 23 bytes to ecology
[dna] fire wrote 9 bytes to ecology
[dna] fire wrote 26 bytes to ecology
[dna] fire wrote 22 bytes to ecology
[debug-onto] tick=300 corpus=144822 stage=2 freeze=0
[dna] fire wrote 15 bytes to ecology
[dna] fire wrote 9 bytes to ecology
[dna] fire wrote 80 bytes to ecology
[dna] fire wrote 72 bytes to ecology
[dna] fire wrote 85 bytes to ecology
[dna] fire wrote 97 bytes to ecology
[dna] fire wrote 9 bytes to ecology
[dna] fire wrote 55 bytes to ecology
[dna] fire wrote 39 bytes to ecology
[dna] fire wrote 14 bytes to ecology
[dna] fire wrote 9 bytes to ecology
[dna] fire wrote 88 bytes to ecology
[dna] fire wrote 32 bytes to ecology
[dna] fire wrote 124 bytes to ecology
[dna] fire wrote 9 bytes to ecology
[dna] fire wrote 68 bytes to ecology
[dna] fire wrote 38 bytes to ecology
[dna] fire wrote 40 bytes to ecology
[dna] fire wrote 37 bytes to ecology
[dna] fire wrote 73 bytes to ecology
[dna] fire wrote 9 bytes to ecology
[dna] fire wrote 59 bytes to ecology
[dna] fire wrote 17 bytes to ecology
[dna] fire wrote 27 bytes to ecology
[dna] fire wrote 9 bytes to ecology
[dna] fire wrote 101 bytes to ecology
[dna] fire wrote 35 bytes to ecology
[dna] fire wrote 29 bytes to ecology
[dna] fire wrote 9 bytes to ecology
[dna] fire wrote 27 bytes to ecology
[dna] fire wrote 52 bytes to ecology
[dna] fire wrote 93 bytes to ecology
[dna] fire wrote 9 bytes to ecology
[dna] fire wrote 18 bytes to ecology
[dna] fire wrote 129 bytes to ecology
[dna] fire wrote 18 bytes to ecology
[dna] fire wrote 54 bytes to ecology
[debug-onto] tick=350 corpus=144822 stage=2 freeze=0
[dna] fire wrote 9 bytes to ecology
[dna] fire wrote 77 bytes to ecology
[dna] fire wrote 113 bytes to ecology
[dna] fire wrote 11 bytes to ecology
[dna] fire wrote 9 bytes to ecology
[dna] fire wrote 78 bytes to ecology
[dna] fire wrote 110 bytes to ecology
[dna] fire wrote 51 bytes to ecology
[dna] fire wrote 9 bytes to ecology
[dna] fire wrote 11 bytes to ecology
[dna] fire wrote 33 bytes to ecology
[dna] fire wrote 152 bytes to ecology
[dna] fire wrote 9 bytes to ecology
[dna] fire wrote 136 bytes to ecology
[dna] fire wrote 83 bytes to ecology
[dna] fire wrote 111 bytes to ecology
[dna] fire wrote 9 bytes to ecology
[dna] fire wrote 13 bytes to ecology
[dna] fire wrote 16 bytes to ecology
[dna] fire wrote 14 bytes to ecology
[dna] fire wrote 9 bytes to ecology
[dna] fire wrote 125 bytes to ecology
[dna] fire wrote 67 bytes to ecology
[dna] fire wrote 258 bytes to ecology
[dna] fire wrote 16 bytes to ecology
[dna] fire wrote 9 bytes to ecology
[dna] fire wrote 29 bytes to ecology
[dna] fire wrote 27 bytes to ecology
[dna] fire wrote 84 bytes to ecology
[dna] fire wrote 39 bytes to ecology
[dna] fire wrote 9 bytes to ecology
[dna] fire wrote 11 bytes to ecology
[dna] fire wrote 200 bytes to ecology
[dna] fire wrote 26 bytes to ecology
[dna] fire wrote 29 bytes to ecology
[dna] fire wrote 9 bytes to ecology
[dna] fire wrote 11 bytes to ecology
[debug-onto] tick=400 corpus=144822 stage=2 freeze=0
[dna] fire wrote 83 bytes to ecology
[dna] fire wrote 85 bytes to ecology
[dna] fire wrote 9 bytes to ecology
[dna] fire wrote 38 bytes to ecology
[dna] fire wrote 143 bytes to ecology
[dna] fire wrote 59 bytes to ecology
[dna] fire wrote 9 bytes to ecology
[dna] fire wrote 9 bytes to ecology
[dna] fire wrote 10 bytes to ecology
[dna] fire wrote 213 bytes to ecology
[dna] fire wrote 9 bytes to ecology
[dna] fire wrote 50 bytes to ecology
[dna] fire wrote 95 bytes to ecology
[dna] fire wrote 30 bytes to ecology
[dna] fire wrote 62 bytes to ecology
[dna] fire wrote 9 bytes to ecology
[dna] fire wrote 102 bytes to ecology
[dna] fire wrote 51 bytes to ecology
[dna] fire wrote 39 bytes to ecology
[dna] fire wrote 9 bytes to ecology
[dna] fire wrote 24 bytes to ecology
[dna] fire wrote 142 bytes to ecology
[dna] fire wrote 44 bytes to ecology
[dna] fire wrote 9 bytes to ecology
[dna] fire wrote 93 bytes to ecology
[dna] fire wrote 86 bytes to ecology
[dna] fire wrote 48 bytes to ecology
[dna] fire wrote 9 bytes to ecology
[dna] fire wrote 180 bytes to ecology
[dna] fire wrote 83 bytes to ecology
[dna] fire wrote 74 bytes to ecology
[dna] fire wrote 9 bytes to ecology
[dna] fire wrote 105 bytes to ecology
[dna] fire wrote 35 bytes to ecology
[dna] fire wrote 41 bytes to ecology
[debug-onto] tick=450 corpus=144822 stage=2 freeze=0
[dna] fire wrote 52 bytes to ecology
[dna] fire wrote 9 bytes to ecology
[dna] fire wrote 37 bytes to ecology
[dna] fire wrote 23 bytes to ecology
[dna] fire wrote 50 bytes to ecology
[dna] fire wrote 21 bytes to ecology
[dna] fire wrote 9 bytes to ecology
[dna] fire wrote 70 bytes to ecology
[dna] fire wrote 137 bytes to ecology
[dna] fire wrote 71 bytes to ecology
[dna] fire wrote 34 bytes to ecology
[dna] fire wrote 9 bytes to ecology
[dna] fire wrote 129 bytes to ecology
[dna] fire wrote 78 bytes to ecology
[dna] fire wrote 82 bytes to ecology
[dna] fire wrote 65 bytes to ecology
[dna] fire wrote 9 bytes to ecology
[dna] fire wrote 15 bytes to ecology
[dna] fire wrote 93 bytes to ecology
[dna] fire wrote 82 bytes to ecology
[dna] fire wrote 9 bytes to ecology
[dna] fire wrote 32 bytes to ecology
[dna] fire wrote 59 bytes to ecology
[dna] fire wrote 126 bytes to ecology
[dna] fire wrote 9 bytes to ecology
[dna] fire wrote 27 bytes to ecology
[dna] fire wrote 33 bytes to ecology
[dna] fire wrote 74 bytes to ecology
[dna] fire wrote 9 bytes to ecology
[dna] fire wrote 12 bytes to ecology
[dna] fire wrote 30 bytes to ecology
[dna] fire wrote 42 bytes to ecology
[dna] fire wrote 9 bytes to ecology
[dna] fire wrote 46 bytes to ecology
[dna] fire wrote 140 bytes to ecology
[dna] fire wrote 81 bytes to ecology
[dna] fire wrote 153 bytes to ecology
[debug-onto] tick=500 corpus=144822 stage=2 freeze=0
[dna] fire wrote 9 bytes to ecology
[dna] fire wrote 11 bytes to ecology
[dna] fire wrote 68 bytes to ecology
[dna] fire wrote 36 bytes to ecology
[dna] fire wrote 58 bytes to ecology
[dna] fire wrote 9 bytes to ecology
[dna] fire wrote 19 bytes to ecology
[dna] fire wrote 82 bytes to ecology
[dna] fire wrote 10 bytes to ecology
[dna] fire wrote 9 bytes to ecology
[dna] fire wrote 107 bytes to ecology
[dna] fire wrote 37 bytes to ecology
[dna] fire wrote 47 bytes to ecology
[dna] fire wrote 56 bytes to ecology
[dna] fire wrote 9 bytes to ecology
[dna] fire wrote 36 bytes to ecology
[dna] fire wrote 60 bytes to ecology
[dna] fire wrote 95 bytes to ecology
[dna] fire wrote 7 bytes to ecology
[dna] fire wrote 9 bytes to ecology
[dna] fire wrote 92 bytes to ecology
[dna] fire wrote 20 bytes to ecology
[dna] fire wrote 53 bytes to ecology
[dna] fire wrote 9 bytes to ecology
[dna] fire wrote 29 bytes to ecology
[dna] fire wrote 72 bytes to ecology
[dna] fire wrote 17 bytes to ecology
[dna] fire wrote 9 bytes to ecology
[dna] fire wrote 16 bytes to ecology
[dna] fire wrote 38 bytes to ecology
[dna] fire wrote 87 bytes to ecology
[dna] fire wrote 9 bytes to ecology
[dna] fire wrote 72 bytes to ecology
[dna] fire wrote 71 bytes to ecology
[dna] fire wrote 44 bytes to ecology
[dna] fire wrote 9 bytes to ecology
[dna] fire wrote 86 bytes to ecology
[debug-onto] tick=550 corpus=144822 stage=2 freeze=0
[dna] fire wrote 144 bytes to ecology
[dna] fire wrote 38 bytes to ecology
[dna] fire wrote 9 bytes to ecology
[dna] fire wrote 27 bytes to ecology
[dna] fire wrote 103 bytes to ecology
[dna] fire wrote 49 bytes to ecology
[dna] fire wrote 23 bytes to ecology
[dna] fire wrote 9 bytes to ecology
[dna] fire wrote 24 bytes to ecology
[dna] fire wrote 88 bytes to ecology
[dna] fire wrote 109 bytes to ecology
[dna] fire wrote 9 bytes to ecology
[dna] fire wrote 82 bytes to ecology
[dna] fire wrote 30 bytes to ecology
[dna] fire wrote 99 bytes to ecology
[dna] fire wrote 9 bytes to ecology
[dna] fire wrote 68 bytes to ecology
[dna] fire wrote 22 bytes to ecology
[dna] fire wrote 59 bytes to ecology
[dna] fire wrote 34 bytes to ecology
[dna] fire wrote 9 bytes to ecology
[dna] fire wrote 40 bytes to ecology
[dna] fire wrote 110 bytes to ecology
[dna] fire wrote 79 bytes to ecology
[dna] fire wrote 9 bytes to ecology
[dna] fire wrote 133 bytes to ecology
[dna] fire wrote 24 bytes to ecology
[dna] fire wrote 41 bytes to ecology
[dna] fire wrote 9 bytes to ecology
[dna] fire wrote 104 bytes to ecology
[dna] fire wrote 49 bytes to ecology
[dna] fire wrote 62 bytes to ecology
[dna] fire wrote 9 bytes to ecology
[dna] fire wrote 55 bytes to ecology
[dna] fire wrote 44 bytes to ecology
[debug-onto] tick=600 corpus=144822 stage=2 freeze=0
[dna] fire wrote 98 bytes to ecology
[dna] fire wrote 9 bytes to ecology
[dna] fire wrote 36 bytes to ecology
[dna] fire wrote 185 bytes to ecology
[dna] fire wrote 36 bytes to ecology
[dna] fire wrote 9 bytes to ecology
[dna] fire wrote 40 bytes to ecology
[dna] fire wrote 60 bytes to ecology
[dna] fire wrote 42 bytes to ecology
[dna] fire wrote 9 bytes to ecology
[dna] fire wrote 103 bytes to ecology
[dna] fire wrote 40 bytes to ecology
[dna] fire wrote 119 bytes to ecology
[dna] fire wrote 186 bytes to ecology
[dna] fire wrote 9 bytes to ecology
[dna] fire wrote 198 bytes to ecology
[dna] fire wrote 54 bytes to ecology
[dna] fire wrote 109 bytes to ecology
[dna] fire wrote 9 bytes to ecology
[dna] fire wrote 117 bytes to ecology
[dna] fire wrote 15 bytes to ecology
[dna] fire wrote 7 bytes to ecology
[dna] fire wrote 9 bytes to ecology
[dna] fire wrote 54 bytes to ecology
[dna] fire wrote 19 bytes to ecology
[dna] fire wrote 20 bytes to ecology
[dna] fire wrote 9 bytes to ecology
[dna] fire wrote 108 bytes to ecology
[dna] fire wrote 13 bytes to ecology
[dna] fire wrote 33 bytes to ecology
[dna] fire wrote 9 bytes to ecology
[dna] fire wrote 29 bytes to ecology
[dna] fire wrote 17 bytes to ecology
[dna] fire wrote 47 bytes to ecology
[debug-onto] tick=650 corpus=144822 stage=2 freeze=0
[dna] fire wrote 9 bytes to ecology
[dna] fire wrote 55 bytes to ecology
[dna] fire wrote 26 bytes to ecology
[dna] fire wrote 30 bytes to ecology
[dna] fire wrote 9 bytes to ecology
[dna] fire wrote 59 bytes to ecology
[dna] fire wrote 43 bytes to ecology
[dna] fire wrote 30 bytes to ecology
[dna] fire wrote 40 bytes to ecology
[dna] fire wrote 9 bytes to ecology
[dna] fire wrote 114 bytes to ecology
[dna] fire wrote 12 bytes to ecology
[dna] fire wrote 58 bytes to ecology
[dna] fire wrote 9 bytes to ecology
[dna] fire wrote 49 bytes to ecology
[dna] fire wrote 137 bytes to ecology
[dna] fire wrote 65 bytes to ecology
[dna] fire wrote 165 bytes to ecology
[dna] fire wrote 9 bytes to ecology
[dna] fire wrote 10 bytes to ecology
[dna] fire wrote 79 bytes to ecology
[dna] fire wrote 99 bytes to ecology
[dna] fire wrote 85 bytes to ecology
[dna] fire wrote 9 bytes to ecology
[dna] fire wrote 33 bytes to ecology
[dna] fire wrote 135 bytes to ecology
[dna] fire wrote 42 bytes to ecology
[dna] fire wrote 9 bytes to ecology
[dna] fire wrote 30 bytes to ecology
[dna] fire wrote 37 bytes to ecology
[dna] fire wrote 45 bytes to ecology
[dna] fire wrote 9 bytes to ecology
[dna] fire wrote 26 bytes to ecology
[dna] fire wrote 55 bytes to ecology
[dna] fire wrote 35 bytes to ecology
[dna] fire wrote 9 bytes to ecology
[dna] fire wrote 132 bytes to ecology
[debug-onto] tick=700 corpus=144822 stage=2 freeze=0
[dna] fire wrote 80 bytes to ecology
[dna] fire wrote 36 bytes to ecology
[dna] fire wrote 68 bytes to ecology
[dna] fire wrote 9 bytes to ecology
[dna] fire wrote 93 bytes to ecology
[dna] fire wrote 15 bytes to ecology
[dna] fire wrote 27 bytes to ecology
[dna] fire wrote 9 bytes to ecology
[dna] fire wrote 55 bytes to ecology
[dna] fire wrote 74 bytes to ecology
[dna] fire wrote 91 bytes to ecology
[dna] fire wrote 9 bytes to ecology
[dna] fire wrote 132 bytes to ecology
[dna] fire wrote 151 bytes to ecology
[dna] fire wrote 49 bytes to ecology
[dna] fire wrote 9 bytes to ecology
[dna] fire wrote 136 bytes to ecology
[dna] fire wrote 15 bytes to ecology
[dna] fire wrote 95 bytes to ecology
[dna] fire wrote 9 bytes to ecology
[dna] fire wrote 25 bytes to ecology
[dna] fire wrote 61 bytes to ecology
[dna] fire wrote 126 bytes to ecology
[dna] fire wrote 9 bytes to ecology
[dna] fire wrote 40 bytes to ecology
[dna] fire wrote 32 bytes to ecology
[dna] fire wrote 109 bytes to ecology
[dna] fire wrote 153 bytes to ecology
[dna] fire wrote 9 bytes to ecology
[dna] fire wrote 192 bytes to ecology
[dna] fire wrote 117 bytes to ecology
[dna] fire wrote 20 bytes to ecology
[dna] fire wrote 9 bytes to ecology
[dna] fire wrote 75 bytes to ecology
[dna] fire wrote 25 bytes to ecology
[dna] fire wrote 17 bytes to ecology
[debug-onto] tick=750 corpus=144822 stage=2 freeze=0
[dna] fire wrote 21 bytes to ecology
[dna] fire wrote 9 bytes to ecology
[dna] fire wrote 71 bytes to ecology
[dna] fire wrote 54 bytes to ecology
[dna] fire wrote 19 bytes to ecology
[dna] fire wrote 9 bytes to ecology
[dna] fire wrote 79 bytes to ecology
[dna] fire wrote 167 bytes to ecology
[dna] fire wrote 198 bytes to ecology
[dna] fire wrote 41 bytes to ecology
[dna] fire wrote 9 bytes to ecology
[dna] fire wrote 14 bytes to ecology
[dna] fire wrote 18 bytes to ecology
[dna] fire wrote 12 bytes to ecology
[dna] fire wrote 9 bytes to ecology
[dna] fire wrote 91 bytes to ecology
[dna] fire wrote 69 bytes to ecology
[dna] fire wrote 37 bytes to ecology
[dna] fire wrote 9 bytes to ecology
[dna] fire wrote 32 bytes to ecology
[dna] fire wrote 113 bytes to ecology
[dna] fire wrote 43 bytes to ecology
[dna] fire wrote 51 bytes to ecology
[dna] fire wrote 9 bytes to ecology
[dna] fire wrote 45 bytes to ecology
[dna] fire wrote 54 bytes to ecology
[dna] fire wrote 27 bytes to ecology
[dna] fire wrote 9 bytes to ecology
[dna] fire wrote 48 bytes to ecology
[dna] fire wrote 23 bytes to ecology
[dna] fire wrote 57 bytes to ecology
[dna] fire wrote 9 bytes to ecology
[dna] fire wrote 52 bytes to ecology
[dna] fire wrote 48 bytes to ecology
[dna] fire wrote 67 bytes to ecology
[debug-onto] tick=800 corpus=144822 stage=2 freeze=0
[dna] fire wrote 9 bytes to ecology
[dna] fire wrote 65 bytes to ecology
[dna] fire wrote 81 bytes to ecology
[dna] fire wrote 30 bytes to ecology
[dna] fire wrote 9 bytes to ecology
[dna] fire wrote 41 bytes to ecology
[dna] fire wrote 38 bytes to ecology
[dna] fire wrote 102 bytes to ecology
[dna] fire wrote 52 bytes to ecology
[dna] fire wrote 9 bytes to ecology
[dna] fire wrote 14 bytes to ecology
[dna] fire wrote 34 bytes to ecology
[dna] fire wrote 24 bytes to ecology
[dna] fire wrote 9 bytes to ecology
[dna] fire wrote 32 bytes to ecology
[dna] fire wrote 50 bytes to ecology
[dna] fire wrote 68 bytes to ecology
[dna] fire wrote 9 bytes to ecology
[dna] fire wrote 104 bytes to ecology
[dna] fire wrote 90 bytes to ecology
[dna] fire wrote 55 bytes to ecology
[dna] fire wrote 9 bytes to ecology
[dna] fire wrote 176 bytes to ecology

[evolution] Organism shutting down gracefully.
