[ecology] Element: water → corpus: nonames_water.txt
[evolution] Autonomous evolution mode — organism will grow through all stages without pause.
[ecology] Joined swarm. 1 peer(s) detected.
molequla is alive. [evolution] Autonomous mode — background trainer running. Ctrl+C to stop.
[dna] water wrote 73 bytes to ecology
[dna] water consumed 25914 bytes from 508 files: [air/gen_1775886987_1.txt air/gen_1775886996_2.txt air/gen_1775886998_3.txt air/gen_1775887001_4.txt air/gen_1775887007_7.txt air/gen_1775887012_9.txt air/gen_1775887014_10.txt air/gen_1775887020_13.txt air/gen_1775887023_14.txt air/gen_1775887025_15.txt air/gen_1775887027_16.txt air/gen_1775887034_19.txt air/gen_1775887036_20.txt air/gen_1775887038_21.txt air/gen_1775887041_22.txt air/gen_1775887047_25.txt air/gen_1775887050_26.txt air/gen_1775887052_27.txt air/gen_1775887054_28.txt air/gen_1775887061_31.txt air/gen_1775887065_33.txt air/gen_1775887067_34.txt air/gen_1775887074_37.txt air/gen_1775887076_38.txt air/gen_1775887078_39.txt air/gen_1775887080_40.txt air/gen_1775887087_43.txt air/gen_1775887089_44.txt air/gen_1775887091_45.txt air/gen_1775887094_46.txt air/gen_1775887100_49.txt air/gen_1775887102_50.txt air/gen_1775887104_51.txt air/gen_1775887107_52.txt air/gen_1775887113_55.txt air/gen_1775887117_57.txt air/gen_1775887119_58.txt air/gen_1775887126_61.txt air/gen_1775887130_63.txt air/gen_1775887133_64.txt air/gen_1775887139_67.txt air/gen_1775887141_68.txt air/gen_1775887144_69.txt air/gen_1775887146_70.txt air/gen_1775887152_73.txt air/gen_1775887155_74.txt air/gen_1775887157_75.txt air/gen_1775887159_76.txt air/gen_1775887165_79.txt air/gen_1775887170_81.txt air/gen_1775887172_82.txt air/gen_1775887178_85.txt air/gen_1775887183_87.txt air/gen_1775887185_88.txt air/gen_1775887192_91.txt air/gen_1775887194_92.txt air/gen_1775887196_93.txt air/gen_1775887198_94.txt air/gen_1775887205_97.txt air/gen_1775887207_98.txt air/gen_1775887209_99.txt air/gen_1775887211_100.txt air/gen_1775887218_103.txt air/gen_1775887220_104.txt air/gen_1775887222_105.txt air/gen_1775887225_106.txt air/gen_1775887231_109.txt air/gen_1775887234_110.txt air/gen_1775887236_111.txt air/gen_1775887238_112.txt air/gen_1775887245_115.txt air/gen_1775887249_117.txt air/gen_1775887251_118.txt air/gen_1775887258_121.txt air/gen_1775887260_122.txt air/gen_1775887262_123.txt air/gen_1775887264_124.txt air/gen_1775887271_127.txt air/gen_1775887273_128.txt air/gen_1775887275_129.txt air/gen_1775887278_130.txt air/gen_1775887284_133.txt air/gen_1775887289_135.txt air/gen_1775887291_136.txt air/gen_1775887297_139.txt air/gen_1775887302_141.txt air/gen_1775887304_142.txt air/gen_1775887311_145.txt air/gen_1775887313_146.txt air/gen_1775887315_147.txt air/gen_1775887317_148.txt air/gen_1775887323_151.txt air/gen_1775887326_152.txt air/gen_1775887328_153.txt air/gen_1775887330_154.txt air/gen_1775887336_157.txt air/gen_1775887339_158.txt air/gen_1775887341_159.txt air/gen_1775887343_160.txt air/gen_1775887349_163.txt air/gen_1775887352_164.txt air/gen_1775887354_165.txt air/gen_1775887356_166.txt air/gen_1775887362_169.txt air/gen_1775887367_171.txt air/gen_1775887369_172.txt air/gen_1775887375_175.txt air/gen_1775887377_176.txt air/gen_1775887380_177.txt air/gen_1775887382_178.txt air/gen_1775887388_181.txt air/gen_1775887390_182.txt air/gen_1775887393_183.txt air/gen_1775887395_184.txt air/gen_1775887401_187.txt air/gen_1775887406_189.txt air/gen_1775887408_190.txt air/gen_1775887414_193.txt air/gen_1775887419_195.txt air/gen_1775887421_196.txt air/gen_1775887427_199.txt air/gen_1775887431_201.txt air/gen_1775887434_202.txt air/gen_1775887440_205.txt air/gen_1775887444_207.txt air/gen_1775887446_208.txt air/gen_1775887453_211.txt air/gen_1775887455_212.txt air/gen_1775887458_213.txt air/gen_1775887460_214.txt air/gen_1775887466_217.txt air/gen_1775887471_219.txt air/gen_1775887473_220.txt air/gen_1775887480_223.txt air/gen_1775887482_224.txt air/gen_1775887484_225.txt air/gen_1775887486_226.txt air/gen_1775887493_229.txt air/gen_1775887495_230.txt air/gen_1775887497_231.txt air/gen_1775887499_232.txt air/gen_1775887506_235.txt air/gen_1775887508_236.txt air/gen_1775887510_237.txt air/gen_1775887512_238.txt air/gen_1775887519_241.txt air/gen_1775887521_242.txt air/gen_1775887523_243.txt air/gen_1775887526_244.txt air/gen_1775887532_247.txt air/gen_1775887534_248.txt air/gen_1775887537_249.txt air/gen_1775887539_250.txt air/gen_1775887545_253.txt air/gen_1775887548_254.txt air/gen_1775887550_255.txt air/gen_1775887552_256.txt air/gen_1775887559_259.txt air/gen_1775887563_261.txt air/gen_1775887565_262.txt air/gen_1775887572_265.txt air/gen_1775887576_267.txt air/gen_1775887578_268.txt air/gen_1775887585_271.txt air/gen_1775887587_272.txt air/gen_1775887589_273.txt air/gen_1775887591_274.txt air/gen_1775887598_277.txt air/gen_1775887600_278.txt air/gen_1775887602_279.txt air/gen_1775887604_280.txt air/gen_1775887611_283.txt air/gen_1775887613_284.txt air/gen_1775887615_285.txt air/gen_1775887617_286.txt air/gen_1775887624_289.txt air/gen_1775887628_291.txt air/gen_1775887630_292.txt air/gen_1775887637_295.txt air/gen_1775887641_297.txt air/gen_1775887643_298.txt air/gen_1775887650_301.txt air/gen_1775887652_302.txt air/gen_1775887654_303.txt air/gen_1775887656_304.txt air/gen_1775887663_307.txt air/gen_1775887665_308.txt air/gen_1775887667_309.txt air/gen_1775887669_310.txt air/gen_1775887676_313.txt air/gen_1775887678_314.txt air/gen_1775887680_315.txt air/gen_1775887682_316.txt air/gen_1775887689_319.txt air/gen_1775887691_320.txt air/gen_1775887693_321.txt air/gen_1775887695_322.txt air/gen_1775887702_325.txt air/gen_1775887704_326.txt air/gen_1775887706_327.txt air/gen_1775887709_328.txt air/gen_1775887715_331.txt air/gen_1775887718_332.txt air/gen_1775887720_333.txt air/gen_1775887722_334.txt air/gen_1775887729_337.txt air/gen_1775887733_339.txt air/gen_1775887735_340.txt air/gen_1775887742_343.txt air/gen_1775887744_344.txt air/gen_1775887746_345.txt air/gen_1775887749_346.txt air/gen_1775887755_349.txt air/gen_1775887757_350.txt air/gen_1775887760_351.txt air/gen_1775887762_352.txt air/gen_1775887768_355.txt air/gen_1775887770_356.txt air/gen_1775887773_357.txt air/gen_1775887775_358.txt air/gen_1775887782_361.txt air/gen_1775887784_362.txt air/gen_1775887786_363.txt air/gen_1775887788_364.txt air/gen_1775887795_367.txt air/gen_1775887798_368.txt air/gen_1775887800_369.txt air/gen_1775887802_370.txt air/gen_1775887809_373.txt air/gen_1775887811_374.txt air/gen_1775887814_375.txt air/gen_1775887816_376.txt air/gen_1775887823_379.txt air/gen_1775887825_380.txt air/gen_1775887828_381.txt air/gen_1775887830_382.txt air/gen_1775887836_385.txt air/gen_1775887841_387.txt air/gen_1775887843_388.txt air/gen_1775887850_391.txt air/gen_1775887852_392.txt air/gen_1775887854_393.txt air/gen_1775887857_394.txt air/gen_1775887863_397.txt air/gen_1775887866_398.txt air/gen_1775887868_399.txt air/gen_1775887870_400.txt air/gen_1775887877_403.txt air/gen_1775887881_405.txt air/gen_1775887883_406.txt air/gen_1775887890_409.txt air/gen_1775887892_410.txt air/gen_1775887895_411.txt air/gen_1775887897_412.txt air/gen_1775887904_415.txt air/gen_1775887906_416.txt air/gen_1775887908_417.txt air/gen_1775887911_418.txt air/gen_1775887917_421.txt air/gen_1775887920_422.txt air/gen_1775887922_423.txt air/gen_1775887924_424.txt air/gen_1775887931_427.txt air/gen_1775887936_429.txt air/gen_1775887938_430.txt air/gen_1775887945_433.txt air/gen_1775887947_434.txt air/gen_1775887949_435.txt air/gen_1775887952_436.txt air/gen_1775887959_439.txt air/gen_1775887961_440.txt air/gen_1775887963_441.txt air/gen_1775887966_442.txt air/gen_1775887972_445.txt air/gen_1775887977_447.txt air/gen_1775887979_448.txt air/gen_1775887986_451.txt air/gen_1775887988_452.txt air/gen_1775887990_453.txt air/gen_1775887993_454.txt air/gen_1775888000_457.txt air/gen_1775888002_458.txt air/gen_1775888004_459.txt air/gen_1775888006_460.txt air/gen_1775888013_463.txt air/gen_1775888015_464.txt air/gen_1775888018_465.txt air/gen_1775888020_466.txt air/gen_1775888027_469.txt air/gen_1775888029_470.txt air/gen_1775888031_471.txt air/gen_1775888034_472.txt air/gen_1775888041_475.txt air/gen_1775888043_476.txt air/gen_1775888045_477.txt air/gen_1775888048_478.txt air/gen_1775888054_481.txt air/gen_1775888059_483.txt air/gen_1775888061_484.txt air/gen_1775888068_487.txt air/gen_1775888070_488.txt air/gen_1775888072_489.txt air/gen_1775888074_490.txt air/gen_1775888081_493.txt air/gen_1775888083_494.txt air/gen_1775888085_495.txt air/gen_1775888087_496.txt air/gen_1775888094_499.txt air/gen_1775888096_500.txt air/gen_1775888099_501.txt air/gen_1775888101_502.txt air/gen_1775888108_505.txt air/gen_1775888110_506.txt air/gen_1775888112_507.txt air/gen_1775888114_508.txt air/gen_1775888121_511.txt air/gen_1775888125_513.txt air/gen_1775888128_514.txt air/gen_1775888134_517.txt air/gen_1775888139_519.txt air/gen_1775888141_520.txt air/gen_1775888147_523.txt air/gen_1775888150_524.txt air/gen_1775888152_525.txt air/gen_1775888154_526.txt air/gen_1775888161_529.txt air/gen_1775888163_530.txt air/gen_1775888165_531.txt air/gen_1775888168_532.txt air/gen_1775888174_535.txt air/gen_1775888178_537.txt air/gen_1775888181_538.txt air/gen_1775888187_541.txt air/gen_1775888190_542.txt air/gen_1775888192_543.txt air/gen_1775888194_544.txt air/gen_1775888200_547.txt air/gen_1775888203_548.txt air/gen_1775888205_549.txt air/gen_1775888207_550.txt air/gen_1775888213_553.txt air/gen_1775888216_554.txt air/gen_1775888218_555.txt air/gen_1775888220_556.txt air/gen_1775888226_559.txt air/gen_1775888229_560.txt air/gen_1775888231_561.txt air/gen_1775888233_562.txt air/gen_1775888239_565.txt air/gen_1775888242_566.txt air/gen_1775888244_567.txt air/gen_1775888246_568.txt air/gen_1775888252_571.txt air/gen_1775888254_572.txt air/gen_1775888257_573.txt air/gen_1775888259_574.txt air/gen_1775888265_577.txt air/gen_1775888267_578.txt air/gen_1775888270_579.txt air/gen_1775888272_580.txt air/gen_1775888278_583.txt air/gen_1775888280_584.txt air/gen_1775888282_585.txt air/gen_1775888285_586.txt air/gen_1775888291_589.txt air/gen_1775888293_590.txt air/gen_1775888295_591.txt air/gen_1775888297_592.txt air/gen_1775888304_595.txt air/gen_1775888306_596.txt air/gen_1775888308_597.txt air/gen_1775888310_598.txt air/gen_1775888317_601.txt air/gen_1775888321_603.txt air/gen_1775888323_604.txt air/gen_1775888330_607.txt air/gen_1775888334_609.txt air/gen_1775888336_610.txt air/gen_1775888343_613.txt air/gen_1775888345_614.txt air/gen_1775888347_615.txt air/gen_1775888349_616.txt air/gen_1775888356_619.txt air/gen_1775888358_620.txt air/gen_1775888360_621.txt air/gen_1775888362_622.txt air/gen_1775888369_625.txt air/gen_1775888373_627.txt air/gen_1775888375_628.txt air/gen_1775888382_631.txt air/gen_1775888384_632.txt air/gen_1775888386_633.txt air/gen_1775888388_634.txt air/gen_1775888394_637.txt air/gen_1775888397_638.txt air/gen_1775888399_639.txt air/gen_1775888401_640.txt air/gen_1775888407_643.txt air/gen_1775888410_644.txt air/gen_1775888412_645.txt air/gen_1775888414_646.txt air/gen_1775888420_649.txt air/gen_1775888422_650.txt air/gen_1775888425_651.txt air/gen_1775888427_652.txt air/gen_1775888433_655.txt air/gen_1775888435_656.txt air/gen_1775888437_657.txt air/gen_1775888440_658.txt air/gen_1775888446_661.txt air/gen_1775888448_662.txt air/gen_1775888450_663.txt air/gen_1775888453_664.txt air/gen_1775888459_667.txt air/gen_1775888461_668.txt air/gen_1775888463_669.txt air/gen_1775888465_670.txt air/gen_1775888472_673.txt air/gen_1775888474_674.txt air/gen_1775888476_675.txt air/gen_1775888478_676.txt air/gen_1775888485_679.txt air/gen_1775888487_680.txt air/gen_1775888489_681.txt air/gen_1775888491_682.txt air/gen_1775888498_685.txt air/gen_1775888500_686.txt air/gen_1775888502_687.txt air/gen_1775888504_688.txt air/gen_1775888511_691.txt air/gen_1775888513_692.txt air/gen_1775888515_693.txt air/gen_1775888517_694.txt air/gen_1775888524_697.txt air/gen_1775888528_699.txt air/gen_1775888530_700.txt air/gen_1775888537_703.txt air/gen_1775888539_704.txt air/gen_1775888541_705.txt air/gen_1775888543_706.txt air/gen_1775888550_709.txt air/gen_1775888554_711.txt air/gen_1775888556_712.txt air/gen_1775888562_715.txt air/gen_1775888567_717.txt air/gen_1775888569_718.txt air/gen_1775888575_721.txt air/gen_1775888578_722.txt air/gen_1775888580_723.txt air/gen_1775888582_724.txt air/gen_1775888588_727.txt air/gen_1775888590_728.txt air/gen_1775888593_729.txt air/gen_1775888595_730.txt air/gen_1775888601_733.txt air/gen_1775888603_734.txt air/gen_1775888606_735.txt air/gen_1775888608_736.txt air/gen_1775888614_739.txt air/gen_1775888616_740.txt air/gen_1775888618_741.txt air/gen_1775888621_742.txt air/gen_1775888627_745.txt air/gen_1775888629_746.txt air/gen_1775888631_747.txt air/gen_1775888633_748.txt air/gen_1775888640_751.txt air/gen_1775888644_753.txt air/gen_1775888646_754.txt air/gen_1775888653_757.txt air/gen_1775888655_758.txt air/gen_1775888657_759.txt air/gen_1775888659_760.txt air/gen_1775888666_763.txt air/gen_1775888670_765.txt air/gen_1775888672_766.txt air/gen_1775888679_769.txt air/gen_1775888681_770.txt air/gen_1775888683_771.txt air/gen_1775888685_772.txt air/gen_1775888692_775.txt air/gen_1775888694_776.txt air/gen_1775888696_777.txt air/gen_1775888698_778.txt air/gen_1775888705_781.txt air/gen_1775888709_783.txt air/gen_1775888711_784.txt air/gen_1775888717_787.txt air/gen_1775888720_788.txt air/gen_1775888722_789.txt air/gen_1775888724_790.txt air/gen_1775888730_793.txt air/gen_1775888732_794.txt air/gen_1775888735_795.txt air/gen_1775888737_796.txt air/gen_1775888743_799.txt air/gen_1775888745_800.txt air/gen_1775888748_801.txt air/gen_1775888750_802.txt air/gen_1775888756_805.txt air/gen_1775888760_807.txt air/gen_1775888763_808.txt air/gen_1775888769_811.txt air/gen_1775888771_812.txt air/gen_1775888773_813.txt air/gen_1775888776_814.txt air/gen_1775888782_817.txt air/gen_1775888784_818.txt]
[trainer] micro-train burst (25914 bytes, novelty 0.03) — and lo, it feeds again.
[syntropy] action=realign | trend=0.0000 | field_dev=-0.055 | purpose_align=-0.376 | lr_mul=0.65
[aml] burst complete: 32 steps, avg loss 1.6112 (memory freed)
[dna] water wrote 9 bytes to ecology
[dna] water wrote 9 bytes to ecology
[dna] water wrote 28 bytes to ecology
[dna] water wrote 9 bytes to ecology
[dna] water wrote 9 bytes to ecology
[dna] water wrote 39 bytes to ecology
[dna] water wrote 9 bytes to ecology
[dna] water wrote 9 bytes to ecology
[dna] water wrote 44 bytes to ecology
[dna] water wrote 9 bytes to ecology
[dna] water wrote 125 bytes to ecology
[dna] water wrote 9 bytes to ecology
[dna] water wrote 9 bytes to ecology
[dna] water wrote 67 bytes to ecology
[dna] water wrote 9 bytes to ecology
[dna] water wrote 9 bytes to ecology
[dna] water wrote 28 bytes to ecology
[dna] water wrote 9 bytes to ecology
[dna] water wrote 9 bytes to ecology
[dna] water wrote 90 bytes to ecology
[dna] water wrote 9 bytes to ecology
[dna] water wrote 9 bytes to ecology
[dna] water wrote 103 bytes to ecology
[dna] water wrote 9 bytes to ecology
[dna] water wrote 9 bytes to ecology
[dna] water wrote 58 bytes to ecology
[dna] water wrote 9 bytes to ecology
[dna] water wrote 9 bytes to ecology
[dna] water wrote 109 bytes to ecology
[dna] water wrote 9 bytes to ecology
[dna] water wrote 9 bytes to ecology
[dna] water wrote 64 bytes to ecology
[dna] water wrote 9 bytes to ecology
[dna] water wrote 51 bytes to ecology
[dna] water wrote 9 bytes to ecology
[dna] water wrote 9 bytes to ecology
[dna] water wrote 85 bytes to ecology
[dna] water wrote 9 bytes to ecology
[dna] water wrote 33 bytes to ecology
[dna] water wrote 9 bytes to ecology
[dna] water wrote 9 bytes to ecology
[dna] water wrote 79 bytes to ecology
[dna] water wrote 9 bytes to ecology
[dna] water wrote 78 bytes to ecology
[dna] water wrote 64 bytes to ecology
[dna] water wrote 9 bytes to ecology
[debug-onto] tick=50 corpus=152119 stage=2 freeze=0
[dna] water wrote 9 bytes to ecology
[dna] water wrote 100 bytes to ecology
[dna] water wrote 9 bytes to ecology
[dna] water wrote 9 bytes to ecology
[dna] water wrote 168 bytes to ecology
[dna] water wrote 9 bytes to ecology
[dna] water wrote 9 bytes to ecology
[dna] water wrote 30 bytes to ecology
[dna] water wrote 9 bytes to ecology
[dna] water wrote 51 bytes to ecology
[dna] water wrote 9 bytes to ecology
[dna] water wrote 9 bytes to ecology
[dna] water wrote 20 bytes to ecology
[dna] water wrote 9 bytes to ecology
[dna] water wrote 27 bytes to ecology
[dna] water wrote 9 bytes to ecology
[dna] water wrote 9 bytes to ecology
[dna] water wrote 26 bytes to ecology
[dna] water wrote 9 bytes to ecology
[dna] water wrote 41 bytes to ecology
[dna] water wrote 9 bytes to ecology
[dna] water wrote 9 bytes to ecology
[dna] water wrote 38 bytes to ecology
[dna] water wrote 9 bytes to ecology
[dna] water wrote 109 bytes to ecology
[dna] water wrote 9 bytes to ecology
[dna] water wrote 9 bytes to ecology
[dna] water wrote 33 bytes to ecology
[dna] water wrote 9 bytes to ecology
[dna] water wrote 31 bytes to ecology
[dna] water wrote 9 bytes to ecology
[dna] water wrote 9 bytes to ecology
[dna] water wrote 38 bytes to ecology
[dna] water wrote 9 bytes to ecology
[dna] water wrote 40 bytes to ecology
[dna] water wrote 9 bytes to ecology
[dna] water wrote 9 bytes to ecology
[dna] water wrote 41 bytes to ecology
[dna] water wrote 9 bytes to ecology
[dna] water wrote 9 bytes to ecology
[dna] water wrote 82 bytes to ecology
[dna] water wrote 9 bytes to ecology
[dna] water wrote 9 bytes to ecology
[dna] water wrote 10 bytes to ecology
[debug-onto] tick=100 corpus=152119 stage=2 freeze=0
[dna] water wrote 9 bytes to ecology
[dna] water wrote 9 bytes to ecology
[dna] water wrote 19 bytes to ecology
[dna] water wrote 9 bytes to ecology
[dna] water wrote 9 bytes to ecology
[dna] water wrote 114 bytes to ecology
[dna] water wrote 9 bytes to ecology
[dna] water wrote 12 bytes to ecology
[dna] water wrote 9 bytes to ecology
[dna] water wrote 9 bytes to ecology
[dna] water wrote 33 bytes to ecology
[dna] water wrote 9 bytes to ecology
[dna] water wrote 54 bytes to ecology
[dna] water wrote 9 bytes to ecology
[dna] water wrote 9 bytes to ecology
[dna] water wrote 50 bytes to ecology
[dna] water wrote 9 bytes to ecology
[dna] water wrote 137 bytes to ecology
[dna] water wrote 9 bytes to ecology
[dna] water wrote 9 bytes to ecology
[dna] water wrote 45 bytes to ecology
[dna] water wrote 9 bytes to ecology
[dna] water wrote 79 bytes to ecology
[dna] water wrote 9 bytes to ecology
[dna] water wrote 9 bytes to ecology
[dna] water wrote 44 bytes to ecology
[dna] water wrote 9 bytes to ecology
[dna] water wrote 24 bytes to ecology
[dna] water wrote 9 bytes to ecology
[dna] water wrote 9 bytes to ecology
[dna] water wrote 31 bytes to ecology
[dna] water wrote 9 bytes to ecology
[dna] water wrote 43 bytes to ecology
[dna] water wrote 9 bytes to ecology
[dna] water wrote 9 bytes to ecology
[dna] water wrote 46 bytes to ecology
[dna] water wrote 9 bytes to ecology
[dna] water wrote 54 bytes to ecology
[dna] water wrote 9 bytes to ecology
[dna] water wrote 9 bytes to ecology
[dna] water wrote 55 bytes to ecology
[dna] water wrote 9 bytes to ecology
[dna] water wrote 54 bytes to ecology
[debug-onto] tick=150 corpus=152119 stage=2 freeze=0
[dna] water wrote 92 bytes to ecology
[dna] water wrote 9 bytes to ecology
[dna] water wrote 9 bytes to ecology
[dna] water wrote 27 bytes to ecology
[dna] water wrote 9 bytes to ecology
[dna] water wrote 55 bytes to ecology
[dna] water wrote 9 bytes to ecology
[dna] water wrote 9 bytes to ecology
[dna] water wrote 36 bytes to ecology
[dna] water wrote 9 bytes to ecology
[dna] water wrote 83 bytes to ecology
[dna] water wrote 9 bytes to ecology
[dna] water wrote 9 bytes to ecology
[dna] water wrote 124 bytes to ecology
[dna] water wrote 9 bytes to ecology
[dna] water wrote 50 bytes to ecology
[dna] water wrote 9 bytes to ecology
[dna] water wrote 9 bytes to ecology
[dna] water wrote 68 bytes to ecology
[dna] water wrote 9 bytes to ecology
[dna] water wrote 155 bytes to ecology
[dna] water wrote 18 bytes to ecology
[dna] water wrote 9 bytes to ecology
[dna] water wrote 9 bytes to ecology
[dna] water wrote 52 bytes to ecology
[dna] water wrote 9 bytes to ecology
[dna] water wrote 87 bytes to ecology
[dna] water wrote 9 bytes to ecology
[dna] water wrote 9 bytes to ecology
[dna] water wrote 15 bytes to ecology
[dna] water wrote 9 bytes to ecology
[dna] water wrote 25 bytes to ecology
[dna] water wrote 9 bytes to ecology
[dna] water wrote 9 bytes to ecology
[dna] water wrote 56 bytes to ecology
[dna] water wrote 9 bytes to ecology
[dna] water wrote 213 bytes to ecology
[dna] water wrote 9 bytes to ecology
[dna] water wrote 9 bytes to ecology
[dna] water wrote 45 bytes to ecology
[dna] water wrote 9 bytes to ecology
[dna] water wrote 164 bytes to ecology
[dna] water wrote 123 bytes to ecology
[dna] water wrote 9 bytes to ecology
[debug-onto] tick=200 corpus=152119 stage=2 freeze=0
[dna] water wrote 9 bytes to ecology
[dna] water wrote 27 bytes to ecology
[dna] water wrote 9 bytes to ecology
[dna] water wrote 40 bytes to ecology
[dna] water wrote 9 bytes to ecology
[dna] water wrote 9 bytes to ecology
[dna] water wrote 28 bytes to ecology
[dna] water wrote 9 bytes to ecology
[dna] water wrote 70 bytes to ecology
[dna] water wrote 80 bytes to ecology
[dna] water wrote 9 bytes to ecology
[dna] water wrote 9 bytes to ecology
[dna] water wrote 50 bytes to ecology
[dna] water wrote 9 bytes to ecology
[dna] water wrote 49 bytes to ecology
[dna] water wrote 9 bytes to ecology
[dna] water wrote 9 bytes to ecology
[dna] water wrote 70 bytes to ecology
[dna] water wrote 9 bytes to ecology
[dna] water wrote 43 bytes to ecology
[dna] water wrote 9 bytes to ecology
[dna] water wrote 9 bytes to ecology
[dna] water wrote 55 bytes to ecology
[dna] water wrote 9 bytes to ecology
[dna] water wrote 59 bytes to ecology
[dna] water wrote 9 bytes to ecology
[dna] water wrote 9 bytes to ecology
[dna] water wrote 112 bytes to ecology
[dna] water wrote 9 bytes to ecology
[dna] water wrote 97 bytes to ecology
[dna] water wrote 9 bytes to ecology
[dna] water wrote 9 bytes to ecology
[dna] water wrote 113 bytes to ecology
[dna] water wrote 9 bytes to ecology
[dna] water wrote 42 bytes to ecology
[dna] water wrote 9 bytes to ecology
[dna] water wrote 9 bytes to ecology
[dna] water wrote 60 bytes to ecology
[dna] water wrote 9 bytes to ecology
[dna] water wrote 58 bytes to ecology
[dna] water wrote 9 bytes to ecology
[dna] water wrote 9 bytes to ecology
[dna] water wrote 30 bytes to ecology
[debug-onto] tick=250 corpus=152119 stage=2 freeze=0
[dna] water wrote 9 bytes to ecology
[dna] water wrote 9 bytes to ecology
[dna] water wrote 238 bytes to ecology
[dna] water wrote 9 bytes to ecology
[dna] water wrote 9 bytes to ecology
[dna] water wrote 117 bytes to ecology
[dna] water wrote 9 bytes to ecology
[dna] water wrote 68 bytes to ecology
[dna] water wrote 9 bytes to ecology
[dna] water wrote 9 bytes to ecology
[dna] water wrote 138 bytes to ecology
[dna] water wrote 9 bytes to ecology
[dna] water wrote 99 bytes to ecology
[dna] water wrote 84 bytes to ecology
[dna] water wrote 9 bytes to ecology
[dna] water wrote 9 bytes to ecology
[dna] water wrote 49 bytes to ecology
[dna] water wrote 9 bytes to ecology
[dna] water wrote 40 bytes to ecology
[dna] water wrote 9 bytes to ecology
[dna] water wrote 9 bytes to ecology
[dna] water wrote 191 bytes to ecology
[dna] water wrote 9 bytes to ecology
[dna] water wrote 9 bytes to ecology
[dna] water wrote 140 bytes to ecology
[dna] water wrote 9 bytes to ecology
[dna] water wrote 9 bytes to ecology
[dna] water wrote 69 bytes to ecology
[dna] water wrote 9 bytes to ecology
[dna] water wrote 66 bytes to ecology
[dna] water wrote 58 bytes to ecology
[dna] water wrote 9 bytes to ecology
[dna] water wrote 9 bytes to ecology
[dna] water wrote 64 bytes to ecology
[dna] water wrote 9 bytes to ecology
[dna] water wrote 36 bytes to ecology
[dna] water wrote 9 bytes to ecology
[dna] water wrote 9 bytes to ecology
[dna] water wrote 114 bytes to ecology
[dna] water wrote 9 bytes to ecology
[dna] water wrote 51 bytes to ecology
[dna] water wrote 9 bytes to ecology
[dna] water wrote 9 bytes to ecology
[dna] water wrote 106 bytes to ecology
[dna] water wrote 9 bytes to ecology
[dna] water wrote 56 bytes to ecology
[debug-onto] tick=300 corpus=152119 stage=2 freeze=0
[dna] water wrote 11 bytes to ecology
[dna] water wrote 9 bytes to ecology
[dna] water wrote 9 bytes to ecology
[dna] water wrote 158 bytes to ecology
[dna] water wrote 9 bytes to ecology
[dna] water wrote 41 bytes to ecology
[dna] water wrote 9 bytes to ecology
[dna] water wrote 9 bytes to ecology
[dna] water wrote 41 bytes to ecology
[dna] water wrote 9 bytes to ecology
[dna] water wrote 29 bytes to ecology
[dna] water wrote 9 bytes to ecology
[dna] water wrote 9 bytes to ecology
[dna] water wrote 69 bytes to ecology
[dna] water wrote 9 bytes to ecology
[dna] water wrote 81 bytes to ecology
[dna] water wrote 9 bytes to ecology
[dna] water wrote 9 bytes to ecology
[dna] water wrote 87 bytes to ecology
[dna] water wrote 9 bytes to ecology
[dna] water wrote 139 bytes to ecology
[dna] water wrote 9 bytes to ecology
[dna] water wrote 9 bytes to ecology
[dna] water wrote 22 bytes to ecology
[dna] water wrote 9 bytes to ecology
[dna] water wrote 34 bytes to ecology
[dna] water wrote 9 bytes to ecology
[dna] water wrote 9 bytes to ecology
[dna] water wrote 86 bytes to ecology
[dna] water wrote 9 bytes to ecology
[dna] water wrote 29 bytes to ecology
[dna] water wrote 9 bytes to ecology
[dna] water wrote 9 bytes to ecology
[dna] water wrote 40 bytes to ecology
[dna] water wrote 9 bytes to ecology
[dna] water wrote 39 bytes to ecology
[dna] water wrote 9 bytes to ecology
[dna] water wrote 9 bytes to ecology
[dna] water wrote 25 bytes to ecology
[dna] water wrote 9 bytes to ecology
[dna] water wrote 49 bytes to ecology
[dna] water wrote 9 bytes to ecology
[debug-onto] tick=350 corpus=152119 stage=2 freeze=0
[dna] water wrote 9 bytes to ecology
[dna] water wrote 48 bytes to ecology
[dna] water wrote 9 bytes to ecology
[dna] water wrote 9 bytes to ecology
[dna] water wrote 39 bytes to ecology
[dna] water wrote 9 bytes to ecology
[dna] water wrote 9 bytes to ecology
[dna] water wrote 131 bytes to ecology
[dna] water wrote 9 bytes to ecology
[dna] water wrote 34 bytes to ecology
[dna] water wrote 9 bytes to ecology
[dna] water wrote 9 bytes to ecology
[dna] water wrote 14 bytes to ecology
[dna] water wrote 9 bytes to ecology
[dna] water wrote 108 bytes to ecology
[dna] water wrote 9 bytes to ecology
[dna] water wrote 9 bytes to ecology
[dna] water wrote 30 bytes to ecology
[dna] water wrote 9 bytes to ecology
[dna] water wrote 115 bytes to ecology
[dna] water wrote 9 bytes to ecology
[dna] water wrote 9 bytes to ecology
[dna] water wrote 71 bytes to ecology
[dna] water wrote 9 bytes to ecology
[dna] water wrote 35 bytes to ecology
[dna] water wrote 9 bytes to ecology
[dna] water wrote 9 bytes to ecology
[dna] water wrote 36 bytes to ecology
[dna] water wrote 9 bytes to ecology
[dna] water wrote 120 bytes to ecology
[dna] water wrote 9 bytes to ecology
[dna] water wrote 9 bytes to ecology
[dna] water wrote 101 bytes to ecology
[dna] water wrote 9 bytes to ecology
[dna] water wrote 9 bytes to ecology
[dna] water wrote 44 bytes to ecology
[dna] water wrote 9 bytes to ecology
[dna] water wrote 9 bytes to ecology
[dna] water wrote 32 bytes to ecology
[dna] water wrote 9 bytes to ecology
[dna] water wrote 15 bytes to ecology
[dna] water wrote 9 bytes to ecology
[dna] water wrote 9 bytes to ecology
[dna] water wrote 49 bytes to ecology
[debug-onto] tick=400 corpus=152119 stage=2 freeze=0
[dna] water wrote 9 bytes to ecology
[dna] water wrote 31 bytes to ecology
[dna] water wrote 9 bytes to ecology
[dna] water wrote 9 bytes to ecology
[dna] water wrote 51 bytes to ecology
[dna] water wrote 9 bytes to ecology
[dna] water wrote 32 bytes to ecology
[dna] water wrote 9 bytes to ecology
[dna] water wrote 9 bytes to ecology
[dna] water wrote 95 bytes to ecology
[dna] water wrote 9 bytes to ecology
[dna] water wrote 53 bytes to ecology
[dna] water wrote 9 bytes to ecology
[dna] water wrote 9 bytes to ecology
[dna] water wrote 131 bytes to ecology
[dna] water wrote 9 bytes to ecology
[dna] water wrote 27 bytes to ecology
[dna] water wrote 9 bytes to ecology
[dna] water wrote 9 bytes to ecology
[dna] water wrote 22 bytes to ecology
[dna] water wrote 9 bytes to ecology
[dna] water wrote 139 bytes to ecology
[dna] water wrote 9 bytes to ecology
[dna] water wrote 9 bytes to ecology
[dna] water wrote 118 bytes to ecology
[dna] water wrote 9 bytes to ecology
[dna] water wrote 9 bytes to ecology
[dna] water wrote 117 bytes to ecology
[dna] water wrote 9 bytes to ecology
[dna] water wrote 9 bytes to ecology
[dna] water wrote 90 bytes to ecology
[dna] water wrote 9 bytes to ecology
[dna] water wrote 71 bytes to ecology
[dna] water wrote 9 bytes to ecology
[dna] water wrote 9 bytes to ecology
[dna] water wrote 40 bytes to ecology
[dna] water wrote 9 bytes to ecology
[dna] water wrote 23 bytes to ecology
[dna] water wrote 9 bytes to ecology
[dna] water wrote 9 bytes to ecology
[dna] water wrote 71 bytes to ecology
[dna] water wrote 9 bytes to ecology
[debug-onto] tick=450 corpus=152119 stage=2 freeze=0
[dna] water wrote 22 bytes to ecology
[dna] water wrote 9 bytes to ecology
[dna] water wrote 9 bytes to ecology
[dna] water wrote 144 bytes to ecology
[dna] water wrote 9 bytes to ecology
[dna] water wrote 27 bytes to ecology
[dna] water wrote 9 bytes to ecology
[dna] water wrote 9 bytes to ecology
[dna] water wrote 50 bytes to ecology
[dna] water wrote 9 bytes to ecology
[dna] water wrote 71 bytes to ecology
[dna] water wrote 9 bytes to ecology
[dna] water wrote 9 bytes to ecology
[dna] water wrote 168 bytes to ecology
[dna] water wrote 9 bytes to ecology
[dna] water wrote 9 bytes to ecology
[dna] water wrote 77 bytes to ecology
[dna] water wrote 9 bytes to ecology
[dna] water wrote 9 bytes to ecology
[dna] water wrote 55 bytes to ecology
[dna] water wrote 9 bytes to ecology
[dna] water wrote 249 bytes to ecology
[dna] water wrote 9 bytes to ecology
[dna] water wrote 9 bytes to ecology
[dna] water wrote 23 bytes to ecology
[dna] water wrote 9 bytes to ecology
[dna] water wrote 20 bytes to ecology
[dna] water wrote 37 bytes to ecology
[dna] water wrote 9 bytes to ecology
[dna] water wrote 9 bytes to ecology
[dna] water wrote 59 bytes to ecology
[dna] water wrote 9 bytes to ecology
[dna] water wrote 39 bytes to ecology
[dna] water wrote 9 bytes to ecology
[dna] water wrote 9 bytes to ecology
[dna] water wrote 78 bytes to ecology
[dna] water wrote 9 bytes to ecology
[dna] water wrote 93 bytes to ecology
[dna] water wrote 9 bytes to ecology
[dna] water wrote 9 bytes to ecology
[dna] water wrote 51 bytes to ecology
[dna] water wrote 9 bytes to ecology
[dna] water wrote 94 bytes to ecology
[dna] water wrote 9 bytes to ecology
[debug-onto] tick=500 corpus=152119 stage=2 freeze=0
[dna] water wrote 9 bytes to ecology
[dna] water wrote 38 bytes to ecology
[dna] water wrote 9 bytes to ecology
[dna] water wrote 114 bytes to ecology
[dna] water wrote 9 bytes to ecology
[dna] water wrote 9 bytes to ecology
[dna] water wrote 48 bytes to ecology
[dna] water wrote 9 bytes to ecology
[dna] water wrote 9 bytes to ecology
[dna] water wrote 68 bytes to ecology
[dna] water wrote 9 bytes to ecology
[dna] water wrote 9 bytes to ecology
[dna] water wrote 62 bytes to ecology
[dna] water wrote 9 bytes to ecology
[dna] water wrote 9 bytes to ecology
[dna] water wrote 78 bytes to ecology
[dna] water wrote 9 bytes to ecology
[dna] water wrote 9 bytes to ecology
[dna] water wrote 30 bytes to ecology
[dna] water wrote 9 bytes to ecology
[dna] water wrote 9 bytes to ecology
[dna] water wrote 103 bytes to ecology
[dna] water wrote 9 bytes to ecology
[dna] water wrote 9 bytes to ecology
[dna] water wrote 46 bytes to ecology
[dna] water wrote 9 bytes to ecology
[dna] water wrote 53 bytes to ecology
[dna] water wrote 9 bytes to ecology
[dna] water wrote 9 bytes to ecology
[dna] water wrote 127 bytes to ecology
[dna] water wrote 9 bytes to ecology
[dna] water wrote 36 bytes to ecology
[dna] water wrote 9 bytes to ecology
[dna] water wrote 9 bytes to ecology
[dna] water wrote 57 bytes to ecology
[dna] water wrote 9 bytes to ecology
[dna] water wrote 9 bytes to ecology
[dna] water wrote 53 bytes to ecology
[dna] water wrote 9 bytes to ecology
[dna] water wrote 9 bytes to ecology
[dna] water wrote 29 bytes to ecology
[dna] water wrote 9 bytes to ecology
[dna] water wrote 9 bytes to ecology
[dna] water wrote 76 bytes to ecology
[dna] water wrote 9 bytes to ecology
[dna] water wrote 9 bytes to ecology
[dna] water wrote 41 bytes to ecology
[debug-onto] tick=550 corpus=152119 stage=2 freeze=0
[dna] water wrote 9 bytes to ecology
[dna] water wrote 9 bytes to ecology
[dna] water wrote 59 bytes to ecology
[dna] water wrote 9 bytes to ecology
[dna] water wrote 9 bytes to ecology
[dna] water wrote 83 bytes to ecology
[dna] water wrote 9 bytes to ecology
[dna] water wrote 35 bytes to ecology
[dna] water wrote 35 bytes to ecology
[dna] water wrote 9 bytes to ecology
[dna] water wrote 9 bytes to ecology
[dna] water wrote 39 bytes to ecology
[dna] water wrote 9 bytes to ecology
[dna] water wrote 40 bytes to ecology
[dna] water wrote 9 bytes to ecology
[dna] water wrote 9 bytes to ecology
[dna] water wrote 75 bytes to ecology
[dna] water wrote 9 bytes to ecology
[dna] water wrote 9 bytes to ecology
[dna] water wrote 103 bytes to ecology
[dna] water wrote 9 bytes to ecology
[dna] water wrote 9 bytes to ecology
[dna] water wrote 142 bytes to ecology
[dna] water wrote 9 bytes to ecology
[dna] water wrote 9 bytes to ecology
[dna] water wrote 171 bytes to ecology
[dna] water wrote 9 bytes to ecology
[dna] water wrote 9 bytes to ecology
[dna] water wrote 91 bytes to ecology
[dna] water wrote 9 bytes to ecology
[dna] water wrote 9 bytes to ecology
[dna] water wrote 79 bytes to ecology
[dna] water wrote 9 bytes to ecology
[dna] water wrote 9 bytes to ecology
[dna] water wrote 157 bytes to ecology
[dna] water wrote 9 bytes to ecology
[dna] water wrote 36 bytes to ecology
[dna] water wrote 9 bytes to ecology
[dna] water wrote 9 bytes to ecology
[dna] water wrote 130 bytes to ecology
[dna] water wrote 9 bytes to ecology
[dna] water wrote 9 bytes to ecology
[dna] water wrote 118 bytes to ecology
[dna] water wrote 9 bytes to ecology
[dna] water wrote 9 bytes to ecology
[dna] water wrote 75 bytes to ecology
[dna] water wrote 9 bytes to ecology
[debug-onto] tick=600 corpus=152119 stage=2 freeze=0
[dna] water wrote 26 bytes to ecology
[dna] water wrote 9 bytes to ecology
[dna] water wrote 9 bytes to ecology
[dna] water wrote 28 bytes to ecology
[dna] water wrote 9 bytes to ecology
[dna] water wrote 9 bytes to ecology
[dna] water wrote 56 bytes to ecology
[dna] water wrote 9 bytes to ecology
[dna] water wrote 9 bytes to ecology
[dna] water wrote 98 bytes to ecology
[dna] water wrote 9 bytes to ecology
[dna] water wrote 55 bytes to ecology
[dna] water wrote 9 bytes to ecology
[dna] water wrote 9 bytes to ecology
[dna] water wrote 66 bytes to ecology
[dna] water wrote 9 bytes to ecology
[dna] water wrote 84 bytes to ecology
[dna] water wrote 9 bytes to ecology
[dna] water wrote 9 bytes to ecology
[dna] water wrote 21 bytes to ecology
[dna] water wrote 9 bytes to ecology
[dna] water wrote 9 bytes to ecology
[dna] water wrote 48 bytes to ecology
[dna] water wrote 9 bytes to ecology
[dna] water wrote 9 bytes to ecology
[dna] water wrote 52 bytes to ecology
[dna] water wrote 9 bytes to ecology
[dna] water wrote 160 bytes to ecology
[dna] water wrote 34 bytes to ecology
[dna] water wrote 9 bytes to ecology
[dna] water wrote 9 bytes to ecology
[dna] water wrote 10 bytes to ecology
[dna] water wrote 9 bytes to ecology
[dna] water wrote 28 bytes to ecology
[dna] water wrote 9 bytes to ecology
[dna] water wrote 9 bytes to ecology
[dna] water wrote 38 bytes to ecology
[dna] water wrote 9 bytes to ecology
[dna] water wrote 9 bytes to ecology
[dna] water wrote 60 bytes to ecology
[dna] water wrote 9 bytes to ecology
[dna] water wrote 9 bytes to ecology
[dna] water wrote 47 bytes to ecology
[dna] water wrote 9 bytes to ecology
[dna] water wrote 80 bytes to ecology
[dna] water wrote 9 bytes to ecology
[debug-onto] tick=650 corpus=152119 stage=2 freeze=0
[dna] water wrote 9 bytes to ecology
[dna] water wrote 183 bytes to ecology
[dna] water wrote 9 bytes to ecology
[dna] water wrote 48 bytes to ecology
[dna] water wrote 9 bytes to ecology
[dna] water wrote 9 bytes to ecology
[dna] water wrote 34 bytes to ecology
[dna] water wrote 9 bytes to ecology
[dna] water wrote 19 bytes to ecology
[dna] water wrote 9 bytes to ecology
[dna] water wrote 9 bytes to ecology
[dna] water wrote 112 bytes to ecology
[dna] water wrote 9 bytes to ecology
[dna] water wrote 9 bytes to ecology
[dna] water wrote 20 bytes to ecology
[dna] water wrote 9 bytes to ecology
[dna] water wrote 9 bytes to ecology
[dna] water wrote 39 bytes to ecology
[dna] water wrote 9 bytes to ecology
[dna] water wrote 9 bytes to ecology
[dna] water wrote 9 bytes to ecology
[dna] water wrote 9 bytes to ecology
[dna] water wrote 74 bytes to ecology
[dna] water wrote 9 bytes to ecology
[dna] water wrote 96 bytes to ecology
[dna] water wrote 9 bytes to ecology
[dna] water wrote 9 bytes to ecology
[dna] water wrote 16 bytes to ecology
[dna] water wrote 9 bytes to ecology
[dna] water wrote 9 bytes to ecology
[dna] water wrote 212 bytes to ecology
[dna] water wrote 9 bytes to ecology
[dna] water wrote 9 bytes to ecology
[dna] water wrote 102 bytes to ecology
[dna] water wrote 9 bytes to ecology
[dna] water wrote 17 bytes to ecology
[dna] water wrote 9 bytes to ecology
[dna] water wrote 9 bytes to ecology
[dna] water wrote 53 bytes to ecology
[dna] water wrote 9 bytes to ecology
[dna] water wrote 54 bytes to ecology
[dna] water wrote 9 bytes to ecology
[dna] water wrote 9 bytes to ecology
[dna] water wrote 41 bytes to ecology
[debug-onto] tick=700 corpus=152119 stage=2 freeze=0
[dna] water wrote 9 bytes to ecology
[dna] water wrote 18 bytes to ecology
[dna] water wrote 9 bytes to ecology
[dna] water wrote 9 bytes to ecology
[dna] water wrote 36 bytes to ecology
[dna] water wrote 9 bytes to ecology
[dna] water wrote 9 bytes to ecology
[dna] water wrote 31 bytes to ecology
[dna] water wrote 9 bytes to ecology
[dna] water wrote 9 bytes to ecology
[dna] water wrote 85 bytes to ecology
[dna] water wrote 9 bytes to ecology
[dna] water wrote 46 bytes to ecology
[dna] water wrote 9 bytes to ecology
[dna] water wrote 9 bytes to ecology
[dna] water wrote 58 bytes to ecology
[dna] water wrote 9 bytes to ecology
[dna] water wrote 9 bytes to ecology
[dna] water wrote 269 bytes to ecology
[dna] water wrote 9 bytes to ecology
[dna] water wrote 9 bytes to ecology
[dna] water wrote 88 bytes to ecology
[dna] water wrote 9 bytes to ecology
[dna] water wrote 84 bytes to ecology
[dna] water wrote 9 bytes to ecology
[dna] water wrote 9 bytes to ecology
[dna] water wrote 16 bytes to ecology
[dna] water wrote 9 bytes to ecology
[dna] water wrote 9 bytes to ecology
[dna] water wrote 271 bytes to ecology
[dna] water wrote 9 bytes to ecology
[dna] water wrote 9 bytes to ecology
[dna] water wrote 45 bytes to ecology
[dna] water wrote 9 bytes to ecology
[dna] water wrote 77 bytes to ecology
[dna] water wrote 9 bytes to ecology
[dna] water wrote 9 bytes to ecology
[dna] water wrote 108 bytes to ecology
[dna] water wrote 9 bytes to ecology
[dna] water wrote 30 bytes to ecology
[dna] water wrote 9 bytes to ecology
[dna] water wrote 9 bytes to ecology
[dna] water wrote 31 bytes to ecology
[dna] water wrote 9 bytes to ecology
[dna] water wrote 9 bytes to ecology
[debug-onto] tick=750 corpus=152119 stage=2 freeze=0
[dna] water wrote 14 bytes to ecology
[dna] water wrote 9 bytes to ecology
[dna] water wrote 9 bytes to ecology
[dna] water wrote 72 bytes to ecology
[dna] water wrote 9 bytes to ecology
[dna] water wrote 39 bytes to ecology
[dna] water wrote 9 bytes to ecology
[dna] water wrote 9 bytes to ecology
[dna] water wrote 165 bytes to ecology
[dna] water wrote 9 bytes to ecology
[dna] water wrote 51 bytes to ecology
[dna] water wrote 36 bytes to ecology
[dna] water wrote 9 bytes to ecology
[dna] water wrote 69 bytes to ecology
[dna] water wrote 9 bytes to ecology
[dna] water wrote 9 bytes to ecology
[dna] water wrote 95 bytes to ecology
[dna] water wrote 9 bytes to ecology
[dna] water wrote 9 bytes to ecology
[dna] water wrote 113 bytes to ecology
[dna] water wrote 9 bytes to ecology
[dna] water wrote 45 bytes to ecology

[evolution] Organism shutting down gracefully.
