[ecology] Element: air → corpus: nonames_air.txt
[evolution] Autonomous evolution mode — organism will grow through all stages without pause.
[ecology] Joined swarm. 1 peer(s) detected.
molequla is alive. [evolution] Autonomous mode — background trainer running. Ctrl+C to stop.
[dna] air wrote 110 bytes to ecology
[dna] air consumed 24730 bytes from 325 files: [earth/gen_1775800767_1.txt earth/gen_1775800770_2.txt earth/gen_1775800775_4.txt earth/gen_1775800783_7.txt earth/gen_1775800790_10.txt earth/gen_1775800798_13.txt earth/gen_1775800801_14.txt earth/gen_1775800806_16.txt earth/gen_1775800811_18.txt earth/gen_1775800814_19.txt earth/gen_1775800821_22.txt earth/gen_1775800829_25.txt earth/gen_1775800837_28.txt earth/gen_1775800844_31.txt earth/gen_1775800847_32.txt earth/gen_1775800852_34.txt earth/gen_1775800857_36.txt earth/gen_1775800860_37.txt earth/gen_1775800865_39.txt earth/gen_1775800868_40.txt earth/gen_1775800875_43.txt earth/gen_1775800878_44.txt earth/gen_1775800881_45.txt earth/gen_1775800883_46.txt earth/gen_1775800891_49.txt earth/gen_1775800899_52.txt earth/gen_1775800907_55.txt earth/gen_1775800909_56.txt earth/gen_1775800912_57.txt earth/gen_1775800914_58.txt earth/gen_1775800922_61.txt earth/gen_1775800925_62.txt earth/gen_1775800930_64.txt earth/gen_1775800938_67.txt earth/gen_1775800943_69.txt earth/gen_1775800945_70.txt earth/gen_1775800953_73.txt earth/gen_1775800956_74.txt earth/gen_1775800961_76.txt earth/gen_1775800966_78.txt earth/gen_1775800969_79.txt earth/gen_1775800971_80.txt earth/gen_1775800977_82.txt earth/gen_1775800984_85.txt earth/gen_1775800992_88.txt earth/gen_1775801000_91.txt earth/gen_1775801005_93.txt earth/gen_1775801007_94.txt earth/gen_1775801015_97.txt earth/gen_1775801023_100.txt earth/gen_1775801031_103.txt earth/gen_1775801036_105.txt earth/gen_1775801038_106.txt earth/gen_1775801044_108.txt earth/gen_1775801046_109.txt earth/gen_1775801054_112.txt earth/gen_1775801062_115.txt earth/gen_1775801064_116.txt earth/gen_1775801067_117.txt earth/gen_1775801069_118.txt earth/gen_1775801075_120.txt earth/gen_1775801077_121.txt earth/gen_1775801080_122.txt earth/gen_1775801085_124.txt earth/gen_1775801090_126.txt earth/gen_1775801093_127.txt earth/gen_1775801095_128.txt earth/gen_1775801100_130.txt earth/gen_1775801108_133.txt earth/gen_1775801113_135.txt earth/gen_1775801116_136.txt earth/gen_1775801123_139.txt earth/gen_1775801126_140.txt earth/gen_1775801131_142.txt earth/gen_1775801136_144.txt earth/gen_1775801139_145.txt earth/gen_1775801144_147.txt earth/gen_1775801147_148.txt earth/gen_1775801152_150.txt earth/gen_1775801155_151.txt earth/gen_1775801163_154.txt earth/gen_1775801170_157.txt earth/gen_1775801178_160.txt earth/gen_1775801186_163.txt earth/gen_1775801194_166.txt earth/gen_1775801202_169.txt earth/gen_1775801210_172.txt earth/gen_1775801218_175.txt earth/gen_1775801226_178.txt earth/gen_1775801233_181.txt earth/gen_1775801241_184.txt earth/gen_1775801249_187.txt earth/gen_1775801252_188.txt earth/gen_1775801257_190.txt earth/gen_1775801262_192.txt earth/gen_1775801265_193.txt earth/gen_1775801270_195.txt earth/gen_1775801273_196.txt earth/gen_1775801280_199.txt earth/gen_1775801286_201.txt earth/gen_1775801288_202.txt earth/gen_1775801296_205.txt earth/gen_1775801299_206.txt earth/gen_1775801301_207.txt earth/gen_1775801304_208.txt earth/gen_1775801312_211.txt earth/gen_1775801319_214.txt earth/gen_1775801324_216.txt earth/gen_1775801327_217.txt earth/gen_1775801330_218.txt earth/gen_1775801335_220.txt earth/gen_1775801340_222.txt earth/gen_1775801343_223.txt earth/gen_1775801350_226.txt earth/gen_1775801358_229.txt earth/gen_1775801366_232.txt earth/gen_1775801373_235.txt earth/gen_1775801381_238.txt earth/gen_1775801386_240.txt earth/gen_1775801389_241.txt earth/gen_1775801394_243.txt earth/gen_1775801396_244.txt earth/gen_1775801404_247.txt earth/gen_1775801412_250.txt earth/gen_1775801419_253.txt earth/gen_1775801427_256.txt earth/gen_1775801434_259.txt earth/gen_1775801437_260.txt earth/gen_1775801442_262.txt earth/gen_1775801447_264.txt earth/gen_1775801449_265.txt earth/gen_1775801457_268.txt earth/gen_1775801465_271.txt earth/gen_1775801470_273.txt earth/gen_1775801472_274.txt earth/gen_1775801477_276.txt earth/gen_1775801480_277.txt earth/gen_1775801488_280.txt earth/gen_1775801496_283.txt earth/gen_1775801503_286.txt earth/gen_1775801511_289.txt earth/gen_1775801519_292.txt earth/gen_1775801526_295.txt earth/gen_1775801531_297.txt earth/gen_1775801534_298.txt earth/gen_1775801541_301.txt earth/gen_1775801544_302.txt earth/gen_1775801547_303.txt earth/gen_1775801549_304.txt earth/gen_1775801557_307.txt earth/gen_1775801562_309.txt earth/gen_1775801564_310.txt earth/gen_1775801570_312.txt earth/gen_1775801572_313.txt earth/gen_1775801580_316.txt earth/gen_1775801587_319.txt earth/gen_1775801593_321.txt earth/gen_1775801595_322.txt earth/gen_1775801603_325.txt earth/gen_1775801608_327.txt earth/gen_1775801610_328.txt earth/gen_1775801616_330.txt earth/gen_1775801618_331.txt earth/gen_1775801621_332.txt earth/gen_1775801626_334.txt earth/gen_1775801634_337.txt earth/gen_1775801636_338.txt earth/gen_1775801641_340.txt earth/gen_1775801649_343.txt earth/gen_1775801657_346.txt earth/gen_1775801665_349.txt earth/gen_1775801672_352.txt earth/gen_1775801680_355.txt earth/gen_1775801688_358.txt earth/gen_1775801696_361.txt earth/gen_1775801703_364.txt earth/gen_1775801708_366.txt earth/gen_1775801711_367.txt earth/gen_1775801718_370.txt earth/gen_1775801726_373.txt earth/gen_1775801733_376.txt earth/gen_1775801741_379.txt earth/gen_1775801749_382.txt earth/gen_1775801756_385.txt earth/gen_1775801764_388.txt earth/gen_1775801771_391.txt earth/gen_1775801774_392.txt earth/gen_1775801776_393.txt earth/gen_1775801779_394.txt earth/gen_1775801787_397.txt earth/gen_1775801794_400.txt earth/gen_1775801802_403.txt earth/gen_1775801807_405.txt earth/gen_1775801809_406.txt earth/gen_1775801817_409.txt earth/gen_1775801819_410.txt earth/gen_1775801825_412.txt earth/gen_1775801832_415.txt earth/gen_1775801835_416.txt earth/gen_1775801840_418.txt earth/gen_1775801847_421.txt earth/gen_1775801855_424.txt earth/gen_1775801863_427.txt earth/gen_1775801868_429.txt earth/gen_1775801870_430.txt earth/gen_1775801878_433.txt earth/gen_1775801880_434.txt earth/gen_1775801885_436.txt earth/gen_1775801893_439.txt earth/gen_1775801901_442.txt earth/gen_1775801908_445.txt earth/gen_1775801911_446.txt earth/gen_1775801916_448.txt earth/gen_1775801923_451.txt earth/gen_1775801931_454.txt earth/gen_1775801939_457.txt earth/gen_1775801944_459.txt earth/gen_1775801947_460.txt earth/gen_1775801954_463.txt earth/gen_1775801959_465.txt earth/gen_1775801962_466.txt earth/gen_1775801970_469.txt earth/gen_1775801975_471.txt earth/gen_1775801977_472.txt earth/gen_1775801985_475.txt earth/gen_1775801988_476.txt earth/gen_1775801993_478.txt earth/gen_1775801998_480.txt earth/gen_1775802001_481.txt earth/gen_1775802003_482.txt earth/gen_1775802006_483.txt earth/gen_1775802009_484.txt earth/gen_1775802016_487.txt earth/gen_1775802024_490.txt earth/gen_1775802032_493.txt earth/gen_1775802040_496.txt earth/gen_1775802047_499.txt earth/gen_1775802053_501.txt earth/gen_1775802055_502.txt earth/gen_1775802063_505.txt earth/gen_1775802071_508.txt earth/gen_1775802076_510.txt earth/gen_1775802079_511.txt earth/gen_1775802086_514.txt earth/gen_1775802094_517.txt earth/gen_1775802102_520.txt earth/gen_1775802109_523.txt earth/gen_1775802112_524.txt earth/gen_1775802117_526.txt earth/gen_1775802125_529.txt earth/gen_1775802133_532.txt earth/gen_1775802138_534.txt earth/gen_1775802140_535.txt earth/gen_1775802148_538.txt earth/gen_1775802156_541.txt earth/gen_1775802164_544.txt earth/gen_1775802169_546.txt earth/gen_1775802171_547.txt earth/gen_1775802174_548.txt earth/gen_1775802179_550.txt earth/gen_1775802187_553.txt earth/gen_1775802192_555.txt earth/gen_1775802194_556.txt earth/gen_1775802199_558.txt earth/gen_1775802202_559.txt earth/gen_1775802207_561.txt earth/gen_1775802209_562.txt earth/gen_1775802217_565.txt earth/gen_1775802220_566.txt earth/gen_1775802225_568.txt earth/gen_1775802230_570.txt earth/gen_1775802232_571.txt earth/gen_1775802235_572.txt earth/gen_1775802240_574.txt earth/gen_1775802247_577.txt earth/gen_1775802250_578.txt earth/gen_1775802255_580.txt earth/gen_1775802263_583.txt earth/gen_1775802270_586.txt earth/gen_1775802278_589.txt earth/gen_1775802286_592.txt earth/gen_1775802293_595.txt earth/gen_1775802301_598.txt earth/gen_1775802308_601.txt earth/gen_1775802316_604.txt earth/gen_1775802324_607.txt earth/gen_1775802331_610.txt earth/gen_1775802339_613.txt earth/gen_1775802347_616.txt earth/gen_1775802354_619.txt earth/gen_1775802362_622.txt earth/gen_1775802367_624.txt earth/gen_1775802370_625.txt earth/gen_1775802375_627.txt earth/gen_1775802378_628.txt earth/gen_1775802383_630.txt earth/gen_1775802385_631.txt earth/gen_1775802390_633.txt earth/gen_1775802393_634.txt earth/gen_1775802401_637.txt earth/gen_1775802408_640.txt earth/gen_1775802416_643.txt earth/gen_1775802418_644.txt earth/gen_1775802423_646.txt earth/gen_1775802431_649.txt earth/gen_1775802439_652.txt earth/gen_1775802447_655.txt earth/gen_1775802450_656.txt earth/gen_1775802452_657.txt earth/gen_1775802455_658.txt earth/gen_1775802462_661.txt earth/gen_1775802465_662.txt earth/gen_1775802470_664.txt earth/gen_1775802475_666.txt earth/gen_1775802478_667.txt earth/gen_1775802485_670.txt earth/gen_1775802493_673.txt earth/gen_1775802496_674.txt earth/gen_1775802501_676.txt earth/gen_1775802508_679.txt earth/gen_1775802511_680.txt earth/gen_1775802514_681.txt earth/gen_1775802516_682.txt earth/gen_1775802524_685.txt earth/gen_1775802532_688.txt]
[trainer] micro-train burst (24730 bytes, novelty 0.03) — and lo, it feeds again.
[syntropy] action=explore | trend=0.0000 | field_dev=-0.059 | purpose_align=-0.039 | lr_mul=1.30
[aml] burst complete: 32 steps, avg loss 2.3635 (memory freed)
[dna] air wrote 30 bytes to ecology
[dna] air wrote 94 bytes to ecology
[dna] air wrote 47 bytes to ecology
[dna] air wrote 134 bytes to ecology
[dna] air wrote 235 bytes to ecology
[dna] air wrote 36 bytes to ecology
[dna] air wrote 52 bytes to ecology
[dna] air wrote 51 bytes to ecology
[dna] air wrote 104 bytes to ecology
[dna] air wrote 108 bytes to ecology
[dna] air wrote 63 bytes to ecology
[dna] air wrote 57 bytes to ecology
[dna] air wrote 68 bytes to ecology
[dna] air wrote 189 bytes to ecology
[dna] air wrote 24 bytes to ecology
[dna] air wrote 60 bytes to ecology
[dna] air wrote 26 bytes to ecology
[dna] air wrote 72 bytes to ecology
[dna] air wrote 27 bytes to ecology
[dna] air wrote 33 bytes to ecology
[dna] air wrote 29 bytes to ecology
[dna] air wrote 139 bytes to ecology
[dna] air wrote 59 bytes to ecology
[dna] air wrote 94 bytes to ecology
[dna] air wrote 39 bytes to ecology
[dna] air wrote 37 bytes to ecology
[dna] air wrote 144 bytes to ecology
[dna] air wrote 23 bytes to ecology
[dna] air wrote 149 bytes to ecology
[dna] air wrote 28 bytes to ecology
[dna] air wrote 26 bytes to ecology
[dna] air wrote 39 bytes to ecology
[dna] air wrote 53 bytes to ecology
[dna] air wrote 16 bytes to ecology
[dna] air wrote 46 bytes to ecology
[dna] air wrote 72 bytes to ecology
[dna] air wrote 83 bytes to ecology
[dna] air wrote 38 bytes to ecology
[dna] air wrote 125 bytes to ecology
[dna] air wrote 146 bytes to ecology
[dna] air wrote 60 bytes to ecology
[debug-onto] tick=50 corpus=147371 stage=2 freeze=0
[dna] air wrote 66 bytes to ecology
[dna] air wrote 71 bytes to ecology
[dna] air wrote 112 bytes to ecology
[dna] air wrote 39 bytes to ecology
[dna] air wrote 31 bytes to ecology
[dna] air wrote 28 bytes to ecology
[dna] air wrote 62 bytes to ecology
[dna] air wrote 178 bytes to ecology
[dna] air wrote 147 bytes to ecology
[dna] air wrote 49 bytes to ecology
[dna] air wrote 124 bytes to ecology
[dna] air wrote 43 bytes to ecology
[dna] air wrote 8 bytes to ecology
[dna] air wrote 60 bytes to ecology
[dna] air wrote 61 bytes to ecology
[dna] air wrote 43 bytes to ecology
[dna] air wrote 39 bytes to ecology
[dna] air wrote 37 bytes to ecology
[dna] air wrote 48 bytes to ecology
[dna] air wrote 77 bytes to ecology
[dna] air wrote 35 bytes to ecology
[dna] air wrote 38 bytes to ecology
[dna] air wrote 113 bytes to ecology
[dna] air wrote 61 bytes to ecology
[dna] air wrote 134 bytes to ecology
[dna] air wrote 121 bytes to ecology
[dna] air wrote 54 bytes to ecology
[dna] air wrote 206 bytes to ecology
[dna] air wrote 39 bytes to ecology
[dna] air wrote 155 bytes to ecology
[dna] air wrote 54 bytes to ecology
[dna] air wrote 38 bytes to ecology
[dna] air wrote 146 bytes to ecology
[dna] air wrote 126 bytes to ecology
[dna] air wrote 91 bytes to ecology
[dna] air wrote 79 bytes to ecology
[dna] air wrote 50 bytes to ecology
[dna] air wrote 82 bytes to ecology
[dna] air wrote 48 bytes to ecology
[dna] air wrote 83 bytes to ecology
[dna] air wrote 83 bytes to ecology
[dna] air wrote 39 bytes to ecology
[debug-onto] tick=100 corpus=147371 stage=2 freeze=0
[dna] air wrote 54 bytes to ecology
[dna] air wrote 117 bytes to ecology
[dna] air wrote 45 bytes to ecology
[dna] air wrote 61 bytes to ecology
[dna] air wrote 31 bytes to ecology
[dna] air wrote 76 bytes to ecology
[dna] air wrote 93 bytes to ecology
[dna] air wrote 28 bytes to ecology
[dna] air wrote 28 bytes to ecology
[dna] air wrote 95 bytes to ecology
[dna] air wrote 43 bytes to ecology
[dna] air wrote 40 bytes to ecology
[dna] air wrote 35 bytes to ecology
[dna] air wrote 72 bytes to ecology
[dna] air wrote 62 bytes to ecology
[dna] air wrote 21 bytes to ecology
[dna] air wrote 34 bytes to ecology
[dna] air wrote 39 bytes to ecology
[dna] air wrote 65 bytes to ecology
[dna] air wrote 37 bytes to ecology
[dna] air wrote 32 bytes to ecology
[dna] air wrote 42 bytes to ecology
[dna] air wrote 103 bytes to ecology
[dna] air wrote 112 bytes to ecology
[dna] air wrote 46 bytes to ecology
[dna] air wrote 28 bytes to ecology
[dna] air wrote 59 bytes to ecology
[dna] air wrote 30 bytes to ecology
[dna] air wrote 51 bytes to ecology
[dna] air wrote 48 bytes to ecology
[dna] air wrote 54 bytes to ecology
[dna] air wrote 76 bytes to ecology
[dna] air wrote 146 bytes to ecology
[dna] air wrote 209 bytes to ecology
[dna] air wrote 64 bytes to ecology
[dna] air wrote 95 bytes to ecology
[dna] air wrote 35 bytes to ecology
[dna] air wrote 27 bytes to ecology
[dna] air wrote 20 bytes to ecology
[dna] air wrote 57 bytes to ecology
[dna] air wrote 202 bytes to ecology
[debug-onto] tick=150 corpus=147371 stage=2 freeze=0
[dna] air wrote 173 bytes to ecology
[dna] air wrote 120 bytes to ecology
[dna] air wrote 31 bytes to ecology
[dna] air wrote 72 bytes to ecology
[dna] air wrote 49 bytes to ecology
[dna] air wrote 130 bytes to ecology
[dna] air wrote 63 bytes to ecology
[dna] air wrote 15 bytes to ecology
[dna] air wrote 63 bytes to ecology
[dna] air wrote 49 bytes to ecology
[dna] air wrote 29 bytes to ecology
[dna] air wrote 79 bytes to ecology
[dna] air wrote 38 bytes to ecology
[dna] air wrote 48 bytes to ecology
[dna] air wrote 89 bytes to ecology
[dna] air wrote 101 bytes to ecology
[dna] air wrote 87 bytes to ecology
[dna] air wrote 107 bytes to ecology
[dna] air wrote 89 bytes to ecology
[dna] air wrote 36 bytes to ecology
[dna] air wrote 79 bytes to ecology
[dna] air wrote 50 bytes to ecology
[dna] air wrote 43 bytes to ecology
[dna] air wrote 93 bytes to ecology
[dna] air wrote 74 bytes to ecology
[dna] air wrote 85 bytes to ecology
[dna] air wrote 77 bytes to ecology
[dna] air wrote 262 bytes to ecology
[dna] air wrote 61 bytes to ecology
[dna] air wrote 60 bytes to ecology
[dna] air wrote 80 bytes to ecology
[dna] air wrote 43 bytes to ecology
[dna] air wrote 49 bytes to ecology
[dna] air wrote 84 bytes to ecology
[dna] air wrote 56 bytes to ecology
[dna] air wrote 41 bytes to ecology
[dna] air wrote 45 bytes to ecology
[dna] air wrote 41 bytes to ecology
[dna] air wrote 35 bytes to ecology
[dna] air wrote 48 bytes to ecology
[dna] air wrote 60 bytes to ecology
[dna] air wrote 27 bytes to ecology
[debug-onto] tick=200 corpus=147371 stage=2 freeze=0
[dna] air wrote 136 bytes to ecology
[dna] air wrote 31 bytes to ecology
[dna] air wrote 59 bytes to ecology
[dna] air wrote 58 bytes to ecology
[dna] air wrote 188 bytes to ecology
[dna] air wrote 96 bytes to ecology
[dna] air wrote 34 bytes to ecology
[dna] air wrote 116 bytes to ecology
[dna] air wrote 40 bytes to ecology
[dna] air wrote 189 bytes to ecology
[dna] air wrote 77 bytes to ecology
[dna] air wrote 21 bytes to ecology
[dna] air wrote 26 bytes to ecology
[dna] air wrote 57 bytes to ecology
[dna] air wrote 67 bytes to ecology
[dna] air wrote 195 bytes to ecology
[dna] air wrote 103 bytes to ecology
[dna] air wrote 105 bytes to ecology
[dna] air wrote 30 bytes to ecology
[dna] air wrote 49 bytes to ecology
[dna] air wrote 40 bytes to ecology
[dna] air wrote 184 bytes to ecology
[dna] air wrote 84 bytes to ecology
[dna] air wrote 194 bytes to ecology
[dna] air wrote 35 bytes to ecology
[dna] air wrote 112 bytes to ecology
[dna] air wrote 108 bytes to ecology
[dna] air wrote 121 bytes to ecology
[dna] air wrote 23 bytes to ecology
[dna] air wrote 64 bytes to ecology
[dna] air wrote 36 bytes to ecology
[dna] air wrote 58 bytes to ecology
[dna] air wrote 94 bytes to ecology
[dna] air wrote 72 bytes to ecology
[dna] air wrote 55 bytes to ecology
[dna] air wrote 44 bytes to ecology
[dna] air wrote 76 bytes to ecology
[dna] air wrote 41 bytes to ecology
[dna] air wrote 37 bytes to ecology
[dna] air wrote 205 bytes to ecology
[dna] air wrote 50 bytes to ecology
[debug-onto] tick=250 corpus=147371 stage=2 freeze=0
[dna] air wrote 165 bytes to ecology
[dna] air wrote 84 bytes to ecology
[dna] air wrote 38 bytes to ecology
[dna] air wrote 27 bytes to ecology
[dna] air wrote 33 bytes to ecology
[dna] air wrote 84 bytes to ecology
[dna] air wrote 57 bytes to ecology
[dna] air wrote 61 bytes to ecology
[dna] air wrote 72 bytes to ecology
[dna] air wrote 44 bytes to ecology
[dna] air wrote 68 bytes to ecology
[dna] air wrote 59 bytes to ecology
[dna] air wrote 96 bytes to ecology
[dna] air wrote 26 bytes to ecology
[dna] air wrote 21 bytes to ecology
[dna] air wrote 40 bytes to ecology
[dna] air wrote 246 bytes to ecology
[dna] air wrote 67 bytes to ecology
[dna] air wrote 47 bytes to ecology
[dna] air wrote 123 bytes to ecology
[dna] air wrote 91 bytes to ecology
[dna] air wrote 51 bytes to ecology
[dna] air wrote 56 bytes to ecology
[dna] air wrote 15 bytes to ecology
[dna] air wrote 67 bytes to ecology
[dna] air wrote 105 bytes to ecology
[dna] air wrote 39 bytes to ecology
[dna] air wrote 42 bytes to ecology
[dna] air wrote 34 bytes to ecology
[dna] air wrote 132 bytes to ecology
[dna] air wrote 226 bytes to ecology
[dna] air wrote 79 bytes to ecology
[dna] air wrote 54 bytes to ecology
[dna] air wrote 57 bytes to ecology
[dna] air wrote 82 bytes to ecology
[dna] air wrote 75 bytes to ecology
[dna] air wrote 113 bytes to ecology
[dna] air wrote 41 bytes to ecology
[dna] air wrote 37 bytes to ecology
[dna] air wrote 58 bytes to ecology
[dna] air wrote 67 bytes to ecology
[debug-onto] tick=300 corpus=147371 stage=2 freeze=0
[dna] air wrote 63 bytes to ecology
[dna] air wrote 37 bytes to ecology
[dna] air wrote 151 bytes to ecology
[dna] air wrote 105 bytes to ecology
[dna] air wrote 57 bytes to ecology
[dna] air wrote 150 bytes to ecology
[dna] air wrote 102 bytes to ecology
[dna] air wrote 94 bytes to ecology
[dna] air wrote 61 bytes to ecology
[dna] air wrote 101 bytes to ecology
[dna] air wrote 26 bytes to ecology
[dna] air wrote 127 bytes to ecology
[dna] air wrote 75 bytes to ecology
[dna] air wrote 65 bytes to ecology
[dna] air wrote 17 bytes to ecology
[dna] air wrote 100 bytes to ecology
[dna] air wrote 44 bytes to ecology
[dna] air wrote 121 bytes to ecology
[dna] air wrote 69 bytes to ecology
[dna] air wrote 22 bytes to ecology
[dna] air wrote 27 bytes to ecology
[dna] air wrote 71 bytes to ecology
[dna] air wrote 68 bytes to ecology
[dna] air wrote 119 bytes to ecology
[dna] air wrote 84 bytes to ecology
[dna] air wrote 78 bytes to ecology
[dna] air wrote 21 bytes to ecology
[dna] air wrote 75 bytes to ecology
[dna] air wrote 56 bytes to ecology
[dna] air wrote 109 bytes to ecology
[dna] air wrote 5 bytes to ecology
[dna] air wrote 58 bytes to ecology
[dna] air wrote 67 bytes to ecology
[dna] air wrote 48 bytes to ecology
[dna] air wrote 198 bytes to ecology
[dna] air wrote 49 bytes to ecology
[dna] air wrote 66 bytes to ecology
[dna] air wrote 42 bytes to ecology
[dna] air wrote 44 bytes to ecology
[dna] air wrote 186 bytes to ecology
[dna] air wrote 48 bytes to ecology
[dna] air wrote 67 bytes to ecology
[debug-onto] tick=350 corpus=147371 stage=2 freeze=0
[dna] air wrote 59 bytes to ecology
[dna] air wrote 103 bytes to ecology
[dna] air wrote 39 bytes to ecology
[dna] air wrote 46 bytes to ecology
[dna] air wrote 29 bytes to ecology
[dna] air wrote 45 bytes to ecology
[dna] air wrote 78 bytes to ecology
[dna] air wrote 87 bytes to ecology
[dna] air wrote 45 bytes to ecology
[dna] air wrote 65 bytes to ecology
[dna] air wrote 80 bytes to ecology
[dna] air wrote 75 bytes to ecology
[dna] air wrote 54 bytes to ecology
[dna] air wrote 101 bytes to ecology
[dna] air wrote 42 bytes to ecology
[dna] air wrote 118 bytes to ecology
[dna] air wrote 76 bytes to ecology
[dna] air wrote 55 bytes to ecology
[dna] air wrote 32 bytes to ecology
[dna] air wrote 50 bytes to ecology
[dna] air wrote 17 bytes to ecology
[dna] air wrote 19 bytes to ecology
[dna] air wrote 55 bytes to ecology
[dna] air wrote 34 bytes to ecology
[dna] air wrote 109 bytes to ecology
[dna] air wrote 78 bytes to ecology
[dna] air wrote 73 bytes to ecology
[dna] air wrote 75 bytes to ecology
[dna] air wrote 42 bytes to ecology
[dna] air wrote 63 bytes to ecology
[dna] air wrote 42 bytes to ecology
[dna] air wrote 222 bytes to ecology
[dna] air wrote 34 bytes to ecology
[dna] air wrote 45 bytes to ecology
[dna] air wrote 125 bytes to ecology
[dna] air wrote 33 bytes to ecology
[dna] air wrote 94 bytes to ecology
[dna] air wrote 52 bytes to ecology
[dna] air wrote 40 bytes to ecology
[dna] air wrote 54 bytes to ecology
[dna] air wrote 34 bytes to ecology
[dna] air wrote 46 bytes to ecology
[debug-onto] tick=400 corpus=147371 stage=2 freeze=0
[dna] air wrote 25 bytes to ecology
[dna] air wrote 98 bytes to ecology
[dna] air wrote 14 bytes to ecology
[dna] air wrote 66 bytes to ecology
[dna] air wrote 37 bytes to ecology
[dna] air wrote 42 bytes to ecology
[dna] air wrote 40 bytes to ecology
[dna] air wrote 48 bytes to ecology
[dna] air wrote 93 bytes to ecology
[dna] air wrote 94 bytes to ecology
[dna] air wrote 21 bytes to ecology
[dna] air wrote 63 bytes to ecology
[dna] air wrote 246 bytes to ecology
[dna] air wrote 146 bytes to ecology
[dna] air wrote 64 bytes to ecology
[dna] air wrote 66 bytes to ecology
[dna] air wrote 98 bytes to ecology
[dna] air wrote 38 bytes to ecology
[dna] air wrote 42 bytes to ecology
[dna] air wrote 81 bytes to ecology
[dna] air wrote 71 bytes to ecology
[dna] air wrote 103 bytes to ecology
[dna] air wrote 43 bytes to ecology
[dna] air wrote 48 bytes to ecology
[dna] air wrote 81 bytes to ecology
[dna] air wrote 57 bytes to ecology
[dna] air wrote 50 bytes to ecology
[dna] air wrote 149 bytes to ecology
[dna] air wrote 78 bytes to ecology
[dna] air wrote 131 bytes to ecology
[dna] air wrote 21 bytes to ecology
[dna] air wrote 43 bytes to ecology
[dna] air wrote 37 bytes to ecology
[dna] air wrote 43 bytes to ecology
[dna] air wrote 38 bytes to ecology
[dna] air wrote 59 bytes to ecology
[dna] air wrote 42 bytes to ecology
[dna] air wrote 61 bytes to ecology
[dna] air wrote 37 bytes to ecology
[dna] air wrote 172 bytes to ecology
[dna] air wrote 57 bytes to ecology
[debug-onto] tick=450 corpus=147371 stage=2 freeze=0
[dna] air wrote 110 bytes to ecology
[dna] air wrote 164 bytes to ecology
[dna] air wrote 59 bytes to ecology
[dna] air wrote 87 bytes to ecology
[dna] air wrote 24 bytes to ecology
[dna] air wrote 44 bytes to ecology
[dna] air wrote 54 bytes to ecology
[dna] air wrote 57 bytes to ecology
[dna] air wrote 34 bytes to ecology
[dna] air wrote 166 bytes to ecology
[dna] air wrote 94 bytes to ecology
[dna] air wrote 29 bytes to ecology
[dna] air wrote 25 bytes to ecology
[dna] air wrote 116 bytes to ecology
[dna] air wrote 39 bytes to ecology
[dna] air wrote 34 bytes to ecology
[dna] air wrote 127 bytes to ecology
[dna] air wrote 54 bytes to ecology
[dna] air wrote 15 bytes to ecology
[dna] air wrote 70 bytes to ecology
[dna] air wrote 47 bytes to ecology
[dna] air wrote 87 bytes to ecology
[dna] air wrote 70 bytes to ecology
[dna] air wrote 36 bytes to ecology
[dna] air wrote 165 bytes to ecology
[dna] air wrote 32 bytes to ecology
[dna] air wrote 84 bytes to ecology
[dna] air wrote 35 bytes to ecology
[dna] air wrote 122 bytes to ecology
[dna] air wrote 41 bytes to ecology
[dna] air wrote 55 bytes to ecology
[dna] air wrote 50 bytes to ecology
[dna] air wrote 128 bytes to ecology
[dna] air wrote 161 bytes to ecology
[dna] air wrote 36 bytes to ecology
[dna] air wrote 54 bytes to ecology
[dna] air wrote 71 bytes to ecology
[dna] air wrote 47 bytes to ecology
[dna] air wrote 27 bytes to ecology
[dna] air wrote 86 bytes to ecology
[dna] air wrote 100 bytes to ecology
[dna] air wrote 59 bytes to ecology
[debug-onto] tick=500 corpus=147371 stage=2 freeze=0
[dna] air wrote 30 bytes to ecology
[dna] air wrote 119 bytes to ecology
[dna] air wrote 20 bytes to ecology
[dna] air wrote 56 bytes to ecology
[dna] air wrote 51 bytes to ecology
[dna] air wrote 33 bytes to ecology
[dna] air wrote 146 bytes to ecology
[dna] air wrote 51 bytes to ecology
[dna] air wrote 131 bytes to ecology
[dna] air wrote 109 bytes to ecology
[dna] air wrote 33 bytes to ecology
[dna] air wrote 47 bytes to ecology
[dna] air wrote 44 bytes to ecology
[dna] air wrote 51 bytes to ecology
[dna] air wrote 71 bytes to ecology
[dna] air wrote 112 bytes to ecology
[dna] air wrote 36 bytes to ecology
[dna] air wrote 81 bytes to ecology
[dna] air wrote 100 bytes to ecology
[dna] air wrote 88 bytes to ecology
[dna] air wrote 133 bytes to ecology
[dna] air wrote 70 bytes to ecology
[dna] air wrote 53 bytes to ecology
[dna] air wrote 98 bytes to ecology
[dna] air wrote 75 bytes to ecology
[dna] air wrote 135 bytes to ecology
[dna] air wrote 320 bytes to ecology
[dna] air wrote 8 bytes to ecology
[dna] air wrote 136 bytes to ecology
[dna] air wrote 32 bytes to ecology
[dna] air wrote 39 bytes to ecology
[dna] air wrote 47 bytes to ecology
[dna] air wrote 23 bytes to ecology
[dna] air wrote 57 bytes to ecology
[dna] air wrote 39 bytes to ecology
[dna] air wrote 66 bytes to ecology
[dna] air wrote 131 bytes to ecology
[dna] air wrote 33 bytes to ecology
[dna] air wrote 65 bytes to ecology
[dna] air wrote 83 bytes to ecology
[dna] air wrote 83 bytes to ecology
[dna] air wrote 69 bytes to ecology
[debug-onto] tick=550 corpus=147371 stage=2 freeze=0
[dna] air wrote 17 bytes to ecology
[dna] air wrote 57 bytes to ecology
[dna] air wrote 31 bytes to ecology
[dna] air wrote 19 bytes to ecology
[dna] air wrote 75 bytes to ecology
[dna] air wrote 62 bytes to ecology
[dna] air wrote 48 bytes to ecology
[dna] air wrote 29 bytes to ecology
[dna] air wrote 375 bytes to ecology
[dna] air wrote 41 bytes to ecology
[dna] air wrote 92 bytes to ecology
[dna] air wrote 52 bytes to ecology
[dna] air wrote 31 bytes to ecology
[dna] air wrote 78 bytes to ecology
[dna] air wrote 16 bytes to ecology
[dna] air wrote 48 bytes to ecology
[dna] air wrote 71 bytes to ecology
[dna] air wrote 40 bytes to ecology
[dna] air wrote 57 bytes to ecology
[dna] air wrote 30 bytes to ecology
[dna] air wrote 70 bytes to ecology
[dna] air wrote 37 bytes to ecology
[dna] air wrote 87 bytes to ecology
[dna] air wrote 75 bytes to ecology
[dna] air wrote 141 bytes to ecology
[dna] air wrote 24 bytes to ecology
[dna] air wrote 115 bytes to ecology
[dna] air wrote 30 bytes to ecology
[dna] air wrote 54 bytes to ecology
[dna] air wrote 50 bytes to ecology
[dna] air wrote 82 bytes to ecology
[dna] air wrote 62 bytes to ecology
[dna] air wrote 165 bytes to ecology
[dna] air wrote 105 bytes to ecology
[dna] air wrote 49 bytes to ecology
[dna] air wrote 81 bytes to ecology
[dna] air wrote 83 bytes to ecology
[dna] air wrote 52 bytes to ecology
[dna] air wrote 51 bytes to ecology
[dna] air wrote 106 bytes to ecology
[dna] air wrote 157 bytes to ecology
[debug-onto] tick=600 corpus=147371 stage=2 freeze=0
[dna] air wrote 117 bytes to ecology
[dna] air wrote 78 bytes to ecology
[dna] air wrote 93 bytes to ecology
[dna] air wrote 177 bytes to ecology
[dna] air wrote 58 bytes to ecology
[dna] air wrote 16 bytes to ecology
[dna] air wrote 348 bytes to ecology
[dna] air wrote 146 bytes to ecology
[dna] air wrote 67 bytes to ecology
[dna] air wrote 62 bytes to ecology
[dna] air wrote 32 bytes to ecology
[dna] air wrote 17 bytes to ecology
[dna] air wrote 214 bytes to ecology
[dna] air wrote 40 bytes to ecology
[dna] air wrote 35 bytes to ecology
[dna] air wrote 55 bytes to ecology
[dna] air wrote 38 bytes to ecology
[dna] air wrote 55 bytes to ecology
[dna] air wrote 46 bytes to ecology
[dna] air wrote 44 bytes to ecology
[dna] air wrote 35 bytes to ecology
[dna] air wrote 110 bytes to ecology
[dna] air wrote 46 bytes to ecology
[dna] air wrote 28 bytes to ecology
[dna] air wrote 54 bytes to ecology
[dna] air wrote 41 bytes to ecology
[dna] air wrote 102 bytes to ecology
[dna] air wrote 129 bytes to ecology
[dna] air wrote 72 bytes to ecology
[dna] air wrote 138 bytes to ecology
[dna] air wrote 169 bytes to ecology
[dna] air wrote 74 bytes to ecology
[dna] air wrote 27 bytes to ecology
[dna] air wrote 80 bytes to ecology
[dna] air wrote 48 bytes to ecology
[dna] air wrote 84 bytes to ecology
[dna] air wrote 18 bytes to ecology
[dna] air wrote 46 bytes to ecology
[dna] air wrote 141 bytes to ecology
[dna] air wrote 35 bytes to ecology
[dna] air wrote 18 bytes to ecology
[dna] air wrote 92 bytes to ecology
[debug-onto] tick=650 corpus=147371 stage=2 freeze=0
[dna] air wrote 114 bytes to ecology
[dna] air wrote 83 bytes to ecology
[dna] air wrote 97 bytes to ecology
[dna] air wrote 118 bytes to ecology
[dna] air wrote 57 bytes to ecology
[dna] air wrote 86 bytes to ecology
[dna] air wrote 169 bytes to ecology
[dna] air wrote 32 bytes to ecology
[dna] air wrote 30 bytes to ecology
[dna] air wrote 99 bytes to ecology

[evolution] Organism shutting down gracefully.
