[ecology] Element: fire → corpus: nonames_fire.txt
[evolution] Autonomous evolution mode — organism will grow through all stages without pause.
[ecology] Joined swarm. 1 peer(s) detected.
molequla is alive. [evolution] Autonomous mode — background trainer running. Ctrl+C to stop.
[dna] fire wrote 52 bytes to ecology
[dna] fire consumed 33315 bytes from 510 files: [water/gen_1775804340_1.txt water/gen_1775804353_2.txt water/gen_1775804356_3.txt water/gen_1775804359_4.txt water/gen_1775804363_5.txt water/gen_1775804366_6.txt water/gen_1775804369_7.txt water/gen_1775804372_8.txt water/gen_1775804375_9.txt water/gen_1775804379_10.txt water/gen_1775804382_11.txt water/gen_1775804385_12.txt water/gen_1775804389_13.txt water/gen_1775804392_14.txt water/gen_1775804395_15.txt water/gen_1775804398_16.txt water/gen_1775804402_17.txt water/gen_1775804405_18.txt water/gen_1775804408_19.txt water/gen_1775804415_21.txt water/gen_1775804418_22.txt water/gen_1775804421_23.txt water/gen_1775804424_24.txt water/gen_1775804428_25.txt water/gen_1775804431_26.txt water/gen_1775804434_27.txt water/gen_1775804437_28.txt water/gen_1775804441_29.txt water/gen_1775804444_30.txt water/gen_1775804447_31.txt water/gen_1775804450_32.txt water/gen_1775804454_33.txt water/gen_1775804457_34.txt water/gen_1775804460_35.txt water/gen_1775804466_37.txt water/gen_1775804470_38.txt water/gen_1775804473_39.txt water/gen_1775804476_40.txt water/gen_1775804479_41.txt water/gen_1775804482_42.txt water/gen_1775804485_43.txt water/gen_1775804489_44.txt water/gen_1775804492_45.txt water/gen_1775804495_46.txt water/gen_1775804498_47.txt water/gen_1775804501_48.txt water/gen_1775804504_49.txt water/gen_1775804507_50.txt water/gen_1775804511_51.txt water/gen_1775804514_52.txt water/gen_1775804517_53.txt water/gen_1775804520_54.txt water/gen_1775804523_55.txt water/gen_1775804526_56.txt water/gen_1775804529_57.txt water/gen_1775804533_58.txt water/gen_1775804536_59.txt water/gen_1775804539_60.txt water/gen_1775804542_61.txt water/gen_1775804546_62.txt water/gen_1775804549_63.txt water/gen_1775804552_64.txt water/gen_1775804555_65.txt water/gen_1775804558_66.txt water/gen_1775804562_67.txt water/gen_1775804565_68.txt water/gen_1775804568_69.txt water/gen_1775804571_70.txt water/gen_1775804575_71.txt water/gen_1775804578_72.txt water/gen_1775804581_73.txt water/gen_1775804584_74.txt water/gen_1775804587_75.txt water/gen_1775804591_76.txt water/gen_1775804594_77.txt water/gen_1775804597_78.txt water/gen_1775804600_79.txt water/gen_1775804604_80.txt water/gen_1775804607_81.txt water/gen_1775804610_82.txt water/gen_1775804613_83.txt water/gen_1775804616_84.txt water/gen_1775804620_85.txt water/gen_1775804626_87.txt water/gen_1775804629_88.txt water/gen_1775804632_89.txt water/gen_1775804635_90.txt water/gen_1775804638_91.txt water/gen_1775804642_92.txt water/gen_1775804645_93.txt water/gen_1775804648_94.txt water/gen_1775804651_95.txt water/gen_1775804654_96.txt water/gen_1775804657_97.txt water/gen_1775804660_98.txt water/gen_1775804664_99.txt water/gen_1775804667_100.txt water/gen_1775804670_101.txt water/gen_1775804673_102.txt water/gen_1775804676_103.txt water/gen_1775804683_105.txt water/gen_1775804686_106.txt water/gen_1775804689_107.txt water/gen_1775804692_108.txt water/gen_1775804696_109.txt water/gen_1775804699_110.txt water/gen_1775804702_111.txt water/gen_1775804705_112.txt water/gen_1775804709_113.txt water/gen_1775804712_114.txt water/gen_1775804715_115.txt water/gen_1775804721_117.txt water/gen_1775804725_118.txt water/gen_1775804728_119.txt water/gen_1775804731_120.txt water/gen_1775804734_121.txt water/gen_1775804737_122.txt water/gen_1775804741_123.txt water/gen_1775804744_124.txt water/gen_1775804747_125.txt water/gen_1775804750_126.txt water/gen_1775804753_127.txt water/gen_1775804760_129.txt water/gen_1775804763_130.txt water/gen_1775804766_131.txt water/gen_1775804770_132.txt water/gen_1775804773_133.txt water/gen_1775804779_135.txt water/gen_1775804783_136.txt water/gen_1775804786_137.txt water/gen_1775804789_138.txt water/gen_1775804793_139.txt water/gen_1775804799_141.txt water/gen_1775804802_142.txt water/gen_1775804806_143.txt water/gen_1775804809_144.txt water/gen_1775804812_145.txt water/gen_1775804815_146.txt water/gen_1775804818_147.txt water/gen_1775804822_148.txt water/gen_1775804825_149.txt water/gen_1775804828_150.txt water/gen_1775804831_151.txt water/gen_1775804837_153.txt water/gen_1775804841_154.txt water/gen_1775804844_155.txt water/gen_1775804847_156.txt water/gen_1775804850_157.txt water/gen_1775804856_159.txt water/gen_1775804860_160.txt water/gen_1775804863_161.txt water/gen_1775804866_162.txt water/gen_1775804869_163.txt water/gen_1775804872_164.txt water/gen_1775804875_165.txt water/gen_1775804879_166.txt water/gen_1775804882_167.txt water/gen_1775804885_168.txt water/gen_1775804888_169.txt water/gen_1775804894_171.txt water/gen_1775804898_172.txt water/gen_1775804901_173.txt water/gen_1775804904_174.txt water/gen_1775804907_175.txt water/gen_1775804914_177.txt water/gen_1775804917_178.txt water/gen_1775804920_179.txt water/gen_1775804924_180.txt water/gen_1775804927_181.txt water/gen_1775804933_183.txt water/gen_1775804937_184.txt water/gen_1775804940_185.txt water/gen_1775804943_186.txt water/gen_1775804946_187.txt water/gen_1775804953_189.txt water/gen_1775804956_190.txt water/gen_1775804959_191.txt water/gen_1775804963_192.txt water/gen_1775804966_193.txt water/gen_1775804969_194.txt water/gen_1775804972_195.txt water/gen_1775804976_196.txt water/gen_1775804979_197.txt water/gen_1775804982_198.txt water/gen_1775804986_199.txt water/gen_1775804992_201.txt water/gen_1775804995_202.txt water/gen_1775804999_203.txt water/gen_1775805002_204.txt water/gen_1775805005_205.txt water/gen_1775805012_207.txt water/gen_1775805015_208.txt water/gen_1775805018_209.txt water/gen_1775805022_210.txt water/gen_1775805025_211.txt water/gen_1775805028_212.txt water/gen_1775805031_213.txt water/gen_1775805035_214.txt water/gen_1775805038_215.txt water/gen_1775805041_216.txt water/gen_1775805045_217.txt water/gen_1775805051_219.txt water/gen_1775805055_220.txt water/gen_1775805058_221.txt water/gen_1775805061_222.txt water/gen_1775805064_223.txt water/gen_1775805068_224.txt water/gen_1775805071_225.txt water/gen_1775805074_226.txt water/gen_1775805077_227.txt water/gen_1775805081_228.txt water/gen_1775805084_229.txt water/gen_1775805090_231.txt water/gen_1775805094_232.txt water/gen_1775805097_233.txt water/gen_1775805100_234.txt water/gen_1775805103_235.txt water/gen_1775805107_236.txt water/gen_1775805110_237.txt water/gen_1775805113_238.txt water/gen_1775805116_239.txt water/gen_1775805120_240.txt water/gen_1775805123_241.txt water/gen_1775805129_243.txt water/gen_1775805132_244.txt water/gen_1775805136_245.txt water/gen_1775805139_246.txt water/gen_1775805142_247.txt water/gen_1775805145_248.txt water/gen_1775805148_249.txt water/gen_1775805152_250.txt water/gen_1775805155_251.txt water/gen_1775805158_252.txt water/gen_1775805161_253.txt water/gen_1775805168_255.txt water/gen_1775805171_256.txt water/gen_1775805174_257.txt water/gen_1775805178_258.txt water/gen_1775805181_259.txt water/gen_1775805187_261.txt water/gen_1775805191_262.txt water/gen_1775805194_263.txt water/gen_1775805197_264.txt water/gen_1775805200_265.txt water/gen_1775805204_266.txt water/gen_1775805207_267.txt water/gen_1775805210_268.txt water/gen_1775805213_269.txt water/gen_1775805217_270.txt water/gen_1775805220_271.txt water/gen_1775805226_273.txt water/gen_1775805229_274.txt water/gen_1775805233_275.txt water/gen_1775805236_276.txt water/gen_1775805239_277.txt water/gen_1775805246_279.txt water/gen_1775805249_280.txt water/gen_1775805252_281.txt water/gen_1775805255_282.txt water/gen_1775805259_283.txt water/gen_1775805262_284.txt water/gen_1775805265_285.txt water/gen_1775805268_286.txt water/gen_1775805272_287.txt water/gen_1775805275_288.txt water/gen_1775805278_289.txt water/gen_1775805281_290.txt water/gen_1775805284_291.txt water/gen_1775805288_292.txt water/gen_1775805291_293.txt water/gen_1775805294_294.txt water/gen_1775805297_295.txt water/gen_1775805301_296.txt water/gen_1775805304_297.txt water/gen_1775805307_298.txt water/gen_1775805310_299.txt water/gen_1775805313_300.txt water/gen_1775805317_301.txt water/gen_1775805320_302.txt water/gen_1775805323_303.txt water/gen_1775805327_304.txt water/gen_1775805330_305.txt water/gen_1775805333_306.txt water/gen_1775805337_307.txt water/gen_1775805343_309.txt water/gen_1775805346_310.txt water/gen_1775805350_311.txt water/gen_1775805353_312.txt water/gen_1775805356_313.txt water/gen_1775805360_314.txt water/gen_1775805363_315.txt water/gen_1775805366_316.txt water/gen_1775805369_317.txt water/gen_1775805373_318.txt water/gen_1775805376_319.txt water/gen_1775805383_321.txt water/gen_1775805386_322.txt water/gen_1775805389_323.txt water/gen_1775805392_324.txt water/gen_1775805396_325.txt water/gen_1775805402_327.txt water/gen_1775805405_328.txt water/gen_1775805409_329.txt water/gen_1775805412_330.txt water/gen_1775805415_331.txt water/gen_1775805422_333.txt water/gen_1775805425_334.txt water/gen_1775805428_335.txt water/gen_1775805432_336.txt water/gen_1775805435_337.txt water/gen_1775805438_338.txt water/gen_1775805441_339.txt water/gen_1775805445_340.txt water/gen_1775805448_341.txt water/gen_1775805451_342.txt water/gen_1775805455_343.txt water/gen_1775805458_344.txt water/gen_1775805461_345.txt water/gen_1775805464_346.txt water/gen_1775805468_347.txt water/gen_1775805471_348.txt water/gen_1775805474_349.txt water/gen_1775805480_351.txt water/gen_1775805484_352.txt water/gen_1775805487_353.txt water/gen_1775805490_354.txt water/gen_1775805493_355.txt water/gen_1775805500_357.txt water/gen_1775805503_358.txt water/gen_1775805506_359.txt water/gen_1775805510_360.txt water/gen_1775805513_361.txt water/gen_1775805516_362.txt water/gen_1775805519_363.txt water/gen_1775805522_364.txt water/gen_1775805526_365.txt water/gen_1775805529_366.txt water/gen_1775805532_367.txt water/gen_1775805538_369.txt water/gen_1775805541_370.txt water/gen_1775805545_371.txt water/gen_1775805548_372.txt water/gen_1775805551_373.txt water/gen_1775805557_375.txt water/gen_1775805561_376.txt water/gen_1775805564_377.txt water/gen_1775805567_378.txt water/gen_1775805570_379.txt water/gen_1775805573_380.txt water/gen_1775805577_381.txt water/gen_1775805580_382.txt water/gen_1775805583_383.txt water/gen_1775805587_384.txt water/gen_1775805590_385.txt water/gen_1775805593_386.txt water/gen_1775805596_387.txt water/gen_1775805599_388.txt water/gen_1775805602_389.txt water/gen_1775805606_390.txt water/gen_1775805609_391.txt water/gen_1775805612_392.txt water/gen_1775805615_393.txt water/gen_1775805618_394.txt water/gen_1775805621_395.txt water/gen_1775805625_396.txt water/gen_1775805628_397.txt water/gen_1775805631_398.txt water/gen_1775805634_399.txt water/gen_1775805637_400.txt water/gen_1775805640_401.txt water/gen_1775805643_402.txt water/gen_1775805647_403.txt water/gen_1775805653_405.txt water/gen_1775805656_406.txt water/gen_1775805659_407.txt water/gen_1775805663_408.txt water/gen_1775805666_409.txt water/gen_1775805672_411.txt water/gen_1775805675_412.txt water/gen_1775805678_413.txt water/gen_1775805682_414.txt water/gen_1775805685_415.txt water/gen_1775805691_417.txt water/gen_1775805694_418.txt water/gen_1775805697_419.txt water/gen_1775805700_420.txt water/gen_1775805704_421.txt water/gen_1775805707_422.txt water/gen_1775805710_423.txt water/gen_1775805713_424.txt water/gen_1775805716_425.txt water/gen_1775805719_426.txt water/gen_1775805723_427.txt water/gen_1775805726_428.txt water/gen_1775805729_429.txt water/gen_1775805732_430.txt water/gen_1775805735_431.txt water/gen_1775805738_432.txt water/gen_1775805742_433.txt water/gen_1775805748_435.txt water/gen_1775805751_436.txt water/gen_1775805754_437.txt water/gen_1775805760_439.txt water/gen_1775805767_441.txt water/gen_1775805770_442.txt water/gen_1775805773_443.txt water/gen_1775805776_444.txt water/gen_1775805779_445.txt water/gen_1775805786_447.txt water/gen_1775805789_448.txt water/gen_1775805792_449.txt water/gen_1775805795_450.txt water/gen_1775805798_451.txt water/gen_1775805804_453.txt water/gen_1775805808_454.txt water/gen_1775805811_455.txt water/gen_1775805814_456.txt water/gen_1775805817_457.txt water/gen_1775805823_459.txt water/gen_1775805826_460.txt water/gen_1775805830_461.txt water/gen_1775805833_462.txt water/gen_1775805836_463.txt water/gen_1775805839_464.txt water/gen_1775805842_465.txt water/gen_1775805845_466.txt water/gen_1775805848_467.txt water/gen_1775805852_468.txt water/gen_1775805855_469.txt water/gen_1775805861_471.txt water/gen_1775805864_472.txt water/gen_1775805867_473.txt water/gen_1775805870_474.txt water/gen_1775805874_475.txt water/gen_1775805877_476.txt water/gen_1775805880_477.txt water/gen_1775805883_478.txt water/gen_1775805886_479.txt water/gen_1775805889_480.txt water/gen_1775805892_481.txt water/gen_1775805896_482.txt water/gen_1775805899_483.txt water/gen_1775805902_484.txt water/gen_1775805905_485.txt water/gen_1775805908_486.txt water/gen_1775805911_487.txt water/gen_1775805918_489.txt water/gen_1775805921_490.txt water/gen_1775805924_491.txt water/gen_1775805927_492.txt water/gen_1775805930_493.txt water/gen_1775805936_495.txt water/gen_1775805940_496.txt water/gen_1775805943_497.txt water/gen_1775805946_498.txt water/gen_1775805949_499.txt water/gen_1775805955_501.txt water/gen_1775805959_502.txt water/gen_1775805962_503.txt water/gen_1775805965_504.txt water/gen_1775805968_505.txt water/gen_1775805971_506.txt water/gen_1775805974_507.txt water/gen_1775805978_508.txt water/gen_1775805981_509.txt water/gen_1775805984_510.txt water/gen_1775805987_511.txt water/gen_1775805993_513.txt water/gen_1775805996_514.txt water/gen_1775806000_515.txt water/gen_1775806003_516.txt water/gen_1775806006_517.txt water/gen_1775806009_518.txt water/gen_1775806012_519.txt water/gen_1775806015_520.txt water/gen_1775806018_521.txt water/gen_1775806022_522.txt water/gen_1775806025_523.txt water/gen_1775806028_524.txt water/gen_1775806031_525.txt water/gen_1775806034_526.txt water/gen_1775806037_527.txt water/gen_1775806041_528.txt water/gen_1775806044_529.txt water/gen_1775806050_531.txt water/gen_1775806053_532.txt water/gen_1775806056_533.txt water/gen_1775806059_534.txt water/gen_1775806063_535.txt water/gen_1775806066_536.txt water/gen_1775806069_537.txt water/gen_1775806072_538.txt water/gen_1775806075_539.txt water/gen_1775806078_540.txt water/gen_1775806082_541.txt water/gen_1775806085_542.txt water/gen_1775806088_543.txt water/gen_1775806091_544.txt water/gen_1775806094_545.txt water/gen_1775806097_546.txt water/gen_1775806101_547.txt water/gen_1775806107_549.txt water/gen_1775806110_550.txt water/gen_1775806113_551.txt water/gen_1775806116_552.txt water/gen_1775806119_553.txt water/gen_1775806126_555.txt water/gen_1775806129_556.txt water/gen_1775806132_557.txt water/gen_1775806135_558.txt]
[trainer] micro-train burst (33315 bytes, novelty 0.02) — and lo, it feeds again.
[syntropy] action=steady | trend=0.0000 | field_dev=0.123 | purpose_align=-0.032 | lr_mul=1.00
[aml] burst complete: 32 steps, avg loss 1.8318 (memory freed)
[dna] fire wrote 60 bytes to ecology
[dna] fire wrote 76 bytes to ecology
[dna] fire wrote 38 bytes to ecology
[dna] fire wrote 34 bytes to ecology
[dna] fire wrote 33 bytes to ecology
[dna] fire wrote 92 bytes to ecology
[dna] fire wrote 31 bytes to ecology
[dna] fire wrote 53 bytes to ecology
[dna] fire wrote 52 bytes to ecology
[dna] fire wrote 40 bytes to ecology
[dna] fire wrote 45 bytes to ecology
[dna] fire wrote 29 bytes to ecology
[dna] fire wrote 56 bytes to ecology
[dna] fire wrote 73 bytes to ecology
[dna] fire wrote 46 bytes to ecology
[dna] fire wrote 79 bytes to ecology
[dna] fire wrote 43 bytes to ecology
[dna] fire wrote 92 bytes to ecology
[dna] fire wrote 26 bytes to ecology
[dna] fire wrote 117 bytes to ecology
[dna] fire wrote 58 bytes to ecology
[dna] fire wrote 33 bytes to ecology
[dna] fire wrote 106 bytes to ecology
[dna] fire wrote 118 bytes to ecology
[debug-onto] tick=50 corpus=155725 stage=2 freeze=0
[dna] fire wrote 54 bytes to ecology
[dna] fire wrote 19 bytes to ecology
[dna] fire wrote 130 bytes to ecology
[dna] fire wrote 86 bytes to ecology
[dna] fire wrote 22 bytes to ecology
[dna] fire wrote 60 bytes to ecology
[dna] fire wrote 48 bytes to ecology
[dna] fire wrote 135 bytes to ecology
[dna] fire wrote 120 bytes to ecology
[dna] fire wrote 20 bytes to ecology
[dna] fire wrote 46 bytes to ecology
[dna] fire wrote 34 bytes to ecology
[dna] fire wrote 78 bytes to ecology
[dna] fire wrote 27 bytes to ecology
[dna] fire wrote 110 bytes to ecology
[dna] fire wrote 47 bytes to ecology
[dna] fire wrote 42 bytes to ecology
[dna] fire wrote 9 bytes to ecology
[dna] fire wrote 47 bytes to ecology
[dna] fire wrote 76 bytes to ecology
[dna] fire wrote 37 bytes to ecology
[dna] fire wrote 45 bytes to ecology
[dna] fire wrote 77 bytes to ecology
[dna] fire wrote 107 bytes to ecology
[dna] fire wrote 49 bytes to ecology
[dna] fire wrote 29 bytes to ecology
[debug-onto] tick=100 corpus=155725 stage=2 freeze=0
[dna] fire wrote 55 bytes to ecology
[dna] fire wrote 25 bytes to ecology
[dna] fire wrote 63 bytes to ecology
[dna] fire wrote 66 bytes to ecology
[dna] fire wrote 91 bytes to ecology
[dna] fire wrote 57 bytes to ecology
[dna] fire wrote 23 bytes to ecology
[dna] fire wrote 26 bytes to ecology
[dna] fire wrote 11 bytes to ecology
[dna] fire wrote 87 bytes to ecology
[dna] fire wrote 174 bytes to ecology
[dna] fire wrote 65 bytes to ecology
[dna] fire wrote 26 bytes to ecology
[dna] fire wrote 31 bytes to ecology
[dna] fire wrote 12 bytes to ecology
[dna] fire wrote 221 bytes to ecology
[dna] fire wrote 36 bytes to ecology
[dna] fire wrote 63 bytes to ecology
[dna] fire wrote 82 bytes to ecology
[dna] fire wrote 60 bytes to ecology
[dna] fire wrote 39 bytes to ecology
[dna] fire wrote 13 bytes to ecology
[dna] fire wrote 67 bytes to ecology
[dna] fire wrote 51 bytes to ecology
[debug-onto] tick=150 corpus=155725 stage=2 freeze=0
[dna] fire wrote 160 bytes to ecology
[dna] fire wrote 72 bytes to ecology
[dna] fire wrote 29 bytes to ecology
[dna] fire wrote 22 bytes to ecology
[dna] fire wrote 43 bytes to ecology
[dna] fire wrote 38 bytes to ecology
[dna] fire wrote 17 bytes to ecology
[dna] fire wrote 26 bytes to ecology
[dna] fire wrote 33 bytes to ecology
[dna] fire wrote 38 bytes to ecology
[dna] fire wrote 81 bytes to ecology
[dna] fire wrote 72 bytes to ecology
[dna] fire wrote 55 bytes to ecology
[dna] fire wrote 39 bytes to ecology
[dna] fire wrote 40 bytes to ecology
[dna] fire wrote 134 bytes to ecology
[dna] fire wrote 57 bytes to ecology
[dna] fire wrote 50 bytes to ecology
[dna] fire wrote 49 bytes to ecology
[dna] fire wrote 77 bytes to ecology
[dna] fire wrote 120 bytes to ecology
[dna] fire wrote 16 bytes to ecology
[dna] fire wrote 50 bytes to ecology
[dna] fire wrote 47 bytes to ecology
[dna] fire wrote 16 bytes to ecology
[debug-onto] tick=200 corpus=155725 stage=2 freeze=0
[dna] fire wrote 47 bytes to ecology
[dna] fire wrote 54 bytes to ecology
[dna] fire wrote 91 bytes to ecology
[dna] fire wrote 118 bytes to ecology
[dna] fire wrote 32 bytes to ecology
[dna] fire wrote 28 bytes to ecology
[dna] fire wrote 32 bytes to ecology
[dna] fire wrote 50 bytes to ecology
[dna] fire wrote 276 bytes to ecology
[dna] fire wrote 71 bytes to ecology
[dna] fire wrote 68 bytes to ecology
[dna] fire wrote 31 bytes to ecology
[dna] fire wrote 153 bytes to ecology
[dna] fire wrote 129 bytes to ecology
[dna] fire wrote 26 bytes to ecology
[dna] fire wrote 30 bytes to ecology
[dna] fire wrote 41 bytes to ecology
[dna] fire wrote 28 bytes to ecology
[dna] fire wrote 130 bytes to ecology
[dna] fire wrote 32 bytes to ecology
[dna] fire wrote 42 bytes to ecology
[dna] fire wrote 21 bytes to ecology
[dna] fire wrote 29 bytes to ecology
[dna] fire wrote 72 bytes to ecology
[dna] fire wrote 30 bytes to ecology
[dna] fire wrote 192 bytes to ecology
[debug-onto] tick=250 corpus=155725 stage=2 freeze=0
[dna] fire wrote 103 bytes to ecology
[dna] fire wrote 38 bytes to ecology
[dna] fire wrote 63 bytes to ecology
[dna] fire wrote 213 bytes to ecology
[dna] fire wrote 32 bytes to ecology
[dna] fire wrote 121 bytes to ecology
[dna] fire wrote 94 bytes to ecology
[dna] fire wrote 64 bytes to ecology
[dna] fire wrote 15 bytes to ecology
[dna] fire wrote 52 bytes to ecology
[dna] fire wrote 49 bytes to ecology
[dna] fire wrote 22 bytes to ecology
[dna] fire wrote 43 bytes to ecology
[dna] fire wrote 57 bytes to ecology
[dna] fire wrote 51 bytes to ecology
[dna] fire wrote 113 bytes to ecology
[dna] fire wrote 68 bytes to ecology
[dna] fire wrote 237 bytes to ecology
[dna] fire wrote 74 bytes to ecology
[dna] fire wrote 35 bytes to ecology
[dna] fire wrote 30 bytes to ecology
[dna] fire wrote 81 bytes to ecology
[dna] fire wrote 85 bytes to ecology
[dna] fire wrote 34 bytes to ecology
[debug-onto] tick=300 corpus=155725 stage=2 freeze=0
[dna] fire wrote 123 bytes to ecology
[dna] fire wrote 108 bytes to ecology
[dna] fire wrote 39 bytes to ecology
[dna] fire wrote 31 bytes to ecology
[dna] fire wrote 144 bytes to ecology
[dna] fire wrote 63 bytes to ecology
[dna] fire wrote 22 bytes to ecology
[dna] fire wrote 79 bytes to ecology
[dna] fire wrote 145 bytes to ecology
[dna] fire wrote 36 bytes to ecology
[dna] fire wrote 5 bytes to ecology
[dna] fire wrote 80 bytes to ecology
[dna] fire wrote 38 bytes to ecology
[dna] fire wrote 53 bytes to ecology
[dna] fire wrote 105 bytes to ecology
[dna] fire wrote 25 bytes to ecology
[dna] fire wrote 27 bytes to ecology
[dna] fire wrote 67 bytes to ecology
[dna] fire wrote 115 bytes to ecology
[dna] fire wrote 87 bytes to ecology
[dna] fire wrote 61 bytes to ecology
[dna] fire wrote 74 bytes to ecology
[dna] fire wrote 29 bytes to ecology
[dna] fire wrote 47 bytes to ecology
[dna] fire wrote 38 bytes to ecology
[debug-onto] tick=350 corpus=155725 stage=2 freeze=0
[dna] fire wrote 38 bytes to ecology
[dna] fire wrote 70 bytes to ecology
[dna] fire wrote 35 bytes to ecology
[dna] fire wrote 34 bytes to ecology
[dna] fire wrote 65 bytes to ecology
[dna] fire wrote 54 bytes to ecology
[dna] fire wrote 214 bytes to ecology
[dna] fire wrote 33 bytes to ecology
[dna] fire wrote 21 bytes to ecology
[dna] fire wrote 41 bytes to ecology
[dna] fire wrote 34 bytes to ecology
[dna] fire wrote 34 bytes to ecology
[dna] fire wrote 21 bytes to ecology
[dna] fire wrote 46 bytes to ecology
[dna] fire wrote 21 bytes to ecology
[dna] fire wrote 77 bytes to ecology
[dna] fire wrote 118 bytes to ecology
[dna] fire wrote 107 bytes to ecology
[dna] fire wrote 56 bytes to ecology
[dna] fire wrote 45 bytes to ecology
[dna] fire wrote 27 bytes to ecology
[dna] fire wrote 100 bytes to ecology
[dna] fire wrote 71 bytes to ecology
[dna] fire wrote 44 bytes to ecology
[dna] fire wrote 32 bytes to ecology
[dna] fire wrote 47 bytes to ecology
[debug-onto] tick=400 corpus=155725 stage=2 freeze=0
[dna] fire wrote 48 bytes to ecology
[dna] fire wrote 48 bytes to ecology
[dna] fire wrote 151 bytes to ecology
[dna] fire wrote 31 bytes to ecology
[dna] fire wrote 61 bytes to ecology
[dna] fire wrote 75 bytes to ecology
[dna] fire wrote 89 bytes to ecology
[dna] fire wrote 10 bytes to ecology
[dna] fire wrote 38 bytes to ecology
[dna] fire wrote 57 bytes to ecology
[dna] fire wrote 93 bytes to ecology
[dna] fire wrote 50 bytes to ecology
[dna] fire wrote 147 bytes to ecology
[dna] fire wrote 46 bytes to ecology
[dna] fire wrote 136 bytes to ecology
[dna] fire wrote 26 bytes to ecology
[dna] fire wrote 29 bytes to ecology
[dna] fire wrote 102 bytes to ecology
[dna] fire wrote 68 bytes to ecology
[dna] fire wrote 214 bytes to ecology
[dna] fire wrote 25 bytes to ecology
[dna] fire wrote 34 bytes to ecology
[dna] fire wrote 46 bytes to ecology
[dna] fire wrote 148 bytes to ecology
[debug-onto] tick=450 corpus=155725 stage=2 freeze=0
[dna] fire wrote 289 bytes to ecology
[dna] fire wrote 11 bytes to ecology
[dna] fire wrote 33 bytes to ecology
[dna] fire wrote 70 bytes to ecology
[dna] fire wrote 41 bytes to ecology
[dna] fire wrote 64 bytes to ecology
[dna] fire wrote 54 bytes to ecology
[dna] fire wrote 162 bytes to ecology
[dna] fire wrote 40 bytes to ecology
[dna] fire wrote 126 bytes to ecology
[dna] fire wrote 132 bytes to ecology
[dna] fire wrote 46 bytes to ecology
[dna] fire wrote 74 bytes to ecology
[dna] fire wrote 182 bytes to ecology
[dna] fire wrote 52 bytes to ecology
[dna] fire wrote 85 bytes to ecology
[dna] fire wrote 33 bytes to ecology
[dna] fire wrote 60 bytes to ecology
[dna] fire wrote 63 bytes to ecology
[dna] fire wrote 26 bytes to ecology
[dna] fire wrote 40 bytes to ecology
[dna] fire wrote 140 bytes to ecology
[dna] fire wrote 61 bytes to ecology
[dna] fire wrote 72 bytes to ecology
[dna] fire wrote 86 bytes to ecology
[debug-onto] tick=500 corpus=155725 stage=2 freeze=0
[dna] fire wrote 192 bytes to ecology
[dna] fire wrote 28 bytes to ecology
[dna] fire wrote 28 bytes to ecology
[dna] fire wrote 64 bytes to ecology
[dna] fire wrote 92 bytes to ecology
[dna] fire wrote 127 bytes to ecology
[dna] fire wrote 144 bytes to ecology
[dna] fire wrote 166 bytes to ecology
[dna] fire wrote 62 bytes to ecology
[dna] fire wrote 39 bytes to ecology
[dna] fire wrote 88 bytes to ecology
[dna] fire wrote 212 bytes to ecology
[dna] fire wrote 28 bytes to ecology
[dna] fire wrote 39 bytes to ecology
[dna] fire wrote 58 bytes to ecology
[dna] fire wrote 70 bytes to ecology
[dna] fire wrote 82 bytes to ecology
[dna] fire wrote 38 bytes to ecology
[dna] fire wrote 56 bytes to ecology
[dna] fire wrote 28 bytes to ecology
[dna] fire wrote 13 bytes to ecology
[dna] fire wrote 56 bytes to ecology
[dna] fire wrote 48 bytes to ecology
[dna] fire wrote 114 bytes to ecology
[dna] fire wrote 67 bytes to ecology
[dna] fire wrote 105 bytes to ecology
[debug-onto] tick=550 corpus=155725 stage=2 freeze=0
[dna] fire wrote 39 bytes to ecology
[dna] fire wrote 63 bytes to ecology
[dna] fire wrote 58 bytes to ecology
[dna] fire wrote 69 bytes to ecology
[dna] fire wrote 131 bytes to ecology
[dna] fire wrote 35 bytes to ecology
[dna] fire wrote 24 bytes to ecology
[dna] fire wrote 26 bytes to ecology
[dna] fire wrote 77 bytes to ecology
[dna] fire wrote 79 bytes to ecology
[dna] fire wrote 100 bytes to ecology
[dna] fire wrote 32 bytes to ecology
[dna] fire wrote 35 bytes to ecology
[dna] fire wrote 73 bytes to ecology
[dna] fire wrote 54 bytes to ecology
[dna] fire wrote 62 bytes to ecology
[dna] fire wrote 78 bytes to ecology
[dna] fire wrote 100 bytes to ecology
[dna] fire wrote 57 bytes to ecology
[dna] fire wrote 67 bytes to ecology
[dna] fire wrote 46 bytes to ecology
[dna] fire wrote 51 bytes to ecology
[dna] fire wrote 52 bytes to ecology
[dna] fire wrote 145 bytes to ecology
[debug-onto] tick=600 corpus=155725 stage=2 freeze=0
[dna] fire wrote 51 bytes to ecology
[dna] fire wrote 116 bytes to ecology
[dna] fire wrote 45 bytes to ecology
[dna] fire wrote 84 bytes to ecology
[dna] fire wrote 109 bytes to ecology
[dna] fire wrote 36 bytes to ecology
[dna] fire wrote 48 bytes to ecology
[dna] fire wrote 77 bytes to ecology
[dna] fire wrote 20 bytes to ecology
[dna] fire wrote 67 bytes to ecology
[dna] fire wrote 63 bytes to ecology
[dna] fire wrote 54 bytes to ecology
[dna] fire wrote 44 bytes to ecology

[evolution] Organism shutting down gracefully.
