[ecology] Element: water → corpus: nonames_water.txt
[evolution] Autonomous evolution mode — organism will grow through all stages without pause.
[ecology] Joined swarm. 1 peer(s) detected.
molequla is alive. [evolution] Autonomous mode — background trainer running. Ctrl+C to stop.
[dna] water wrote 67 bytes to ecology
[dna] water consumed 40260 bytes from 551 files: [air/gen_1775802540_1.txt air/gen_1775802552_2.txt air/gen_1775802555_3.txt air/gen_1775802558_4.txt air/gen_1775802563_6.txt air/gen_1775802566_7.txt air/gen_1775802569_8.txt air/gen_1775802571_9.txt air/gen_1775802574_10.txt air/gen_1775802580_12.txt air/gen_1775802582_13.txt air/gen_1775802585_14.txt air/gen_1775802588_15.txt air/gen_1775802591_16.txt air/gen_1775802596_18.txt air/gen_1775802599_19.txt air/gen_1775802602_20.txt air/gen_1775802604_21.txt air/gen_1775802607_22.txt air/gen_1775802613_24.txt air/gen_1775802615_25.txt air/gen_1775802618_26.txt air/gen_1775802621_27.txt air/gen_1775802623_28.txt air/gen_1775802629_30.txt air/gen_1775802631_31.txt air/gen_1775802634_32.txt air/gen_1775802637_33.txt air/gen_1775802639_34.txt air/gen_1775802645_36.txt air/gen_1775802647_37.txt air/gen_1775802650_38.txt air/gen_1775802653_39.txt air/gen_1775802655_40.txt air/gen_1775802661_42.txt air/gen_1775802663_43.txt air/gen_1775802666_44.txt air/gen_1775802669_45.txt air/gen_1775802672_46.txt air/gen_1775802677_48.txt air/gen_1775802680_49.txt air/gen_1775802683_50.txt air/gen_1775802685_51.txt air/gen_1775802688_52.txt air/gen_1775802693_54.txt air/gen_1775802696_55.txt air/gen_1775802699_56.txt air/gen_1775802702_57.txt air/gen_1775802704_58.txt air/gen_1775802710_60.txt air/gen_1775802713_61.txt air/gen_1775802715_62.txt air/gen_1775802718_63.txt air/gen_1775802721_64.txt air/gen_1775802726_66.txt air/gen_1775802729_67.txt air/gen_1775802732_68.txt air/gen_1775802734_69.txt air/gen_1775802737_70.txt air/gen_1775802743_72.txt air/gen_1775802745_73.txt air/gen_1775802748_74.txt air/gen_1775802751_75.txt air/gen_1775802754_76.txt air/gen_1775802759_78.txt air/gen_1775802762_79.txt air/gen_1775802765_80.txt air/gen_1775802767_81.txt air/gen_1775802770_82.txt air/gen_1775802776_84.txt air/gen_1775802778_85.txt air/gen_1775802781_86.txt air/gen_1775802784_87.txt air/gen_1775802787_88.txt air/gen_1775802792_90.txt air/gen_1775802795_91.txt air/gen_1775802798_92.txt air/gen_1775802800_93.txt air/gen_1775802803_94.txt air/gen_1775802809_96.txt air/gen_1775802811_97.txt air/gen_1775802814_98.txt air/gen_1775802817_99.txt air/gen_1775802819_100.txt air/gen_1775802825_102.txt air/gen_1775802828_103.txt air/gen_1775802830_104.txt air/gen_1775802833_105.txt air/gen_1775802836_106.txt air/gen_1775802841_108.txt air/gen_1775802844_109.txt air/gen_1775802846_110.txt air/gen_1775802849_111.txt air/gen_1775802852_112.txt air/gen_1775802857_114.txt air/gen_1775802860_115.txt air/gen_1775802862_116.txt air/gen_1775802865_117.txt air/gen_1775802868_118.txt air/gen_1775802873_120.txt air/gen_1775802876_121.txt air/gen_1775802878_122.txt air/gen_1775802881_123.txt air/gen_1775802884_124.txt air/gen_1775802889_126.txt air/gen_1775802892_127.txt air/gen_1775802894_128.txt air/gen_1775802897_129.txt air/gen_1775802900_130.txt air/gen_1775802905_132.txt air/gen_1775802908_133.txt air/gen_1775802911_134.txt air/gen_1775802914_135.txt air/gen_1775802916_136.txt air/gen_1775802922_138.txt air/gen_1775802925_139.txt air/gen_1775802927_140.txt air/gen_1775802930_141.txt air/gen_1775802933_142.txt air/gen_1775802938_144.txt air/gen_1775802941_145.txt air/gen_1775802944_146.txt air/gen_1775802947_147.txt air/gen_1775802949_148.txt air/gen_1775802955_150.txt air/gen_1775802958_151.txt air/gen_1775802961_152.txt air/gen_1775802963_153.txt air/gen_1775802966_154.txt air/gen_1775802972_156.txt air/gen_1775802975_157.txt air/gen_1775802977_158.txt air/gen_1775802980_159.txt air/gen_1775802983_160.txt air/gen_1775802988_162.txt air/gen_1775802991_163.txt air/gen_1775802994_164.txt air/gen_1775802996_165.txt air/gen_1775802999_166.txt air/gen_1775803004_168.txt air/gen_1775803007_169.txt air/gen_1775803010_170.txt air/gen_1775803013_171.txt air/gen_1775803015_172.txt air/gen_1775803021_174.txt air/gen_1775803024_175.txt air/gen_1775803026_176.txt air/gen_1775803029_177.txt air/gen_1775803032_178.txt air/gen_1775803037_180.txt air/gen_1775803040_181.txt air/gen_1775803043_182.txt air/gen_1775803046_183.txt air/gen_1775803048_184.txt air/gen_1775803054_186.txt air/gen_1775803056_187.txt air/gen_1775803059_188.txt air/gen_1775803062_189.txt air/gen_1775803065_190.txt air/gen_1775803070_192.txt air/gen_1775803073_193.txt air/gen_1775803076_194.txt air/gen_1775803079_195.txt air/gen_1775803081_196.txt air/gen_1775803087_198.txt air/gen_1775803089_199.txt air/gen_1775803092_200.txt air/gen_1775803095_201.txt air/gen_1775803097_202.txt air/gen_1775803103_204.txt air/gen_1775803105_205.txt air/gen_1775803108_206.txt air/gen_1775803111_207.txt air/gen_1775803114_208.txt air/gen_1775803119_210.txt air/gen_1775803122_211.txt air/gen_1775803125_212.txt air/gen_1775803127_213.txt air/gen_1775803130_214.txt air/gen_1775803135_216.txt air/gen_1775803138_217.txt air/gen_1775803141_218.txt air/gen_1775803144_219.txt air/gen_1775803147_220.txt air/gen_1775803155_223.txt air/gen_1775803158_224.txt air/gen_1775803160_225.txt air/gen_1775803163_226.txt air/gen_1775803168_228.txt air/gen_1775803171_229.txt air/gen_1775803174_230.txt air/gen_1775803176_231.txt air/gen_1775803179_232.txt air/gen_1775803185_234.txt air/gen_1775803187_235.txt air/gen_1775803190_236.txt air/gen_1775803193_237.txt air/gen_1775803195_238.txt air/gen_1775803201_240.txt air/gen_1775803203_241.txt air/gen_1775803206_242.txt air/gen_1775803209_243.txt air/gen_1775803212_244.txt air/gen_1775803217_246.txt air/gen_1775803220_247.txt air/gen_1775803222_248.txt air/gen_1775803225_249.txt air/gen_1775803228_250.txt air/gen_1775803233_252.txt air/gen_1775803236_253.txt air/gen_1775803239_254.txt air/gen_1775803241_255.txt air/gen_1775803244_256.txt air/gen_1775803249_258.txt air/gen_1775803252_259.txt air/gen_1775803255_260.txt air/gen_1775803258_261.txt air/gen_1775803260_262.txt air/gen_1775803266_264.txt air/gen_1775803268_265.txt air/gen_1775803271_266.txt air/gen_1775803274_267.txt air/gen_1775803276_268.txt air/gen_1775803282_270.txt air/gen_1775803284_271.txt air/gen_1775803287_272.txt air/gen_1775803290_273.txt air/gen_1775803292_274.txt air/gen_1775803298_276.txt air/gen_1775803300_277.txt air/gen_1775803303_278.txt air/gen_1775803306_279.txt air/gen_1775803308_280.txt air/gen_1775803314_282.txt air/gen_1775803316_283.txt air/gen_1775803319_284.txt air/gen_1775803322_285.txt air/gen_1775803325_286.txt air/gen_1775803330_288.txt air/gen_1775803333_289.txt air/gen_1775803335_290.txt air/gen_1775803338_291.txt air/gen_1775803341_292.txt air/gen_1775803346_294.txt air/gen_1775803349_295.txt air/gen_1775803351_296.txt air/gen_1775803354_297.txt air/gen_1775803357_298.txt air/gen_1775803362_300.txt air/gen_1775803365_301.txt air/gen_1775803367_302.txt air/gen_1775803370_303.txt air/gen_1775803373_304.txt air/gen_1775803378_306.txt air/gen_1775803381_307.txt air/gen_1775803384_308.txt air/gen_1775803386_309.txt air/gen_1775803389_310.txt air/gen_1775803394_312.txt air/gen_1775803397_313.txt air/gen_1775803400_314.txt air/gen_1775803402_315.txt air/gen_1775803405_316.txt air/gen_1775803410_318.txt air/gen_1775803413_319.txt air/gen_1775803416_320.txt air/gen_1775803418_321.txt air/gen_1775803421_322.txt air/gen_1775803426_324.txt air/gen_1775803429_325.txt air/gen_1775803432_326.txt air/gen_1775803434_327.txt air/gen_1775803437_328.txt air/gen_1775803442_330.txt air/gen_1775803445_331.txt air/gen_1775803448_332.txt air/gen_1775803450_333.txt air/gen_1775803453_334.txt air/gen_1775803459_336.txt air/gen_1775803461_337.txt air/gen_1775803464_338.txt air/gen_1775803467_339.txt air/gen_1775803469_340.txt air/gen_1775803475_342.txt air/gen_1775803477_343.txt air/gen_1775803480_344.txt air/gen_1775803483_345.txt air/gen_1775803485_346.txt air/gen_1775803491_348.txt air/gen_1775803494_349.txt air/gen_1775803496_350.txt air/gen_1775803499_351.txt air/gen_1775803502_352.txt air/gen_1775803507_354.txt air/gen_1775803510_355.txt air/gen_1775803513_356.txt air/gen_1775803515_357.txt air/gen_1775803518_358.txt air/gen_1775803523_360.txt air/gen_1775803526_361.txt air/gen_1775803529_362.txt air/gen_1775803532_363.txt air/gen_1775803534_364.txt air/gen_1775803540_366.txt air/gen_1775803542_367.txt air/gen_1775803545_368.txt air/gen_1775803548_369.txt air/gen_1775803551_370.txt air/gen_1775803556_372.txt air/gen_1775803559_373.txt air/gen_1775803561_374.txt air/gen_1775803564_375.txt air/gen_1775803567_376.txt air/gen_1775803572_378.txt air/gen_1775803575_379.txt air/gen_1775803577_380.txt air/gen_1775803580_381.txt air/gen_1775803583_382.txt air/gen_1775803588_384.txt air/gen_1775803591_385.txt air/gen_1775803594_386.txt air/gen_1775803596_387.txt air/gen_1775803599_388.txt air/gen_1775803604_390.txt air/gen_1775803607_391.txt air/gen_1775803610_392.txt air/gen_1775803612_393.txt air/gen_1775803615_394.txt air/gen_1775803620_396.txt air/gen_1775803623_397.txt air/gen_1775803626_398.txt air/gen_1775803628_399.txt air/gen_1775803631_400.txt air/gen_1775803636_402.txt air/gen_1775803639_403.txt air/gen_1775803642_404.txt air/gen_1775803645_405.txt air/gen_1775803647_406.txt air/gen_1775803653_408.txt air/gen_1775803655_409.txt air/gen_1775803658_410.txt air/gen_1775803661_411.txt air/gen_1775803663_412.txt air/gen_1775803669_414.txt air/gen_1775803671_415.txt air/gen_1775803674_416.txt air/gen_1775803677_417.txt air/gen_1775803679_418.txt air/gen_1775803685_420.txt air/gen_1775803687_421.txt air/gen_1775803690_422.txt air/gen_1775803693_423.txt air/gen_1775803695_424.txt air/gen_1775803701_426.txt air/gen_1775803703_427.txt air/gen_1775803706_428.txt air/gen_1775803709_429.txt air/gen_1775803712_430.txt air/gen_1775803717_432.txt air/gen_1775803720_433.txt air/gen_1775803722_434.txt air/gen_1775803725_435.txt air/gen_1775803728_436.txt air/gen_1775803733_438.txt air/gen_1775803736_439.txt air/gen_1775803738_440.txt air/gen_1775803741_441.txt air/gen_1775803744_442.txt air/gen_1775803749_444.txt air/gen_1775803752_445.txt air/gen_1775803755_446.txt air/gen_1775803757_447.txt air/gen_1775803760_448.txt air/gen_1775803765_450.txt air/gen_1775803768_451.txt air/gen_1775803771_452.txt air/gen_1775803773_453.txt air/gen_1775803776_454.txt air/gen_1775803781_456.txt air/gen_1775803784_457.txt air/gen_1775803787_458.txt air/gen_1775803789_459.txt air/gen_1775803792_460.txt air/gen_1775803798_462.txt air/gen_1775803800_463.txt air/gen_1775803803_464.txt air/gen_1775803806_465.txt air/gen_1775803808_466.txt air/gen_1775803814_468.txt air/gen_1775803816_469.txt air/gen_1775803819_470.txt air/gen_1775803822_471.txt air/gen_1775803824_472.txt air/gen_1775803830_474.txt air/gen_1775803832_475.txt air/gen_1775803835_476.txt air/gen_1775803838_477.txt air/gen_1775803841_478.txt air/gen_1775803846_480.txt air/gen_1775803849_481.txt air/gen_1775803851_482.txt air/gen_1775803854_483.txt air/gen_1775803857_484.txt air/gen_1775803862_486.txt air/gen_1775803865_487.txt air/gen_1775803867_488.txt air/gen_1775803870_489.txt air/gen_1775803873_490.txt air/gen_1775803878_492.txt air/gen_1775803881_493.txt air/gen_1775803884_494.txt air/gen_1775803886_495.txt air/gen_1775803889_496.txt air/gen_1775803894_498.txt air/gen_1775803897_499.txt air/gen_1775803900_500.txt air/gen_1775803902_501.txt air/gen_1775803905_502.txt air/gen_1775803910_504.txt air/gen_1775803913_505.txt air/gen_1775803916_506.txt air/gen_1775803918_507.txt air/gen_1775803921_508.txt air/gen_1775803926_510.txt air/gen_1775803929_511.txt air/gen_1775803932_512.txt air/gen_1775803934_513.txt air/gen_1775803937_514.txt air/gen_1775803942_516.txt air/gen_1775803945_517.txt air/gen_1775803948_518.txt air/gen_1775803950_519.txt air/gen_1775803953_520.txt air/gen_1775803958_522.txt air/gen_1775803961_523.txt air/gen_1775803964_524.txt air/gen_1775803966_525.txt air/gen_1775803969_526.txt air/gen_1775803974_528.txt air/gen_1775803977_529.txt air/gen_1775803980_530.txt air/gen_1775803983_531.txt air/gen_1775803985_532.txt air/gen_1775803991_534.txt air/gen_1775803993_535.txt air/gen_1775803996_536.txt air/gen_1775803999_537.txt air/gen_1775804001_538.txt air/gen_1775804007_540.txt air/gen_1775804010_541.txt air/gen_1775804012_542.txt air/gen_1775804015_543.txt air/gen_1775804018_544.txt air/gen_1775804023_546.txt air/gen_1775804026_547.txt air/gen_1775804029_548.txt air/gen_1775804031_549.txt air/gen_1775804034_550.txt air/gen_1775804039_552.txt air/gen_1775804042_553.txt air/gen_1775804045_554.txt air/gen_1775804047_555.txt air/gen_1775804050_556.txt air/gen_1775804055_558.txt air/gen_1775804058_559.txt air/gen_1775804061_560.txt air/gen_1775804064_561.txt air/gen_1775804066_562.txt air/gen_1775804072_564.txt air/gen_1775804074_565.txt air/gen_1775804077_566.txt air/gen_1775804080_567.txt air/gen_1775804082_568.txt air/gen_1775804088_570.txt air/gen_1775804091_571.txt air/gen_1775804093_572.txt air/gen_1775804096_573.txt air/gen_1775804099_574.txt air/gen_1775804104_576.txt air/gen_1775804107_577.txt air/gen_1775804109_578.txt air/gen_1775804112_579.txt air/gen_1775804115_580.txt air/gen_1775804120_582.txt air/gen_1775804123_583.txt air/gen_1775804126_584.txt air/gen_1775804128_585.txt air/gen_1775804131_586.txt air/gen_1775804136_588.txt air/gen_1775804139_589.txt air/gen_1775804142_590.txt air/gen_1775804145_591.txt air/gen_1775804147_592.txt air/gen_1775804153_594.txt air/gen_1775804155_595.txt air/gen_1775804158_596.txt air/gen_1775804161_597.txt air/gen_1775804163_598.txt air/gen_1775804169_600.txt air/gen_1775804172_601.txt air/gen_1775804174_602.txt air/gen_1775804177_603.txt air/gen_1775804180_604.txt air/gen_1775804185_606.txt air/gen_1775804188_607.txt air/gen_1775804191_608.txt air/gen_1775804193_609.txt air/gen_1775804196_610.txt air/gen_1775804202_612.txt air/gen_1775804204_613.txt air/gen_1775804207_614.txt air/gen_1775804210_615.txt air/gen_1775804212_616.txt air/gen_1775804218_618.txt air/gen_1775804220_619.txt air/gen_1775804223_620.txt air/gen_1775804226_621.txt air/gen_1775804228_622.txt air/gen_1775804234_624.txt air/gen_1775804236_625.txt air/gen_1775804239_626.txt air/gen_1775804242_627.txt air/gen_1775804244_628.txt air/gen_1775804250_630.txt air/gen_1775804252_631.txt air/gen_1775804255_632.txt air/gen_1775804258_633.txt air/gen_1775804261_634.txt air/gen_1775804266_636.txt air/gen_1775804269_637.txt air/gen_1775804271_638.txt air/gen_1775804274_639.txt air/gen_1775804277_640.txt air/gen_1775804282_642.txt air/gen_1775804285_643.txt air/gen_1775804288_644.txt air/gen_1775804290_645.txt air/gen_1775804293_646.txt air/gen_1775804298_648.txt air/gen_1775804301_649.txt air/gen_1775804304_650.txt air/gen_1775804306_651.txt air/gen_1775804309_652.txt air/gen_1775804314_654.txt air/gen_1775804317_655.txt air/gen_1775804320_656.txt air/gen_1775804323_657.txt air/gen_1775804325_658.txt air/gen_1775804331_660.txt air/gen_1775804333_661.txt air/gen_1775804336_662.txt]
[trainer] micro-train burst (40260 bytes, novelty 0.02) — and lo, it feeds again.
[syntropy] action=explore | trend=0.0000 | field_dev=0.012 | purpose_align=-0.025 | lr_mul=1.30
[aml] burst complete: 32 steps, avg loss 1.7755 (memory freed)
[dna] water wrote 67 bytes to ecology
[dna] water wrote 73 bytes to ecology
[dna] water wrote 62 bytes to ecology
[dna] water wrote 76 bytes to ecology
[dna] water wrote 31 bytes to ecology
[dna] water wrote 68 bytes to ecology
[dna] water wrote 48 bytes to ecology
[dna] water wrote 43 bytes to ecology
[dna] water wrote 159 bytes to ecology
[dna] water wrote 93 bytes to ecology
[dna] water wrote 41 bytes to ecology
[dna] water wrote 101 bytes to ecology
[dna] water wrote 54 bytes to ecology
[dna] water wrote 39 bytes to ecology
[dna] water wrote 25 bytes to ecology
[dna] water wrote 16 bytes to ecology
[dna] water wrote 56 bytes to ecology
[dna] water wrote 71 bytes to ecology
[dna] water wrote 27 bytes to ecology
[dna] water wrote 128 bytes to ecology
[dna] water wrote 51 bytes to ecology
[dna] water wrote 23 bytes to ecology
[dna] water wrote 65 bytes to ecology
[dna] water wrote 14 bytes to ecology
[dna] water wrote 90 bytes to ecology
[dna] water wrote 41 bytes to ecology
[dna] water wrote 32 bytes to ecology
[dna] water wrote 47 bytes to ecology
[dna] water wrote 49 bytes to ecology
[dna] water wrote 84 bytes to ecology
[dna] water wrote 40 bytes to ecology
[dna] water wrote 47 bytes to ecology
[dna] water wrote 135 bytes to ecology
[dna] water wrote 182 bytes to ecology
[dna] water wrote 33 bytes to ecology
[dna] water wrote 39 bytes to ecology
[dna] water wrote 127 bytes to ecology
[dna] water wrote 98 bytes to ecology
[dna] water wrote 46 bytes to ecology
[dna] water wrote 11 bytes to ecology
[dna] water wrote 92 bytes to ecology
[dna] water wrote 113 bytes to ecology
[dna] water wrote 71 bytes to ecology
[dna] water wrote 109 bytes to ecology
[dna] water wrote 32 bytes to ecology
[dna] water wrote 51 bytes to ecology
[dna] water wrote 82 bytes to ecology
[debug-onto] tick=50 corpus=166508 stage=2 freeze=0
[dna] water wrote 32 bytes to ecology
[dna] water wrote 38 bytes to ecology
[dna] water wrote 36 bytes to ecology
[dna] water wrote 90 bytes to ecology
[dna] water wrote 36 bytes to ecology
[dna] water wrote 52 bytes to ecology
[dna] water wrote 142 bytes to ecology
[dna] water wrote 108 bytes to ecology
[dna] water wrote 59 bytes to ecology
[dna] water wrote 51 bytes to ecology
[dna] water wrote 58 bytes to ecology
[dna] water wrote 22 bytes to ecology
[dna] water wrote 32 bytes to ecology
[dna] water wrote 59 bytes to ecology
[dna] water wrote 43 bytes to ecology
[dna] water wrote 41 bytes to ecology
[dna] water wrote 65 bytes to ecology
[dna] water wrote 38 bytes to ecology
[dna] water wrote 54 bytes to ecology
[dna] water wrote 24 bytes to ecology
[dna] water wrote 169 bytes to ecology
[dna] water wrote 28 bytes to ecology
[dna] water wrote 57 bytes to ecology
[dna] water wrote 26 bytes to ecology
[dna] water wrote 137 bytes to ecology
[dna] water wrote 43 bytes to ecology
[dna] water wrote 32 bytes to ecology
[dna] water wrote 219 bytes to ecology
[dna] water wrote 42 bytes to ecology
[dna] water wrote 156 bytes to ecology
[dna] water wrote 30 bytes to ecology
[dna] water wrote 39 bytes to ecology
[dna] water wrote 241 bytes to ecology
[dna] water wrote 74 bytes to ecology
[dna] water wrote 43 bytes to ecology
[dna] water wrote 91 bytes to ecology
[dna] water wrote 18 bytes to ecology
[dna] water wrote 47 bytes to ecology
[dna] water wrote 46 bytes to ecology
[dna] water wrote 50 bytes to ecology
[dna] water wrote 104 bytes to ecology
[dna] water wrote 28 bytes to ecology
[dna] water wrote 96 bytes to ecology
[dna] water wrote 69 bytes to ecology
[dna] water wrote 23 bytes to ecology
[dna] water wrote 18 bytes to ecology
[dna] water wrote 46 bytes to ecology
[dna] water wrote 97 bytes to ecology
[dna] water wrote 26 bytes to ecology
[debug-onto] tick=100 corpus=166508 stage=2 freeze=0
[dna] water wrote 83 bytes to ecology
[dna] water wrote 44 bytes to ecology
[dna] water wrote 54 bytes to ecology
[dna] water wrote 143 bytes to ecology
[dna] water wrote 64 bytes to ecology
[dna] water wrote 44 bytes to ecology
[dna] water wrote 48 bytes to ecology
[dna] water wrote 74 bytes to ecology
[dna] water wrote 81 bytes to ecology
[dna] water wrote 51 bytes to ecology
[dna] water wrote 64 bytes to ecology
[dna] water wrote 34 bytes to ecology
[dna] water wrote 71 bytes to ecology
[dna] water wrote 93 bytes to ecology
[dna] water wrote 168 bytes to ecology
[dna] water wrote 141 bytes to ecology
[dna] water wrote 99 bytes to ecology
[dna] water wrote 39 bytes to ecology
[dna] water wrote 61 bytes to ecology
[dna] water wrote 40 bytes to ecology
[dna] water wrote 24 bytes to ecology
[dna] water wrote 74 bytes to ecology
[dna] water wrote 43 bytes to ecology
[dna] water wrote 52 bytes to ecology
[dna] water wrote 41 bytes to ecology
[dna] water wrote 67 bytes to ecology
[dna] water wrote 42 bytes to ecology
[dna] water wrote 80 bytes to ecology
[dna] water wrote 56 bytes to ecology
[dna] water wrote 39 bytes to ecology
[dna] water wrote 49 bytes to ecology
[dna] water wrote 46 bytes to ecology
[dna] water wrote 31 bytes to ecology
[dna] water wrote 76 bytes to ecology
[dna] water wrote 122 bytes to ecology
[dna] water wrote 89 bytes to ecology
[dna] water wrote 78 bytes to ecology
[dna] water wrote 81 bytes to ecology
[dna] water wrote 23 bytes to ecology
[dna] water wrote 28 bytes to ecology
[dna] water wrote 43 bytes to ecology
[dna] water wrote 43 bytes to ecology
[dna] water wrote 49 bytes to ecology
[dna] water wrote 35 bytes to ecology
[dna] water wrote 50 bytes to ecology
[debug-onto] tick=150 corpus=166508 stage=2 freeze=0
[dna] water wrote 47 bytes to ecology
[dna] water wrote 27 bytes to ecology
[dna] water wrote 110 bytes to ecology
[dna] water wrote 61 bytes to ecology
[dna] water wrote 44 bytes to ecology
[dna] water wrote 227 bytes to ecology
[dna] water wrote 22 bytes to ecology
[dna] water wrote 51 bytes to ecology
[dna] water wrote 175 bytes to ecology
[dna] water wrote 43 bytes to ecology
[dna] water wrote 32 bytes to ecology
[dna] water wrote 65 bytes to ecology
[dna] water wrote 66 bytes to ecology
[dna] water wrote 76 bytes to ecology
[dna] water wrote 17 bytes to ecology
[dna] water wrote 52 bytes to ecology
[dna] water wrote 58 bytes to ecology
[dna] water wrote 47 bytes to ecology
[dna] water wrote 69 bytes to ecology
[dna] water wrote 36 bytes to ecology
[dna] water wrote 29 bytes to ecology
[dna] water wrote 59 bytes to ecology
[dna] water wrote 51 bytes to ecology
[dna] water wrote 38 bytes to ecology
[dna] water wrote 78 bytes to ecology
[dna] water wrote 38 bytes to ecology
[dna] water wrote 102 bytes to ecology
[dna] water wrote 93 bytes to ecology
[dna] water wrote 90 bytes to ecology
[dna] water wrote 13 bytes to ecology
[dna] water wrote 93 bytes to ecology
[dna] water wrote 68 bytes to ecology
[dna] water wrote 95 bytes to ecology
[dna] water wrote 35 bytes to ecology
[dna] water wrote 84 bytes to ecology
[dna] water wrote 38 bytes to ecology
[dna] water wrote 35 bytes to ecology
[dna] water wrote 62 bytes to ecology
[dna] water wrote 31 bytes to ecology
[dna] water wrote 25 bytes to ecology
[dna] water wrote 65 bytes to ecology
[dna] water wrote 19 bytes to ecology
[dna] water wrote 57 bytes to ecology
[debug-onto] tick=200 corpus=166508 stage=2 freeze=0
[dna] water wrote 25 bytes to ecology
[dna] water wrote 138 bytes to ecology
[dna] water wrote 90 bytes to ecology
[dna] water wrote 60 bytes to ecology
[dna] water wrote 42 bytes to ecology
[dna] water wrote 69 bytes to ecology
[dna] water wrote 114 bytes to ecology
[dna] water wrote 60 bytes to ecology
[dna] water wrote 39 bytes to ecology
[dna] water wrote 127 bytes to ecology
[dna] water wrote 47 bytes to ecology
[dna] water wrote 48 bytes to ecology
[dna] water wrote 88 bytes to ecology
[dna] water wrote 95 bytes to ecology
[dna] water wrote 43 bytes to ecology
[dna] water wrote 39 bytes to ecology
[dna] water wrote 41 bytes to ecology
[dna] water wrote 91 bytes to ecology
[dna] water wrote 203 bytes to ecology
[dna] water wrote 12 bytes to ecology
[dna] water wrote 72 bytes to ecology
[dna] water wrote 154 bytes to ecology
[dna] water wrote 48 bytes to ecology
[dna] water wrote 112 bytes to ecology
[dna] water wrote 66 bytes to ecology
[dna] water wrote 37 bytes to ecology
[dna] water wrote 29 bytes to ecology
[dna] water wrote 33 bytes to ecology
[dna] water wrote 144 bytes to ecology
[dna] water wrote 124 bytes to ecology
[dna] water wrote 26 bytes to ecology
[dna] water wrote 25 bytes to ecology
[dna] water wrote 24 bytes to ecology
[dna] water wrote 79 bytes to ecology
[dna] water wrote 47 bytes to ecology
[dna] water wrote 153 bytes to ecology
[dna] water wrote 41 bytes to ecology
[dna] water wrote 148 bytes to ecology
[dna] water wrote 45 bytes to ecology
[dna] water wrote 52 bytes to ecology
[dna] water wrote 94 bytes to ecology
[dna] water wrote 29 bytes to ecology
[dna] water wrote 36 bytes to ecology
[dna] water wrote 97 bytes to ecology
[dna] water wrote 20 bytes to ecology
[dna] water wrote 56 bytes to ecology
[debug-onto] tick=250 corpus=166508 stage=2 freeze=0
[dna] water wrote 95 bytes to ecology
[dna] water wrote 15 bytes to ecology
[dna] water wrote 110 bytes to ecology
[dna] water wrote 75 bytes to ecology
[dna] water wrote 175 bytes to ecology
[dna] water wrote 24 bytes to ecology
[dna] water wrote 29 bytes to ecology
[dna] water wrote 260 bytes to ecology
[dna] water wrote 55 bytes to ecology
[dna] water wrote 40 bytes to ecology
[dna] water wrote 48 bytes to ecology
[dna] water wrote 126 bytes to ecology
[dna] water wrote 207 bytes to ecology
[dna] water wrote 102 bytes to ecology
[dna] water wrote 76 bytes to ecology
[dna] water wrote 103 bytes to ecology
[dna] water wrote 70 bytes to ecology
[dna] water wrote 30 bytes to ecology
[dna] water wrote 77 bytes to ecology
[dna] water wrote 109 bytes to ecology
[dna] water wrote 38 bytes to ecology
[dna] water wrote 104 bytes to ecology
[dna] water wrote 24 bytes to ecology
[dna] water wrote 51 bytes to ecology
[dna] water wrote 42 bytes to ecology
[dna] water wrote 32 bytes to ecology
[dna] water wrote 60 bytes to ecology
[dna] water wrote 11 bytes to ecology
[dna] water wrote 23 bytes to ecology
[dna] water wrote 13 bytes to ecology
[dna] water wrote 81 bytes to ecology
[dna] water wrote 55 bytes to ecology
[dna] water wrote 44 bytes to ecology
[dna] water wrote 33 bytes to ecology
[dna] water wrote 63 bytes to ecology
[dna] water wrote 114 bytes to ecology
[dna] water wrote 57 bytes to ecology
[dna] water wrote 34 bytes to ecology
[dna] water wrote 31 bytes to ecology
[dna] water wrote 64 bytes to ecology
[dna] water wrote 85 bytes to ecology
[dna] water wrote 143 bytes to ecology
[dna] water wrote 44 bytes to ecology
[dna] water wrote 45 bytes to ecology
[dna] water wrote 67 bytes to ecology
[dna] water wrote 32 bytes to ecology
[debug-onto] tick=300 corpus=166508 stage=2 freeze=0
[dna] water wrote 38 bytes to ecology
[dna] water wrote 39 bytes to ecology
[dna] water wrote 42 bytes to ecology
[dna] water wrote 109 bytes to ecology
[dna] water wrote 66 bytes to ecology
[dna] water wrote 123 bytes to ecology
[dna] water wrote 42 bytes to ecology
[dna] water wrote 52 bytes to ecology
[dna] water wrote 37 bytes to ecology
[dna] water wrote 27 bytes to ecology
[dna] water wrote 61 bytes to ecology
[dna] water wrote 62 bytes to ecology
[dna] water wrote 64 bytes to ecology
[dna] water wrote 82 bytes to ecology
[dna] water wrote 48 bytes to ecology
[dna] water wrote 92 bytes to ecology
[dna] water wrote 23 bytes to ecology
[dna] water wrote 38 bytes to ecology
[dna] water wrote 41 bytes to ecology
[dna] water wrote 33 bytes to ecology
[dna] water wrote 15 bytes to ecology
[dna] water wrote 55 bytes to ecology
[dna] water wrote 72 bytes to ecology
[dna] water wrote 41 bytes to ecology
[dna] water wrote 50 bytes to ecology
[dna] water wrote 103 bytes to ecology
[dna] water wrote 62 bytes to ecology
[dna] water wrote 16 bytes to ecology
[dna] water wrote 42 bytes to ecology
[dna] water wrote 39 bytes to ecology
[dna] water wrote 108 bytes to ecology
[dna] water wrote 161 bytes to ecology
[dna] water wrote 55 bytes to ecology
[dna] water wrote 38 bytes to ecology
[dna] water wrote 142 bytes to ecology
[dna] water wrote 159 bytes to ecology
[dna] water wrote 79 bytes to ecology
[dna] water wrote 51 bytes to ecology
[dna] water wrote 48 bytes to ecology
[dna] water wrote 30 bytes to ecology
[dna] water wrote 46 bytes to ecology
[dna] water wrote 55 bytes to ecology
[dna] water wrote 70 bytes to ecology
[dna] water wrote 10 bytes to ecology
[dna] water wrote 53 bytes to ecology
[debug-onto] tick=350 corpus=166508 stage=2 freeze=0
[dna] water wrote 137 bytes to ecology
[dna] water wrote 153 bytes to ecology
[dna] water wrote 29 bytes to ecology
[dna] water wrote 41 bytes to ecology
[dna] water wrote 113 bytes to ecology
[dna] water wrote 75 bytes to ecology
[dna] water wrote 84 bytes to ecology
[dna] water wrote 102 bytes to ecology
[dna] water wrote 71 bytes to ecology
[dna] water wrote 43 bytes to ecology
[dna] water wrote 93 bytes to ecology
[dna] water wrote 36 bytes to ecology
[dna] water wrote 93 bytes to ecology
[dna] water wrote 61 bytes to ecology
[dna] water wrote 46 bytes to ecology
[dna] water wrote 38 bytes to ecology
[dna] water wrote 58 bytes to ecology
[dna] water wrote 68 bytes to ecology
[dna] water wrote 59 bytes to ecology
[dna] water wrote 78 bytes to ecology
[dna] water wrote 21 bytes to ecology
[dna] water wrote 53 bytes to ecology
[dna] water wrote 37 bytes to ecology
[dna] water wrote 62 bytes to ecology
[dna] water wrote 97 bytes to ecology
[dna] water wrote 113 bytes to ecology
[dna] water wrote 44 bytes to ecology
[dna] water wrote 99 bytes to ecology
[dna] water wrote 26 bytes to ecology
[dna] water wrote 21 bytes to ecology
[dna] water wrote 43 bytes to ecology
[dna] water wrote 48 bytes to ecology
[dna] water wrote 116 bytes to ecology
[dna] water wrote 136 bytes to ecology
[dna] water wrote 56 bytes to ecology
[dna] water wrote 241 bytes to ecology
[dna] water wrote 54 bytes to ecology
[dna] water wrote 73 bytes to ecology
[dna] water wrote 44 bytes to ecology
[dna] water wrote 98 bytes to ecology
[dna] water wrote 84 bytes to ecology
[dna] water wrote 27 bytes to ecology
[dna] water wrote 46 bytes to ecology
[dna] water wrote 34 bytes to ecology
[dna] water wrote 68 bytes to ecology
[dna] water wrote 114 bytes to ecology
[dna] water wrote 66 bytes to ecology
[debug-onto] tick=400 corpus=166508 stage=2 freeze=0
[dna] water wrote 62 bytes to ecology
[dna] water wrote 124 bytes to ecology
[dna] water wrote 48 bytes to ecology
[dna] water wrote 62 bytes to ecology
[dna] water wrote 47 bytes to ecology
[dna] water wrote 115 bytes to ecology
[dna] water wrote 111 bytes to ecology
[dna] water wrote 70 bytes to ecology
[dna] water wrote 29 bytes to ecology
[dna] water wrote 27 bytes to ecology
[dna] water wrote 191 bytes to ecology
[dna] water wrote 48 bytes to ecology
[dna] water wrote 132 bytes to ecology
[dna] water wrote 36 bytes to ecology
[dna] water wrote 39 bytes to ecology
[dna] water wrote 47 bytes to ecology
[dna] water wrote 174 bytes to ecology
[dna] water wrote 79 bytes to ecology
[dna] water wrote 127 bytes to ecology
[dna] water wrote 41 bytes to ecology
[dna] water wrote 69 bytes to ecology
[dna] water wrote 80 bytes to ecology
[dna] water wrote 36 bytes to ecology
[dna] water wrote 35 bytes to ecology
[dna] water wrote 67 bytes to ecology
[dna] water wrote 48 bytes to ecology
[dna] water wrote 53 bytes to ecology
[dna] water wrote 32 bytes to ecology
[dna] water wrote 94 bytes to ecology
[dna] water wrote 49 bytes to ecology
[dna] water wrote 30 bytes to ecology
[dna] water wrote 46 bytes to ecology
[dna] water wrote 74 bytes to ecology
[dna] water wrote 48 bytes to ecology
[dna] water wrote 54 bytes to ecology
[dna] water wrote 102 bytes to ecology
[dna] water wrote 15 bytes to ecology
[dna] water wrote 48 bytes to ecology
[dna] water wrote 60 bytes to ecology
[dna] water wrote 117 bytes to ecology
[dna] water wrote 28 bytes to ecology
[dna] water wrote 68 bytes to ecology
[dna] water wrote 56 bytes to ecology
[debug-onto] tick=450 corpus=166508 stage=2 freeze=0
[dna] water wrote 36 bytes to ecology
[dna] water wrote 66 bytes to ecology
[dna] water wrote 42 bytes to ecology
[dna] water wrote 98 bytes to ecology
[dna] water wrote 23 bytes to ecology
[dna] water wrote 55 bytes to ecology
[dna] water wrote 48 bytes to ecology
[dna] water wrote 24 bytes to ecology
[dna] water wrote 42 bytes to ecology
[dna] water wrote 21 bytes to ecology
[dna] water wrote 31 bytes to ecology
[dna] water wrote 23 bytes to ecology
[dna] water wrote 50 bytes to ecology
[dna] water wrote 105 bytes to ecology
[dna] water wrote 64 bytes to ecology
[dna] water wrote 52 bytes to ecology
[dna] water wrote 83 bytes to ecology
[dna] water wrote 30 bytes to ecology
[dna] water wrote 41 bytes to ecology
[dna] water wrote 38 bytes to ecology
[dna] water wrote 80 bytes to ecology
[dna] water wrote 41 bytes to ecology
[dna] water wrote 35 bytes to ecology
[dna] water wrote 73 bytes to ecology
[dna] water wrote 52 bytes to ecology
[dna] water wrote 70 bytes to ecology
[dna] water wrote 18 bytes to ecology
[dna] water wrote 89 bytes to ecology
[dna] water wrote 65 bytes to ecology
[dna] water wrote 62 bytes to ecology
[dna] water wrote 37 bytes to ecology
[dna] water wrote 110 bytes to ecology
[dna] water wrote 56 bytes to ecology
[dna] water wrote 175 bytes to ecology
[dna] water wrote 51 bytes to ecology
[dna] water wrote 34 bytes to ecology
[dna] water wrote 15 bytes to ecology
[dna] water wrote 118 bytes to ecology
[dna] water wrote 69 bytes to ecology
[dna] water wrote 93 bytes to ecology
[dna] water wrote 29 bytes to ecology
[dna] water wrote 50 bytes to ecology
[dna] water wrote 80 bytes to ecology
[dna] water wrote 32 bytes to ecology
[debug-onto] tick=500 corpus=166508 stage=2 freeze=0
[dna] water wrote 134 bytes to ecology
[dna] water wrote 49 bytes to ecology
[dna] water wrote 232 bytes to ecology
[dna] water wrote 58 bytes to ecology
[dna] water wrote 42 bytes to ecology
[dna] water wrote 46 bytes to ecology
[dna] water wrote 147 bytes to ecology
[dna] water wrote 32 bytes to ecology
[dna] water wrote 45 bytes to ecology
[dna] water wrote 86 bytes to ecology
[dna] water wrote 12 bytes to ecology
[dna] water wrote 23 bytes to ecology
[dna] water wrote 34 bytes to ecology
[dna] water wrote 117 bytes to ecology
[dna] water wrote 35 bytes to ecology
[dna] water wrote 72 bytes to ecology
[dna] water wrote 89 bytes to ecology
[dna] water wrote 62 bytes to ecology
[dna] water wrote 71 bytes to ecology
[dna] water wrote 17 bytes to ecology
[dna] water wrote 54 bytes to ecology
[dna] water wrote 94 bytes to ecology
[dna] water wrote 37 bytes to ecology
[dna] water wrote 39 bytes to ecology
[dna] water wrote 135 bytes to ecology
[dna] water wrote 22 bytes to ecology
[dna] water wrote 50 bytes to ecology
[dna] water wrote 53 bytes to ecology
[dna] water wrote 64 bytes to ecology
[dna] water wrote 52 bytes to ecology
[dna] water wrote 38 bytes to ecology
[dna] water wrote 45 bytes to ecology
[dna] water wrote 241 bytes to ecology
[dna] water wrote 24 bytes to ecology
[dna] water wrote 107 bytes to ecology
[dna] water wrote 122 bytes to ecology
[dna] water wrote 34 bytes to ecology
[dna] water wrote 47 bytes to ecology
[dna] water wrote 31 bytes to ecology
[dna] water wrote 223 bytes to ecology
[dna] water wrote 34 bytes to ecology
[dna] water wrote 49 bytes to ecology
[dna] water wrote 37 bytes to ecology
[dna] water wrote 15 bytes to ecology
[dna] water wrote 42 bytes to ecology
[dna] water wrote 77 bytes to ecology
[dna] water wrote 27 bytes to ecology
[debug-onto] tick=550 corpus=166508 stage=2 freeze=0
[dna] water wrote 52 bytes to ecology
[dna] water wrote 26 bytes to ecology
[dna] water wrote 32 bytes to ecology
[dna] water wrote 18 bytes to ecology
[dna] water wrote 43 bytes to ecology
[dna] water wrote 36 bytes to ecology
[dna] water wrote 88 bytes to ecology

[evolution] Organism shutting down gracefully.
